[slurm] host=nodemm07 job=835196 decode=dinoseg_dw_dinov3_512 bs=16 start=2026-05-28T17:06:14+02:00
NVIDIA H100 NVL, 95830 MiB
[data] split=test n=765 classes=20 mode=single-label
[model] /home/ids/diecidue/results/waste_vlm/dinoseg_dw_dinov3_512/best.pt  head=linear backbone=dinov3
[cache] forward done for 765 images (CPU sweep follows)
loading annotations into memory...
Done (t=0.00s)
creating index...
index created!
Loading and preparing results...
DONE (t=0.00s)
creating index...
index created!
loading annotations into memory...
Done (t=0.00s)
creating index...
index created!
Loading and preparing results...
DONE (t=0.00s)
creating index...
index created!
loading annotations into memory...
Done (t=0.00s)
creating index...
index created!
Loading and preparing results...
DONE (t=0.00s)
creating index...
index created!
loading annotations into memory...
Done (t=0.00s)
creating index...
index created!
Loading and preparing results...
DONE (t=0.01s)
creating index...
index created!
loading annotations into memory...
Done (t=0.00s)
creating index...
index created!
Loading and preparing results...
DONE (t=0.01s)
creating index...
index created!
loading annotations into memory...
Done (t=0.17s)
creating index...
index created!
Loading and preparing results...
DONE (t=0.01s)
creating index...
index created!
loading annotations into memory...
Done (t=0.00s)
creating index...
index created!
Loading and preparing results...
DONE (t=0.00s)
creating index...
index created!

config                  n_dets     mAP    AP50    AP75  paper10
--------------------------------------------------------------
cc (baseline)             2497   0.113   0.171   0.110   14.65%
cc_max                    2497   0.109   0.172   0.104   13.65%
cc_close                  2477   0.110   0.173   0.103   13.56%
watershed d=5             6648   0.024   0.047   0.019    3.17%
watershed d=7             5625   0.028   0.058   0.022    3.87%
watershed d=11            4539   0.036   0.068   0.031    4.72%
watershed d=15            3829   0.041   0.077   0.038    5.46%

per-class paper-10 mAP: baseline (cc (baseline)) vs best (cc (baseline))
  Construction and demolition materials     13.21% ->  13.21%
  Metal barrels                              0.03% ->   0.03%
  Plastic packaging                         14.33% ->  14.33%
  Pallets                                    7.41% ->   7.41%
  Scrap                                     14.78% ->  14.78%
  Vehicles                                  12.34% ->  12.34%
  Tyres                                      4.16% ->   4.16%
  Asbestos                                  52.97% ->  52.97%
  Textile                                    6.45% ->   6.45%
  Mixed items                               20.85% ->  20.85%
[saved] /home/ids/diecidue/results/waste_vlm/dinoseg_dw_dinov3_512/decode_sweep.json
[slurm] done=2026-05-28T17:07:56+02:00
