[slurm] host=nodemm07 job=835197 decode=dinoseg_dw_dinov3_mb3_7_11 bs=16 start=2026-05-28T17:07:57+02:00
NVIDIA H100 NVL, 95830 MiB
[data] split=test n=765 classes=20 mode=single-label
[model] /home/ids/diecidue/results/waste_vlm/dinoseg_dw_dinov3_mb3_7_11/best.pt  head=linear backbone=dinov3
[cache] forward done for 765 images (CPU sweep follows)
loading annotations into memory...
Done (t=0.00s)
creating index...
index created!
Loading and preparing results...
DONE (t=0.00s)
creating index...
index created!
loading annotations into memory...
Done (t=0.00s)
creating index...
index created!
Loading and preparing results...
DONE (t=0.13s)
creating index...
index created!
loading annotations into memory...
Done (t=0.00s)
creating index...
index created!
Loading and preparing results...
DONE (t=0.00s)
creating index...
index created!
loading annotations into memory...
Done (t=0.00s)
creating index...
index created!
Loading and preparing results...
DONE (t=0.01s)
creating index...
index created!
loading annotations into memory...
Done (t=0.00s)
creating index...
index created!
Loading and preparing results...
DONE (t=0.01s)
creating index...
index created!
loading annotations into memory...
Done (t=0.00s)
creating index...
index created!
Loading and preparing results...
DONE (t=0.01s)
creating index...
index created!
loading annotations into memory...
Done (t=0.00s)
creating index...
index created!
Loading and preparing results...
DONE (t=0.01s)
creating index...
index created!

config                  n_dets     mAP    AP50    AP75  paper10
--------------------------------------------------------------
cc (baseline)             3531   0.121   0.186   0.115   15.27%
cc_max                    3531   0.126   0.200   0.116   15.37%
cc_close                  3508   0.124   0.200   0.116   15.21%
watershed d=5             8056   0.023   0.049   0.016    2.92%
watershed d=7             6993   0.026   0.052   0.021    3.22%
watershed d=11            5753   0.033   0.072   0.024    4.48%
watershed d=15            4964   0.040   0.083   0.030    5.19%

per-class paper-10 mAP: baseline (cc (baseline)) vs best (cc_max)
  Construction and demolition materials      9.69% ->   9.05%
  Metal barrels                              0.21% ->   0.25%
  Plastic packaging                         11.87% ->  10.96%
  Pallets                                    7.75% ->   7.36%
  Scrap                                     14.06% ->  15.21%
  Vehicles                                  20.81% ->  23.17%
  Tyres                                      4.81% ->   4.48%
  Asbestos                                  56.63% ->  56.62%
  Textile                                    6.64% ->   6.01%
  Mixed items                               20.23% ->  20.63%
[saved] /home/ids/diecidue/results/waste_vlm/dinoseg_dw_dinov3_mb3_7_11/decode_sweep.json
[slurm] done=2026-05-28T17:09:55+02:00
