[slurm] host=nodemm07 job=835195 decode=dinoseg_dw_radio_512 bs=16 start=2026-05-28T17:03:59+02:00
NVIDIA H100 NVL, 95830 MiB
[data] split=test n=765 classes=20 mode=single-label
[radio] backbone_dim probed = 1024
[model] /home/ids/diecidue/results/waste_vlm/dinoseg_dw_radio_512/best.pt  head=linear backbone=radio
[cache] forward done for 765 images (CPU sweep follows)
loading annotations into memory...
Done (t=0.00s)
creating index...
index created!
Loading and preparing results...
DONE (t=0.00s)
creating index...
index created!
loading annotations into memory...
Done (t=0.00s)
creating index...
index created!
Loading and preparing results...
DONE (t=0.00s)
creating index...
index created!
loading annotations into memory...
Done (t=0.00s)
creating index...
index created!
Loading and preparing results...
DONE (t=0.00s)
creating index...
index created!
loading annotations into memory...
Done (t=0.00s)
creating index...
index created!
Loading and preparing results...
DONE (t=0.19s)
creating index...
index created!
loading annotations into memory...
Done (t=0.00s)
creating index...
index created!
Loading and preparing results...
DONE (t=0.18s)
creating index...
index created!
loading annotations into memory...
Done (t=0.00s)
creating index...
index created!
Loading and preparing results...
DONE (t=0.01s)
creating index...
index created!
loading annotations into memory...
Done (t=0.00s)
creating index...
index created!
Loading and preparing results...
DONE (t=0.00s)
creating index...
index created!

config                  n_dets     mAP    AP50    AP75  paper10
--------------------------------------------------------------
cc (baseline)             3843   0.123   0.195   0.112   16.09%
cc_max                    3843   0.119   0.193   0.107   15.02%
cc_close                  3810   0.118   0.193   0.106   14.80%
watershed d=5             8944   0.022   0.061   0.014    3.07%
watershed d=7             7796   0.025   0.066   0.016    3.36%
watershed d=11            6380   0.030   0.079   0.019    4.04%
watershed d=15            5458   0.036   0.088   0.027    4.35%

per-class paper-10 mAP: baseline (cc (baseline)) vs best (cc (baseline))
  Construction and demolition materials     12.46% ->  12.46%
  Metal barrels                              0.14% ->   0.14%
  Plastic packaging                          9.04% ->   9.04%
  Pallets                                    7.26% ->   7.26%
  Scrap                                     15.70% ->  15.70%
  Vehicles                                  29.21% ->  29.21%
  Tyres                                      8.11% ->   8.11%
  Asbestos                                  52.60% ->  52.60%
  Textile                                    6.73% ->   6.73%
  Mixed items                               19.64% ->  19.64%
[saved] /home/ids/diecidue/results/waste_vlm/dinoseg_dw_radio_512/decode_sweep.json
[slurm] done=2026-05-28T17:06:13+02:00
