[slurm] host=node57  job=865076  start=2026-06-26T18:25:08+02:00
[slurm] btype=dinov3 id=vitl_lvd size=512 epochs=80 batch=16 lr=1e-3 head=fpn multi_block=none multilabel=0 fpn_blocks=5,11,17,23 fpn_dim=default fpn_merge=concat out=dinoseg_dw_dinov3l_lvd_fpn_concat
NVIDIA L40S, 46068 MiB
[data] train=3489  val=739  fg classes=20  mode=single-label
[model] head=fpn  trainable_params=4,594,709
  e000 it0050/219 loss=2.2411 lr=1.00e-03 elapsed=0.5min
  e000 it0100/219 loss=2.0597 lr=1.00e-03 elapsed=1.0min
  e000 it0150/219 loss=1.9260 lr=1.00e-03 elapsed=1.4min
  e000 it0200/219 loss=1.7748 lr=1.00e-03 elapsed=1.9min
[epoch 000] train=1.7191  val_loss=1.0120  mIoU_fg=0.0890
  [best] mIoU_fg=0.0890 saved -> /home/ids/diecidue/results/waste_vlm/dinoseg_dw_dinov3l_lvd_fpn_concat/best.pt
  e001 it0050/219 loss=1.1728 lr=9.99e-04 elapsed=3.1min
  e001 it0100/219 loss=1.1270 lr=9.99e-04 elapsed=3.6min
  e001 it0150/219 loss=1.0531 lr=9.99e-04 elapsed=4.1min
  e001 it0200/219 loss=1.0143 lr=9.99e-04 elapsed=4.6min
[epoch 001] train=1.0095  val_loss=0.9572  mIoU_fg=0.1440
  [best] mIoU_fg=0.1440 saved -> /home/ids/diecidue/results/waste_vlm/dinoseg_dw_dinov3l_lvd_fpn_concat/best.pt
  e002 it0050/219 loss=0.7594 lr=9.98e-04 elapsed=5.8min
  e002 it0100/219 loss=0.7317 lr=9.98e-04 elapsed=6.3min
  e002 it0150/219 loss=0.7550 lr=9.97e-04 elapsed=6.7min
  e002 it0200/219 loss=0.7648 lr=9.97e-04 elapsed=7.2min
[epoch 002] train=0.7806  val_loss=0.7409  mIoU_fg=0.2164
  [best] mIoU_fg=0.2164 saved -> /home/ids/diecidue/results/waste_vlm/dinoseg_dw_dinov3l_lvd_fpn_concat/best.pt
  e003 it0050/219 loss=0.7090 lr=9.96e-04 elapsed=8.5min
  e003 it0100/219 loss=0.7192 lr=9.95e-04 elapsed=8.9min
  e003 it0150/219 loss=0.6884 lr=9.95e-04 elapsed=9.4min
  e003 it0200/219 loss=0.6920 lr=9.94e-04 elapsed=9.9min
[epoch 003] train=0.6910  val_loss=0.7382  mIoU_fg=0.1706
  e004 it0050/219 loss=0.7422 lr=9.93e-04 elapsed=11.1min
  e004 it0100/219 loss=0.7185 lr=9.92e-04 elapsed=11.6min
  e004 it0150/219 loss=0.7020 lr=9.92e-04 elapsed=12.1min
  e004 it0200/219 loss=0.7287 lr=9.91e-04 elapsed=12.6min
[epoch 004] train=0.7267  val_loss=0.7142  mIoU_fg=0.2504
  [best] mIoU_fg=0.2504 saved -> /home/ids/diecidue/results/waste_vlm/dinoseg_dw_dinov3l_lvd_fpn_concat/best.pt
  e005 it0050/219 loss=0.6858 lr=9.89e-04 elapsed=13.8min
  e005 it0100/219 loss=0.6237 lr=9.89e-04 elapsed=14.3min
  e005 it0150/219 loss=0.6386 lr=9.88e-04 elapsed=14.8min
  e005 it0200/219 loss=0.6377 lr=9.87e-04 elapsed=15.3min
[epoch 005] train=0.6363  val_loss=0.5387  mIoU_fg=0.2214
  e006 it0050/219 loss=0.5460 lr=9.85e-04 elapsed=16.5min
  e006 it0100/219 loss=0.5513 lr=9.84e-04 elapsed=16.9min
  e006 it0150/219 loss=0.5529 lr=9.83e-04 elapsed=17.4min
  e006 it0200/219 loss=0.5499 lr=9.82e-04 elapsed=17.9min
[epoch 006] train=0.5560  val_loss=0.6118  mIoU_fg=0.2601
  [best] mIoU_fg=0.2601 saved -> /home/ids/diecidue/results/waste_vlm/dinoseg_dw_dinov3l_lvd_fpn_concat/best.pt
  e007 it0050/219 loss=0.5483 lr=9.80e-04 elapsed=19.1min
  e007 it0100/219 loss=0.5594 lr=9.79e-04 elapsed=19.6min
  e007 it0150/219 loss=0.5514 lr=9.77e-04 elapsed=20.1min
  e007 it0200/219 loss=0.5519 lr=9.76e-04 elapsed=20.6min
[epoch 007] train=0.5500  val_loss=0.5524  mIoU_fg=0.3116
  [best] mIoU_fg=0.3116 saved -> /home/ids/diecidue/results/waste_vlm/dinoseg_dw_dinov3l_lvd_fpn_concat/best.pt
  e008 it0050/219 loss=0.7480 lr=9.74e-04 elapsed=21.8min
  e008 it0100/219 loss=0.7916 lr=9.73e-04 elapsed=22.3min
  e008 it0150/219 loss=0.7834 lr=9.71e-04 elapsed=22.8min
  e008 it0200/219 loss=0.7370 lr=9.70e-04 elapsed=23.3min
[epoch 008] train=0.7170  val_loss=0.6592  mIoU_fg=0.2221
  e009 it0050/219 loss=0.5543 lr=9.68e-04 elapsed=24.5min
  e009 it0100/219 loss=0.5566 lr=9.66e-04 elapsed=24.9min
  e009 it0150/219 loss=0.6683 lr=9.64e-04 elapsed=25.4min
  e009 it0200/219 loss=0.7041 lr=9.63e-04 elapsed=25.9min
[epoch 009] train=0.7142  val_loss=0.6315  mIoU_fg=0.2143
  e010 it0050/219 loss=0.5928 lr=9.60e-04 elapsed=27.1min
  e010 it0100/219 loss=0.5628 lr=9.58e-04 elapsed=27.6min
  e010 it0150/219 loss=0.5719 lr=9.57e-04 elapsed=28.1min
  e010 it0200/219 loss=0.5708 lr=9.55e-04 elapsed=28.5min
[epoch 010] train=0.5640  val_loss=0.5759  mIoU_fg=0.3016
  e011 it0050/219 loss=0.4920 lr=9.52e-04 elapsed=29.8min
  e011 it0100/219 loss=0.4822 lr=9.50e-04 elapsed=30.2min
  e011 it0150/219 loss=0.4924 lr=9.48e-04 elapsed=30.7min
  e011 it0200/219 loss=0.5003 lr=9.46e-04 elapsed=31.2min
[epoch 011] train=0.5077  val_loss=0.4980  mIoU_fg=0.3103
  e012 it0050/219 loss=0.4910 lr=9.43e-04 elapsed=32.4min
  e012 it0100/219 loss=0.5332 lr=9.41e-04 elapsed=32.9min
  e012 it0150/219 loss=0.5281 lr=9.39e-04 elapsed=33.4min
  e012 it0200/219 loss=0.5316 lr=9.37e-04 elapsed=33.9min
[epoch 012] train=0.5221  val_loss=0.5006  mIoU_fg=0.2906
  e013 it0050/219 loss=0.4081 lr=9.34e-04 elapsed=35.1min
  e013 it0100/219 loss=0.4255 lr=9.32e-04 elapsed=35.6min
  e013 it0150/219 loss=0.4481 lr=9.30e-04 elapsed=36.1min
  e013 it0200/219 loss=0.4604 lr=9.27e-04 elapsed=36.6min
[epoch 013] train=0.4601  val_loss=0.6860  mIoU_fg=0.3254
  [best] mIoU_fg=0.3254 saved -> /home/ids/diecidue/results/waste_vlm/dinoseg_dw_dinov3l_lvd_fpn_concat/best.pt
  e014 it0050/219 loss=0.5063 lr=9.24e-04 elapsed=37.8min
  e014 it0100/219 loss=0.4638 lr=9.22e-04 elapsed=38.3min
  e014 it0150/219 loss=0.4568 lr=9.19e-04 elapsed=38.8min
  e014 it0200/219 loss=0.4543 lr=9.17e-04 elapsed=39.3min
[epoch 014] train=0.4596  val_loss=0.4952  mIoU_fg=0.3148
  e015 it0050/219 loss=0.4104 lr=9.13e-04 elapsed=40.5min
  e015 it0100/219 loss=0.4333 lr=9.11e-04 elapsed=40.9min
  e015 it0150/219 loss=0.4455 lr=9.08e-04 elapsed=41.4min
  e015 it0200/219 loss=0.4443 lr=9.06e-04 elapsed=41.9min
[epoch 015] train=0.4458  val_loss=0.4688  mIoU_fg=0.3582
  [best] mIoU_fg=0.3582 saved -> /home/ids/diecidue/results/waste_vlm/dinoseg_dw_dinov3l_lvd_fpn_concat/best.pt
  e016 it0050/219 loss=0.4973 lr=9.02e-04 elapsed=43.2min
  e016 it0100/219 loss=0.5322 lr=8.99e-04 elapsed=43.7min
  e016 it0150/219 loss=0.5002 lr=8.96e-04 elapsed=44.1min
  e016 it0200/219 loss=0.4910 lr=8.94e-04 elapsed=44.6min
[epoch 016] train=0.4974  val_loss=0.5436  mIoU_fg=0.3081
  e017 it0050/219 loss=0.4380 lr=8.90e-04 elapsed=45.8min
  e017 it0100/219 loss=0.4238 lr=8.87e-04 elapsed=46.3min
  e017 it0150/219 loss=0.4257 lr=8.84e-04 elapsed=46.8min
  e017 it0200/219 loss=0.4312 lr=8.81e-04 elapsed=47.3min
[epoch 017] train=0.4277  val_loss=0.4804  mIoU_fg=0.3537
  e018 it0050/219 loss=0.3489 lr=8.77e-04 elapsed=48.5min
  e018 it0100/219 loss=0.3794 lr=8.74e-04 elapsed=49.0min
  e018 it0150/219 loss=0.3773 lr=8.71e-04 elapsed=49.4min
  e018 it0200/219 loss=0.3851 lr=8.68e-04 elapsed=49.9min
[epoch 018] train=0.3830  val_loss=0.4592  mIoU_fg=0.3451
  e019 it0050/219 loss=0.4003 lr=8.64e-04 elapsed=51.1min
  e019 it0100/219 loss=0.3870 lr=8.61e-04 elapsed=51.6min
  e019 it0150/219 loss=0.3856 lr=8.58e-04 elapsed=52.1min
  e019 it0200/219 loss=0.4215 lr=8.55e-04 elapsed=52.6min
[epoch 019] train=0.4326  val_loss=0.5576  mIoU_fg=0.2468
  e020 it0050/219 loss=0.5438 lr=8.50e-04 elapsed=53.8min
  e020 it0100/219 loss=0.5134 lr=8.47e-04 elapsed=54.3min
  e020 it0150/219 loss=0.4840 lr=8.44e-04 elapsed=54.7min
  e020 it0200/219 loss=0.4691 lr=8.41e-04 elapsed=55.2min
[epoch 020] train=0.4637  val_loss=0.5291  mIoU_fg=0.3477
  e021 it0050/219 loss=0.4449 lr=8.36e-04 elapsed=56.4min
  e021 it0100/219 loss=0.4914 lr=8.33e-04 elapsed=56.9min
  e021 it0150/219 loss=0.5001 lr=8.29e-04 elapsed=57.4min
  e021 it0200/219 loss=0.5128 lr=8.26e-04 elapsed=57.9min
[epoch 021] train=0.5262  val_loss=0.5439  mIoU_fg=0.2698
  e022 it0050/219 loss=0.4001 lr=8.21e-04 elapsed=59.1min
  e022 it0100/219 loss=0.4287 lr=8.18e-04 elapsed=59.6min
  e022 it0150/219 loss=0.4168 lr=8.14e-04 elapsed=60.1min
  e022 it0200/219 loss=0.4095 lr=8.11e-04 elapsed=60.5min
[epoch 022] train=0.4043  val_loss=0.4696  mIoU_fg=0.3645
  [best] mIoU_fg=0.3645 saved -> /home/ids/diecidue/results/waste_vlm/dinoseg_dw_dinov3l_lvd_fpn_concat/best.pt
  e023 it0050/219 loss=0.4010 lr=8.06e-04 elapsed=61.8min
  e023 it0100/219 loss=0.3741 lr=8.02e-04 elapsed=62.3min
  e023 it0150/219 loss=0.3640 lr=7.99e-04 elapsed=62.7min
  e023 it0200/219 loss=0.3607 lr=7.95e-04 elapsed=63.2min
[epoch 023] train=0.3616  val_loss=0.4580  mIoU_fg=0.3388
  e024 it0050/219 loss=0.3390 lr=7.90e-04 elapsed=64.4min
  e024 it0100/219 loss=0.3311 lr=7.87e-04 elapsed=64.9min
  e024 it0150/219 loss=0.3682 lr=7.83e-04 elapsed=65.4min
  e024 it0200/219 loss=0.3801 lr=7.79e-04 elapsed=65.9min
[epoch 024] train=0.3796  val_loss=0.5761  mIoU_fg=0.3334
  e025 it0050/219 loss=0.3475 lr=7.74e-04 elapsed=67.1min
  e025 it0100/219 loss=0.3368 lr=7.70e-04 elapsed=67.6min
  e025 it0150/219 loss=0.3406 lr=7.67e-04 elapsed=68.0min
  e025 it0200/219 loss=0.3475 lr=7.63e-04 elapsed=68.5min
[epoch 025] train=0.3473  val_loss=0.4840  mIoU_fg=0.3280
  e026 it0050/219 loss=0.3015 lr=7.57e-04 elapsed=69.7min
  e026 it0100/219 loss=0.3229 lr=7.54e-04 elapsed=70.2min
  e026 it0150/219 loss=0.3190 lr=7.50e-04 elapsed=70.7min
  e026 it0200/219 loss=0.3157 lr=7.46e-04 elapsed=71.2min
[epoch 026] train=0.3108  val_loss=0.5204  mIoU_fg=0.3573
  e027 it0050/219 loss=0.2924 lr=7.40e-04 elapsed=72.4min
  e027 it0100/219 loss=0.3240 lr=7.36e-04 elapsed=72.9min
  e027 it0150/219 loss=0.3088 lr=7.32e-04 elapsed=73.4min
  e027 it0200/219 loss=0.3049 lr=7.29e-04 elapsed=73.8min
[epoch 027] train=0.2980  val_loss=0.4429  mIoU_fg=0.3571
  e028 it0050/219 loss=0.2859 lr=7.23e-04 elapsed=75.0min
  e028 it0100/219 loss=0.2877 lr=7.19e-04 elapsed=75.5min
  e028 it0150/219 loss=0.2995 lr=7.15e-04 elapsed=76.0min
  e028 it0200/219 loss=0.2894 lr=7.11e-04 elapsed=76.5min
[epoch 028] train=0.2828  val_loss=0.4390  mIoU_fg=0.3814
  [best] mIoU_fg=0.3814 saved -> /home/ids/diecidue/results/waste_vlm/dinoseg_dw_dinov3l_lvd_fpn_concat/best.pt
  e029 it0050/219 loss=0.2639 lr=7.05e-04 elapsed=77.7min
  e029 it0100/219 loss=0.2694 lr=7.01e-04 elapsed=78.2min
  e029 it0150/219 loss=0.2695 lr=6.97e-04 elapsed=78.7min
  e029 it0200/219 loss=0.2740 lr=6.93e-04 elapsed=79.2min
[epoch 029] train=0.2745  val_loss=0.4846  mIoU_fg=0.3279
  e030 it0050/219 loss=0.3727 lr=6.87e-04 elapsed=80.4min
  e030 it0100/219 loss=0.3741 lr=6.83e-04 elapsed=80.9min
  e030 it0150/219 loss=0.3786 lr=6.79e-04 elapsed=81.3min
  e030 it0200/219 loss=0.3766 lr=6.75e-04 elapsed=81.8min
[epoch 030] train=0.3693  val_loss=0.4756  mIoU_fg=0.4000
  [best] mIoU_fg=0.4000 saved -> /home/ids/diecidue/results/waste_vlm/dinoseg_dw_dinov3l_lvd_fpn_concat/best.pt
  e031 it0050/219 loss=0.3066 lr=6.69e-04 elapsed=83.1min
  e031 it0100/219 loss=0.3052 lr=6.65e-04 elapsed=83.5min
  e031 it0150/219 loss=0.2895 lr=6.60e-04 elapsed=84.0min
  e031 it0200/219 loss=0.2791 lr=6.56e-04 elapsed=84.5min
[epoch 031] train=0.2807  val_loss=0.4620  mIoU_fg=0.3931
  e032 it0050/219 loss=0.2509 lr=6.50e-04 elapsed=85.7min
  e032 it0100/219 loss=0.2593 lr=6.46e-04 elapsed=86.2min
  e032 it0150/219 loss=0.2644 lr=6.42e-04 elapsed=86.7min
  e032 it0200/219 loss=0.2642 lr=6.37e-04 elapsed=87.1min
[epoch 032] train=0.2716  val_loss=0.5200  mIoU_fg=0.3894
  e033 it0050/219 loss=0.2961 lr=6.31e-04 elapsed=88.3min
  e033 it0100/219 loss=0.2762 lr=6.27e-04 elapsed=88.8min
  e033 it0150/219 loss=0.2733 lr=6.23e-04 elapsed=89.3min
  e033 it0200/219 loss=0.2816 lr=6.18e-04 elapsed=89.8min
[epoch 033] train=0.2834  val_loss=0.4876  mIoU_fg=0.4019
  [best] mIoU_fg=0.4019 saved -> /home/ids/diecidue/results/waste_vlm/dinoseg_dw_dinov3l_lvd_fpn_concat/best.pt
  e034 it0050/219 loss=0.2451 lr=6.12e-04 elapsed=91.0min
  e034 it0100/219 loss=0.2430 lr=6.08e-04 elapsed=91.5min
  e034 it0150/219 loss=0.2467 lr=6.04e-04 elapsed=92.0min
  e034 it0200/219 loss=0.2570 lr=5.99e-04 elapsed=92.5min
[epoch 034] train=0.2611  val_loss=0.6232  mIoU_fg=0.4087
  [best] mIoU_fg=0.4087 saved -> /home/ids/diecidue/results/waste_vlm/dinoseg_dw_dinov3l_lvd_fpn_concat/best.pt
  e035 it0050/219 loss=0.2797 lr=5.93e-04 elapsed=93.7min
  e035 it0100/219 loss=0.2702 lr=5.89e-04 elapsed=94.2min
  e035 it0150/219 loss=0.2555 lr=5.84e-04 elapsed=94.7min
  e035 it0200/219 loss=0.2484 lr=5.80e-04 elapsed=95.2min
[epoch 035] train=0.2497  val_loss=0.3978  mIoU_fg=0.4206
  [best] mIoU_fg=0.4206 saved -> /home/ids/diecidue/results/waste_vlm/dinoseg_dw_dinov3l_lvd_fpn_concat/best.pt
  e036 it0050/219 loss=0.2001 lr=5.74e-04 elapsed=96.4min
  e036 it0100/219 loss=0.2179 lr=5.69e-04 elapsed=96.9min
  e036 it0150/219 loss=0.2125 lr=5.65e-04 elapsed=97.4min
  e036 it0200/219 loss=0.2248 lr=5.60e-04 elapsed=97.8min
[epoch 036] train=0.2237  val_loss=0.6200  mIoU_fg=0.4269
  [best] mIoU_fg=0.4269 saved -> /home/ids/diecidue/results/waste_vlm/dinoseg_dw_dinov3l_lvd_fpn_concat/best.pt
  e037 it0050/219 loss=0.2125 lr=5.54e-04 elapsed=99.1min
  e037 it0100/219 loss=0.1997 lr=5.50e-04 elapsed=99.6min
  e037 it0150/219 loss=0.2075 lr=5.45e-04 elapsed=100.0min
  e037 it0200/219 loss=0.2121 lr=5.41e-04 elapsed=100.5min
[epoch 037] train=0.2104  val_loss=0.4621  mIoU_fg=0.4336
  [best] mIoU_fg=0.4336 saved -> /home/ids/diecidue/results/waste_vlm/dinoseg_dw_dinov3l_lvd_fpn_concat/best.pt
  e038 it0050/219 loss=0.1838 lr=5.35e-04 elapsed=101.8min
  e038 it0100/219 loss=0.1943 lr=5.30e-04 elapsed=102.2min
  e038 it0150/219 loss=0.1936 lr=5.26e-04 elapsed=102.7min
  e038 it0200/219 loss=0.2013 lr=5.21e-04 elapsed=103.2min
[epoch 038] train=0.2016  val_loss=0.5230  mIoU_fg=0.4245
  e039 it0050/219 loss=0.1859 lr=5.15e-04 elapsed=104.4min
  e039 it0100/219 loss=0.1829 lr=5.11e-04 elapsed=104.9min
  e039 it0150/219 loss=0.1899 lr=5.06e-04 elapsed=105.4min
  e039 it0200/219 loss=0.2002 lr=5.02e-04 elapsed=105.8min
[epoch 039] train=0.2034  val_loss=0.5483  mIoU_fg=0.3981
  e040 it0050/219 loss=0.2145 lr=4.96e-04 elapsed=107.0min
  e040 it0100/219 loss=0.2071 lr=4.91e-04 elapsed=107.5min
  e040 it0150/219 loss=0.2144 lr=4.87e-04 elapsed=108.0min
  e040 it0200/219 loss=0.2162 lr=4.82e-04 elapsed=108.5min
[epoch 040] train=0.2124  val_loss=0.4974  mIoU_fg=0.4081
  e041 it0050/219 loss=0.1816 lr=4.76e-04 elapsed=109.7min
  e041 it0100/219 loss=0.1828 lr=4.71e-04 elapsed=110.2min
  e041 it0150/219 loss=0.1831 lr=4.67e-04 elapsed=110.7min
  e041 it0200/219 loss=0.2140 lr=4.62e-04 elapsed=111.1min
[epoch 041] train=0.2370  val_loss=0.5699  mIoU_fg=0.3694
  e042 it0050/219 loss=0.2851 lr=4.56e-04 elapsed=112.4min
  e042 it0100/219 loss=0.2600 lr=4.52e-04 elapsed=112.8min
  e042 it0150/219 loss=0.2412 lr=4.47e-04 elapsed=113.3min
  e042 it0200/219 loss=0.2266 lr=4.43e-04 elapsed=113.8min
[epoch 042] train=0.2244  val_loss=0.4837  mIoU_fg=0.4197
  e043 it0050/219 loss=0.2099 lr=4.37e-04 elapsed=115.0min
  e043 it0100/219 loss=0.1818 lr=4.32e-04 elapsed=115.5min
  e043 it0150/219 loss=0.1709 lr=4.28e-04 elapsed=116.0min
  e043 it0200/219 loss=0.1788 lr=4.23e-04 elapsed=116.4min
[epoch 043] train=0.1802  val_loss=0.6815  mIoU_fg=0.4205
  e044 it0050/219 loss=0.2274 lr=4.17e-04 elapsed=117.7min
  e044 it0100/219 loss=0.1989 lr=4.13e-04 elapsed=118.1min
  e044 it0150/219 loss=0.1885 lr=4.09e-04 elapsed=118.6min
  e044 it0200/219 loss=0.1784 lr=4.04e-04 elapsed=119.1min
[epoch 044] train=0.1760  val_loss=0.7010  mIoU_fg=0.4499
  [best] mIoU_fg=0.4499 saved -> /home/ids/diecidue/results/waste_vlm/dinoseg_dw_dinov3l_lvd_fpn_concat/best.pt
  e045 it0050/219 loss=0.1603 lr=3.98e-04 elapsed=120.3min
  e045 it0100/219 loss=0.1621 lr=3.94e-04 elapsed=120.8min
  e045 it0150/219 loss=0.1620 lr=3.89e-04 elapsed=121.3min
  e045 it0200/219 loss=0.1576 lr=3.85e-04 elapsed=121.8min
[epoch 045] train=0.1584  val_loss=0.5466  mIoU_fg=0.4316
  e046 it0050/219 loss=0.1569 lr=3.79e-04 elapsed=123.0min
  e046 it0100/219 loss=0.1456 lr=3.75e-04 elapsed=123.5min
  e046 it0150/219 loss=0.1373 lr=3.70e-04 elapsed=123.9min
  e046 it0200/219 loss=0.1440 lr=3.66e-04 elapsed=124.4min
[epoch 046] train=0.1473  val_loss=0.5606  mIoU_fg=0.4377
  e047 it0050/219 loss=0.1403 lr=3.60e-04 elapsed=125.6min
  e047 it0100/219 loss=0.1454 lr=3.56e-04 elapsed=126.1min
  e047 it0150/219 loss=0.1424 lr=3.51e-04 elapsed=126.6min
  e047 it0200/219 loss=0.1454 lr=3.47e-04 elapsed=127.1min
[epoch 047] train=0.1466  val_loss=0.6220  mIoU_fg=0.4418
  e048 it0050/219 loss=0.1233 lr=3.41e-04 elapsed=128.3min
  e048 it0100/219 loss=0.1301 lr=3.37e-04 elapsed=128.8min
  e048 it0150/219 loss=0.1383 lr=3.33e-04 elapsed=129.2min
  e048 it0200/219 loss=0.1388 lr=3.29e-04 elapsed=129.7min
[epoch 048] train=0.1390  val_loss=0.5492  mIoU_fg=0.4405
  e049 it0050/219 loss=0.1399 lr=3.23e-04 elapsed=130.9min
  e049 it0100/219 loss=0.1423 lr=3.19e-04 elapsed=131.4min
  e049 it0150/219 loss=0.1394 lr=3.14e-04 elapsed=131.9min
  e049 it0200/219 loss=0.1377 lr=3.10e-04 elapsed=132.4min
[epoch 049] train=0.1381  val_loss=0.7565  mIoU_fg=0.4571
  [best] mIoU_fg=0.4571 saved -> /home/ids/diecidue/results/waste_vlm/dinoseg_dw_dinov3l_lvd_fpn_concat/best.pt
  e050 it0050/219 loss=0.1353 lr=3.05e-04 elapsed=133.6min
  e050 it0100/219 loss=0.1403 lr=3.00e-04 elapsed=134.1min
  e050 it0150/219 loss=0.1400 lr=2.96e-04 elapsed=134.6min
  e050 it0200/219 loss=0.1347 lr=2.92e-04 elapsed=135.1min
[epoch 050] train=0.1340  val_loss=0.7313  mIoU_fg=0.4485
  e051 it0050/219 loss=0.1257 lr=2.87e-04 elapsed=136.3min
  e051 it0100/219 loss=0.1262 lr=2.83e-04 elapsed=136.7min
  e051 it0150/219 loss=0.1245 lr=2.79e-04 elapsed=137.2min
  e051 it0200/219 loss=0.1248 lr=2.75e-04 elapsed=137.7min
[epoch 051] train=0.1235  val_loss=0.6882  mIoU_fg=0.4507
  e052 it0050/219 loss=0.1142 lr=2.69e-04 elapsed=138.9min
  e052 it0100/219 loss=0.1189 lr=2.65e-04 elapsed=139.4min
  e052 it0150/219 loss=0.1135 lr=2.61e-04 elapsed=139.9min
  e052 it0200/219 loss=0.1164 lr=2.57e-04 elapsed=140.4min
[epoch 052] train=0.1171  val_loss=0.6750  mIoU_fg=0.4523
  e053 it0050/219 loss=0.1224 lr=2.52e-04 elapsed=141.6min
  e053 it0100/219 loss=0.1130 lr=2.48e-04 elapsed=142.0min
  e053 it0150/219 loss=0.1137 lr=2.44e-04 elapsed=142.5min
  e053 it0200/219 loss=0.1143 lr=2.40e-04 elapsed=143.0min
[epoch 053] train=0.1127  val_loss=0.8340  mIoU_fg=0.4542
  e054 it0050/219 loss=0.1017 lr=2.35e-04 elapsed=144.2min
  e054 it0100/219 loss=0.1045 lr=2.31e-04 elapsed=144.7min
  e054 it0150/219 loss=0.1103 lr=2.27e-04 elapsed=145.2min
  e054 it0200/219 loss=0.1101 lr=2.24e-04 elapsed=145.7min
[epoch 054] train=0.1103  val_loss=0.6744  mIoU_fg=0.4506
  e055 it0050/219 loss=0.0898 lr=2.18e-04 elapsed=146.9min
  e055 it0100/219 loss=0.1007 lr=2.15e-04 elapsed=147.3min
  e055 it0150/219 loss=0.0995 lr=2.11e-04 elapsed=147.8min
  e055 it0200/219 loss=0.1034 lr=2.07e-04 elapsed=148.3min
[epoch 055] train=0.1054  val_loss=0.7272  mIoU_fg=0.4620
  [best] mIoU_fg=0.4620 saved -> /home/ids/diecidue/results/waste_vlm/dinoseg_dw_dinov3l_lvd_fpn_concat/best.pt
  e056 it0050/219 loss=0.1038 lr=2.02e-04 elapsed=149.6min
  e056 it0100/219 loss=0.0977 lr=1.99e-04 elapsed=150.0min
  e056 it0150/219 loss=0.1021 lr=1.95e-04 elapsed=150.5min
  e056 it0200/219 loss=0.1004 lr=1.92e-04 elapsed=151.0min
[epoch 056] train=0.1011  val_loss=0.7968  mIoU_fg=0.4694
  [best] mIoU_fg=0.4694 saved -> /home/ids/diecidue/results/waste_vlm/dinoseg_dw_dinov3l_lvd_fpn_concat/best.pt
  e057 it0050/219 loss=0.0929 lr=1.87e-04 elapsed=152.3min
  e057 it0100/219 loss=0.0922 lr=1.83e-04 elapsed=152.7min
  e057 it0150/219 loss=0.0946 lr=1.80e-04 elapsed=153.2min
  e057 it0200/219 loss=0.0940 lr=1.77e-04 elapsed=153.7min
[epoch 057] train=0.0965  val_loss=0.8780  mIoU_fg=0.4672
  e058 it0050/219 loss=0.0880 lr=1.72e-04 elapsed=154.9min
  e058 it0100/219 loss=0.0888 lr=1.69e-04 elapsed=155.4min
  e058 it0150/219 loss=0.0906 lr=1.65e-04 elapsed=155.9min
  e058 it0200/219 loss=0.0943 lr=1.62e-04 elapsed=156.4min
[epoch 058] train=0.0934  val_loss=1.0017  mIoU_fg=0.4728
  [best] mIoU_fg=0.4728 saved -> /home/ids/diecidue/results/waste_vlm/dinoseg_dw_dinov3l_lvd_fpn_concat/best.pt
  e059 it0050/219 loss=0.0804 lr=1.57e-04 elapsed=157.7min
  e059 it0100/219 loss=0.0908 lr=1.54e-04 elapsed=158.1min
  e059 it0150/219 loss=0.0911 lr=1.51e-04 elapsed=158.6min
  e059 it0200/219 loss=0.0902 lr=1.48e-04 elapsed=159.1min
[epoch 059] train=0.0897  val_loss=1.0668  mIoU_fg=0.4695
  e060 it0050/219 loss=0.0967 lr=1.43e-04 elapsed=160.3min
  e060 it0100/219 loss=0.0911 lr=1.40e-04 elapsed=160.8min
  e060 it0150/219 loss=0.0900 lr=1.37e-04 elapsed=161.3min
  e060 it0200/219 loss=0.0878 lr=1.34e-04 elapsed=161.8min
[epoch 060] train=0.0872  val_loss=0.9292  mIoU_fg=0.4751
  [best] mIoU_fg=0.4751 saved -> /home/ids/diecidue/results/waste_vlm/dinoseg_dw_dinov3l_lvd_fpn_concat/best.pt
  e061 it0050/219 loss=0.0830 lr=1.30e-04 elapsed=163.0min
  e061 it0100/219 loss=0.0811 lr=1.27e-04 elapsed=163.5min
  e061 it0150/219 loss=0.0832 lr=1.24e-04 elapsed=164.0min
  e061 it0200/219 loss=0.0839 lr=1.21e-04 elapsed=164.5min
[epoch 061] train=0.0850  val_loss=0.9777  mIoU_fg=0.4722
  e062 it0050/219 loss=0.0866 lr=1.17e-04 elapsed=165.7min
  e062 it0100/219 loss=0.0806 lr=1.14e-04 elapsed=166.2min
  e062 it0150/219 loss=0.0835 lr=1.11e-04 elapsed=166.7min
  e062 it0200/219 loss=0.0825 lr=1.08e-04 elapsed=167.2min
[epoch 062] train=0.0832  val_loss=0.9886  mIoU_fg=0.4741
  e063 it0050/219 loss=0.0795 lr=1.05e-04 elapsed=168.4min
  e063 it0100/219 loss=0.0840 lr=1.02e-04 elapsed=168.8min
  e063 it0150/219 loss=0.0847 lr=9.92e-05 elapsed=169.3min
  e063 it0200/219 loss=0.0815 lr=9.65e-05 elapsed=169.8min
[epoch 063] train=0.0797  val_loss=1.1477  mIoU_fg=0.4732
  e064 it0050/219 loss=0.0782 lr=9.29e-05 elapsed=171.0min
  e064 it0100/219 loss=0.0773 lr=9.03e-05 elapsed=171.5min
  e064 it0150/219 loss=0.0757 lr=8.77e-05 elapsed=172.0min
  e064 it0200/219 loss=0.0789 lr=8.52e-05 elapsed=172.5min
[epoch 064] train=0.0780  val_loss=1.0529  mIoU_fg=0.4682
  e065 it0050/219 loss=0.0764 lr=8.18e-05 elapsed=173.7min
  e065 it0100/219 loss=0.0772 lr=7.94e-05 elapsed=174.2min
  e065 it0150/219 loss=0.0754 lr=7.69e-05 elapsed=174.7min
  e065 it0200/219 loss=0.0765 lr=7.46e-05 elapsed=175.1min
[epoch 065] train=0.0761  val_loss=1.1206  mIoU_fg=0.4741
  e066 it0050/219 loss=0.0785 lr=7.14e-05 elapsed=176.4min
  e066 it0100/219 loss=0.0763 lr=6.91e-05 elapsed=176.8min
  e066 it0150/219 loss=0.0772 lr=6.68e-05 elapsed=177.3min
  e066 it0200/219 loss=0.0759 lr=6.46e-05 elapsed=177.8min
[epoch 066] train=0.0744  val_loss=1.1942  mIoU_fg=0.4713
  e067 it0050/219 loss=0.0696 lr=6.16e-05 elapsed=179.0min
  e067 it0100/219 loss=0.0690 lr=5.94e-05 elapsed=179.5min
  e067 it0150/219 loss=0.0736 lr=5.73e-05 elapsed=180.0min
  e067 it0200/219 loss=0.0732 lr=5.53e-05 elapsed=180.5min
[epoch 067] train=0.0728  val_loss=1.2164  mIoU_fg=0.4678
  e068 it0050/219 loss=0.0751 lr=5.25e-05 elapsed=181.7min
  e068 it0100/219 loss=0.0728 lr=5.05e-05 elapsed=182.2min
  e068 it0150/219 loss=0.0727 lr=4.86e-05 elapsed=182.7min
  e068 it0200/219 loss=0.0717 lr=4.66e-05 elapsed=183.1min
[epoch 068] train=0.0716  val_loss=1.2444  mIoU_fg=0.4658
  e069 it0050/219 loss=0.0738 lr=4.41e-05 elapsed=184.4min
  e069 it0100/219 loss=0.0657 lr=4.22e-05 elapsed=184.9min
  e069 it0150/219 loss=0.0656 lr=4.05e-05 elapsed=185.3min
  e069 it0200/219 loss=0.0693 lr=3.87e-05 elapsed=185.8min
[epoch 069] train=0.0704  val_loss=1.2662  mIoU_fg=0.4684
  e070 it0050/219 loss=0.0760 lr=3.64e-05 elapsed=187.0min
  e070 it0100/219 loss=0.0633 lr=3.47e-05 elapsed=187.5min
  e070 it0150/219 loss=0.0693 lr=3.31e-05 elapsed=188.0min
  e070 it0200/219 loss=0.0707 lr=3.15e-05 elapsed=188.5min
[epoch 070] train=0.0699  val_loss=1.3369  mIoU_fg=0.4681
  e071 it0050/219 loss=0.0627 lr=2.94e-05 elapsed=189.7min
  e071 it0100/219 loss=0.0678 lr=2.79e-05 elapsed=190.2min
  e071 it0150/219 loss=0.0713 lr=2.64e-05 elapsed=190.7min
  e071 it0200/219 loss=0.0691 lr=2.50e-05 elapsed=191.1min
[epoch 071] train=0.0711  val_loss=1.2836  mIoU_fg=0.4689
  e072 it0050/219 loss=0.0684 lr=2.31e-05 elapsed=192.4min
  e072 it0100/219 loss=0.0666 lr=2.18e-05 elapsed=192.8min
  e072 it0150/219 loss=0.0690 lr=2.05e-05 elapsed=193.3min
  e072 it0200/219 loss=0.0678 lr=1.92e-05 elapsed=193.8min
[epoch 072] train=0.0683  val_loss=1.3028  mIoU_fg=0.4690
  e073 it0050/219 loss=0.0627 lr=1.76e-05 elapsed=195.0min
  e073 it0100/219 loss=0.0671 lr=1.64e-05 elapsed=195.5min
  e073 it0150/219 loss=0.0672 lr=1.53e-05 elapsed=196.0min
  e073 it0200/219 loss=0.0686 lr=1.42e-05 elapsed=196.5min
[epoch 073] train=0.0680  val_loss=1.3357  mIoU_fg=0.4678
  e074 it0050/219 loss=0.0697 lr=1.28e-05 elapsed=197.7min
  e074 it0100/219 loss=0.0643 lr=1.18e-05 elapsed=198.2min
  e074 it0150/219 loss=0.0682 lr=1.09e-05 elapsed=198.7min
  e074 it0200/219 loss=0.0682 lr=9.94e-06 elapsed=199.1min
[epoch 074] train=0.0679  val_loss=1.3276  mIoU_fg=0.4673
  e075 it0050/219 loss=0.0689 lr=8.75e-06 elapsed=200.4min
  e075 it0100/219 loss=0.0662 lr=7.94e-06 elapsed=200.8min
  e075 it0150/219 loss=0.0697 lr=7.16e-06 elapsed=201.3min
  e075 it0200/219 loss=0.0689 lr=6.43e-06 elapsed=201.8min
[epoch 075] train=0.0685  val_loss=1.3192  mIoU_fg=0.4679
  e076 it0050/219 loss=0.0630 lr=5.47e-06 elapsed=203.0min
  e076 it0100/219 loss=0.0662 lr=4.83e-06 elapsed=203.5min
  e076 it0150/219 loss=0.0678 lr=4.23e-06 elapsed=204.0min
  e076 it0200/219 loss=0.0667 lr=3.67e-06 elapsed=204.5min
[epoch 076] train=0.0666  val_loss=1.3273  mIoU_fg=0.4673
  e077 it0050/219 loss=0.0666 lr=2.96e-06 elapsed=205.7min
  e077 it0100/219 loss=0.0644 lr=2.49e-06 elapsed=206.2min
  e077 it0150/219 loss=0.0645 lr=2.06e-06 elapsed=206.6min
  e077 it0200/219 loss=0.0656 lr=1.68e-06 elapsed=207.1min
[epoch 077] train=0.0658  val_loss=1.3255  mIoU_fg=0.4675
  e078 it0050/219 loss=0.0702 lr=1.21e-06 elapsed=208.3min
  e078 it0100/219 loss=0.0677 lr=9.18e-07 elapsed=208.8min
  e078 it0150/219 loss=0.0684 lr=6.67e-07 elapsed=209.3min
  e078 it0200/219 loss=0.0687 lr=4.55e-07 elapsed=209.8min
[epoch 078] train=0.0667  val_loss=1.3292  mIoU_fg=0.4676
  e079 it0050/219 loss=0.0666 lr=2.30e-07 elapsed=211.0min
  e079 it0100/219 loss=0.0648 lr=1.14e-07 elapsed=211.5min
  e079 it0150/219 loss=0.0691 lr=3.83e-08 elapsed=212.0min
  e079 it0200/219 loss=0.0670 lr=2.90e-09 elapsed=212.5min
[epoch 079] train=0.0659  val_loss=1.3298  mIoU_fg=0.4675
[done] best_mIoU_fg=0.4751  total_time=213.2min
[slurm] done=2026-06-26T21:58:31+02:00
