[slurm] host=nodemm03  job=856996  start=2026-06-19T14:30:15+02:00
[slurm] btype=radio id=/home/ids/diecidue/results/waste_vlm/weights/RADIO-B size=512 epochs=80 batch=16 lr=1e-3 head=fpn multi_block=none multilabel=0 fpn_blocks=2,5,8,11 fpn_dim=default out=dinoseg_dw_radiob_fpn
NVIDIA GeForce RTX 3090, 24576 MiB
[data] train=3489  val=739  fg classes=20  mode=single-label
[radio] backbone_dim probed = 768
[radio] FPN hooks registered on blocks (2, 5, 8, 11)
[model] head=fpn  trainable_params=2,563,093
  e000 it0050/219 loss=2.4343 lr=1.00e-03 elapsed=0.4min
  e000 it0100/219 loss=2.3094 lr=1.00e-03 elapsed=0.7min
  e000 it0150/219 loss=2.1584 lr=1.00e-03 elapsed=1.0min
  e000 it0200/219 loss=2.0879 lr=1.00e-03 elapsed=1.3min
[epoch 000] train=2.0608  val_loss=1.6628  mIoU_fg=0.0461
  [best] mIoU_fg=0.0461 saved -> /home/ids/diecidue/results/waste_vlm/dinoseg_dw_radiob_fpn/best.pt
  e001 it0050/219 loss=1.8097 lr=9.99e-04 elapsed=2.2min
  e001 it0100/219 loss=1.7628 lr=9.99e-04 elapsed=2.5min
  e001 it0150/219 loss=1.6795 lr=9.99e-04 elapsed=2.8min
  e001 it0200/219 loss=1.6707 lr=9.99e-04 elapsed=3.1min
[epoch 001] train=1.6717  val_loss=1.4998  mIoU_fg=0.0538
  [best] mIoU_fg=0.0538 saved -> /home/ids/diecidue/results/waste_vlm/dinoseg_dw_radiob_fpn/best.pt
  e002 it0050/219 loss=1.5437 lr=9.98e-04 elapsed=3.9min
  e002 it0100/219 loss=1.4380 lr=9.98e-04 elapsed=4.2min
  e002 it0150/219 loss=1.4276 lr=9.97e-04 elapsed=4.6min
  e002 it0200/219 loss=1.4083 lr=9.97e-04 elapsed=4.9min
[epoch 002] train=1.4081  val_loss=1.2320  mIoU_fg=0.0993
  [best] mIoU_fg=0.0993 saved -> /home/ids/diecidue/results/waste_vlm/dinoseg_dw_radiob_fpn/best.pt
  e003 it0050/219 loss=1.2770 lr=9.96e-04 elapsed=5.7min
  e003 it0100/219 loss=1.2883 lr=9.95e-04 elapsed=6.0min
  e003 it0150/219 loss=1.3161 lr=9.95e-04 elapsed=6.3min
  e003 it0200/219 loss=1.3144 lr=9.94e-04 elapsed=6.7min
[epoch 003] train=1.3172  val_loss=1.1594  mIoU_fg=0.1267
  [best] mIoU_fg=0.1267 saved -> /home/ids/diecidue/results/waste_vlm/dinoseg_dw_radiob_fpn/best.pt
  e004 it0050/219 loss=1.2152 lr=9.93e-04 elapsed=7.5min
  e004 it0100/219 loss=1.2224 lr=9.92e-04 elapsed=7.8min
  e004 it0150/219 loss=1.2386 lr=9.92e-04 elapsed=8.1min
  e004 it0200/219 loss=1.2390 lr=9.91e-04 elapsed=8.4min
[epoch 004] train=1.2424  val_loss=1.1653  mIoU_fg=0.1431
  [best] mIoU_fg=0.1431 saved -> /home/ids/diecidue/results/waste_vlm/dinoseg_dw_radiob_fpn/best.pt
  e005 it0050/219 loss=1.2562 lr=9.89e-04 elapsed=9.3min
  e005 it0100/219 loss=1.2257 lr=9.89e-04 elapsed=9.6min
  e005 it0150/219 loss=1.2332 lr=9.88e-04 elapsed=9.9min
  e005 it0200/219 loss=1.2276 lr=9.87e-04 elapsed=10.2min
[epoch 005] train=1.2143  val_loss=1.0464  mIoU_fg=0.1415
  e006 it0050/219 loss=0.9348 lr=9.85e-04 elapsed=11.1min
  e006 it0100/219 loss=1.0536 lr=9.84e-04 elapsed=11.4min
  e006 it0150/219 loss=1.0543 lr=9.83e-04 elapsed=11.7min
  e006 it0200/219 loss=1.0995 lr=9.82e-04 elapsed=12.0min
[epoch 006] train=1.1196  val_loss=0.9506  mIoU_fg=0.1435
  [best] mIoU_fg=0.1435 saved -> /home/ids/diecidue/results/waste_vlm/dinoseg_dw_radiob_fpn/best.pt
  e007 it0050/219 loss=0.9978 lr=9.80e-04 elapsed=12.8min
  e007 it0100/219 loss=1.0056 lr=9.79e-04 elapsed=13.2min
  e007 it0150/219 loss=0.9936 lr=9.77e-04 elapsed=13.5min
  e007 it0200/219 loss=0.9870 lr=9.76e-04 elapsed=13.8min
[epoch 007] train=0.9761  val_loss=0.8754  mIoU_fg=0.1492
  [best] mIoU_fg=0.1492 saved -> /home/ids/diecidue/results/waste_vlm/dinoseg_dw_radiob_fpn/best.pt
  e008 it0050/219 loss=0.9094 lr=9.74e-04 elapsed=14.6min
  e008 it0100/219 loss=0.8926 lr=9.73e-04 elapsed=14.9min
  e008 it0150/219 loss=0.8692 lr=9.71e-04 elapsed=15.2min
  e008 it0200/219 loss=0.8919 lr=9.70e-04 elapsed=15.6min
[epoch 008] train=0.8912  val_loss=0.8426  mIoU_fg=0.1746
  [best] mIoU_fg=0.1746 saved -> /home/ids/diecidue/results/waste_vlm/dinoseg_dw_radiob_fpn/best.pt
  e009 it0050/219 loss=0.8360 lr=9.68e-04 elapsed=16.4min
  e009 it0100/219 loss=0.8368 lr=9.66e-04 elapsed=16.7min
  e009 it0150/219 loss=0.8494 lr=9.64e-04 elapsed=17.0min
  e009 it0200/219 loss=0.8362 lr=9.63e-04 elapsed=17.3min
[epoch 009] train=0.8407  val_loss=0.7618  mIoU_fg=0.1358
  e010 it0050/219 loss=0.7868 lr=9.60e-04 elapsed=18.2min
  e010 it0100/219 loss=0.7839 lr=9.58e-04 elapsed=18.5min
  e010 it0150/219 loss=0.8111 lr=9.57e-04 elapsed=18.8min
  e010 it0200/219 loss=0.8302 lr=9.55e-04 elapsed=19.1min
[epoch 010] train=0.8237  val_loss=0.7848  mIoU_fg=0.1755
  [best] mIoU_fg=0.1755 saved -> /home/ids/diecidue/results/waste_vlm/dinoseg_dw_radiob_fpn/best.pt
  e011 it0050/219 loss=0.7553 lr=9.52e-04 elapsed=20.0min
  e011 it0100/219 loss=0.7387 lr=9.50e-04 elapsed=20.3min
  e011 it0150/219 loss=0.7536 lr=9.48e-04 elapsed=20.6min
  e011 it0200/219 loss=0.7522 lr=9.46e-04 elapsed=20.9min
[epoch 011] train=0.7402  val_loss=0.7739  mIoU_fg=0.1962
  [best] mIoU_fg=0.1962 saved -> /home/ids/diecidue/results/waste_vlm/dinoseg_dw_radiob_fpn/best.pt
  e012 it0050/219 loss=0.6675 lr=9.43e-04 elapsed=21.7min
  e012 it0100/219 loss=0.6853 lr=9.41e-04 elapsed=22.1min
  e012 it0150/219 loss=0.7144 lr=9.39e-04 elapsed=22.4min
  e012 it0200/219 loss=0.7175 lr=9.37e-04 elapsed=22.7min
[epoch 012] train=0.7265  val_loss=0.7568  mIoU_fg=0.1589
  e013 it0050/219 loss=0.7250 lr=9.34e-04 elapsed=23.5min
  e013 it0100/219 loss=0.6952 lr=9.32e-04 elapsed=23.8min
  e013 it0150/219 loss=0.6851 lr=9.30e-04 elapsed=24.1min
  e013 it0200/219 loss=0.7028 lr=9.27e-04 elapsed=24.5min
[epoch 013] train=0.7055  val_loss=0.8238  mIoU_fg=0.2150
  [best] mIoU_fg=0.2150 saved -> /home/ids/diecidue/results/waste_vlm/dinoseg_dw_radiob_fpn/best.pt
  e014 it0050/219 loss=0.6824 lr=9.24e-04 elapsed=25.3min
  e014 it0100/219 loss=0.6818 lr=9.22e-04 elapsed=25.6min
  e014 it0150/219 loss=0.6892 lr=9.19e-04 elapsed=25.9min
  e014 it0200/219 loss=0.6780 lr=9.17e-04 elapsed=26.2min
[epoch 014] train=0.6740  val_loss=0.8288  mIoU_fg=0.1820
  e015 it0050/219 loss=0.6246 lr=9.13e-04 elapsed=27.1min
  e015 it0100/219 loss=0.6706 lr=9.11e-04 elapsed=27.4min
  e015 it0150/219 loss=0.6752 lr=9.08e-04 elapsed=27.7min
  e015 it0200/219 loss=0.6799 lr=9.06e-04 elapsed=28.0min
[epoch 015] train=0.6827  val_loss=0.7644  mIoU_fg=0.1385
  e016 it0050/219 loss=0.6332 lr=9.02e-04 elapsed=28.8min
  e016 it0100/219 loss=0.6263 lr=8.99e-04 elapsed=29.2min
  e016 it0150/219 loss=0.6359 lr=8.96e-04 elapsed=29.5min
  e016 it0200/219 loss=0.6444 lr=8.94e-04 elapsed=29.8min
[epoch 016] train=0.6539  val_loss=0.7837  mIoU_fg=0.2019
  e017 it0050/219 loss=0.6177 lr=8.90e-04 elapsed=30.6min
  e017 it0100/219 loss=0.6458 lr=8.87e-04 elapsed=30.9min
  e017 it0150/219 loss=0.6449 lr=8.84e-04 elapsed=31.2min
  e017 it0200/219 loss=0.6268 lr=8.81e-04 elapsed=31.5min
[epoch 017] train=0.6211  val_loss=0.7806  mIoU_fg=0.1884
  e018 it0050/219 loss=0.5559 lr=8.77e-04 elapsed=32.4min
  e018 it0100/219 loss=0.6202 lr=8.74e-04 elapsed=32.7min
  e018 it0150/219 loss=0.6122 lr=8.71e-04 elapsed=33.0min
  e018 it0200/219 loss=0.6125 lr=8.68e-04 elapsed=33.3min
[epoch 018] train=0.6136  val_loss=0.7647  mIoU_fg=0.1869
  e019 it0050/219 loss=1.4901 lr=8.64e-04 elapsed=34.2min
  e019 it0100/219 loss=1.3095 lr=8.61e-04 elapsed=34.5min
  e019 it0150/219 loss=1.1813 lr=8.58e-04 elapsed=34.8min
  e019 it0200/219 loss=1.0879 lr=8.55e-04 elapsed=35.1min
[epoch 019] train=1.0595  val_loss=0.8175  mIoU_fg=0.1917
  e020 it0050/219 loss=0.7041 lr=8.50e-04 elapsed=35.9min
  e020 it0100/219 loss=0.7232 lr=8.47e-04 elapsed=36.2min
  e020 it0150/219 loss=0.7246 lr=8.44e-04 elapsed=36.6min
  e020 it0200/219 loss=0.7292 lr=8.41e-04 elapsed=36.9min
[epoch 020] train=0.7241  val_loss=0.7624  mIoU_fg=0.1554
  e021 it0050/219 loss=0.6288 lr=8.36e-04 elapsed=37.7min
  e021 it0100/219 loss=0.6188 lr=8.33e-04 elapsed=38.0min
  e021 it0150/219 loss=0.6193 lr=8.29e-04 elapsed=38.3min
  e021 it0200/219 loss=0.6269 lr=8.26e-04 elapsed=38.7min
[epoch 021] train=0.6301  val_loss=0.6948  mIoU_fg=0.2031
  e022 it0050/219 loss=0.5922 lr=8.21e-04 elapsed=39.5min
  e022 it0100/219 loss=0.5602 lr=8.18e-04 elapsed=39.8min
  e022 it0150/219 loss=0.5906 lr=8.14e-04 elapsed=40.1min
  e022 it0200/219 loss=0.5922 lr=8.11e-04 elapsed=40.4min
[epoch 022] train=0.5856  val_loss=0.7246  mIoU_fg=0.1829
  e023 it0050/219 loss=0.5754 lr=8.06e-04 elapsed=41.3min
  e023 it0100/219 loss=0.5787 lr=8.02e-04 elapsed=41.6min
  e023 it0150/219 loss=0.5759 lr=7.99e-04 elapsed=41.9min
  e023 it0200/219 loss=0.5855 lr=7.95e-04 elapsed=42.2min
[epoch 023] train=0.5894  val_loss=0.7118  mIoU_fg=0.1837
  e024 it0050/219 loss=0.4917 lr=7.90e-04 elapsed=43.0min
  e024 it0100/219 loss=0.4997 lr=7.87e-04 elapsed=43.3min
  e024 it0150/219 loss=0.5377 lr=7.83e-04 elapsed=43.6min
  e024 it0200/219 loss=0.5444 lr=7.79e-04 elapsed=44.0min
[epoch 024] train=0.5429  val_loss=0.7512  mIoU_fg=0.2185
  [best] mIoU_fg=0.2185 saved -> /home/ids/diecidue/results/waste_vlm/dinoseg_dw_radiob_fpn/best.pt
  e025 it0050/219 loss=0.5159 lr=7.74e-04 elapsed=44.8min
  e025 it0100/219 loss=0.5260 lr=7.70e-04 elapsed=45.1min
  e025 it0150/219 loss=0.5404 lr=7.67e-04 elapsed=45.4min
  e025 it0200/219 loss=0.5361 lr=7.63e-04 elapsed=45.7min
[epoch 025] train=0.5360  val_loss=0.8013  mIoU_fg=0.2073
  e026 it0050/219 loss=0.5025 lr=7.57e-04 elapsed=46.6min
  e026 it0100/219 loss=0.5081 lr=7.54e-04 elapsed=46.9min
  e026 it0150/219 loss=0.5136 lr=7.50e-04 elapsed=47.2min
  e026 it0200/219 loss=0.5156 lr=7.46e-04 elapsed=47.5min
[epoch 026] train=0.5141  val_loss=0.7061  mIoU_fg=0.2003
  e027 it0050/219 loss=0.5259 lr=7.40e-04 elapsed=48.4min
  e027 it0100/219 loss=0.5358 lr=7.36e-04 elapsed=48.7min
  e027 it0150/219 loss=0.5187 lr=7.32e-04 elapsed=49.0min
  e027 it0200/219 loss=0.5135 lr=7.29e-04 elapsed=49.3min
[epoch 027] train=0.5161  val_loss=0.6576  mIoU_fg=0.1938
  e028 it0050/219 loss=0.5718 lr=7.23e-04 elapsed=50.1min
  e028 it0100/219 loss=0.5502 lr=7.19e-04 elapsed=50.5min
  e028 it0150/219 loss=0.5327 lr=7.15e-04 elapsed=50.8min
  e028 it0200/219 loss=0.5266 lr=7.11e-04 elapsed=51.1min
[epoch 028] train=0.5347  val_loss=0.6713  mIoU_fg=0.1676
  e029 it0050/219 loss=0.5931 lr=7.05e-04 elapsed=51.9min
  e029 it0100/219 loss=0.5440 lr=7.01e-04 elapsed=52.2min
  e029 it0150/219 loss=0.5203 lr=6.97e-04 elapsed=52.6min
  e029 it0200/219 loss=0.5190 lr=6.93e-04 elapsed=52.9min
[epoch 029] train=0.5159  val_loss=0.7347  mIoU_fg=0.2080
  e030 it0050/219 loss=0.4974 lr=6.87e-04 elapsed=53.7min
  e030 it0100/219 loss=0.5313 lr=6.83e-04 elapsed=54.0min
  e030 it0150/219 loss=0.5248 lr=6.79e-04 elapsed=54.3min
  e030 it0200/219 loss=0.5302 lr=6.75e-04 elapsed=54.6min
[epoch 030] train=0.5244  val_loss=0.7304  mIoU_fg=0.2024
  e031 it0050/219 loss=0.4527 lr=6.69e-04 elapsed=55.5min
  e031 it0100/219 loss=0.4755 lr=6.65e-04 elapsed=55.8min
  e031 it0150/219 loss=0.4763 lr=6.60e-04 elapsed=56.1min
  e031 it0200/219 loss=0.4708 lr=6.56e-04 elapsed=56.4min
[epoch 031] train=0.4743  val_loss=0.7042  mIoU_fg=0.2113
  e032 it0050/219 loss=0.4180 lr=6.50e-04 elapsed=57.2min
  e032 it0100/219 loss=0.4543 lr=6.46e-04 elapsed=57.6min
  e032 it0150/219 loss=0.4456 lr=6.42e-04 elapsed=57.9min
  e032 it0200/219 loss=0.4483 lr=6.37e-04 elapsed=58.2min
[epoch 032] train=0.4445  val_loss=0.7634  mIoU_fg=0.2137
  e033 it0050/219 loss=0.4676 lr=6.31e-04 elapsed=59.0min
  e033 it0100/219 loss=0.4286 lr=6.27e-04 elapsed=59.3min
  e033 it0150/219 loss=0.4308 lr=6.23e-04 elapsed=59.7min
  e033 it0200/219 loss=0.4414 lr=6.18e-04 elapsed=60.0min
[epoch 033] train=0.4369  val_loss=0.7218  mIoU_fg=0.2137
  e034 it0050/219 loss=0.4153 lr=6.12e-04 elapsed=60.8min
  e034 it0100/219 loss=0.4210 lr=6.08e-04 elapsed=61.1min
  e034 it0150/219 loss=0.4296 lr=6.04e-04 elapsed=61.4min
  e034 it0200/219 loss=0.4257 lr=5.99e-04 elapsed=61.7min
[epoch 034] train=0.4196  val_loss=0.7401  mIoU_fg=0.1867
  e035 it0050/219 loss=0.4285 lr=5.93e-04 elapsed=62.6min
  e035 it0100/219 loss=0.4149 lr=5.89e-04 elapsed=62.9min
  e035 it0150/219 loss=0.4174 lr=5.84e-04 elapsed=63.2min
  e035 it0200/219 loss=0.4087 lr=5.80e-04 elapsed=63.5min
[epoch 035] train=0.4090  val_loss=0.8512  mIoU_fg=0.2193
  [best] mIoU_fg=0.2193 saved -> /home/ids/diecidue/results/waste_vlm/dinoseg_dw_radiob_fpn/best.pt
  e036 it0050/219 loss=0.3907 lr=5.74e-04 elapsed=64.4min
  e036 it0100/219 loss=0.4088 lr=5.69e-04 elapsed=64.7min
  e036 it0150/219 loss=0.4033 lr=5.65e-04 elapsed=65.0min
  e036 it0200/219 loss=0.3962 lr=5.60e-04 elapsed=65.3min
[epoch 036] train=0.4011  val_loss=0.9669  mIoU_fg=0.2163
  e037 it0050/219 loss=0.3757 lr=5.54e-04 elapsed=66.2min
  e037 it0100/219 loss=0.3751 lr=5.50e-04 elapsed=66.5min
  e037 it0150/219 loss=0.3929 lr=5.45e-04 elapsed=66.8min
  e037 it0200/219 loss=0.4060 lr=5.41e-04 elapsed=67.1min
[epoch 037] train=0.4044  val_loss=0.7738  mIoU_fg=0.2186
  e038 it0050/219 loss=0.3524 lr=5.35e-04 elapsed=67.9min
  e038 it0100/219 loss=0.3644 lr=5.30e-04 elapsed=68.2min
  e038 it0150/219 loss=0.3909 lr=5.26e-04 elapsed=68.6min
  e038 it0200/219 loss=0.3859 lr=5.21e-04 elapsed=68.9min
[epoch 038] train=0.3848  val_loss=0.8230  mIoU_fg=0.2177
  e039 it0050/219 loss=0.3921 lr=5.15e-04 elapsed=69.7min
  e039 it0100/219 loss=0.3895 lr=5.11e-04 elapsed=70.0min
  e039 it0150/219 loss=0.3904 lr=5.06e-04 elapsed=70.3min
  e039 it0200/219 loss=0.3863 lr=5.02e-04 elapsed=70.7min
[epoch 039] train=0.3879  val_loss=0.7879  mIoU_fg=0.1944
  e040 it0050/219 loss=0.3950 lr=4.96e-04 elapsed=71.5min
  e040 it0100/219 loss=0.3780 lr=4.91e-04 elapsed=71.8min
  e040 it0150/219 loss=0.3722 lr=4.87e-04 elapsed=72.1min
  e040 it0200/219 loss=0.3785 lr=4.82e-04 elapsed=72.4min
[epoch 040] train=0.3719  val_loss=0.8133  mIoU_fg=0.2184
  e041 it0050/219 loss=0.3146 lr=4.76e-04 elapsed=73.3min
  e041 it0100/219 loss=0.3513 lr=4.71e-04 elapsed=73.6min
  e041 it0150/219 loss=0.3461 lr=4.67e-04 elapsed=73.9min
  e041 it0200/219 loss=0.3558 lr=4.62e-04 elapsed=74.2min
[epoch 041] train=0.3556  val_loss=0.8873  mIoU_fg=0.2301
  [best] mIoU_fg=0.2301 saved -> /home/ids/diecidue/results/waste_vlm/dinoseg_dw_radiob_fpn/best.pt
  e042 it0050/219 loss=0.3242 lr=4.56e-04 elapsed=75.1min
  e042 it0100/219 loss=0.3375 lr=4.52e-04 elapsed=75.4min
  e042 it0150/219 loss=0.3384 lr=4.47e-04 elapsed=75.7min
  e042 it0200/219 loss=0.3527 lr=4.43e-04 elapsed=76.0min
[epoch 042] train=0.3548  val_loss=0.9496  mIoU_fg=0.2082
  e043 it0050/219 loss=0.3183 lr=4.37e-04 elapsed=76.8min
  e043 it0100/219 loss=0.3367 lr=4.32e-04 elapsed=77.1min
  e043 it0150/219 loss=0.3467 lr=4.28e-04 elapsed=77.4min
  e043 it0200/219 loss=0.3427 lr=4.23e-04 elapsed=77.8min
[epoch 043] train=0.3399  val_loss=0.9732  mIoU_fg=0.2311
  [best] mIoU_fg=0.2311 saved -> /home/ids/diecidue/results/waste_vlm/dinoseg_dw_radiob_fpn/best.pt
  e044 it0050/219 loss=0.3360 lr=4.17e-04 elapsed=78.6min
  e044 it0100/219 loss=0.3476 lr=4.13e-04 elapsed=78.9min
  e044 it0150/219 loss=0.3410 lr=4.09e-04 elapsed=79.2min
  e044 it0200/219 loss=0.3375 lr=4.04e-04 elapsed=79.6min
[epoch 044] train=0.3431  val_loss=0.8954  mIoU_fg=0.2271
  e045 it0050/219 loss=0.3225 lr=3.98e-04 elapsed=80.4min
  e045 it0100/219 loss=0.3154 lr=3.94e-04 elapsed=80.7min
  e045 it0150/219 loss=0.3188 lr=3.89e-04 elapsed=81.0min
  e045 it0200/219 loss=0.3191 lr=3.85e-04 elapsed=81.3min
[epoch 045] train=0.3206  val_loss=1.0622  mIoU_fg=0.2369
  [best] mIoU_fg=0.2369 saved -> /home/ids/diecidue/results/waste_vlm/dinoseg_dw_radiob_fpn/best.pt
  e046 it0050/219 loss=0.3130 lr=3.79e-04 elapsed=82.2min
  e046 it0100/219 loss=0.3289 lr=3.75e-04 elapsed=82.5min
  e046 it0150/219 loss=0.3261 lr=3.70e-04 elapsed=82.8min
  e046 it0200/219 loss=0.3274 lr=3.66e-04 elapsed=83.1min
[epoch 046] train=0.3232  val_loss=0.8622  mIoU_fg=0.2224
  e047 it0050/219 loss=0.3148 lr=3.60e-04 elapsed=84.0min
  e047 it0100/219 loss=0.3032 lr=3.56e-04 elapsed=84.3min
  e047 it0150/219 loss=0.3084 lr=3.51e-04 elapsed=84.6min
  e047 it0200/219 loss=0.3126 lr=3.47e-04 elapsed=84.9min
[epoch 047] train=0.3154  val_loss=1.0082  mIoU_fg=0.2303
  e048 it0050/219 loss=0.2992 lr=3.41e-04 elapsed=85.7min
  e048 it0100/219 loss=0.3094 lr=3.37e-04 elapsed=86.0min
  e048 it0150/219 loss=0.3084 lr=3.33e-04 elapsed=86.4min
  e048 it0200/219 loss=0.3036 lr=3.29e-04 elapsed=86.7min
[epoch 048] train=0.3055  val_loss=0.9294  mIoU_fg=0.2278
  e049 it0050/219 loss=0.2869 lr=3.23e-04 elapsed=87.5min
  e049 it0100/219 loss=0.2830 lr=3.19e-04 elapsed=87.8min
  e049 it0150/219 loss=0.2861 lr=3.14e-04 elapsed=88.1min
  e049 it0200/219 loss=0.2887 lr=3.10e-04 elapsed=88.5min
[epoch 049] train=0.2894  val_loss=0.9030  mIoU_fg=0.2255
  e050 it0050/219 loss=0.2970 lr=3.05e-04 elapsed=89.3min
  e050 it0100/219 loss=0.3108 lr=3.00e-04 elapsed=89.6min
  e050 it0150/219 loss=0.2963 lr=2.96e-04 elapsed=89.9min
  e050 it0200/219 loss=0.2912 lr=2.92e-04 elapsed=90.2min
[epoch 050] train=0.2872  val_loss=0.9892  mIoU_fg=0.2204
  e051 it0050/219 loss=0.2779 lr=2.87e-04 elapsed=91.1min
  e051 it0100/219 loss=0.2795 lr=2.83e-04 elapsed=91.4min
  e051 it0150/219 loss=0.2834 lr=2.79e-04 elapsed=91.7min
  e051 it0200/219 loss=0.2828 lr=2.75e-04 elapsed=92.0min
[epoch 051] train=0.2814  val_loss=1.0894  mIoU_fg=0.2318
  e052 it0050/219 loss=0.2632 lr=2.69e-04 elapsed=92.9min
  e052 it0100/219 loss=0.2721 lr=2.65e-04 elapsed=93.2min
  e052 it0150/219 loss=0.2735 lr=2.61e-04 elapsed=93.5min
  e052 it0200/219 loss=0.2727 lr=2.57e-04 elapsed=93.8min
[epoch 052] train=0.2762  val_loss=0.9595  mIoU_fg=0.2285
  e053 it0050/219 loss=0.2331 lr=2.52e-04 elapsed=94.6min
  e053 it0100/219 loss=0.2582 lr=2.48e-04 elapsed=95.0min
  e053 it0150/219 loss=0.2624 lr=2.44e-04 elapsed=95.3min
  e053 it0200/219 loss=0.2676 lr=2.40e-04 elapsed=95.6min
[epoch 053] train=0.2684  val_loss=1.0561  mIoU_fg=0.2300
  e054 it0050/219 loss=0.2500 lr=2.35e-04 elapsed=96.4min
  e054 it0100/219 loss=0.2613 lr=2.31e-04 elapsed=96.7min
  e054 it0150/219 loss=0.2659 lr=2.27e-04 elapsed=97.1min
  e054 it0200/219 loss=0.2682 lr=2.24e-04 elapsed=97.4min
[epoch 054] train=0.2659  val_loss=1.1055  mIoU_fg=0.2315
  e055 it0050/219 loss=0.2599 lr=2.18e-04 elapsed=98.2min
  e055 it0100/219 loss=0.2563 lr=2.15e-04 elapsed=98.5min
  e055 it0150/219 loss=0.2667 lr=2.11e-04 elapsed=98.8min
  e055 it0200/219 loss=0.2647 lr=2.07e-04 elapsed=99.2min
[epoch 055] train=0.2634  val_loss=1.1479  mIoU_fg=0.2296
  e056 it0050/219 loss=0.2278 lr=2.02e-04 elapsed=100.0min
  e056 it0100/219 loss=0.2417 lr=1.99e-04 elapsed=100.3min
  e056 it0150/219 loss=0.2521 lr=1.95e-04 elapsed=100.6min
  e056 it0200/219 loss=0.2562 lr=1.92e-04 elapsed=100.9min
[epoch 056] train=0.2557  val_loss=0.9765  mIoU_fg=0.2300
  e057 it0050/219 loss=0.2544 lr=1.87e-04 elapsed=101.8min
  e057 it0100/219 loss=0.2583 lr=1.83e-04 elapsed=102.1min
  e057 it0150/219 loss=0.2618 lr=1.80e-04 elapsed=102.4min
  e057 it0200/219 loss=0.2582 lr=1.77e-04 elapsed=102.7min
[epoch 057] train=0.2554  val_loss=1.1597  mIoU_fg=0.2314
  e058 it0050/219 loss=0.2305 lr=1.72e-04 elapsed=103.6min
  e058 it0100/219 loss=0.2425 lr=1.69e-04 elapsed=103.9min
  e058 it0150/219 loss=0.2445 lr=1.65e-04 elapsed=104.2min
  e058 it0200/219 loss=0.2436 lr=1.62e-04 elapsed=104.5min
[epoch 058] train=0.2442  val_loss=1.2330  mIoU_fg=0.2351
  e059 it0050/219 loss=0.2394 lr=1.57e-04 elapsed=105.4min
  e059 it0100/219 loss=0.2348 lr=1.54e-04 elapsed=105.7min
  e059 it0150/219 loss=0.2379 lr=1.51e-04 elapsed=106.0min
  e059 it0200/219 loss=0.2436 lr=1.48e-04 elapsed=106.3min
[epoch 059] train=0.2426  val_loss=1.0960  mIoU_fg=0.2296
  e060 it0050/219 loss=0.2268 lr=1.43e-04 elapsed=107.1min
  e060 it0100/219 loss=0.2515 lr=1.40e-04 elapsed=107.5min
  e060 it0150/219 loss=0.2453 lr=1.37e-04 elapsed=107.8min
  e060 it0200/219 loss=0.2436 lr=1.34e-04 elapsed=108.1min
[epoch 060] train=0.2423  val_loss=1.2154  mIoU_fg=0.2319
  e061 it0050/219 loss=0.2244 lr=1.30e-04 elapsed=108.9min
  e061 it0100/219 loss=0.2274 lr=1.27e-04 elapsed=109.2min
  e061 it0150/219 loss=0.2327 lr=1.24e-04 elapsed=109.6min
  e061 it0200/219 loss=0.2373 lr=1.21e-04 elapsed=109.9min
[epoch 061] train=0.2391  val_loss=1.2739  mIoU_fg=0.2370
  [best] mIoU_fg=0.2370 saved -> /home/ids/diecidue/results/waste_vlm/dinoseg_dw_radiob_fpn/best.pt
  e062 it0050/219 loss=0.2335 lr=1.17e-04 elapsed=110.7min
  e062 it0100/219 loss=0.2277 lr=1.14e-04 elapsed=111.0min
  e062 it0150/219 loss=0.2323 lr=1.11e-04 elapsed=111.3min
  e062 it0200/219 loss=0.2359 lr=1.08e-04 elapsed=111.7min
[epoch 062] train=0.2315  val_loss=1.1551  mIoU_fg=0.2363
  e063 it0050/219 loss=0.2406 lr=1.05e-04 elapsed=112.5min
  e063 it0100/219 loss=0.2391 lr=1.02e-04 elapsed=112.8min
  e063 it0150/219 loss=0.2396 lr=9.92e-05 elapsed=113.1min
  e063 it0200/219 loss=0.2364 lr=9.65e-05 elapsed=113.4min
[epoch 063] train=0.2313  val_loss=1.2167  mIoU_fg=0.2358
  e064 it0050/219 loss=0.2384 lr=9.29e-05 elapsed=114.3min
  e064 it0100/219 loss=0.2241 lr=9.03e-05 elapsed=114.6min
  e064 it0150/219 loss=0.2225 lr=8.77e-05 elapsed=114.9min
  e064 it0200/219 loss=0.2312 lr=8.52e-05 elapsed=115.2min
[epoch 064] train=0.2341  val_loss=1.2135  mIoU_fg=0.2361
  e065 it0050/219 loss=0.2131 lr=8.18e-05 elapsed=116.1min
  e065 it0100/219 loss=0.2186 lr=7.94e-05 elapsed=116.4min
  e065 it0150/219 loss=0.2281 lr=7.69e-05 elapsed=116.7min
  e065 it0200/219 loss=0.2295 lr=7.46e-05 elapsed=117.0min
[epoch 065] train=0.2287  val_loss=1.2616  mIoU_fg=0.2392
  [best] mIoU_fg=0.2392 saved -> /home/ids/diecidue/results/waste_vlm/dinoseg_dw_radiob_fpn/best.pt
  e066 it0050/219 loss=0.2310 lr=7.14e-05 elapsed=117.9min
  e066 it0100/219 loss=0.2302 lr=6.91e-05 elapsed=118.2min
  e066 it0150/219 loss=0.2228 lr=6.68e-05 elapsed=118.5min
  e066 it0200/219 loss=0.2290 lr=6.46e-05 elapsed=118.8min
[epoch 066] train=0.2294  val_loss=1.2871  mIoU_fg=0.2373
  e067 it0050/219 loss=0.2149 lr=6.16e-05 elapsed=119.6min
  e067 it0100/219 loss=0.2241 lr=5.94e-05 elapsed=120.0min
  e067 it0150/219 loss=0.2219 lr=5.73e-05 elapsed=120.3min
  e067 it0200/219 loss=0.2232 lr=5.53e-05 elapsed=120.6min
[epoch 067] train=0.2218  val_loss=1.2865  mIoU_fg=0.2386
  e068 it0050/219 loss=0.2135 lr=5.25e-05 elapsed=121.4min
  e068 it0100/219 loss=0.2173 lr=5.05e-05 elapsed=121.7min
  e068 it0150/219 loss=0.2246 lr=4.86e-05 elapsed=122.1min
  e068 it0200/219 loss=0.2228 lr=4.66e-05 elapsed=122.4min
[epoch 068] train=0.2222  val_loss=1.3243  mIoU_fg=0.2382
  e069 it0050/219 loss=0.2012 lr=4.41e-05 elapsed=123.2min
  e069 it0100/219 loss=0.2217 lr=4.22e-05 elapsed=123.5min
  e069 it0150/219 loss=0.2216 lr=4.05e-05 elapsed=123.8min
  e069 it0200/219 loss=0.2208 lr=3.87e-05 elapsed=124.2min
[epoch 069] train=0.2195  val_loss=1.3492  mIoU_fg=0.2384
  e070 it0050/219 loss=0.2121 lr=3.64e-05 elapsed=125.0min
  e070 it0100/219 loss=0.2105 lr=3.47e-05 elapsed=125.3min
  e070 it0150/219 loss=0.2156 lr=3.31e-05 elapsed=125.6min
  e070 it0200/219 loss=0.2176 lr=3.15e-05 elapsed=125.9min
[epoch 070] train=0.2193  val_loss=1.3247  mIoU_fg=0.2389
  e071 it0050/219 loss=0.2058 lr=2.94e-05 elapsed=126.8min
  e071 it0100/219 loss=0.2149 lr=2.79e-05 elapsed=127.1min
  e071 it0150/219 loss=0.2153 lr=2.64e-05 elapsed=127.4min
  e071 it0200/219 loss=0.2179 lr=2.50e-05 elapsed=127.7min
[epoch 071] train=0.2160  val_loss=1.3718  mIoU_fg=0.2385
  e072 it0050/219 loss=0.2160 lr=2.31e-05 elapsed=128.6min
  e072 it0100/219 loss=0.2119 lr=2.18e-05 elapsed=128.9min
  e072 it0150/219 loss=0.2136 lr=2.05e-05 elapsed=129.2min
  e072 it0200/219 loss=0.2131 lr=1.92e-05 elapsed=129.5min
[epoch 072] train=0.2182  val_loss=1.3545  mIoU_fg=0.2381
  e073 it0050/219 loss=0.2289 lr=1.76e-05 elapsed=130.3min
  e073 it0100/219 loss=0.2179 lr=1.64e-05 elapsed=130.6min
  e073 it0150/219 loss=0.2138 lr=1.53e-05 elapsed=131.0min
  e073 it0200/219 loss=0.2138 lr=1.42e-05 elapsed=131.3min
[epoch 073] train=0.2140  val_loss=1.3457  mIoU_fg=0.2387
  e074 it0050/219 loss=0.2418 lr=1.28e-05 elapsed=132.1min
  e074 it0100/219 loss=0.2283 lr=1.18e-05 elapsed=132.4min
  e074 it0150/219 loss=0.2187 lr=1.09e-05 elapsed=132.7min
  e074 it0200/219 loss=0.2187 lr=9.94e-06 elapsed=133.0min
[epoch 074] train=0.2236  val_loss=1.3761  mIoU_fg=0.2382
  e075 it0050/219 loss=0.1945 lr=8.75e-06 elapsed=133.9min
  e075 it0100/219 loss=0.2168 lr=7.94e-06 elapsed=134.2min
  e075 it0150/219 loss=0.2114 lr=7.16e-06 elapsed=134.5min
  e075 it0200/219 loss=0.2129 lr=6.43e-06 elapsed=134.8min
[epoch 075] train=0.2116  val_loss=1.3711  mIoU_fg=0.2382
  e076 it0050/219 loss=0.2003 lr=5.47e-06 elapsed=135.7min
  e076 it0100/219 loss=0.2141 lr=4.83e-06 elapsed=136.0min
  e076 it0150/219 loss=0.2105 lr=4.23e-06 elapsed=136.3min
  e076 it0200/219 loss=0.2122 lr=3.67e-06 elapsed=136.6min
[epoch 076] train=0.2154  val_loss=1.3801  mIoU_fg=0.2385
  e077 it0050/219 loss=0.2095 lr=2.96e-06 elapsed=137.4min
  e077 it0100/219 loss=0.2140 lr=2.49e-06 elapsed=137.8min
  e077 it0150/219 loss=0.2222 lr=2.06e-06 elapsed=138.1min
  e077 it0200/219 loss=0.2188 lr=1.68e-06 elapsed=138.4min
[epoch 077] train=0.2131  val_loss=1.3879  mIoU_fg=0.2385
  e078 it0050/219 loss=0.2026 lr=1.21e-06 elapsed=139.2min
  e078 it0100/219 loss=0.2099 lr=9.18e-07 elapsed=139.5min
  e078 it0150/219 loss=0.2089 lr=6.67e-07 elapsed=139.8min
  e078 it0200/219 loss=0.2142 lr=4.55e-07 elapsed=140.2min
[epoch 078] train=0.2147  val_loss=1.3866  mIoU_fg=0.2384
  e079 it0050/219 loss=0.2058 lr=2.30e-07 elapsed=141.0min
  e079 it0100/219 loss=0.2076 lr=1.14e-07 elapsed=141.3min
  e079 it0150/219 loss=0.2082 lr=3.83e-08 elapsed=141.6min
  e079 it0200/219 loss=0.2117 lr=2.90e-09 elapsed=141.9min
[epoch 079] train=0.2139  val_loss=1.3867  mIoU_fg=0.2384
[done] best_mIoU_fg=0.2392  total_time=142.4min
[slurm] done=2026-06-19T16:52:52+02:00
