[slurm] host=nodemm02  job=855255  start=2026-06-18T11:28:27+02:00
[slurm] btype=dinov3 id=default size=512 epochs=80 batch=16 lr=5e-4 head=fpn multi_block=none multilabel=0 fpn_blocks=2,5,8,11 fpn_dim=256 out=dinoseg_dw_dinov3_fpn
NVIDIA GeForce RTX 3090, 24576 MiB
[data] train=3489  val=739  fg classes=20  mode=single-label
[model] head=fpn  trainable_params=2,563,093
  e000 it0050/219 loss=2.0367 lr=5.00e-04 elapsed=0.4min
  e000 it0100/219 loss=1.8792 lr=5.00e-04 elapsed=0.7min
  e000 it0150/219 loss=1.8065 lr=5.00e-04 elapsed=1.1min
  e000 it0200/219 loss=1.6997 lr=5.00e-04 elapsed=1.4min
[epoch 000] train=1.6318  val_loss=1.0645  mIoU_fg=0.1072
  [best] mIoU_fg=0.1072 saved -> /home/ids/diecidue/results/waste_vlm/dinoseg_dw_dinov3_fpn/best.pt
  e001 it0050/219 loss=1.2328 lr=5.00e-04 elapsed=2.4min
  e001 it0100/219 loss=1.0808 lr=5.00e-04 elapsed=2.7min
  e001 it0150/219 loss=1.1133 lr=4.99e-04 elapsed=3.0min
  e001 it0200/219 loss=1.0814 lr=4.99e-04 elapsed=3.4min
[epoch 001] train=1.0510  val_loss=0.8271  mIoU_fg=0.1698
  [best] mIoU_fg=0.1698 saved -> /home/ids/diecidue/results/waste_vlm/dinoseg_dw_dinov3_fpn/best.pt
  e002 it0050/219 loss=0.8627 lr=4.99e-04 elapsed=4.3min
  e002 it0100/219 loss=0.8180 lr=4.99e-04 elapsed=4.7min
  e002 it0150/219 loss=0.8572 lr=4.99e-04 elapsed=5.0min
  e002 it0200/219 loss=0.8412 lr=4.98e-04 elapsed=5.4min
[epoch 002] train=0.8262  val_loss=0.6321  mIoU_fg=0.2273
  [best] mIoU_fg=0.2273 saved -> /home/ids/diecidue/results/waste_vlm/dinoseg_dw_dinov3_fpn/best.pt
  e003 it0050/219 loss=0.6755 lr=4.98e-04 elapsed=6.3min
  e003 it0100/219 loss=0.6858 lr=4.98e-04 elapsed=6.7min
  e003 it0150/219 loss=0.6855 lr=4.97e-04 elapsed=7.0min
  e003 it0200/219 loss=0.6801 lr=4.97e-04 elapsed=7.3min
[epoch 003] train=0.6734  val_loss=0.5606  mIoU_fg=0.2947
  [best] mIoU_fg=0.2947 saved -> /home/ids/diecidue/results/waste_vlm/dinoseg_dw_dinov3_fpn/best.pt
  e004 it0050/219 loss=0.5555 lr=4.97e-04 elapsed=8.3min
  e004 it0100/219 loss=0.5746 lr=4.96e-04 elapsed=8.6min
  e004 it0150/219 loss=0.5861 lr=4.96e-04 elapsed=9.0min
  e004 it0200/219 loss=0.5974 lr=4.95e-04 elapsed=9.3min
[epoch 004] train=0.5936  val_loss=0.5852  mIoU_fg=0.2799
  e005 it0050/219 loss=0.5500 lr=4.95e-04 elapsed=10.3min
  e005 it0100/219 loss=0.5287 lr=4.94e-04 elapsed=10.6min
  e005 it0150/219 loss=0.5435 lr=4.94e-04 elapsed=10.9min
  e005 it0200/219 loss=0.5556 lr=4.93e-04 elapsed=11.3min
[epoch 005] train=0.5528  val_loss=0.5810  mIoU_fg=0.3091
  [best] mIoU_fg=0.3091 saved -> /home/ids/diecidue/results/waste_vlm/dinoseg_dw_dinov3_fpn/best.pt
  e006 it0050/219 loss=0.5150 lr=4.93e-04 elapsed=12.2min
  e006 it0100/219 loss=0.5219 lr=4.92e-04 elapsed=12.6min
  e006 it0150/219 loss=0.4935 lr=4.91e-04 elapsed=12.9min
  e006 it0200/219 loss=0.4992 lr=4.91e-04 elapsed=13.3min
[epoch 006] train=0.5007  val_loss=0.4880  mIoU_fg=0.3757
  [best] mIoU_fg=0.3757 saved -> /home/ids/diecidue/results/waste_vlm/dinoseg_dw_dinov3_fpn/best.pt
  e007 it0050/219 loss=0.4856 lr=4.90e-04 elapsed=14.2min
  e007 it0100/219 loss=0.4687 lr=4.89e-04 elapsed=14.6min
  e007 it0150/219 loss=0.4774 lr=4.89e-04 elapsed=14.9min
  e007 it0200/219 loss=0.4607 lr=4.88e-04 elapsed=15.2min
[epoch 007] train=0.4570  val_loss=0.4497  mIoU_fg=0.3023
  e008 it0050/219 loss=0.3887 lr=4.87e-04 elapsed=16.2min
  e008 it0100/219 loss=0.4136 lr=4.86e-04 elapsed=16.5min
  e008 it0150/219 loss=0.4114 lr=4.86e-04 elapsed=16.9min
  e008 it0200/219 loss=0.4079 lr=4.85e-04 elapsed=17.2min
[epoch 008] train=0.4163  val_loss=0.4104  mIoU_fg=0.3362
  e009 it0050/219 loss=0.4257 lr=4.84e-04 elapsed=18.2min
  e009 it0100/219 loss=0.4124 lr=4.83e-04 elapsed=18.5min
  e009 it0150/219 loss=0.3986 lr=4.82e-04 elapsed=18.8min
  e009 it0200/219 loss=0.3922 lr=4.81e-04 elapsed=19.2min
[epoch 009] train=0.4013  val_loss=0.5153  mIoU_fg=0.3202
  e010 it0050/219 loss=0.4944 lr=4.80e-04 elapsed=20.1min
  e010 it0100/219 loss=0.4832 lr=4.79e-04 elapsed=20.5min
  e010 it0150/219 loss=0.4763 lr=4.78e-04 elapsed=20.8min
  e010 it0200/219 loss=0.4734 lr=4.77e-04 elapsed=21.1min
[epoch 010] train=0.4597  val_loss=0.4336  mIoU_fg=0.3479
  e011 it0050/219 loss=0.3497 lr=4.76e-04 elapsed=22.1min
  e011 it0100/219 loss=0.3559 lr=4.75e-04 elapsed=22.4min
  e011 it0150/219 loss=0.3648 lr=4.74e-04 elapsed=22.8min
  e011 it0200/219 loss=0.3668 lr=4.73e-04 elapsed=23.1min
[epoch 011] train=0.3698  val_loss=0.4208  mIoU_fg=0.3509
  e012 it0050/219 loss=0.3582 lr=4.72e-04 elapsed=24.1min
  e012 it0100/219 loss=0.3400 lr=4.71e-04 elapsed=24.4min
  e012 it0150/219 loss=0.3333 lr=4.70e-04 elapsed=24.7min
  e012 it0200/219 loss=0.3347 lr=4.69e-04 elapsed=25.1min
[epoch 012] train=0.3350  val_loss=0.5091  mIoU_fg=0.3918
  [best] mIoU_fg=0.3918 saved -> /home/ids/diecidue/results/waste_vlm/dinoseg_dw_dinov3_fpn/best.pt
  e013 it0050/219 loss=0.3170 lr=4.67e-04 elapsed=26.0min
  e013 it0100/219 loss=0.3292 lr=4.66e-04 elapsed=26.4min
  e013 it0150/219 loss=0.3276 lr=4.65e-04 elapsed=26.7min
  e013 it0200/219 loss=0.3288 lr=4.64e-04 elapsed=27.1min
[epoch 013] train=0.3233  val_loss=0.4049  mIoU_fg=0.4099
  [best] mIoU_fg=0.4099 saved -> /home/ids/diecidue/results/waste_vlm/dinoseg_dw_dinov3_fpn/best.pt
  e014 it0050/219 loss=0.2895 lr=4.62e-04 elapsed=28.0min
  e014 it0100/219 loss=0.2957 lr=4.61e-04 elapsed=28.4min
  e014 it0150/219 loss=0.3001 lr=4.60e-04 elapsed=28.7min
  e014 it0200/219 loss=0.3021 lr=4.58e-04 elapsed=29.0min
[epoch 014] train=0.3709  val_loss=0.9590  mIoU_fg=0.2821
  e015 it0050/219 loss=0.7159 lr=4.57e-04 elapsed=30.0min
  e015 it0100/219 loss=0.5786 lr=4.55e-04 elapsed=30.3min
  e015 it0150/219 loss=0.5383 lr=4.54e-04 elapsed=30.7min
  e015 it0200/219 loss=0.5477 lr=4.53e-04 elapsed=31.0min
[epoch 015] train=0.5594  val_loss=0.6318  mIoU_fg=0.3073
  e016 it0050/219 loss=0.4823 lr=4.51e-04 elapsed=32.0min
  e016 it0100/219 loss=0.4257 lr=4.50e-04 elapsed=32.3min
  e016 it0150/219 loss=0.3994 lr=4.48e-04 elapsed=32.6min
  e016 it0200/219 loss=0.3849 lr=4.47e-04 elapsed=33.0min
[epoch 016] train=0.3850  val_loss=0.3816  mIoU_fg=0.3675
  e017 it0050/219 loss=0.3312 lr=4.45e-04 elapsed=33.9min
  e017 it0100/219 loss=0.3008 lr=4.44e-04 elapsed=34.3min
  e017 it0150/219 loss=0.2895 lr=4.42e-04 elapsed=34.6min
  e017 it0200/219 loss=0.3005 lr=4.41e-04 elapsed=34.9min
[epoch 017] train=0.3049  val_loss=0.4118  mIoU_fg=0.4126
  [best] mIoU_fg=0.4126 saved -> /home/ids/diecidue/results/waste_vlm/dinoseg_dw_dinov3_fpn/best.pt
  e018 it0050/219 loss=0.2713 lr=4.39e-04 elapsed=35.9min
  e018 it0100/219 loss=0.2721 lr=4.37e-04 elapsed=36.2min
  e018 it0150/219 loss=0.2690 lr=4.36e-04 elapsed=36.6min
  e018 it0200/219 loss=0.2733 lr=4.34e-04 elapsed=36.9min
[epoch 018] train=0.2735  val_loss=0.3862  mIoU_fg=0.3937
  e019 it0050/219 loss=0.2504 lr=4.32e-04 elapsed=37.9min
  e019 it0100/219 loss=0.2727 lr=4.31e-04 elapsed=38.2min
  e019 it0150/219 loss=0.2666 lr=4.29e-04 elapsed=38.6min
  e019 it0200/219 loss=0.2554 lr=4.27e-04 elapsed=38.9min
[epoch 019] train=0.2582  val_loss=0.4649  mIoU_fg=0.4374
  [best] mIoU_fg=0.4374 saved -> /home/ids/diecidue/results/waste_vlm/dinoseg_dw_dinov3_fpn/best.pt
  e020 it0050/219 loss=0.2143 lr=4.25e-04 elapsed=39.9min
  e020 it0100/219 loss=0.2246 lr=4.24e-04 elapsed=40.2min
  e020 it0150/219 loss=0.2306 lr=4.22e-04 elapsed=40.5min
  e020 it0200/219 loss=0.2390 lr=4.20e-04 elapsed=40.9min
[epoch 020] train=0.2420  val_loss=0.3607  mIoU_fg=0.4261
  e021 it0050/219 loss=0.2825 lr=4.18e-04 elapsed=41.8min
  e021 it0100/219 loss=0.2664 lr=4.16e-04 elapsed=42.2min
  e021 it0150/219 loss=0.2499 lr=4.15e-04 elapsed=42.5min
  e021 it0200/219 loss=0.2445 lr=4.13e-04 elapsed=42.8min
[epoch 021] train=0.2468  val_loss=0.5363  mIoU_fg=0.4254
  e022 it0050/219 loss=0.2239 lr=4.11e-04 elapsed=43.8min
  e022 it0100/219 loss=0.2249 lr=4.09e-04 elapsed=44.1min
  e022 it0150/219 loss=0.2250 lr=4.07e-04 elapsed=44.5min
  e022 it0200/219 loss=0.2300 lr=4.05e-04 elapsed=44.8min
[epoch 022] train=0.2315  val_loss=0.4191  mIoU_fg=0.4024
  e023 it0050/219 loss=0.2288 lr=4.03e-04 elapsed=45.8min
  e023 it0100/219 loss=0.2372 lr=4.01e-04 elapsed=46.1min
  e023 it0150/219 loss=0.2276 lr=3.99e-04 elapsed=46.4min
  e023 it0200/219 loss=0.2281 lr=3.98e-04 elapsed=46.8min
[epoch 023] train=0.2328  val_loss=0.3996  mIoU_fg=0.4408
  [best] mIoU_fg=0.4408 saved -> /home/ids/diecidue/results/waste_vlm/dinoseg_dw_dinov3_fpn/best.pt
  e024 it0050/219 loss=0.1949 lr=3.95e-04 elapsed=47.8min
  e024 it0100/219 loss=0.2027 lr=3.93e-04 elapsed=48.1min
  e024 it0150/219 loss=0.2010 lr=3.91e-04 elapsed=48.4min
  e024 it0200/219 loss=0.2088 lr=3.90e-04 elapsed=48.8min
[epoch 024] train=0.2086  val_loss=0.4467  mIoU_fg=0.4362
  e025 it0050/219 loss=0.2469 lr=3.87e-04 elapsed=49.7min
  e025 it0100/219 loss=0.2282 lr=3.85e-04 elapsed=50.1min
  e025 it0150/219 loss=0.2159 lr=3.83e-04 elapsed=50.4min
  e025 it0200/219 loss=0.2104 lr=3.81e-04 elapsed=50.7min
[epoch 025] train=0.2097  val_loss=0.4310  mIoU_fg=0.4543
  [best] mIoU_fg=0.4543 saved -> /home/ids/diecidue/results/waste_vlm/dinoseg_dw_dinov3_fpn/best.pt
  e026 it0050/219 loss=0.1680 lr=3.79e-04 elapsed=51.7min
  e026 it0100/219 loss=0.1850 lr=3.77e-04 elapsed=52.0min
  e026 it0150/219 loss=0.1890 lr=3.75e-04 elapsed=52.4min
  e026 it0200/219 loss=0.1952 lr=3.73e-04 elapsed=52.7min
[epoch 026] train=0.1984  val_loss=0.3974  mIoU_fg=0.4166
  e027 it0050/219 loss=0.1846 lr=3.70e-04 elapsed=53.7min
  e027 it0100/219 loss=0.1942 lr=3.68e-04 elapsed=54.0min
  e027 it0150/219 loss=0.1948 lr=3.66e-04 elapsed=54.3min
  e027 it0200/219 loss=0.1982 lr=3.64e-04 elapsed=54.7min
[epoch 027] train=0.1963  val_loss=0.4606  mIoU_fg=0.4278
  e028 it0050/219 loss=0.2219 lr=3.61e-04 elapsed=55.6min
  e028 it0100/219 loss=0.2025 lr=3.59e-04 elapsed=56.0min
  e028 it0150/219 loss=0.2026 lr=3.57e-04 elapsed=56.3min
  e028 it0200/219 loss=0.2034 lr=3.55e-04 elapsed=56.7min
[epoch 028] train=0.2009  val_loss=0.4085  mIoU_fg=0.4341
  e029 it0050/219 loss=0.1823 lr=3.53e-04 elapsed=57.6min
  e029 it0100/219 loss=0.1743 lr=3.51e-04 elapsed=57.9min
  e029 it0150/219 loss=0.1715 lr=3.49e-04 elapsed=58.3min
  e029 it0200/219 loss=0.1714 lr=3.46e-04 elapsed=58.6min
[epoch 029] train=0.1732  val_loss=0.4014  mIoU_fg=0.4614
  [best] mIoU_fg=0.4614 saved -> /home/ids/diecidue/results/waste_vlm/dinoseg_dw_dinov3_fpn/best.pt
  e030 it0050/219 loss=0.1624 lr=3.44e-04 elapsed=59.6min
  e030 it0100/219 loss=0.1537 lr=3.42e-04 elapsed=59.9min
  e030 it0150/219 loss=0.1582 lr=3.39e-04 elapsed=60.3min
  e030 it0200/219 loss=0.1613 lr=3.37e-04 elapsed=60.6min
[epoch 030] train=0.1606  val_loss=0.4014  mIoU_fg=0.4351
  e031 it0050/219 loss=0.1390 lr=3.34e-04 elapsed=61.6min
  e031 it0100/219 loss=0.1381 lr=3.32e-04 elapsed=61.9min
  e031 it0150/219 loss=0.1428 lr=3.30e-04 elapsed=62.3min
  e031 it0200/219 loss=0.1487 lr=3.28e-04 elapsed=62.6min
[epoch 031] train=0.1510  val_loss=0.3581  mIoU_fg=0.4313
  e032 it0050/219 loss=0.1434 lr=3.25e-04 elapsed=63.5min
  e032 it0100/219 loss=0.1569 lr=3.23e-04 elapsed=63.9min
  e032 it0150/219 loss=0.1585 lr=3.21e-04 elapsed=64.2min
  e032 it0200/219 loss=0.1591 lr=3.19e-04 elapsed=64.6min
[epoch 032] train=0.1565  val_loss=0.4588  mIoU_fg=0.4679
  [best] mIoU_fg=0.4679 saved -> /home/ids/diecidue/results/waste_vlm/dinoseg_dw_dinov3_fpn/best.pt
  e033 it0050/219 loss=0.1412 lr=3.16e-04 elapsed=65.5min
  e033 it0100/219 loss=0.1353 lr=3.14e-04 elapsed=65.9min
  e033 it0150/219 loss=0.1365 lr=3.11e-04 elapsed=66.2min
  e033 it0200/219 loss=0.1362 lr=3.09e-04 elapsed=66.5min
[epoch 033] train=0.1343  val_loss=0.5258  mIoU_fg=0.4695
  [best] mIoU_fg=0.4695 saved -> /home/ids/diecidue/results/waste_vlm/dinoseg_dw_dinov3_fpn/best.pt
  e034 it0050/219 loss=0.1301 lr=3.06e-04 elapsed=67.5min
  e034 it0100/219 loss=0.1231 lr=3.04e-04 elapsed=67.9min
  e034 it0150/219 loss=0.1283 lr=3.02e-04 elapsed=68.2min
  e034 it0200/219 loss=0.1282 lr=3.00e-04 elapsed=68.5min
[epoch 034] train=0.1305  val_loss=0.5080  mIoU_fg=0.4658
  e035 it0050/219 loss=0.1357 lr=2.97e-04 elapsed=69.5min
  e035 it0100/219 loss=0.1755 lr=2.94e-04 elapsed=69.8min
  e035 it0150/219 loss=0.1695 lr=2.92e-04 elapsed=70.2min
  e035 it0200/219 loss=0.1628 lr=2.90e-04 elapsed=70.5min
[epoch 035] train=0.1607  val_loss=0.5823  mIoU_fg=0.4668
  e036 it0050/219 loss=0.1308 lr=2.87e-04 elapsed=71.5min
  e036 it0100/219 loss=0.1225 lr=2.85e-04 elapsed=71.8min
  e036 it0150/219 loss=0.1188 lr=2.82e-04 elapsed=72.1min
  e036 it0200/219 loss=0.1172 lr=2.80e-04 elapsed=72.5min
[epoch 036] train=0.1157  val_loss=0.7505  mIoU_fg=0.4620
  e037 it0050/219 loss=0.1005 lr=2.77e-04 elapsed=73.4min
  e037 it0100/219 loss=0.1036 lr=2.75e-04 elapsed=73.8min
  e037 it0150/219 loss=0.1068 lr=2.73e-04 elapsed=74.1min
  e037 it0200/219 loss=0.1062 lr=2.70e-04 elapsed=74.4min
[epoch 037] train=0.1056  val_loss=0.6802  mIoU_fg=0.4645
  e038 it0050/219 loss=0.1569 lr=2.67e-04 elapsed=75.4min
  e038 it0100/219 loss=0.1457 lr=2.65e-04 elapsed=75.7min
  e038 it0150/219 loss=0.1596 lr=2.63e-04 elapsed=76.1min
  e038 it0200/219 loss=0.1588 lr=2.61e-04 elapsed=76.4min
[epoch 038] train=0.1595  val_loss=0.5390  mIoU_fg=0.4771
  [best] mIoU_fg=0.4771 saved -> /home/ids/diecidue/results/waste_vlm/dinoseg_dw_dinov3_fpn/best.pt
  e039 it0050/219 loss=0.1230 lr=2.58e-04 elapsed=77.4min
  e039 it0100/219 loss=0.1182 lr=2.55e-04 elapsed=77.7min
  e039 it0150/219 loss=0.1153 lr=2.53e-04 elapsed=78.1min
  e039 it0200/219 loss=0.1129 lr=2.51e-04 elapsed=78.4min
[epoch 039] train=0.1120  val_loss=0.5052  mIoU_fg=0.4529
  e040 it0050/219 loss=0.1160 lr=2.48e-04 elapsed=79.4min
  e040 it0100/219 loss=0.1029 lr=2.46e-04 elapsed=79.7min
  e040 it0150/219 loss=0.0999 lr=2.43e-04 elapsed=80.0min
  e040 it0200/219 loss=0.0989 lr=2.41e-04 elapsed=80.4min
[epoch 040] train=0.1000  val_loss=0.6654  mIoU_fg=0.4876
  [best] mIoU_fg=0.4876 saved -> /home/ids/diecidue/results/waste_vlm/dinoseg_dw_dinov3_fpn/best.pt
  e041 it0050/219 loss=0.0851 lr=2.38e-04 elapsed=81.4min
  e041 it0100/219 loss=0.0830 lr=2.36e-04 elapsed=81.7min
  e041 it0150/219 loss=0.0867 lr=2.33e-04 elapsed=82.0min
  e041 it0200/219 loss=0.0855 lr=2.31e-04 elapsed=82.4min
[epoch 041] train=0.0873  val_loss=0.6604  mIoU_fg=0.4871
  e042 it0050/219 loss=0.0947 lr=2.28e-04 elapsed=83.3min
  e042 it0100/219 loss=0.0944 lr=2.26e-04 elapsed=83.7min
  e042 it0150/219 loss=0.0867 lr=2.24e-04 elapsed=84.0min
  e042 it0200/219 loss=0.0862 lr=2.21e-04 elapsed=84.3min
[epoch 042] train=0.0865  val_loss=0.6917  mIoU_fg=0.4829
  e043 it0050/219 loss=0.0845 lr=2.18e-04 elapsed=85.3min
  e043 it0100/219 loss=0.0872 lr=2.16e-04 elapsed=85.6min
  e043 it0150/219 loss=0.0913 lr=2.14e-04 elapsed=86.0min
  e043 it0200/219 loss=0.0897 lr=2.12e-04 elapsed=86.3min
[epoch 043] train=0.0876  val_loss=0.7257  mIoU_fg=0.4952
  [best] mIoU_fg=0.4952 saved -> /home/ids/diecidue/results/waste_vlm/dinoseg_dw_dinov3_fpn/best.pt
  e044 it0050/219 loss=0.0767 lr=2.09e-04 elapsed=87.3min
  e044 it0100/219 loss=0.0915 lr=2.06e-04 elapsed=87.6min
  e044 it0150/219 loss=0.0941 lr=2.04e-04 elapsed=87.9min
  e044 it0200/219 loss=0.0915 lr=2.02e-04 elapsed=88.3min
[epoch 044] train=0.0927  val_loss=0.6729  mIoU_fg=0.4787
  e045 it0050/219 loss=0.0679 lr=1.99e-04 elapsed=89.2min
  e045 it0100/219 loss=0.0723 lr=1.97e-04 elapsed=89.6min
  e045 it0150/219 loss=0.0753 lr=1.95e-04 elapsed=89.9min
  e045 it0200/219 loss=0.0768 lr=1.92e-04 elapsed=90.3min
[epoch 045] train=0.0770  val_loss=0.8492  mIoU_fg=0.4902
  e046 it0050/219 loss=0.0681 lr=1.89e-04 elapsed=91.2min
  e046 it0100/219 loss=0.0704 lr=1.87e-04 elapsed=91.6min
  e046 it0150/219 loss=0.0683 lr=1.85e-04 elapsed=91.9min
  e046 it0200/219 loss=0.0710 lr=1.83e-04 elapsed=92.2min
[epoch 046] train=0.0718  val_loss=0.8607  mIoU_fg=0.4729
  e047 it0050/219 loss=0.0630 lr=1.80e-04 elapsed=93.2min
  e047 it0100/219 loss=0.0677 lr=1.78e-04 elapsed=93.5min
  e047 it0150/219 loss=0.0697 lr=1.76e-04 elapsed=93.9min
  e047 it0200/219 loss=0.0728 lr=1.74e-04 elapsed=94.2min
[epoch 047] train=0.0731  val_loss=0.6729  mIoU_fg=0.4687
  e048 it0050/219 loss=0.0643 lr=1.71e-04 elapsed=95.2min
  e048 it0100/219 loss=0.0651 lr=1.68e-04 elapsed=95.5min
  e048 it0150/219 loss=0.0697 lr=1.66e-04 elapsed=95.8min
  e048 it0200/219 loss=0.0709 lr=1.64e-04 elapsed=96.2min
[epoch 048] train=0.0702  val_loss=0.9127  mIoU_fg=0.4803
  e049 it0050/219 loss=0.0619 lr=1.61e-04 elapsed=97.1min
  e049 it0100/219 loss=0.0650 lr=1.59e-04 elapsed=97.5min
  e049 it0150/219 loss=0.0629 lr=1.57e-04 elapsed=97.8min
  e049 it0200/219 loss=0.0649 lr=1.55e-04 elapsed=98.2min
[epoch 049] train=0.0651  val_loss=1.0064  mIoU_fg=0.4951
  e050 it0050/219 loss=0.0573 lr=1.52e-04 elapsed=99.1min
  e050 it0100/219 loss=0.0575 lr=1.50e-04 elapsed=99.5min
  e050 it0150/219 loss=0.0576 lr=1.48e-04 elapsed=99.8min
  e050 it0200/219 loss=0.0589 lr=1.46e-04 elapsed=100.1min
[epoch 050] train=0.0590  val_loss=1.0876  mIoU_fg=0.4919
  e051 it0050/219 loss=0.0623 lr=1.43e-04 elapsed=101.1min
  e051 it0100/219 loss=0.0591 lr=1.41e-04 elapsed=101.4min
  e051 it0150/219 loss=0.0585 lr=1.39e-04 elapsed=101.8min
  e051 it0200/219 loss=0.0593 lr=1.37e-04 elapsed=102.1min
[epoch 051] train=0.0591  val_loss=0.9567  mIoU_fg=0.4875
  e052 it0050/219 loss=0.0534 lr=1.35e-04 elapsed=103.1min
  e052 it0100/219 loss=0.0550 lr=1.33e-04 elapsed=103.4min
  e052 it0150/219 loss=0.0567 lr=1.31e-04 elapsed=103.7min
  e052 it0200/219 loss=0.0566 lr=1.29e-04 elapsed=104.1min
[epoch 052] train=0.0554  val_loss=1.0495  mIoU_fg=0.4916
  e053 it0050/219 loss=0.0504 lr=1.26e-04 elapsed=105.0min
  e053 it0100/219 loss=0.0541 lr=1.24e-04 elapsed=105.4min
  e053 it0150/219 loss=0.0573 lr=1.22e-04 elapsed=105.7min
  e053 it0200/219 loss=0.0568 lr=1.20e-04 elapsed=106.1min
[epoch 053] train=0.0567  val_loss=1.1586  mIoU_fg=0.4868
  e054 it0050/219 loss=0.0500 lr=1.17e-04 elapsed=107.0min
  e054 it0100/219 loss=0.0543 lr=1.16e-04 elapsed=107.4min
  e054 it0150/219 loss=0.0559 lr=1.14e-04 elapsed=107.7min
  e054 it0200/219 loss=0.0531 lr=1.12e-04 elapsed=108.0min
[epoch 054] train=0.0530  val_loss=1.0888  mIoU_fg=0.4772
  e055 it0050/219 loss=0.0549 lr=1.09e-04 elapsed=109.0min
  e055 it0100/219 loss=0.0593 lr=1.07e-04 elapsed=109.3min
  e055 it0150/219 loss=0.0572 lr=1.06e-04 elapsed=109.7min
  e055 it0200/219 loss=0.0553 lr=1.04e-04 elapsed=110.0min
[epoch 055] train=0.0544  val_loss=1.0922  mIoU_fg=0.4947
  e056 it0050/219 loss=0.0548 lr=1.01e-04 elapsed=111.0min
  e056 it0100/219 loss=0.0523 lr=9.95e-05 elapsed=111.3min
  e056 it0150/219 loss=0.0492 lr=9.77e-05 elapsed=111.6min
  e056 it0200/219 loss=0.0493 lr=9.59e-05 elapsed=112.0min
[epoch 056] train=0.0494  val_loss=1.1056  mIoU_fg=0.4922
  e057 it0050/219 loss=0.0436 lr=9.35e-05 elapsed=112.9min
  e057 it0100/219 loss=0.0470 lr=9.17e-05 elapsed=113.3min
  e057 it0150/219 loss=0.0485 lr=9.00e-05 elapsed=113.6min
  e057 it0200/219 loss=0.0471 lr=8.83e-05 elapsed=113.9min
[epoch 057] train=0.0465  val_loss=1.1651  mIoU_fg=0.4920
  e058 it0050/219 loss=0.0503 lr=8.59e-05 elapsed=114.9min
  e058 it0100/219 loss=0.0479 lr=8.43e-05 elapsed=115.2min
  e058 it0150/219 loss=0.0477 lr=8.26e-05 elapsed=115.6min
  e058 it0200/219 loss=0.0444 lr=8.09e-05 elapsed=115.9min
[epoch 058] train=0.0452  val_loss=1.2252  mIoU_fg=0.4926
  e059 it0050/219 loss=0.0495 lr=7.87e-05 elapsed=116.9min
  e059 it0100/219 loss=0.0478 lr=7.70e-05 elapsed=117.2min
  e059 it0150/219 loss=0.0460 lr=7.54e-05 elapsed=117.6min
  e059 it0200/219 loss=0.0458 lr=7.38e-05 elapsed=117.9min
[epoch 059] train=0.0446  val_loss=1.2329  mIoU_fg=0.4940
  e060 it0050/219 loss=0.0471 lr=7.16e-05 elapsed=118.9min
  e060 it0100/219 loss=0.0460 lr=7.01e-05 elapsed=119.2min
  e060 it0150/219 loss=0.0452 lr=6.85e-05 elapsed=119.5min
  e060 it0200/219 loss=0.0450 lr=6.70e-05 elapsed=119.9min
[epoch 060] train=0.0447  val_loss=1.2219  mIoU_fg=0.4896
  e061 it0050/219 loss=0.0446 lr=6.49e-05 elapsed=120.8min
  e061 it0100/219 loss=0.0423 lr=6.34e-05 elapsed=121.2min
  e061 it0150/219 loss=0.0419 lr=6.19e-05 elapsed=121.5min
  e061 it0200/219 loss=0.0412 lr=6.05e-05 elapsed=121.8min
[epoch 061] train=0.0415  val_loss=1.3164  mIoU_fg=0.4884
  e062 it0050/219 loss=0.0388 lr=5.85e-05 elapsed=122.8min
  e062 it0100/219 loss=0.0381 lr=5.70e-05 elapsed=123.1min
  e062 it0150/219 loss=0.0397 lr=5.56e-05 elapsed=123.5min
  e062 it0200/219 loss=0.0401 lr=5.42e-05 elapsed=123.8min
[epoch 062] train=0.0404  val_loss=1.2691  mIoU_fg=0.4894
  e063 it0050/219 loss=0.0380 lr=5.23e-05 elapsed=124.8min
  e063 it0100/219 loss=0.0388 lr=5.09e-05 elapsed=125.1min
  e063 it0150/219 loss=0.0399 lr=4.96e-05 elapsed=125.4min
  e063 it0200/219 loss=0.0396 lr=4.82e-05 elapsed=125.8min
[epoch 063] train=0.0392  val_loss=1.2287  mIoU_fg=0.4922
  e064 it0050/219 loss=0.0484 lr=4.64e-05 elapsed=126.7min
  e064 it0100/219 loss=0.0406 lr=4.51e-05 elapsed=127.1min
  e064 it0150/219 loss=0.0377 lr=4.39e-05 elapsed=127.4min
  e064 it0200/219 loss=0.0379 lr=4.26e-05 elapsed=127.7min
[epoch 064] train=0.0381  val_loss=1.3294  mIoU_fg=0.4911
  e065 it0050/219 loss=0.0386 lr=4.09e-05 elapsed=128.7min
  e065 it0100/219 loss=0.0401 lr=3.97e-05 elapsed=129.0min
  e065 it0150/219 loss=0.0377 lr=3.85e-05 elapsed=129.4min
  e065 it0200/219 loss=0.0370 lr=3.73e-05 elapsed=129.7min
[epoch 065] train=0.0376  val_loss=1.3180  mIoU_fg=0.4873
  e066 it0050/219 loss=0.0395 lr=3.57e-05 elapsed=130.7min
  e066 it0100/219 loss=0.0353 lr=3.45e-05 elapsed=131.0min
  e066 it0150/219 loss=0.0365 lr=3.34e-05 elapsed=131.3min
  e066 it0200/219 loss=0.0374 lr=3.23e-05 elapsed=131.7min
[epoch 066] train=0.0369  val_loss=1.2101  mIoU_fg=0.4914
  e067 it0050/219 loss=0.0301 lr=3.08e-05 elapsed=132.6min
  e067 it0100/219 loss=0.0363 lr=2.97e-05 elapsed=133.0min
  e067 it0150/219 loss=0.0367 lr=2.87e-05 elapsed=133.3min
  e067 it0200/219 loss=0.0369 lr=2.76e-05 elapsed=133.7min
[epoch 067] train=0.0383  val_loss=1.2757  mIoU_fg=0.4907
  e068 it0050/219 loss=0.0332 lr=2.62e-05 elapsed=134.6min
  e068 it0100/219 loss=0.0346 lr=2.52e-05 elapsed=135.0min
  e068 it0150/219 loss=0.0369 lr=2.43e-05 elapsed=135.3min
  e068 it0200/219 loss=0.0367 lr=2.33e-05 elapsed=135.6min
[epoch 068] train=0.0362  val_loss=1.3364  mIoU_fg=0.4882
  e069 it0050/219 loss=0.0333 lr=2.20e-05 elapsed=136.6min
  e069 it0100/219 loss=0.0337 lr=2.11e-05 elapsed=136.9min
  e069 it0150/219 loss=0.0334 lr=2.02e-05 elapsed=137.3min
  e069 it0200/219 loss=0.0345 lr=1.94e-05 elapsed=137.6min
[epoch 069] train=0.0352  val_loss=1.3215  mIoU_fg=0.4913
  e070 it0050/219 loss=0.0331 lr=1.82e-05 elapsed=138.6min
  e070 it0100/219 loss=0.0356 lr=1.74e-05 elapsed=138.9min
  e070 it0150/219 loss=0.0346 lr=1.65e-05 elapsed=139.2min
  e070 it0200/219 loss=0.0340 lr=1.57e-05 elapsed=139.6min
[epoch 070] train=0.0345  val_loss=1.3408  mIoU_fg=0.4876
  e071 it0050/219 loss=0.0352 lr=1.47e-05 elapsed=140.5min
  e071 it0100/219 loss=0.0333 lr=1.39e-05 elapsed=140.9min
  e071 it0150/219 loss=0.0349 lr=1.32e-05 elapsed=141.2min
  e071 it0200/219 loss=0.0345 lr=1.25e-05 elapsed=141.5min
[epoch 071] train=0.0339  val_loss=1.3328  mIoU_fg=0.4891
  e072 it0050/219 loss=0.0340 lr=1.16e-05 elapsed=142.5min
  e072 it0100/219 loss=0.0358 lr=1.09e-05 elapsed=142.8min
  e072 it0150/219 loss=0.0346 lr=1.02e-05 elapsed=143.2min
  e072 it0200/219 loss=0.0343 lr=9.62e-06 elapsed=143.5min
[epoch 072] train=0.0337  val_loss=1.3194  mIoU_fg=0.4889
  e073 it0050/219 loss=0.0322 lr=8.79e-06 elapsed=144.5min
  e073 it0100/219 loss=0.0311 lr=8.21e-06 elapsed=144.8min
  e073 it0150/219 loss=0.0337 lr=7.65e-06 elapsed=145.2min
  e073 it0200/219 loss=0.0338 lr=7.11e-06 elapsed=145.5min
[epoch 073] train=0.0335  val_loss=1.3242  mIoU_fg=0.4899
  e074 it0050/219 loss=0.0286 lr=6.39e-06 elapsed=146.5min
  e074 it0100/219 loss=0.0329 lr=5.90e-06 elapsed=146.8min
  e074 it0150/219 loss=0.0329 lr=5.43e-06 elapsed=147.1min
  e074 it0200/219 loss=0.0335 lr=4.97e-06 elapsed=147.5min
[epoch 074] train=0.0332  val_loss=1.3349  mIoU_fg=0.4901
  e075 it0050/219 loss=0.0325 lr=4.38e-06 elapsed=148.4min
  e075 it0100/219 loss=0.0335 lr=3.97e-06 elapsed=148.8min
  e075 it0150/219 loss=0.0327 lr=3.58e-06 elapsed=149.1min
  e075 it0200/219 loss=0.0325 lr=3.21e-06 elapsed=149.5min
[epoch 075] train=0.0332  val_loss=1.3394  mIoU_fg=0.4896
  e076 it0050/219 loss=0.0342 lr=2.74e-06 elapsed=150.4min
  e076 it0100/219 loss=0.0325 lr=2.42e-06 elapsed=150.8min
  e076 it0150/219 loss=0.0317 lr=2.12e-06 elapsed=151.1min
  e076 it0200/219 loss=0.0329 lr=1.83e-06 elapsed=151.4min
[epoch 076] train=0.0330  val_loss=1.3342  mIoU_fg=0.4893
  e077 it0050/219 loss=0.0289 lr=1.48e-06 elapsed=152.4min
  e077 it0100/219 loss=0.0342 lr=1.25e-06 elapsed=152.7min
  e077 it0150/219 loss=0.0339 lr=1.03e-06 elapsed=153.1min
  e077 it0200/219 loss=0.0338 lr=8.39e-07 elapsed=153.4min
[epoch 077] train=0.0333  val_loss=1.3327  mIoU_fg=0.4893
  e078 it0050/219 loss=0.0288 lr=6.05e-07 elapsed=154.4min
  e078 it0100/219 loss=0.0331 lr=4.59e-07 elapsed=154.7min
  e078 it0150/219 loss=0.0330 lr=3.33e-07 elapsed=155.0min
  e078 it0200/219 loss=0.0329 lr=2.28e-07 elapsed=155.4min
[epoch 078] train=0.0331  val_loss=1.3340  mIoU_fg=0.4893
  e079 it0050/219 loss=0.0299 lr=1.15e-07 elapsed=156.3min
  e079 it0100/219 loss=0.0317 lr=5.69e-08 elapsed=156.7min
  e079 it0150/219 loss=0.0321 lr=1.91e-08 elapsed=157.0min
  e079 it0200/219 loss=0.0330 lr=1.45e-09 elapsed=157.4min
[epoch 079] train=0.0328  val_loss=1.3342  mIoU_fg=0.4893
[done] best_mIoU_fg=0.4952  total_time=158.0min
[slurm] done=2026-06-18T14:06:36+02:00
