[slurm] host=nodemm07  job=831566  start=2026-05-22T16:58:46+00:00
[slurm] btype=dinov3 size=1024 epochs=30 batch=16 lr=7e-4 out=dinoseg_dw_dinov3_1024
NVIDIA H100 NVL, 95830 MiB
[data] train=3489  val=739  fg classes=20
[model] head=linear  trainable_params=16,149
  e000 it0050/219 loss=2.6941 lr=7.00e-04 elapsed=0.9min
  e000 it0100/219 loss=2.2273 lr=7.00e-04 elapsed=1.6min
  e000 it0150/219 loss=2.0551 lr=6.99e-04 elapsed=2.4min
  e000 it0200/219 loss=1.9380 lr=6.98e-04 elapsed=3.2min
[epoch 000] train=1.9071  val_loss=1.4372  mIoU_fg=0.2433
  [best] mIoU_fg=0.2433 saved -> /home/ids/diecidue/results/waste_vlm/dinoseg_dw_dinov3_1024/best.pt
  e001 it0050/219 loss=1.4803 lr=6.97e-04 elapsed=5.4min
  e001 it0100/219 loss=1.4482 lr=6.96e-04 elapsed=6.2min
  e001 it0150/219 loss=1.4287 lr=6.95e-04 elapsed=6.9min
  e001 it0200/219 loss=1.4202 lr=6.93e-04 elapsed=7.6min
[epoch 001] train=1.4160  val_loss=1.3190  mIoU_fg=0.2987
  [best] mIoU_fg=0.2987 saved -> /home/ids/diecidue/results/waste_vlm/dinoseg_dw_dinov3_1024/best.pt
  e002 it0050/219 loss=1.3210 lr=6.91e-04 elapsed=9.9min
  e002 it0100/219 loss=1.3343 lr=6.88e-04 elapsed=10.6min
  e002 it0150/219 loss=1.3422 lr=6.86e-04 elapsed=11.4min
  e002 it0200/219 loss=1.3359 lr=6.84e-04 elapsed=12.1min
[epoch 002] train=1.3307  val_loss=1.2639  mIoU_fg=0.3489
  [best] mIoU_fg=0.3489 saved -> /home/ids/diecidue/results/waste_vlm/dinoseg_dw_dinov3_1024/best.pt
  e003 it0050/219 loss=1.2899 lr=6.80e-04 elapsed=14.4min
  e003 it0100/219 loss=1.2734 lr=6.77e-04 elapsed=15.1min
  e003 it0150/219 loss=1.2785 lr=6.74e-04 elapsed=15.9min
  e003 it0200/219 loss=1.2785 lr=6.71e-04 elapsed=16.6min
[epoch 003] train=1.2827  val_loss=1.2418  mIoU_fg=0.3803
  [best] mIoU_fg=0.3803 saved -> /home/ids/diecidue/results/waste_vlm/dinoseg_dw_dinov3_1024/best.pt
  e004 it0050/219 loss=1.2483 lr=6.66e-04 elapsed=18.9min
  e004 it0100/219 loss=1.2555 lr=6.63e-04 elapsed=19.6min
  e004 it0150/219 loss=1.2492 lr=6.59e-04 elapsed=20.4min
  e004 it0200/219 loss=1.2574 lr=6.55e-04 elapsed=21.1min
[epoch 004] train=1.2552  val_loss=1.2247  mIoU_fg=0.4058
  [best] mIoU_fg=0.4058 saved -> /home/ids/diecidue/results/waste_vlm/dinoseg_dw_dinov3_1024/best.pt
  e005 it0050/219 loss=1.2377 lr=6.49e-04 elapsed=23.4min
  e005 it0100/219 loss=1.2378 lr=6.44e-04 elapsed=24.1min
  e005 it0150/219 loss=1.2416 lr=6.40e-04 elapsed=24.8min
  e005 it0200/219 loss=1.2354 lr=6.35e-04 elapsed=25.6min
[epoch 005] train=1.2354  val_loss=1.2142  mIoU_fg=0.4206
  [best] mIoU_fg=0.4206 saved -> /home/ids/diecidue/results/waste_vlm/dinoseg_dw_dinov3_1024/best.pt
  e006 it0050/219 loss=1.2170 lr=6.28e-04 elapsed=27.8min
  e006 it0100/219 loss=1.2179 lr=6.23e-04 elapsed=28.6min
  e006 it0150/219 loss=1.2229 lr=6.18e-04 elapsed=29.3min
  e006 it0200/219 loss=1.2261 lr=6.12e-04 elapsed=30.1min
[epoch 006] train=1.2197  val_loss=1.2037  mIoU_fg=0.4316
  [best] mIoU_fg=0.4316 saved -> /home/ids/diecidue/results/waste_vlm/dinoseg_dw_dinov3_1024/best.pt
  e007 it0050/219 loss=1.2174 lr=6.04e-04 elapsed=32.3min
  e007 it0100/219 loss=1.2152 lr=5.99e-04 elapsed=33.1min
  e007 it0150/219 loss=1.2065 lr=5.93e-04 elapsed=33.8min
  e007 it0200/219 loss=1.1997 lr=5.87e-04 elapsed=34.6min
[epoch 007] train=1.2048  val_loss=1.1938  mIoU_fg=0.4170
  e008 it0050/219 loss=1.1908 lr=5.78e-04 elapsed=36.8min
  e008 it0100/219 loss=1.1972 lr=5.71e-04 elapsed=37.6min
  e008 it0150/219 loss=1.2029 lr=5.65e-04 elapsed=38.3min
  e008 it0200/219 loss=1.2013 lr=5.58e-04 elapsed=39.0min
[epoch 008] train=1.2014  val_loss=1.1895  mIoU_fg=0.4324
  [best] mIoU_fg=0.4324 saved -> /home/ids/diecidue/results/waste_vlm/dinoseg_dw_dinov3_1024/best.pt
  e009 it0050/219 loss=1.1824 lr=5.49e-04 elapsed=41.3min
  e009 it0100/219 loss=1.1876 lr=5.42e-04 elapsed=42.0min
  e009 it0150/219 loss=1.1915 lr=5.35e-04 elapsed=42.8min
  e009 it0200/219 loss=1.1919 lr=5.28e-04 elapsed=43.5min
[epoch 009] train=1.1900  val_loss=1.1861  mIoU_fg=0.4298
  e010 it0050/219 loss=1.1902 lr=5.18e-04 elapsed=45.7min
  e010 it0100/219 loss=1.1812 lr=5.10e-04 elapsed=46.5min
  e010 it0150/219 loss=1.1856 lr=5.03e-04 elapsed=47.2min
  e010 it0200/219 loss=1.1865 lr=4.95e-04 elapsed=48.0min
[epoch 010] train=1.1848  val_loss=1.1853  mIoU_fg=0.4268
  e011 it0050/219 loss=1.1898 lr=4.85e-04 elapsed=50.2min
  e011 it0100/219 loss=1.1735 lr=4.77e-04 elapsed=50.9min
  e011 it0150/219 loss=1.1782 lr=4.69e-04 elapsed=51.7min
  e011 it0200/219 loss=1.1798 lr=4.61e-04 elapsed=52.4min
[epoch 011] train=1.1789  val_loss=1.1764  mIoU_fg=0.4350
  [best] mIoU_fg=0.4350 saved -> /home/ids/diecidue/results/waste_vlm/dinoseg_dw_dinov3_1024/best.pt
  e012 it0050/219 loss=1.1515 lr=4.50e-04 elapsed=54.7min
  e012 it0100/219 loss=1.1731 lr=4.42e-04 elapsed=55.4min
  e012 it0150/219 loss=1.1701 lr=4.34e-04 elapsed=56.2min
  e012 it0200/219 loss=1.1737 lr=4.26e-04 elapsed=56.9min
[epoch 012] train=1.1734  val_loss=1.1731  mIoU_fg=0.4350
  [best] mIoU_fg=0.4350 saved -> /home/ids/diecidue/results/waste_vlm/dinoseg_dw_dinov3_1024/best.pt
  e013 it0050/219 loss=1.1687 lr=4.15e-04 elapsed=59.2min
  e013 it0100/219 loss=1.1699 lr=4.06e-04 elapsed=59.9min
  e013 it0150/219 loss=1.1667 lr=3.98e-04 elapsed=60.7min
  e013 it0200/219 loss=1.1645 lr=3.90e-04 elapsed=61.4min
[epoch 013] train=1.1643  val_loss=1.1746  mIoU_fg=0.4379
  [best] mIoU_fg=0.4379 saved -> /home/ids/diecidue/results/waste_vlm/dinoseg_dw_dinov3_1024/best.pt
  e014 it0050/219 loss=1.1617 lr=3.78e-04 elapsed=63.7min
  e014 it0100/219 loss=1.1598 lr=3.70e-04 elapsed=64.4min
  e014 it0150/219 loss=1.1637 lr=3.62e-04 elapsed=65.2min
  e014 it0200/219 loss=1.1643 lr=3.53e-04 elapsed=65.9min
[epoch 014] train=1.1617  val_loss=1.1701  mIoU_fg=0.4404
  [best] mIoU_fg=0.4404 saved -> /home/ids/diecidue/results/waste_vlm/dinoseg_dw_dinov3_1024/best.pt
  e015 it0050/219 loss=1.1494 lr=3.42e-04 elapsed=68.2min
  e015 it0100/219 loss=1.1638 lr=3.33e-04 elapsed=68.9min
  e015 it0150/219 loss=1.1611 lr=3.25e-04 elapsed=69.7min
  e015 it0200/219 loss=1.1645 lr=3.17e-04 elapsed=70.4min
[epoch 015] train=1.1625  val_loss=1.1691  mIoU_fg=0.4420
  [best] mIoU_fg=0.4420 saved -> /home/ids/diecidue/results/waste_vlm/dinoseg_dw_dinov3_1024/best.pt
  e016 it0050/219 loss=1.1455 lr=3.05e-04 elapsed=72.7min
  e016 it0100/219 loss=1.1561 lr=2.97e-04 elapsed=73.4min
  e016 it0150/219 loss=1.1587 lr=2.89e-04 elapsed=74.1min
  e016 it0200/219 loss=1.1588 lr=2.80e-04 elapsed=74.9min
[epoch 016] train=1.1594  val_loss=1.1678  mIoU_fg=0.4438
  [best] mIoU_fg=0.4438 saved -> /home/ids/diecidue/results/waste_vlm/dinoseg_dw_dinov3_1024/best.pt
  e017 it0050/219 loss=1.1622 lr=2.69e-04 elapsed=77.1min
  e017 it0100/219 loss=1.1691 lr=2.61e-04 elapsed=77.9min
  e017 it0150/219 loss=1.1632 lr=2.53e-04 elapsed=78.6min
  e017 it0200/219 loss=1.1606 lr=2.45e-04 elapsed=79.4min
[epoch 017] train=1.1574  val_loss=1.1647  mIoU_fg=0.4427
  e018 it0050/219 loss=1.1535 lr=2.34e-04 elapsed=81.6min
  e018 it0100/219 loss=1.1521 lr=2.26e-04 elapsed=82.3min
  e018 it0150/219 loss=1.1530 lr=2.18e-04 elapsed=83.1min
  e018 it0200/219 loss=1.1548 lr=2.11e-04 elapsed=83.8min
[epoch 018] train=1.1528  val_loss=1.1643  mIoU_fg=0.4445
  [best] mIoU_fg=0.4445 saved -> /home/ids/diecidue/results/waste_vlm/dinoseg_dw_dinov3_1024/best.pt
  e019 it0050/219 loss=1.1558 lr=2.00e-04 elapsed=86.1min
  e019 it0100/219 loss=1.1573 lr=1.93e-04 elapsed=86.8min
  e019 it0150/219 loss=1.1547 lr=1.85e-04 elapsed=87.6min
  e019 it0200/219 loss=1.1559 lr=1.78e-04 elapsed=88.3min
[epoch 019] train=1.1519  val_loss=1.1646  mIoU_fg=0.4470
  [best] mIoU_fg=0.4470 saved -> /home/ids/diecidue/results/waste_vlm/dinoseg_dw_dinov3_1024/best.pt
  e020 it0050/219 loss=1.1634 lr=1.68e-04 elapsed=90.5min
  e020 it0100/219 loss=1.1597 lr=1.61e-04 elapsed=91.3min
  e020 it0150/219 loss=1.1599 lr=1.54e-04 elapsed=92.0min
  e020 it0200/219 loss=1.1551 lr=1.47e-04 elapsed=92.8min
[epoch 020] train=1.1507  val_loss=1.1631  mIoU_fg=0.4467
  e021 it0050/219 loss=1.1388 lr=1.38e-04 elapsed=95.0min
  e021 it0100/219 loss=1.1527 lr=1.31e-04 elapsed=95.7min
  e021 it0150/219 loss=1.1488 lr=1.25e-04 elapsed=96.5min
  e021 it0200/219 loss=1.1520 lr=1.18e-04 elapsed=97.2min
[epoch 021] train=1.1526  val_loss=1.1626  mIoU_fg=0.4459
  e022 it0050/219 loss=1.1571 lr=1.10e-04 elapsed=99.5min
  e022 it0100/219 loss=1.1504 lr=1.04e-04 elapsed=100.2min
  e022 it0150/219 loss=1.1485 lr=9.78e-05 elapsed=101.0min
  e022 it0200/219 loss=1.1516 lr=9.20e-05 elapsed=101.7min
[epoch 022] train=1.1477  val_loss=1.1627  mIoU_fg=0.4480
  [best] mIoU_fg=0.4480 saved -> /home/ids/diecidue/results/waste_vlm/dinoseg_dw_dinov3_1024/best.pt
  e023 it0050/219 loss=1.1343 lr=8.44e-05 elapsed=104.0min
  e023 it0100/219 loss=1.1354 lr=7.90e-05 elapsed=104.7min
  e023 it0150/219 loss=1.1380 lr=7.38e-05 elapsed=105.4min
  e023 it0200/219 loss=1.1459 lr=6.87e-05 elapsed=106.2min
[epoch 023] train=1.1478  val_loss=1.1620  mIoU_fg=0.4484
  [best] mIoU_fg=0.4484 saved -> /home/ids/diecidue/results/waste_vlm/dinoseg_dw_dinov3_1024/best.pt
  e024 it0050/219 loss=1.1468 lr=6.20e-05 elapsed=108.4min
  e024 it0100/219 loss=1.1438 lr=5.73e-05 elapsed=109.2min
  e024 it0150/219 loss=1.1464 lr=5.28e-05 elapsed=109.9min
  e024 it0200/219 loss=1.1454 lr=4.85e-05 elapsed=110.7min
[epoch 024] train=1.1472  val_loss=1.1617  mIoU_fg=0.4485
  [best] mIoU_fg=0.4485 saved -> /home/ids/diecidue/results/waste_vlm/dinoseg_dw_dinov3_1024/best.pt
  e025 it0050/219 loss=1.1502 lr=4.28e-05 elapsed=112.9min
  e025 it0100/219 loss=1.1437 lr=3.89e-05 elapsed=113.7min
  e025 it0150/219 loss=1.1452 lr=3.51e-05 elapsed=114.4min
  e025 it0200/219 loss=1.1404 lr=3.16e-05 elapsed=115.2min
[epoch 025] train=1.1446  val_loss=1.1618  mIoU_fg=0.4492
  [best] mIoU_fg=0.4492 saved -> /home/ids/diecidue/results/waste_vlm/dinoseg_dw_dinov3_1024/best.pt
  e026 it0050/219 loss=1.1690 lr=2.69e-05 elapsed=117.4min
  e026 it0100/219 loss=1.1613 lr=2.38e-05 elapsed=118.1min
  e026 it0150/219 loss=1.1523 lr=2.09e-05 elapsed=118.9min
  e026 it0200/219 loss=1.1494 lr=1.81e-05 elapsed=119.6min
[epoch 026] train=1.1470  val_loss=1.1614  mIoU_fg=0.4491
  e027 it0050/219 loss=1.1380 lr=1.46e-05 elapsed=121.9min
  e027 it0100/219 loss=1.1421 lr=1.23e-05 elapsed=122.6min
  e027 it0150/219 loss=1.1438 lr=1.02e-05 elapsed=123.4min
  e027 it0200/219 loss=1.1459 lr=8.32e-06 elapsed=124.1min
[epoch 027] train=1.1441  val_loss=1.1612  mIoU_fg=0.4491
  e028 it0050/219 loss=1.1420 lr=6.01e-06 elapsed=126.3min
  e028 it0100/219 loss=1.1357 lr=4.56e-06 elapsed=127.1min
  e028 it0150/219 loss=1.1418 lr=3.31e-06 elapsed=127.8min
  e028 it0200/219 loss=1.1439 lr=2.26e-06 elapsed=128.5min
[epoch 028] train=1.1447  val_loss=1.1612  mIoU_fg=0.4491
  e029 it0050/219 loss=1.1410 lr=1.14e-06 elapsed=130.8min
  e029 it0100/219 loss=1.1474 lr=5.66e-07 elapsed=131.5min
  e029 it0150/219 loss=1.1431 lr=1.90e-07 elapsed=132.3min
  e029 it0200/219 loss=1.1474 lr=1.44e-08 elapsed=133.0min
[epoch 029] train=1.1462  val_loss=1.1612  mIoU_fg=0.4491
[done] best_mIoU_fg=0.4492  total_time=134.5min
[slurm] done=2026-05-22T19:13:24+00:00
