[slurm] host=nodemm02  job=855874  start=2026-06-18T21:33:46+02:00
[slurm] btype=radio id=default size=512 epochs=80 batch=16 lr=1e-3 head=fpn multi_block=none multilabel=0 fpn_blocks=5,11,17,23 fpn_dim=256 out=dinoseg_dw_radio_fpn_fixed
NVIDIA GeForce RTX 3090, 24576 MiB
[data] train=3489  val=739  fg classes=20  mode=single-label
[radio] backbone_dim probed = 1024
[radio] FPN hooks registered on blocks (5, 11, 17, 23)
[model] head=fpn  trainable_params=2,825,237
  e000 it0050/219 loss=2.4309 lr=1.00e-03 elapsed=0.9min
  e000 it0100/219 loss=2.1553 lr=1.00e-03 elapsed=1.8min
  e000 it0150/219 loss=2.0475 lr=1.00e-03 elapsed=2.6min
  e000 it0200/219 loss=1.9980 lr=1.00e-03 elapsed=3.5min
[epoch 000] train=1.9877  val_loss=1.6307  mIoU_fg=0.0697
  [best] mIoU_fg=0.0697 saved -> /home/ids/diecidue/results/waste_vlm/dinoseg_dw_radio_fpn_fixed/best.pt
  e001 it0050/219 loss=1.7683 lr=9.99e-04 elapsed=5.6min
  e001 it0100/219 loss=1.7051 lr=9.99e-04 elapsed=6.4min
  e001 it0150/219 loss=1.6021 lr=9.99e-04 elapsed=7.3min
  e001 it0200/219 loss=1.5623 lr=9.99e-04 elapsed=8.2min
[epoch 001] train=1.5428  val_loss=1.2221  mIoU_fg=0.1231
  [best] mIoU_fg=0.1231 saved -> /home/ids/diecidue/results/waste_vlm/dinoseg_dw_radio_fpn_fixed/best.pt
  e002 it0050/219 loss=1.3040 lr=9.98e-04 elapsed=10.3min
  e002 it0100/219 loss=1.3217 lr=9.98e-04 elapsed=11.1min
  e002 it0150/219 loss=1.3130 lr=9.97e-04 elapsed=12.0min
  e002 it0200/219 loss=1.3284 lr=9.97e-04 elapsed=12.9min
[epoch 002] train=1.3192  val_loss=1.2672  mIoU_fg=0.1456
  [best] mIoU_fg=0.1456 saved -> /home/ids/diecidue/results/waste_vlm/dinoseg_dw_radio_fpn_fixed/best.pt
  e003 it0050/219 loss=1.2645 lr=9.96e-04 elapsed=15.0min
  e003 it0100/219 loss=1.2907 lr=9.95e-04 elapsed=15.8min
  e003 it0150/219 loss=1.2544 lr=9.95e-04 elapsed=16.7min
  e003 it0200/219 loss=1.2388 lr=9.94e-04 elapsed=17.5min
[epoch 003] train=1.2357  val_loss=1.1494  mIoU_fg=0.1497
  [best] mIoU_fg=0.1497 saved -> /home/ids/diecidue/results/waste_vlm/dinoseg_dw_radio_fpn_fixed/best.pt
  e004 it0050/219 loss=1.1896 lr=9.93e-04 elapsed=19.7min
  e004 it0100/219 loss=1.2056 lr=9.92e-04 elapsed=20.5min
  e004 it0150/219 loss=1.2032 lr=9.92e-04 elapsed=21.4min
  e004 it0200/219 loss=1.2018 lr=9.91e-04 elapsed=22.2min
[epoch 004] train=1.1945  val_loss=1.0737  mIoU_fg=0.1805
  [best] mIoU_fg=0.1805 saved -> /home/ids/diecidue/results/waste_vlm/dinoseg_dw_radio_fpn_fixed/best.pt
  e005 it0050/219 loss=1.1128 lr=9.89e-04 elapsed=24.3min
  e005 it0100/219 loss=1.0418 lr=9.89e-04 elapsed=25.2min
  e005 it0150/219 loss=1.0333 lr=9.88e-04 elapsed=26.1min
  e005 it0200/219 loss=1.0295 lr=9.87e-04 elapsed=26.9min
[epoch 005] train=1.0121  val_loss=0.9268  mIoU_fg=0.1388
  e006 it0050/219 loss=0.8934 lr=9.85e-04 elapsed=29.0min
  e006 it0100/219 loss=0.9751 lr=9.84e-04 elapsed=29.8min
  e006 it0150/219 loss=1.0576 lr=9.83e-04 elapsed=30.7min
  e006 it0200/219 loss=1.1437 lr=9.82e-04 elapsed=31.6min
[epoch 006] train=1.1529  val_loss=1.3103  mIoU_fg=0.1288
  e007 it0050/219 loss=1.3646 lr=9.80e-04 elapsed=33.6min
  e007 it0100/219 loss=1.2731 lr=9.79e-04 elapsed=34.5min
  e007 it0150/219 loss=1.2564 lr=9.77e-04 elapsed=35.4min
  e007 it0200/219 loss=1.2214 lr=9.76e-04 elapsed=36.2min
[epoch 007] train=1.2264  val_loss=0.9610  mIoU_fg=0.1780
  e008 it0050/219 loss=1.2860 lr=9.74e-04 elapsed=38.3min
  e008 it0100/219 loss=1.2375 lr=9.73e-04 elapsed=39.1min
  e008 it0150/219 loss=1.2413 lr=9.71e-04 elapsed=40.0min
  e008 it0200/219 loss=1.1715 lr=9.70e-04 elapsed=40.9min
[epoch 008] train=1.1619  val_loss=0.9611  mIoU_fg=0.1730
  e009 it0050/219 loss=0.9520 lr=9.68e-04 elapsed=42.9min
  e009 it0100/219 loss=0.9563 lr=9.66e-04 elapsed=43.8min
  e009 it0150/219 loss=0.9316 lr=9.64e-04 elapsed=44.7min
  e009 it0200/219 loss=0.9388 lr=9.63e-04 elapsed=45.5min
[epoch 009] train=0.9351  val_loss=0.8500  mIoU_fg=0.1767
  e010 it0050/219 loss=1.0270 lr=9.60e-04 elapsed=47.6min
  e010 it0100/219 loss=0.9994 lr=9.58e-04 elapsed=48.4min
  e010 it0150/219 loss=1.0277 lr=9.57e-04 elapsed=49.3min
  e010 it0200/219 loss=1.0165 lr=9.55e-04 elapsed=50.2min
[epoch 010] train=1.0116  val_loss=0.9434  mIoU_fg=0.1630
  e011 it0050/219 loss=0.9809 lr=9.52e-04 elapsed=52.2min
  e011 it0100/219 loss=0.9694 lr=9.50e-04 elapsed=53.1min
  e011 it0150/219 loss=0.9392 lr=9.48e-04 elapsed=53.9min
  e011 it0200/219 loss=0.9395 lr=9.46e-04 elapsed=54.8min
[epoch 011] train=0.9305  val_loss=0.9053  mIoU_fg=0.1774
  e012 it0050/219 loss=0.8793 lr=9.43e-04 elapsed=56.9min
  e012 it0100/219 loss=0.8797 lr=9.41e-04 elapsed=57.7min
  e012 it0150/219 loss=0.8692 lr=9.39e-04 elapsed=58.6min
  e012 it0200/219 loss=0.8563 lr=9.37e-04 elapsed=59.5min
[epoch 012] train=0.8620  val_loss=0.8504  mIoU_fg=0.1831
  [best] mIoU_fg=0.1831 saved -> /home/ids/diecidue/results/waste_vlm/dinoseg_dw_radio_fpn_fixed/best.pt
  e013 it0050/219 loss=0.9333 lr=9.34e-04 elapsed=61.6min
  e013 it0100/219 loss=0.8752 lr=9.32e-04 elapsed=62.4min
  e013 it0150/219 loss=0.8408 lr=9.30e-04 elapsed=63.3min
  e013 it0200/219 loss=0.8361 lr=9.27e-04 elapsed=64.1min
[epoch 013] train=0.8430  val_loss=0.8181  mIoU_fg=0.2002
  [best] mIoU_fg=0.2002 saved -> /home/ids/diecidue/results/waste_vlm/dinoseg_dw_radio_fpn_fixed/best.pt
  e014 it0050/219 loss=0.8024 lr=9.24e-04 elapsed=66.2min
  e014 it0100/219 loss=0.7918 lr=9.22e-04 elapsed=67.1min
  e014 it0150/219 loss=0.7883 lr=9.19e-04 elapsed=68.0min
  e014 it0200/219 loss=0.7794 lr=9.17e-04 elapsed=68.8min
[epoch 014] train=0.7755  val_loss=0.8102  mIoU_fg=0.1924
  e015 it0050/219 loss=0.7421 lr=9.13e-04 elapsed=70.9min
  e015 it0100/219 loss=0.7559 lr=9.11e-04 elapsed=71.7min
  e015 it0150/219 loss=0.7402 lr=9.08e-04 elapsed=72.6min
  e015 it0200/219 loss=0.7509 lr=9.06e-04 elapsed=73.5min
[epoch 015] train=0.7664  val_loss=0.7803  mIoU_fg=0.1828
  e016 it0050/219 loss=0.7184 lr=9.02e-04 elapsed=75.5min
  e016 it0100/219 loss=0.7271 lr=8.99e-04 elapsed=76.4min
  e016 it0150/219 loss=0.7123 lr=8.96e-04 elapsed=77.3min
  e016 it0200/219 loss=0.7438 lr=8.94e-04 elapsed=78.1min
[epoch 016] train=0.7420  val_loss=0.8622  mIoU_fg=0.2046
  [best] mIoU_fg=0.2046 saved -> /home/ids/diecidue/results/waste_vlm/dinoseg_dw_radio_fpn_fixed/best.pt
  e017 it0050/219 loss=0.7850 lr=8.90e-04 elapsed=80.2min
  e017 it0100/219 loss=0.8036 lr=8.87e-04 elapsed=81.1min
  e017 it0150/219 loss=0.7880 lr=8.84e-04 elapsed=81.9min
  e017 it0200/219 loss=0.7843 lr=8.81e-04 elapsed=82.8min
[epoch 017] train=0.7831  val_loss=0.8083  mIoU_fg=0.2040
  e018 it0050/219 loss=0.7869 lr=8.77e-04 elapsed=84.9min
  e018 it0100/219 loss=0.7352 lr=8.74e-04 elapsed=85.7min
  e018 it0150/219 loss=0.7229 lr=8.71e-04 elapsed=86.6min
  e018 it0200/219 loss=0.7146 lr=8.68e-04 elapsed=87.5min
[epoch 018] train=0.7163  val_loss=0.7589  mIoU_fg=0.2018
  e019 it0050/219 loss=0.6236 lr=8.64e-04 elapsed=89.5min
  e019 it0100/219 loss=0.6526 lr=8.61e-04 elapsed=90.4min
  e019 it0150/219 loss=0.6624 lr=8.58e-04 elapsed=91.3min
  e019 it0200/219 loss=0.6710 lr=8.55e-04 elapsed=92.1min
[epoch 019] train=0.6735  val_loss=0.7552  mIoU_fg=0.2118
  [best] mIoU_fg=0.2118 saved -> /home/ids/diecidue/results/waste_vlm/dinoseg_dw_radio_fpn_fixed/best.pt
  e020 it0050/219 loss=0.6908 lr=8.50e-04 elapsed=94.2min
  e020 it0100/219 loss=0.6641 lr=8.47e-04 elapsed=95.1min
  e020 it0150/219 loss=0.6618 lr=8.44e-04 elapsed=96.0min
  e020 it0200/219 loss=0.6638 lr=8.41e-04 elapsed=96.8min
[epoch 020] train=0.6604  val_loss=0.8153  mIoU_fg=0.1918
  e021 it0050/219 loss=0.6482 lr=8.36e-04 elapsed=98.9min
  e021 it0100/219 loss=0.6403 lr=8.33e-04 elapsed=99.8min
  e021 it0150/219 loss=0.6397 lr=8.29e-04 elapsed=100.6min
  e021 it0200/219 loss=0.6378 lr=8.26e-04 elapsed=101.5min
[epoch 021] train=0.6474  val_loss=0.7828  mIoU_fg=0.2066
  e022 it0050/219 loss=0.6961 lr=8.21e-04 elapsed=103.6min
  e022 it0100/219 loss=0.6502 lr=8.18e-04 elapsed=104.4min
  e022 it0150/219 loss=0.6377 lr=8.14e-04 elapsed=105.3min
  e022 it0200/219 loss=0.6494 lr=8.11e-04 elapsed=106.1min
[epoch 022] train=0.6474  val_loss=0.7797  mIoU_fg=0.2185
  [best] mIoU_fg=0.2185 saved -> /home/ids/diecidue/results/waste_vlm/dinoseg_dw_radio_fpn_fixed/best.pt
  e023 it0050/219 loss=0.6089 lr=8.06e-04 elapsed=108.3min
  e023 it0100/219 loss=0.6148 lr=8.02e-04 elapsed=109.1min
  e023 it0150/219 loss=0.6251 lr=7.99e-04 elapsed=110.0min
  e023 it0200/219 loss=0.6224 lr=7.95e-04 elapsed=110.8min
[epoch 023] train=0.6204  val_loss=0.8056  mIoU_fg=0.1961
  e024 it0050/219 loss=0.5550 lr=7.90e-04 elapsed=112.9min
  e024 it0100/219 loss=0.5603 lr=7.87e-04 elapsed=113.8min
  e024 it0150/219 loss=0.5819 lr=7.83e-04 elapsed=114.6min
  e024 it0200/219 loss=0.5869 lr=7.79e-04 elapsed=115.5min
[epoch 024] train=0.5792  val_loss=0.7779  mIoU_fg=0.2116
  e025 it0050/219 loss=0.5626 lr=7.74e-04 elapsed=117.6min
  e025 it0100/219 loss=0.5626 lr=7.70e-04 elapsed=118.4min
  e025 it0150/219 loss=0.5786 lr=7.67e-04 elapsed=119.3min
  e025 it0200/219 loss=0.5885 lr=7.63e-04 elapsed=120.2min
[epoch 025] train=0.5867  val_loss=0.7337  mIoU_fg=0.1880
  e026 it0050/219 loss=0.5375 lr=7.57e-04 elapsed=122.2min
  e026 it0100/219 loss=0.5561 lr=7.54e-04 elapsed=123.1min
  e026 it0150/219 loss=0.5661 lr=7.50e-04 elapsed=124.0min
  e026 it0200/219 loss=0.5765 lr=7.46e-04 elapsed=124.8min
[epoch 026] train=0.5772  val_loss=0.7801  mIoU_fg=0.1796
  e027 it0050/219 loss=0.5623 lr=7.40e-04 elapsed=126.9min
  e027 it0100/219 loss=0.5594 lr=7.36e-04 elapsed=127.7min
  e027 it0150/219 loss=0.5770 lr=7.32e-04 elapsed=128.6min
  e027 it0200/219 loss=0.5739 lr=7.29e-04 elapsed=129.5min
[epoch 027] train=0.5736  val_loss=0.8120  mIoU_fg=0.1865
  e028 it0050/219 loss=0.4853 lr=7.23e-04 elapsed=131.5min
  e028 it0100/219 loss=0.5172 lr=7.19e-04 elapsed=132.4min
  e028 it0150/219 loss=0.5217 lr=7.15e-04 elapsed=133.3min
  e028 it0200/219 loss=0.5260 lr=7.11e-04 elapsed=134.1min
[epoch 028] train=0.5285  val_loss=0.7785  mIoU_fg=0.2045
  e029 it0050/219 loss=0.5321 lr=7.05e-04 elapsed=136.2min
  e029 it0100/219 loss=0.5245 lr=7.01e-04 elapsed=137.1min
  e029 it0150/219 loss=0.5282 lr=6.97e-04 elapsed=137.9min
  e029 it0200/219 loss=0.5327 lr=6.93e-04 elapsed=138.8min
[epoch 029] train=0.5340  val_loss=0.7917  mIoU_fg=0.2221
  [best] mIoU_fg=0.2221 saved -> /home/ids/diecidue/results/waste_vlm/dinoseg_dw_radio_fpn_fixed/best.pt
  e030 it0050/219 loss=0.5553 lr=6.87e-04 elapsed=140.9min
  e030 it0100/219 loss=0.5309 lr=6.83e-04 elapsed=141.8min
  e030 it0150/219 loss=0.5290 lr=6.79e-04 elapsed=142.7min
  e030 it0200/219 loss=0.5376 lr=6.75e-04 elapsed=143.5min
[epoch 030] train=0.5328  val_loss=0.7952  mIoU_fg=0.2084
  e031 it0050/219 loss=0.4826 lr=6.69e-04 elapsed=145.6min
  e031 it0100/219 loss=0.4897 lr=6.65e-04 elapsed=146.4min
  e031 it0150/219 loss=0.5022 lr=6.60e-04 elapsed=147.3min
  e031 it0200/219 loss=0.5066 lr=6.56e-04 elapsed=148.2min
[epoch 031] train=0.5054  val_loss=0.8128  mIoU_fg=0.2106
  e032 it0050/219 loss=0.4591 lr=6.50e-04 elapsed=150.2min
  e032 it0100/219 loss=0.4839 lr=6.46e-04 elapsed=151.1min
  e032 it0150/219 loss=0.4858 lr=6.42e-04 elapsed=152.0min
  e032 it0200/219 loss=0.4861 lr=6.37e-04 elapsed=152.8min
[epoch 032] train=0.4871  val_loss=0.7874  mIoU_fg=0.2096
  e033 it0050/219 loss=0.4442 lr=6.31e-04 elapsed=154.9min
  e033 it0100/219 loss=0.4760 lr=6.27e-04 elapsed=155.8min
  e033 it0150/219 loss=0.4808 lr=6.23e-04 elapsed=156.6min
  e033 it0200/219 loss=0.4716 lr=6.18e-04 elapsed=157.5min
[epoch 033] train=0.4735  val_loss=0.7588  mIoU_fg=0.1954
  e034 it0050/219 loss=0.4783 lr=6.12e-04 elapsed=159.6min
  e034 it0100/219 loss=0.4658 lr=6.08e-04 elapsed=160.4min
  e034 it0150/219 loss=0.4570 lr=6.04e-04 elapsed=161.3min
  e034 it0200/219 loss=0.4640 lr=5.99e-04 elapsed=162.2min
[epoch 034] train=0.4598  val_loss=0.7867  mIoU_fg=0.2095
  e035 it0050/219 loss=0.4573 lr=5.93e-04 elapsed=164.2min
  e035 it0100/219 loss=0.4710 lr=5.89e-04 elapsed=165.1min
  e035 it0150/219 loss=0.4733 lr=5.84e-04 elapsed=165.9min
  e035 it0200/219 loss=0.4644 lr=5.80e-04 elapsed=166.8min
[epoch 035] train=0.4651  val_loss=0.9492  mIoU_fg=0.2104
  e036 it0050/219 loss=0.4836 lr=5.74e-04 elapsed=168.9min
  e036 it0100/219 loss=0.4771 lr=5.69e-04 elapsed=169.7min
  e036 it0150/219 loss=0.4736 lr=5.65e-04 elapsed=170.6min
  e036 it0200/219 loss=0.4740 lr=5.60e-04 elapsed=171.5min
[epoch 036] train=0.4792  val_loss=0.7468  mIoU_fg=0.1958
  e037 it0050/219 loss=0.4287 lr=5.54e-04 elapsed=173.5min
  e037 it0100/219 loss=0.4309 lr=5.50e-04 elapsed=174.4min
  e037 it0150/219 loss=0.4395 lr=5.45e-04 elapsed=175.2min
  e037 it0200/219 loss=0.4506 lr=5.41e-04 elapsed=176.1min
[epoch 037] train=0.4471  val_loss=0.7759  mIoU_fg=0.1813
  e038 it0050/219 loss=0.4564 lr=5.35e-04 elapsed=178.2min
  e038 it0100/219 loss=0.4305 lr=5.30e-04 elapsed=179.0min
  e038 it0150/219 loss=0.4342 lr=5.26e-04 elapsed=179.9min
  e038 it0200/219 loss=0.4372 lr=5.21e-04 elapsed=180.8min
[epoch 038] train=0.4317  val_loss=0.8592  mIoU_fg=0.2141
  e039 it0050/219 loss=0.4125 lr=5.15e-04 elapsed=182.8min
  e039 it0100/219 loss=0.4146 lr=5.11e-04 elapsed=183.7min
  e039 it0150/219 loss=0.4099 lr=5.06e-04 elapsed=184.5min
  e039 it0200/219 loss=0.4200 lr=5.02e-04 elapsed=185.4min
[epoch 039] train=0.4251  val_loss=0.8438  mIoU_fg=0.1964
  e040 it0050/219 loss=0.4386 lr=4.96e-04 elapsed=187.5min
  e040 it0100/219 loss=0.4245 lr=4.91e-04 elapsed=188.3min
  e040 it0150/219 loss=0.4169 lr=4.87e-04 elapsed=189.2min
  e040 it0200/219 loss=0.4153 lr=4.82e-04 elapsed=190.1min
[epoch 040] train=0.4198  val_loss=0.8397  mIoU_fg=0.1938
  e041 it0050/219 loss=0.3779 lr=4.76e-04 elapsed=192.1min
  e041 it0100/219 loss=0.3829 lr=4.71e-04 elapsed=193.0min
  e041 it0150/219 loss=0.3942 lr=4.67e-04 elapsed=193.9min
  e041 it0200/219 loss=0.3929 lr=4.62e-04 elapsed=194.7min
[epoch 041] train=0.3924  val_loss=0.8866  mIoU_fg=0.2099
  e042 it0050/219 loss=0.3917 lr=4.56e-04 elapsed=196.8min
  e042 it0100/219 loss=0.3869 lr=4.52e-04 elapsed=197.7min
  e042 it0150/219 loss=0.4004 lr=4.47e-04 elapsed=198.5min
  e042 it0200/219 loss=0.3991 lr=4.43e-04 elapsed=199.4min
[epoch 042] train=0.3922  val_loss=0.9079  mIoU_fg=0.2093
  e043 it0050/219 loss=0.3775 lr=4.37e-04 elapsed=201.5min
  e043 it0100/219 loss=0.3762 lr=4.32e-04 elapsed=202.3min
  e043 it0150/219 loss=0.3776 lr=4.28e-04 elapsed=203.2min
  e043 it0200/219 loss=0.3834 lr=4.23e-04 elapsed=204.0min
[epoch 043] train=0.3833  val_loss=0.8836  mIoU_fg=0.2137
  e044 it0050/219 loss=0.3856 lr=4.17e-04 elapsed=206.1min
  e044 it0100/219 loss=0.3727 lr=4.13e-04 elapsed=207.0min
  e044 it0150/219 loss=0.3736 lr=4.09e-04 elapsed=207.8min
  e044 it0200/219 loss=0.3772 lr=4.04e-04 elapsed=208.7min
[epoch 044] train=0.3727  val_loss=0.9286  mIoU_fg=0.2170
  e045 it0050/219 loss=0.3596 lr=3.98e-04 elapsed=210.7min
  e045 it0100/219 loss=0.3591 lr=3.94e-04 elapsed=211.6min
  e045 it0150/219 loss=0.3730 lr=3.89e-04 elapsed=212.5min
  e045 it0200/219 loss=0.3660 lr=3.85e-04 elapsed=213.3min
[epoch 045] train=0.3630  val_loss=0.8685  mIoU_fg=0.2091
  e046 it0050/219 loss=0.3386 lr=3.79e-04 elapsed=215.4min
  e046 it0100/219 loss=0.3362 lr=3.75e-04 elapsed=216.3min
  e046 it0150/219 loss=0.3462 lr=3.70e-04 elapsed=217.1min
  e046 it0200/219 loss=0.3480 lr=3.66e-04 elapsed=218.0min
[epoch 046] train=0.3528  val_loss=0.8640  mIoU_fg=0.2057
  e047 it0050/219 loss=0.3738 lr=3.60e-04 elapsed=220.1min
  e047 it0100/219 loss=0.3568 lr=3.56e-04 elapsed=220.9min
  e047 it0150/219 loss=0.3626 lr=3.51e-04 elapsed=221.8min
  e047 it0200/219 loss=0.3655 lr=3.47e-04 elapsed=222.6min
[epoch 047] train=0.3595  val_loss=0.9338  mIoU_fg=0.2069
  e048 it0050/219 loss=0.3407 lr=3.41e-04 elapsed=224.7min
  e048 it0100/219 loss=0.3479 lr=3.37e-04 elapsed=225.6min
  e048 it0150/219 loss=0.3536 lr=3.33e-04 elapsed=226.4min
  e048 it0200/219 loss=0.3514 lr=3.29e-04 elapsed=227.3min
[epoch 048] train=0.3487  val_loss=0.9647  mIoU_fg=0.2091
  e049 it0050/219 loss=0.3460 lr=3.23e-04 elapsed=229.4min
  e049 it0100/219 loss=0.3529 lr=3.19e-04 elapsed=230.2min
  e049 it0150/219 loss=0.3401 lr=3.14e-04 elapsed=231.1min
  e049 it0200/219 loss=0.3475 lr=3.10e-04 elapsed=232.0min
[epoch 049] train=0.3414  val_loss=0.9337  mIoU_fg=0.2185
  e050 it0050/219 loss=0.3301 lr=3.05e-04 elapsed=234.0min
  e050 it0100/219 loss=0.3355 lr=3.00e-04 elapsed=234.9min
  e050 it0150/219 loss=0.3407 lr=2.96e-04 elapsed=235.7min
  e050 it0200/219 loss=0.3386 lr=2.92e-04 elapsed=236.6min
[epoch 050] train=0.3326  val_loss=1.0240  mIoU_fg=0.2252
  [best] mIoU_fg=0.2252 saved -> /home/ids/diecidue/results/waste_vlm/dinoseg_dw_radio_fpn_fixed/best.pt
  e051 it0050/219 loss=0.3194 lr=2.87e-04 elapsed=238.7min
  e051 it0100/219 loss=0.3338 lr=2.83e-04 elapsed=239.6min
  e051 it0150/219 loss=0.3228 lr=2.79e-04 elapsed=240.4min
  e051 it0200/219 loss=0.3224 lr=2.75e-04 elapsed=241.3min
[epoch 051] train=0.3240  val_loss=0.9503  mIoU_fg=0.2176
  e052 it0050/219 loss=0.3254 lr=2.69e-04 elapsed=243.4min
  e052 it0100/219 loss=0.3199 lr=2.65e-04 elapsed=244.2min
  e052 it0150/219 loss=0.3229 lr=2.61e-04 elapsed=245.1min
  e052 it0200/219 loss=0.3209 lr=2.57e-04 elapsed=246.0min
[epoch 052] train=0.3207  val_loss=0.9772  mIoU_fg=0.2115
  e053 it0050/219 loss=0.3234 lr=2.52e-04 elapsed=248.0min
  e053 it0100/219 loss=0.3271 lr=2.48e-04 elapsed=248.9min
  e053 it0150/219 loss=0.3167 lr=2.44e-04 elapsed=249.8min
  e053 it0200/219 loss=0.3167 lr=2.40e-04 elapsed=250.6min
[epoch 053] train=0.3175  val_loss=0.9477  mIoU_fg=0.2153
  e054 it0050/219 loss=0.2988 lr=2.35e-04 elapsed=252.7min
  e054 it0100/219 loss=0.3207 lr=2.31e-04 elapsed=253.6min
  e054 it0150/219 loss=0.3175 lr=2.27e-04 elapsed=254.4min
  e054 it0200/219 loss=0.3170 lr=2.24e-04 elapsed=255.3min
[epoch 054] train=0.3187  val_loss=0.9582  mIoU_fg=0.2159
  e055 it0050/219 loss=0.3082 lr=2.18e-04 elapsed=257.3min
  e055 it0100/219 loss=0.3077 lr=2.15e-04 elapsed=258.2min
  e055 it0150/219 loss=0.3057 lr=2.11e-04 elapsed=259.1min
  e055 it0200/219 loss=0.3057 lr=2.07e-04 elapsed=259.9min
[epoch 055] train=0.3040  val_loss=0.9141  mIoU_fg=0.2167
  e056 it0050/219 loss=0.2835 lr=2.02e-04 elapsed=262.0min
  e056 it0100/219 loss=0.2986 lr=1.99e-04 elapsed=262.9min
  e056 it0150/219 loss=0.3045 lr=1.95e-04 elapsed=263.7min
  e056 it0200/219 loss=0.3030 lr=1.92e-04 elapsed=264.6min
[epoch 056] train=0.3007  val_loss=1.0294  mIoU_fg=0.2171
  e057 it0050/219 loss=0.2899 lr=1.87e-04 elapsed=266.6min
  e057 it0100/219 loss=0.2934 lr=1.83e-04 elapsed=267.5min
  e057 it0150/219 loss=0.2942 lr=1.80e-04 elapsed=268.4min
  e057 it0200/219 loss=0.2968 lr=1.77e-04 elapsed=269.2min
[epoch 057] train=0.2980  val_loss=0.9979  mIoU_fg=0.2125
  e058 it0050/219 loss=0.3155 lr=1.72e-04 elapsed=271.3min
  e058 it0100/219 loss=0.2985 lr=1.69e-04 elapsed=272.2min
  e058 it0150/219 loss=0.3016 lr=1.65e-04 elapsed=273.0min
  e058 it0200/219 loss=0.3009 lr=1.62e-04 elapsed=273.9min
[epoch 058] train=0.2976  val_loss=1.0426  mIoU_fg=0.2184
  e059 it0050/219 loss=0.2824 lr=1.57e-04 elapsed=276.0min
  e059 it0100/219 loss=0.2826 lr=1.54e-04 elapsed=276.8min
  e059 it0150/219 loss=0.2852 lr=1.51e-04 elapsed=277.7min
  e059 it0200/219 loss=0.2901 lr=1.48e-04 elapsed=278.5min
[epoch 059] train=0.2915  val_loss=1.0728  mIoU_fg=0.2135
  e060 it0050/219 loss=0.2953 lr=1.43e-04 elapsed=280.6min
  e060 it0100/219 loss=0.2869 lr=1.40e-04 elapsed=281.5min
  e060 it0150/219 loss=0.2853 lr=1.37e-04 elapsed=282.3min
  e060 it0200/219 loss=0.2887 lr=1.34e-04 elapsed=283.2min
[epoch 060] train=0.2851  val_loss=1.0598  mIoU_fg=0.2143
  e061 it0050/219 loss=0.2980 lr=1.30e-04 elapsed=285.3min
  e061 it0100/219 loss=0.2899 lr=1.27e-04 elapsed=286.1min
  e061 it0150/219 loss=0.2851 lr=1.24e-04 elapsed=287.0min
  e061 it0200/219 loss=0.2825 lr=1.21e-04 elapsed=287.8min
[epoch 061] train=0.2827  val_loss=1.0425  mIoU_fg=0.2158
  e062 it0050/219 loss=0.2905 lr=1.17e-04 elapsed=289.9min
  e062 it0100/219 loss=0.2923 lr=1.14e-04 elapsed=290.8min
  e062 it0150/219 loss=0.2870 lr=1.11e-04 elapsed=291.6min
  e062 it0200/219 loss=0.2836 lr=1.08e-04 elapsed=292.5min
[epoch 062] train=0.2816  val_loss=1.0438  mIoU_fg=0.2148
  e063 it0050/219 loss=0.2893 lr=1.05e-04 elapsed=294.6min
  e063 it0100/219 loss=0.2647 lr=1.02e-04 elapsed=295.4min
  e063 it0150/219 loss=0.2802 lr=9.92e-05 elapsed=296.3min
  e063 it0200/219 loss=0.2813 lr=9.65e-05 elapsed=297.2min
[epoch 063] train=0.2812  val_loss=1.0642  mIoU_fg=0.2163
  e064 it0050/219 loss=0.2605 lr=9.29e-05 elapsed=299.2min
  e064 it0100/219 loss=0.2557 lr=9.03e-05 elapsed=300.1min
  e064 it0150/219 loss=0.2731 lr=8.77e-05 elapsed=300.9min
  e064 it0200/219 loss=0.2715 lr=8.52e-05 elapsed=301.8min
[epoch 064] train=0.2721  val_loss=1.0564  mIoU_fg=0.2181
  e065 it0050/219 loss=0.2551 lr=8.18e-05 elapsed=303.9min
  e065 it0100/219 loss=0.2709 lr=7.94e-05 elapsed=304.7min
  e065 it0150/219 loss=0.2664 lr=7.69e-05 elapsed=305.6min
  e065 it0200/219 loss=0.2740 lr=7.46e-05 elapsed=306.5min
[epoch 065] train=0.2724  val_loss=1.0678  mIoU_fg=0.2236
  e066 it0050/219 loss=0.2487 lr=7.14e-05 elapsed=308.5min
  e066 it0100/219 loss=0.2694 lr=6.91e-05 elapsed=309.4min
  e066 it0150/219 loss=0.2728 lr=6.68e-05 elapsed=310.2min
  e066 it0200/219 loss=0.2700 lr=6.46e-05 elapsed=311.1min
[epoch 066] train=0.2743  val_loss=1.0261  mIoU_fg=0.2225
  e067 it0050/219 loss=0.2667 lr=6.16e-05 elapsed=313.2min
  e067 it0100/219 loss=0.2775 lr=5.94e-05 elapsed=314.0min
  e067 it0150/219 loss=0.2724 lr=5.73e-05 elapsed=314.9min
  e067 it0200/219 loss=0.2734 lr=5.53e-05 elapsed=315.8min
[epoch 067] train=0.2726  val_loss=1.0567  mIoU_fg=0.2213
  e068 it0050/219 loss=0.2735 lr=5.25e-05 elapsed=317.8min
  e068 it0100/219 loss=0.2719 lr=5.05e-05 elapsed=318.7min
  e068 it0150/219 loss=0.2747 lr=4.86e-05 elapsed=319.5min
  e068 it0200/219 loss=0.2683 lr=4.66e-05 elapsed=320.4min
[epoch 068] train=0.2705  val_loss=1.0762  mIoU_fg=0.2194
  e069 it0050/219 loss=0.2284 lr=4.41e-05 elapsed=322.5min
  e069 it0100/219 loss=0.2493 lr=4.22e-05 elapsed=323.3min
  e069 it0150/219 loss=0.2610 lr=4.05e-05 elapsed=324.2min
  e069 it0200/219 loss=0.2654 lr=3.87e-05 elapsed=325.1min
[epoch 069] train=0.2638  val_loss=1.0889  mIoU_fg=0.2190
  e070 it0050/219 loss=0.2777 lr=3.64e-05 elapsed=327.1min
  e070 it0100/219 loss=0.2683 lr=3.47e-05 elapsed=328.0min
  e070 it0150/219 loss=0.2709 lr=3.31e-05 elapsed=328.8min
  e070 it0200/219 loss=0.2649 lr=3.15e-05 elapsed=329.7min
[epoch 070] train=0.2648  val_loss=1.0728  mIoU_fg=0.2200
  e071 it0050/219 loss=0.2574 lr=2.94e-05 elapsed=331.8min
  e071 it0100/219 loss=0.2588 lr=2.79e-05 elapsed=332.6min
  e071 it0150/219 loss=0.2618 lr=2.64e-05 elapsed=333.5min
  e071 it0200/219 loss=0.2614 lr=2.50e-05 elapsed=334.4min
[epoch 071] train=0.2630  val_loss=1.1033  mIoU_fg=0.2186
  e072 it0050/219 loss=0.2673 lr=2.31e-05 elapsed=336.4min
  e072 it0100/219 loss=0.2578 lr=2.18e-05 elapsed=337.3min
  e072 it0150/219 loss=0.2643 lr=2.05e-05 elapsed=338.1min
  e072 it0200/219 loss=0.2626 lr=1.92e-05 elapsed=339.0min
[epoch 072] train=0.2622  val_loss=1.1001  mIoU_fg=0.2208
  e073 it0050/219 loss=0.2604 lr=1.76e-05 elapsed=341.1min
  e073 it0100/219 loss=0.2728 lr=1.64e-05 elapsed=341.9min
  e073 it0150/219 loss=0.2657 lr=1.53e-05 elapsed=342.8min
  e073 it0200/219 loss=0.2622 lr=1.42e-05 elapsed=343.7min
[epoch 073] train=0.2604  val_loss=1.1137  mIoU_fg=0.2198
  e074 it0050/219 loss=0.2757 lr=1.28e-05 elapsed=345.7min
  e074 it0100/219 loss=0.2742 lr=1.18e-05 elapsed=346.6min
  e074 it0150/219 loss=0.2721 lr=1.09e-05 elapsed=347.5min
  e074 it0200/219 loss=0.2650 lr=9.94e-06 elapsed=348.3min
[epoch 074] train=0.2616  val_loss=1.1232  mIoU_fg=0.2189
  e075 it0050/219 loss=0.2608 lr=8.75e-06 elapsed=350.4min
  e075 it0100/219 loss=0.2633 lr=7.94e-06 elapsed=351.3min
  e075 it0150/219 loss=0.2628 lr=7.16e-06 elapsed=352.1min
  e075 it0200/219 loss=0.2601 lr=6.43e-06 elapsed=353.0min
[epoch 075] train=0.2627  val_loss=1.1231  mIoU_fg=0.2189
  e076 it0050/219 loss=0.2774 lr=5.47e-06 elapsed=355.0min
  e076 it0100/219 loss=0.2605 lr=4.83e-06 elapsed=355.9min
  e076 it0150/219 loss=0.2611 lr=4.23e-06 elapsed=356.8min
  e076 it0200/219 loss=0.2665 lr=3.67e-06 elapsed=357.6min
[epoch 076] train=0.2630  val_loss=1.1249  mIoU_fg=0.2196
  e077 it0050/219 loss=0.2587 lr=2.96e-06 elapsed=359.7min
  e077 it0100/219 loss=0.2563 lr=2.49e-06 elapsed=360.5min
  e077 it0150/219 loss=0.2600 lr=2.06e-06 elapsed=361.4min
  e077 it0200/219 loss=0.2589 lr=1.68e-06 elapsed=362.3min
[epoch 077] train=0.2576  val_loss=1.1260  mIoU_fg=0.2198
  e078 it0050/219 loss=0.2593 lr=1.21e-06 elapsed=364.3min
  e078 it0100/219 loss=0.2741 lr=9.18e-07 elapsed=365.2min
  e078 it0150/219 loss=0.2724 lr=6.67e-07 elapsed=366.1min
  e078 it0200/219 loss=0.2654 lr=4.55e-07 elapsed=366.9min
[epoch 078] train=0.2643  val_loss=1.1260  mIoU_fg=0.2198
  e079 it0050/219 loss=0.2613 lr=2.30e-07 elapsed=369.0min
  e079 it0100/219 loss=0.2590 lr=1.14e-07 elapsed=369.9min
  e079 it0150/219 loss=0.2587 lr=3.83e-08 elapsed=370.7min
  e079 it0200/219 loss=0.2553 lr=2.90e-09 elapsed=371.6min
[epoch 079] train=0.2657  val_loss=1.1258  mIoU_fg=0.2197
[done] best_mIoU_fg=0.2252  total_time=372.8min
[slurm] done=2026-06-19T03:46:43+02:00
