[slurm] host=node57  job=864970  start=2026-06-26T17:28:16+02:00
[slurm] btype=dinov3 id=vitl_lvd size=512 epochs=80 batch=16 lr=1e-3 head=conv multi_block=none multilabel=0 fpn_blocks=default fpn_dim=default out=dinoseg_dw_dinov3l_lvd_conv
NVIDIA L40S, 46068 MiB
[data] train=3489  val=739  fg classes=20  mode=single-label
[model] head=conv  trainable_params=2,364,949
  e000 it0050/219 loss=1.8085 lr=1.00e-03 elapsed=0.5min
  e000 it0100/219 loss=1.5857 lr=1.00e-03 elapsed=1.0min
  e000 it0150/219 loss=1.4931 lr=1.00e-03 elapsed=1.5min
  e000 it0200/219 loss=1.4239 lr=1.00e-03 elapsed=1.9min
[epoch 000] train=1.3828  val_loss=0.8163  mIoU_fg=0.3344
  [best] mIoU_fg=0.3344 saved -> /home/ids/diecidue/results/waste_vlm/dinoseg_dw_dinov3l_lvd_conv/best.pt
  e001 it0050/219 loss=0.7527 lr=9.99e-04 elapsed=3.2min
  e001 it0100/219 loss=0.6863 lr=9.99e-04 elapsed=3.7min
  e001 it0150/219 loss=0.6522 lr=9.99e-04 elapsed=4.1min
  e001 it0200/219 loss=0.6399 lr=9.99e-04 elapsed=4.6min
[epoch 001] train=0.6253  val_loss=0.5674  mIoU_fg=0.3433
  [best] mIoU_fg=0.3433 saved -> /home/ids/diecidue/results/waste_vlm/dinoseg_dw_dinov3l_lvd_conv/best.pt
  e002 it0050/219 loss=0.5033 lr=9.98e-04 elapsed=5.9min
  e002 it0100/219 loss=0.4869 lr=9.98e-04 elapsed=6.4min
  e002 it0150/219 loss=0.4773 lr=9.97e-04 elapsed=6.8min
  e002 it0200/219 loss=0.4763 lr=9.97e-04 elapsed=7.3min
[epoch 002] train=0.4851  val_loss=0.5180  mIoU_fg=0.3435
  [best] mIoU_fg=0.3435 saved -> /home/ids/diecidue/results/waste_vlm/dinoseg_dw_dinov3l_lvd_conv/best.pt
  e003 it0050/219 loss=0.5214 lr=9.96e-04 elapsed=8.6min
  e003 it0100/219 loss=0.4571 lr=9.95e-04 elapsed=9.1min
  e003 it0150/219 loss=0.4325 lr=9.95e-04 elapsed=9.5min
  e003 it0200/219 loss=0.4371 lr=9.94e-04 elapsed=10.0min
[epoch 003] train=0.4329  val_loss=0.4682  mIoU_fg=0.3993
  [best] mIoU_fg=0.3993 saved -> /home/ids/diecidue/results/waste_vlm/dinoseg_dw_dinov3l_lvd_conv/best.pt
  e004 it0050/219 loss=0.3458 lr=9.93e-04 elapsed=11.3min
  e004 it0100/219 loss=0.3548 lr=9.92e-04 elapsed=11.8min
  e004 it0150/219 loss=0.3673 lr=9.92e-04 elapsed=12.3min
  e004 it0200/219 loss=0.3624 lr=9.91e-04 elapsed=12.7min
[epoch 004] train=0.3648  val_loss=0.4570  mIoU_fg=0.4104
  [best] mIoU_fg=0.4104 saved -> /home/ids/diecidue/results/waste_vlm/dinoseg_dw_dinov3l_lvd_conv/best.pt
  e005 it0050/219 loss=0.3540 lr=9.89e-04 elapsed=14.0min
  e005 it0100/219 loss=0.3395 lr=9.89e-04 elapsed=14.5min
  e005 it0150/219 loss=0.3261 lr=9.88e-04 elapsed=15.0min
  e005 it0200/219 loss=0.3263 lr=9.87e-04 elapsed=15.5min
[epoch 005] train=0.3299  val_loss=0.4133  mIoU_fg=0.4100
  e006 it0050/219 loss=0.2985 lr=9.85e-04 elapsed=16.6min
  e006 it0100/219 loss=0.2993 lr=9.84e-04 elapsed=17.1min
  e006 it0150/219 loss=0.3038 lr=9.83e-04 elapsed=17.6min
  e006 it0200/219 loss=0.3101 lr=9.82e-04 elapsed=18.1min
[epoch 006] train=0.3122  val_loss=0.4121  mIoU_fg=0.4158
  [best] mIoU_fg=0.4158 saved -> /home/ids/diecidue/results/waste_vlm/dinoseg_dw_dinov3l_lvd_conv/best.pt
  e007 it0050/219 loss=0.2767 lr=9.80e-04 elapsed=19.3min
  e007 it0100/219 loss=0.2766 lr=9.79e-04 elapsed=19.8min
  e007 it0150/219 loss=0.2780 lr=9.77e-04 elapsed=20.3min
  e007 it0200/219 loss=0.2786 lr=9.76e-04 elapsed=20.7min
[epoch 007] train=0.2786  val_loss=0.4198  mIoU_fg=0.4298
  [best] mIoU_fg=0.4298 saved -> /home/ids/diecidue/results/waste_vlm/dinoseg_dw_dinov3l_lvd_conv/best.pt
  e008 it0050/219 loss=0.2273 lr=9.74e-04 elapsed=22.0min
  e008 it0100/219 loss=0.2326 lr=9.73e-04 elapsed=22.4min
  e008 it0150/219 loss=0.2455 lr=9.71e-04 elapsed=22.9min
  e008 it0200/219 loss=0.2472 lr=9.70e-04 elapsed=23.4min
[epoch 008] train=0.2537  val_loss=0.3799  mIoU_fg=0.4401
  [best] mIoU_fg=0.4401 saved -> /home/ids/diecidue/results/waste_vlm/dinoseg_dw_dinov3l_lvd_conv/best.pt
  e009 it0050/219 loss=0.2421 lr=9.68e-04 elapsed=24.6min
  e009 it0100/219 loss=0.2334 lr=9.66e-04 elapsed=25.1min
  e009 it0150/219 loss=0.2406 lr=9.64e-04 elapsed=25.6min
  e009 it0200/219 loss=0.2383 lr=9.63e-04 elapsed=26.1min
[epoch 009] train=0.2343  val_loss=0.4206  mIoU_fg=0.4315
  e010 it0050/219 loss=0.2183 lr=9.60e-04 elapsed=27.2min
  e010 it0100/219 loss=0.2204 lr=9.58e-04 elapsed=27.7min
  e010 it0150/219 loss=0.2135 lr=9.57e-04 elapsed=28.2min
  e010 it0200/219 loss=0.2147 lr=9.55e-04 elapsed=28.7min
[epoch 010] train=0.2178  val_loss=0.3964  mIoU_fg=0.4184
  e011 it0050/219 loss=0.2109 lr=9.52e-04 elapsed=29.9min
  e011 it0100/219 loss=0.2035 lr=9.50e-04 elapsed=30.3min
  e011 it0150/219 loss=0.1972 lr=9.48e-04 elapsed=30.8min
  e011 it0200/219 loss=0.1976 lr=9.46e-04 elapsed=31.3min
[epoch 011] train=0.1967  val_loss=0.4447  mIoU_fg=0.4514
  [best] mIoU_fg=0.4514 saved -> /home/ids/diecidue/results/waste_vlm/dinoseg_dw_dinov3l_lvd_conv/best.pt
  e012 it0050/219 loss=0.1825 lr=9.43e-04 elapsed=32.5min
  e012 it0100/219 loss=0.1889 lr=9.41e-04 elapsed=33.0min
  e012 it0150/219 loss=0.1842 lr=9.39e-04 elapsed=33.4min
  e012 it0200/219 loss=0.1831 lr=9.37e-04 elapsed=33.9min
[epoch 012] train=0.1851  val_loss=0.4405  mIoU_fg=0.4686
  [best] mIoU_fg=0.4686 saved -> /home/ids/diecidue/results/waste_vlm/dinoseg_dw_dinov3l_lvd_conv/best.pt
  e013 it0050/219 loss=0.1736 lr=9.34e-04 elapsed=35.1min
  e013 it0100/219 loss=0.1737 lr=9.32e-04 elapsed=35.6min
  e013 it0150/219 loss=0.1730 lr=9.30e-04 elapsed=36.1min
  e013 it0200/219 loss=0.1743 lr=9.27e-04 elapsed=36.6min
[epoch 013] train=0.1751  val_loss=0.4334  mIoU_fg=0.4554
  e014 it0050/219 loss=0.1510 lr=9.24e-04 elapsed=37.7min
  e014 it0100/219 loss=0.1635 lr=9.22e-04 elapsed=38.2min
  e014 it0150/219 loss=0.1603 lr=9.19e-04 elapsed=38.7min
  e014 it0200/219 loss=0.1608 lr=9.17e-04 elapsed=39.2min
[epoch 014] train=0.1598  val_loss=0.3879  mIoU_fg=0.4488
  e015 it0050/219 loss=0.1590 lr=9.13e-04 elapsed=40.3min
  e015 it0100/219 loss=0.1481 lr=9.11e-04 elapsed=40.8min
  e015 it0150/219 loss=0.1509 lr=9.08e-04 elapsed=41.3min
  e015 it0200/219 loss=0.1537 lr=9.06e-04 elapsed=41.8min
[epoch 015] train=0.1539  val_loss=0.4360  mIoU_fg=0.4610
  e016 it0050/219 loss=0.1598 lr=9.02e-04 elapsed=43.0min
  e016 it0100/219 loss=0.1593 lr=8.99e-04 elapsed=43.4min
  e016 it0150/219 loss=0.1611 lr=8.96e-04 elapsed=43.9min
  e016 it0200/219 loss=0.1650 lr=8.94e-04 elapsed=44.4min
[epoch 016] train=0.1657  val_loss=0.5315  mIoU_fg=0.4256
  e017 it0050/219 loss=0.1943 lr=8.90e-04 elapsed=45.6min
  e017 it0100/219 loss=0.1934 lr=8.87e-04 elapsed=46.0min
  e017 it0150/219 loss=0.1858 lr=8.84e-04 elapsed=46.5min
  e017 it0200/219 loss=0.1816 lr=8.81e-04 elapsed=47.0min
[epoch 017] train=0.1789  val_loss=0.4785  mIoU_fg=0.4681
  e018 it0050/219 loss=0.1323 lr=8.77e-04 elapsed=48.2min
  e018 it0100/219 loss=0.1299 lr=8.74e-04 elapsed=48.7min
  e018 it0150/219 loss=0.1341 lr=8.71e-04 elapsed=49.1min
  e018 it0200/219 loss=0.1322 lr=8.68e-04 elapsed=49.6min
[epoch 018] train=0.1347  val_loss=0.4387  mIoU_fg=0.4715
  [best] mIoU_fg=0.4715 saved -> /home/ids/diecidue/results/waste_vlm/dinoseg_dw_dinov3l_lvd_conv/best.pt
  e019 it0050/219 loss=0.1283 lr=8.64e-04 elapsed=50.8min
  e019 it0100/219 loss=0.1267 lr=8.61e-04 elapsed=51.3min
  e019 it0150/219 loss=0.1235 lr=8.58e-04 elapsed=51.8min
  e019 it0200/219 loss=0.1232 lr=8.55e-04 elapsed=52.3min
[epoch 019] train=0.1227  val_loss=0.4539  mIoU_fg=0.4801
  [best] mIoU_fg=0.4801 saved -> /home/ids/diecidue/results/waste_vlm/dinoseg_dw_dinov3l_lvd_conv/best.pt
  e020 it0050/219 loss=0.1062 lr=8.50e-04 elapsed=53.5min
  e020 it0100/219 loss=0.1092 lr=8.47e-04 elapsed=54.0min
  e020 it0150/219 loss=0.1204 lr=8.44e-04 elapsed=54.5min
  e020 it0200/219 loss=0.1251 lr=8.41e-04 elapsed=55.0min
[epoch 020] train=0.1269  val_loss=0.5300  mIoU_fg=0.4638
  e021 it0050/219 loss=0.1133 lr=8.36e-04 elapsed=56.2min
  e021 it0100/219 loss=0.1227 lr=8.33e-04 elapsed=56.6min
  e021 it0150/219 loss=0.1221 lr=8.29e-04 elapsed=57.1min
  e021 it0200/219 loss=0.1266 lr=8.26e-04 elapsed=57.6min
[epoch 021] train=0.1245  val_loss=0.4970  mIoU_fg=0.4543
  e022 it0050/219 loss=0.1003 lr=8.21e-04 elapsed=58.8min
  e022 it0100/219 loss=0.1052 lr=8.18e-04 elapsed=59.2min
  e022 it0150/219 loss=0.1130 lr=8.14e-04 elapsed=59.7min
  e022 it0200/219 loss=0.1159 lr=8.11e-04 elapsed=60.2min
[epoch 022] train=0.1151  val_loss=0.5173  mIoU_fg=0.4638
  e023 it0050/219 loss=0.1100 lr=8.06e-04 elapsed=61.3min
  e023 it0100/219 loss=0.1017 lr=8.02e-04 elapsed=61.8min
  e023 it0150/219 loss=0.1090 lr=7.99e-04 elapsed=62.3min
  e023 it0200/219 loss=0.1157 lr=7.95e-04 elapsed=62.8min
[epoch 023] train=0.1143  val_loss=0.4923  mIoU_fg=0.4484
  e024 it0050/219 loss=0.1037 lr=7.90e-04 elapsed=63.9min
  e024 it0100/219 loss=0.1045 lr=7.87e-04 elapsed=64.4min
  e024 it0150/219 loss=0.1067 lr=7.83e-04 elapsed=64.9min
  e024 it0200/219 loss=0.1046 lr=7.79e-04 elapsed=65.4min
[epoch 024] train=0.1053  val_loss=0.6109  mIoU_fg=0.4609
  e025 it0050/219 loss=0.1203 lr=7.74e-04 elapsed=66.6min
  e025 it0100/219 loss=0.1052 lr=7.70e-04 elapsed=67.0min
  e025 it0150/219 loss=0.1040 lr=7.67e-04 elapsed=67.5min
  e025 it0200/219 loss=0.1031 lr=7.63e-04 elapsed=68.0min
[epoch 025] train=0.1030  val_loss=0.5564  mIoU_fg=0.4704
  e026 it0050/219 loss=0.0981 lr=7.57e-04 elapsed=69.2min
  e026 it0100/219 loss=0.0928 lr=7.54e-04 elapsed=69.7min
  e026 it0150/219 loss=0.0906 lr=7.50e-04 elapsed=70.1min
  e026 it0200/219 loss=0.0909 lr=7.46e-04 elapsed=70.6min
[epoch 026] train=0.0888  val_loss=0.5721  mIoU_fg=0.4694
  e027 it0050/219 loss=0.0866 lr=7.40e-04 elapsed=71.8min
  e027 it0100/219 loss=0.0860 lr=7.36e-04 elapsed=72.3min
  e027 it0150/219 loss=0.0864 lr=7.32e-04 elapsed=72.8min
  e027 it0200/219 loss=0.0859 lr=7.29e-04 elapsed=73.2min
[epoch 027] train=0.0875  val_loss=0.5538  mIoU_fg=0.4574
  e028 it0050/219 loss=0.0795 lr=7.23e-04 elapsed=74.4min
  e028 it0100/219 loss=0.0856 lr=7.19e-04 elapsed=74.9min
  e028 it0150/219 loss=0.0859 lr=7.15e-04 elapsed=75.4min
  e028 it0200/219 loss=0.0849 lr=7.11e-04 elapsed=75.9min
[epoch 028] train=0.0843  val_loss=0.5891  mIoU_fg=0.4391
  e029 it0050/219 loss=0.0836 lr=7.05e-04 elapsed=77.0min
  e029 it0100/219 loss=0.0822 lr=7.01e-04 elapsed=77.5min
  e029 it0150/219 loss=0.0872 lr=6.97e-04 elapsed=78.0min
  e029 it0200/219 loss=0.0838 lr=6.93e-04 elapsed=78.5min
[epoch 029] train=0.0833  val_loss=0.5954  mIoU_fg=0.4603
  e030 it0050/219 loss=0.0834 lr=6.87e-04 elapsed=79.7min
  e030 it0100/219 loss=0.0862 lr=6.83e-04 elapsed=80.1min
  e030 it0150/219 loss=0.0803 lr=6.79e-04 elapsed=80.6min
  e030 it0200/219 loss=0.0797 lr=6.75e-04 elapsed=81.1min
[epoch 030] train=0.0795  val_loss=0.5490  mIoU_fg=0.4583
  e031 it0050/219 loss=0.0682 lr=6.69e-04 elapsed=82.3min
  e031 it0100/219 loss=0.0785 lr=6.65e-04 elapsed=82.7min
  e031 it0150/219 loss=0.0813 lr=6.60e-04 elapsed=83.2min
  e031 it0200/219 loss=0.0805 lr=6.56e-04 elapsed=83.7min
[epoch 031] train=0.0794  val_loss=0.6057  mIoU_fg=0.4603
  e032 it0050/219 loss=0.0735 lr=6.50e-04 elapsed=84.9min
  e032 it0100/219 loss=0.0749 lr=6.46e-04 elapsed=85.3min
  e032 it0150/219 loss=0.0773 lr=6.42e-04 elapsed=85.8min
  e032 it0200/219 loss=0.0776 lr=6.37e-04 elapsed=86.3min
[epoch 032] train=0.0793  val_loss=0.5488  mIoU_fg=0.4715
  e033 it0050/219 loss=0.0794 lr=6.31e-04 elapsed=87.5min
  e033 it0100/219 loss=0.0744 lr=6.27e-04 elapsed=88.0min
  e033 it0150/219 loss=0.0762 lr=6.23e-04 elapsed=88.5min
  e033 it0200/219 loss=0.0762 lr=6.18e-04 elapsed=88.9min
[epoch 033] train=0.0774  val_loss=0.6694  mIoU_fg=0.4641
  e034 it0050/219 loss=0.0793 lr=6.12e-04 elapsed=90.1min
  e034 it0100/219 loss=0.0719 lr=6.08e-04 elapsed=90.6min
  e034 it0150/219 loss=0.0721 lr=6.04e-04 elapsed=91.1min
  e034 it0200/219 loss=0.0723 lr=5.99e-04 elapsed=91.6min
[epoch 034] train=0.0727  val_loss=0.5865  mIoU_fg=0.4686
  e035 it0050/219 loss=0.0682 lr=5.93e-04 elapsed=92.7min
  e035 it0100/219 loss=0.0856 lr=5.89e-04 elapsed=93.2min
  e035 it0150/219 loss=0.0837 lr=5.84e-04 elapsed=93.7min
  e035 it0200/219 loss=0.0796 lr=5.80e-04 elapsed=94.2min
[epoch 035] train=0.0771  val_loss=0.5753  mIoU_fg=0.4858
  [best] mIoU_fg=0.4858 saved -> /home/ids/diecidue/results/waste_vlm/dinoseg_dw_dinov3l_lvd_conv/best.pt
  e036 it0050/219 loss=0.0670 lr=5.74e-04 elapsed=95.4min
  e036 it0100/219 loss=0.0662 lr=5.69e-04 elapsed=95.9min
  e036 it0150/219 loss=0.0692 lr=5.65e-04 elapsed=96.4min
  e036 it0200/219 loss=0.0678 lr=5.60e-04 elapsed=96.8min
[epoch 036] train=0.0689  val_loss=0.6252  mIoU_fg=0.4686
  e037 it0050/219 loss=0.0672 lr=5.54e-04 elapsed=98.0min
  e037 it0100/219 loss=0.0652 lr=5.50e-04 elapsed=98.5min
  e037 it0150/219 loss=0.0655 lr=5.45e-04 elapsed=99.0min
  e037 it0200/219 loss=0.0638 lr=5.41e-04 elapsed=99.5min
[epoch 037] train=0.0634  val_loss=0.6478  mIoU_fg=0.4710
  e038 it0050/219 loss=0.0580 lr=5.35e-04 elapsed=100.6min
  e038 it0100/219 loss=0.0575 lr=5.30e-04 elapsed=101.1min
  e038 it0150/219 loss=0.0598 lr=5.26e-04 elapsed=101.6min
  e038 it0200/219 loss=0.0608 lr=5.21e-04 elapsed=102.1min
[epoch 038] train=0.0603  val_loss=0.7366  mIoU_fg=0.4674
  e039 it0050/219 loss=0.0658 lr=5.15e-04 elapsed=103.3min
  e039 it0100/219 loss=0.0647 lr=5.11e-04 elapsed=103.7min
  e039 it0150/219 loss=0.0621 lr=5.06e-04 elapsed=104.2min
  e039 it0200/219 loss=0.0622 lr=5.02e-04 elapsed=104.7min
[epoch 039] train=0.0612  val_loss=0.7658  mIoU_fg=0.4612
  e040 it0050/219 loss=0.0584 lr=4.96e-04 elapsed=105.9min
  e040 it0100/219 loss=0.0588 lr=4.91e-04 elapsed=106.4min
  e040 it0150/219 loss=0.0580 lr=4.87e-04 elapsed=106.8min
  e040 it0200/219 loss=0.0582 lr=4.82e-04 elapsed=107.3min
[epoch 040] train=0.0572  val_loss=0.6779  mIoU_fg=0.4695
  e041 it0050/219 loss=0.0571 lr=4.76e-04 elapsed=108.5min
  e041 it0100/219 loss=0.0563 lr=4.71e-04 elapsed=109.0min
  e041 it0150/219 loss=0.0537 lr=4.67e-04 elapsed=109.4min
  e041 it0200/219 loss=0.0542 lr=4.62e-04 elapsed=109.9min
[epoch 041] train=0.0545  val_loss=0.7223  mIoU_fg=0.4619
  e042 it0050/219 loss=0.0538 lr=4.56e-04 elapsed=111.1min
  e042 it0100/219 loss=0.0544 lr=4.52e-04 elapsed=111.6min
  e042 it0150/219 loss=0.0549 lr=4.47e-04 elapsed=112.1min
  e042 it0200/219 loss=0.0529 lr=4.43e-04 elapsed=112.5min
[epoch 042] train=0.0527  val_loss=0.7294  mIoU_fg=0.4650
  e043 it0050/219 loss=0.0473 lr=4.37e-04 elapsed=113.7min
  e043 it0100/219 loss=0.0514 lr=4.32e-04 elapsed=114.2min
  e043 it0150/219 loss=0.0522 lr=4.28e-04 elapsed=114.7min
  e043 it0200/219 loss=0.0512 lr=4.23e-04 elapsed=115.1min
[epoch 043] train=0.0516  val_loss=0.7576  mIoU_fg=0.4631
  e044 it0050/219 loss=0.0468 lr=4.17e-04 elapsed=116.3min
  e044 it0100/219 loss=0.0496 lr=4.13e-04 elapsed=116.8min
  e044 it0150/219 loss=0.0488 lr=4.09e-04 elapsed=117.3min
  e044 it0200/219 loss=0.0501 lr=4.04e-04 elapsed=117.7min
[epoch 044] train=0.0503  val_loss=0.8359  mIoU_fg=0.4566
  e045 it0050/219 loss=0.0514 lr=3.98e-04 elapsed=118.9min
  e045 it0100/219 loss=0.0505 lr=3.94e-04 elapsed=119.4min
  e045 it0150/219 loss=0.0484 lr=3.89e-04 elapsed=119.9min
  e045 it0200/219 loss=0.0490 lr=3.85e-04 elapsed=120.4min
[epoch 045] train=0.0489  val_loss=0.7526  mIoU_fg=0.4629
  e046 it0050/219 loss=0.0554 lr=3.79e-04 elapsed=121.5min
  e046 it0100/219 loss=0.0526 lr=3.75e-04 elapsed=122.0min
  e046 it0150/219 loss=0.0490 lr=3.70e-04 elapsed=122.5min
  e046 it0200/219 loss=0.0496 lr=3.66e-04 elapsed=123.0min
[epoch 046] train=0.0491  val_loss=0.7880  mIoU_fg=0.4619
  e047 it0050/219 loss=0.0466 lr=3.60e-04 elapsed=124.2min
  e047 it0100/219 loss=0.0496 lr=3.56e-04 elapsed=124.6min
  e047 it0150/219 loss=0.0489 lr=3.51e-04 elapsed=125.1min
  e047 it0200/219 loss=0.0478 lr=3.47e-04 elapsed=125.6min
[epoch 047] train=0.0466  val_loss=0.8375  mIoU_fg=0.4587
  e048 it0050/219 loss=0.0419 lr=3.41e-04 elapsed=126.8min
  e048 it0100/219 loss=0.0438 lr=3.37e-04 elapsed=127.2min
  e048 it0150/219 loss=0.0434 lr=3.33e-04 elapsed=127.7min
  e048 it0200/219 loss=0.0453 lr=3.29e-04 elapsed=128.2min
[epoch 048] train=0.0455  val_loss=0.8085  mIoU_fg=0.4598
  e049 it0050/219 loss=0.0461 lr=3.23e-04 elapsed=129.4min
  e049 it0100/219 loss=0.0436 lr=3.19e-04 elapsed=129.9min
  e049 it0150/219 loss=0.0434 lr=3.14e-04 elapsed=130.3min
  e049 it0200/219 loss=0.0430 lr=3.10e-04 elapsed=130.8min
[epoch 049] train=0.0438  val_loss=0.8683  mIoU_fg=0.4620
  e050 it0050/219 loss=0.0388 lr=3.05e-04 elapsed=132.0min
  e050 it0100/219 loss=0.0404 lr=3.00e-04 elapsed=132.5min
  e050 it0150/219 loss=0.0410 lr=2.96e-04 elapsed=132.9min
  e050 it0200/219 loss=0.0423 lr=2.92e-04 elapsed=133.4min
[epoch 050] train=0.0422  val_loss=0.9070  mIoU_fg=0.4558
  e051 it0050/219 loss=0.0391 lr=2.87e-04 elapsed=134.6min
  e051 it0100/219 loss=0.0407 lr=2.83e-04 elapsed=135.1min
  e051 it0150/219 loss=0.0395 lr=2.79e-04 elapsed=135.6min
  e051 it0200/219 loss=0.0409 lr=2.75e-04 elapsed=136.0min
[epoch 051] train=0.0407  val_loss=0.8672  mIoU_fg=0.4574
  e052 it0050/219 loss=0.0397 lr=2.69e-04 elapsed=137.2min
  e052 it0100/219 loss=0.0394 lr=2.65e-04 elapsed=137.7min
  e052 it0150/219 loss=0.0393 lr=2.61e-04 elapsed=138.2min
  e052 it0200/219 loss=0.0401 lr=2.57e-04 elapsed=138.6min
[epoch 052] train=0.0396  val_loss=0.9068  mIoU_fg=0.4593
  e053 it0050/219 loss=0.0376 lr=2.52e-04 elapsed=139.8min
  e053 it0100/219 loss=0.0404 lr=2.48e-04 elapsed=140.3min
  e053 it0150/219 loss=0.0406 lr=2.44e-04 elapsed=140.8min
  e053 it0200/219 loss=0.0389 lr=2.40e-04 elapsed=141.2min
[epoch 053] train=0.0385  val_loss=0.8576  mIoU_fg=0.4616
  e054 it0050/219 loss=0.0400 lr=2.35e-04 elapsed=142.4min
  e054 it0100/219 loss=0.0391 lr=2.31e-04 elapsed=142.9min
  e054 it0150/219 loss=0.0378 lr=2.27e-04 elapsed=143.4min
  e054 it0200/219 loss=0.0381 lr=2.24e-04 elapsed=143.9min
[epoch 054] train=0.0378  val_loss=0.8659  mIoU_fg=0.4562
  e055 it0050/219 loss=0.0397 lr=2.18e-04 elapsed=145.0min
  e055 it0100/219 loss=0.0367 lr=2.15e-04 elapsed=145.5min
  e055 it0150/219 loss=0.0376 lr=2.11e-04 elapsed=146.0min
  e055 it0200/219 loss=0.0373 lr=2.07e-04 elapsed=146.5min
[epoch 055] train=0.0371  val_loss=0.9111  mIoU_fg=0.4624
  e056 it0050/219 loss=0.0354 lr=2.02e-04 elapsed=147.7min
  e056 it0100/219 loss=0.0361 lr=1.99e-04 elapsed=148.1min
  e056 it0150/219 loss=0.0362 lr=1.95e-04 elapsed=148.6min
  e056 it0200/219 loss=0.0363 lr=1.92e-04 elapsed=149.1min
[epoch 056] train=0.0361  val_loss=0.9061  mIoU_fg=0.4583
  e057 it0050/219 loss=0.0331 lr=1.87e-04 elapsed=150.3min
  e057 it0100/219 loss=0.0359 lr=1.83e-04 elapsed=150.8min
  e057 it0150/219 loss=0.0356 lr=1.80e-04 elapsed=151.2min
  e057 it0200/219 loss=0.0360 lr=1.77e-04 elapsed=151.7min
[epoch 057] train=0.0356  val_loss=0.9393  mIoU_fg=0.4558
  e058 it0050/219 loss=0.0394 lr=1.72e-04 elapsed=152.9min
  e058 it0100/219 loss=0.0361 lr=1.69e-04 elapsed=153.4min
  e058 it0150/219 loss=0.0346 lr=1.65e-04 elapsed=153.8min
  e058 it0200/219 loss=0.0353 lr=1.62e-04 elapsed=154.3min
[epoch 058] train=0.0354  val_loss=0.8877  mIoU_fg=0.4571
  e059 it0050/219 loss=0.0381 lr=1.57e-04 elapsed=155.5min
  e059 it0100/219 loss=0.0381 lr=1.54e-04 elapsed=156.0min
  e059 it0150/219 loss=0.0349 lr=1.51e-04 elapsed=156.4min
  e059 it0200/219 loss=0.0351 lr=1.48e-04 elapsed=156.9min
[epoch 059] train=0.0350  val_loss=0.9226  mIoU_fg=0.4612
  e060 it0050/219 loss=0.0356 lr=1.43e-04 elapsed=158.1min
  e060 it0100/219 loss=0.0341 lr=1.40e-04 elapsed=158.6min
  e060 it0150/219 loss=0.0329 lr=1.37e-04 elapsed=159.0min
  e060 it0200/219 loss=0.0337 lr=1.34e-04 elapsed=159.5min
[epoch 060] train=0.0342  val_loss=0.9696  mIoU_fg=0.4590
  e061 it0050/219 loss=0.0330 lr=1.30e-04 elapsed=160.7min
  e061 it0100/219 loss=0.0323 lr=1.27e-04 elapsed=161.2min
  e061 it0150/219 loss=0.0333 lr=1.24e-04 elapsed=161.7min
  e061 it0200/219 loss=0.0335 lr=1.21e-04 elapsed=162.1min
[epoch 061] train=0.0336  val_loss=0.9573  mIoU_fg=0.4581
  e062 it0050/219 loss=0.0364 lr=1.17e-04 elapsed=163.3min
  e062 it0100/219 loss=0.0357 lr=1.14e-04 elapsed=163.8min
  e062 it0150/219 loss=0.0339 lr=1.11e-04 elapsed=164.3min
  e062 it0200/219 loss=0.0334 lr=1.08e-04 elapsed=164.7min
[epoch 062] train=0.0335  val_loss=0.9828  mIoU_fg=0.4555
  e063 it0050/219 loss=0.0311 lr=1.05e-04 elapsed=165.9min
  e063 it0100/219 loss=0.0303 lr=1.02e-04 elapsed=166.4min
  e063 it0150/219 loss=0.0328 lr=9.92e-05 elapsed=166.9min
  e063 it0200/219 loss=0.0328 lr=9.65e-05 elapsed=167.4min
[epoch 063] train=0.0328  val_loss=0.9491  mIoU_fg=0.4600
  e064 it0050/219 loss=0.0295 lr=9.29e-05 elapsed=168.5min
  e064 it0100/219 loss=0.0309 lr=9.03e-05 elapsed=169.0min
  e064 it0150/219 loss=0.0324 lr=8.77e-05 elapsed=169.5min
  e064 it0200/219 loss=0.0317 lr=8.52e-05 elapsed=170.0min
[epoch 064] train=0.0322  val_loss=0.9668  mIoU_fg=0.4562
  e065 it0050/219 loss=0.0324 lr=8.18e-05 elapsed=171.2min
  e065 it0100/219 loss=0.0321 lr=7.94e-05 elapsed=171.6min
  e065 it0150/219 loss=0.0326 lr=7.69e-05 elapsed=172.1min
  e065 it0200/219 loss=0.0325 lr=7.46e-05 elapsed=172.6min
[epoch 065] train=0.0318  val_loss=0.9904  mIoU_fg=0.4571
  e066 it0050/219 loss=0.0305 lr=7.14e-05 elapsed=173.8min
  e066 it0100/219 loss=0.0317 lr=6.91e-05 elapsed=174.2min
  e066 it0150/219 loss=0.0324 lr=6.68e-05 elapsed=174.7min
  e066 it0200/219 loss=0.0320 lr=6.46e-05 elapsed=175.2min
[epoch 066] train=0.0318  val_loss=0.9965  mIoU_fg=0.4563
  e067 it0050/219 loss=0.0317 lr=6.16e-05 elapsed=176.4min
  e067 it0100/219 loss=0.0308 lr=5.94e-05 elapsed=176.9min
  e067 it0150/219 loss=0.0308 lr=5.73e-05 elapsed=177.3min
  e067 it0200/219 loss=0.0313 lr=5.53e-05 elapsed=177.8min
[epoch 067] train=0.0312  val_loss=1.0311  mIoU_fg=0.4560
  e068 it0050/219 loss=0.0333 lr=5.25e-05 elapsed=179.0min
  e068 it0100/219 loss=0.0320 lr=5.05e-05 elapsed=179.5min
  e068 it0150/219 loss=0.0310 lr=4.86e-05 elapsed=180.0min
  e068 it0200/219 loss=0.0315 lr=4.66e-05 elapsed=180.4min
[epoch 068] train=0.0313  val_loss=0.9960  mIoU_fg=0.4558
  e069 it0050/219 loss=0.0322 lr=4.41e-05 elapsed=181.6min
  e069 it0100/219 loss=0.0299 lr=4.22e-05 elapsed=182.1min
  e069 it0150/219 loss=0.0309 lr=4.05e-05 elapsed=182.6min
  e069 it0200/219 loss=0.0307 lr=3.87e-05 elapsed=183.1min
[epoch 069] train=0.0308  val_loss=0.9864  mIoU_fg=0.4560
  e070 it0050/219 loss=0.0290 lr=3.64e-05 elapsed=184.2min
  e070 it0100/219 loss=0.0285 lr=3.47e-05 elapsed=184.7min
  e070 it0150/219 loss=0.0297 lr=3.31e-05 elapsed=185.2min
  e070 it0200/219 loss=0.0305 lr=3.15e-05 elapsed=185.7min
[epoch 070] train=0.0306  val_loss=1.0049  mIoU_fg=0.4553
  e071 it0050/219 loss=0.0309 lr=2.94e-05 elapsed=186.9min
  e071 it0100/219 loss=0.0320 lr=2.79e-05 elapsed=187.3min
  e071 it0150/219 loss=0.0315 lr=2.64e-05 elapsed=187.8min
  e071 it0200/219 loss=0.0308 lr=2.50e-05 elapsed=188.3min
[epoch 071] train=0.0308  val_loss=0.9879  mIoU_fg=0.4557
  e072 it0050/219 loss=0.0323 lr=2.31e-05 elapsed=189.5min
  e072 it0100/219 loss=0.0293 lr=2.18e-05 elapsed=190.0min
  e072 it0150/219 loss=0.0298 lr=2.05e-05 elapsed=190.4min
  e072 it0200/219 loss=0.0300 lr=1.92e-05 elapsed=190.9min
[epoch 072] train=0.0305  val_loss=0.9974  mIoU_fg=0.4548
  e073 it0050/219 loss=0.0318 lr=1.76e-05 elapsed=192.1min
  e073 it0100/219 loss=0.0286 lr=1.64e-05 elapsed=192.6min
  e073 it0150/219 loss=0.0297 lr=1.53e-05 elapsed=193.0min
  e073 it0200/219 loss=0.0306 lr=1.42e-05 elapsed=193.5min
[epoch 073] train=0.0315  val_loss=0.9989  mIoU_fg=0.4546
  e074 it0050/219 loss=0.0297 lr=1.28e-05 elapsed=194.7min
  e074 it0100/219 loss=0.0284 lr=1.18e-05 elapsed=195.2min
  e074 it0150/219 loss=0.0289 lr=1.09e-05 elapsed=195.7min
  e074 it0200/219 loss=0.0304 lr=9.94e-06 elapsed=196.1min
[epoch 074] train=0.0302  val_loss=1.0031  mIoU_fg=0.4548
  e075 it0050/219 loss=0.0263 lr=8.75e-06 elapsed=197.3min
  e075 it0100/219 loss=0.0289 lr=7.94e-06 elapsed=197.8min
  e075 it0150/219 loss=0.0294 lr=7.16e-06 elapsed=198.3min
  e075 it0200/219 loss=0.0298 lr=6.43e-06 elapsed=198.7min
[epoch 075] train=0.0299  val_loss=1.0055  mIoU_fg=0.4548
  e076 it0050/219 loss=0.0316 lr=5.47e-06 elapsed=199.9min
  e076 it0100/219 loss=0.0292 lr=4.83e-06 elapsed=200.4min
  e076 it0150/219 loss=0.0286 lr=4.23e-06 elapsed=200.9min
  e076 it0200/219 loss=0.0297 lr=3.67e-06 elapsed=201.4min
[epoch 076] train=0.0308  val_loss=1.0073  mIoU_fg=0.4545
  e077 it0050/219 loss=0.0292 lr=2.96e-06 elapsed=202.5min
  e077 it0100/219 loss=0.0303 lr=2.49e-06 elapsed=203.0min
  e077 it0150/219 loss=0.0302 lr=2.06e-06 elapsed=203.5min
  e077 it0200/219 loss=0.0306 lr=1.68e-06 elapsed=204.0min
[epoch 077] train=0.0301  val_loss=1.0062  mIoU_fg=0.4547
  e078 it0050/219 loss=0.0318 lr=1.21e-06 elapsed=205.2min
  e078 it0100/219 loss=0.0305 lr=9.18e-07 elapsed=205.6min
  e078 it0150/219 loss=0.0313 lr=6.67e-07 elapsed=206.1min
  e078 it0200/219 loss=0.0302 lr=4.55e-07 elapsed=206.6min
[epoch 078] train=0.0300  val_loss=1.0069  mIoU_fg=0.4547
  e079 it0050/219 loss=0.0267 lr=2.30e-07 elapsed=207.8min
  e079 it0100/219 loss=0.0295 lr=1.14e-07 elapsed=208.2min
  e079 it0150/219 loss=0.0298 lr=3.83e-08 elapsed=208.7min
  e079 it0200/219 loss=0.0297 lr=2.90e-09 elapsed=209.2min
[epoch 079] train=0.0300  val_loss=1.0065  mIoU_fg=0.4548
[done] best_mIoU_fg=0.4858  total_time=210.0min
[slurm] done=2026-06-26T20:58:27+02:00
