[slurm] host=nodemm02  job=855652  start=2026-06-18T15:06:26+02:00
[slurm] btype=dinov3 id=vitl16 size=512 epochs=80 batch=32 lr=1e-3 head=linear multi_block=none multilabel=0 fpn_blocks=default fpn_dim=default out=dinoseg_dw_dinov3l_512
NVIDIA GeForce RTX 3090, 24576 MiB
[data] train=3489  val=739  fg classes=20  mode=single-label
[model] head=linear  trainable_params=21,525
  e000 it0050/110 loss=2.9374 lr=1.00e-03 elapsed=1.8min
  e000 it0100/110 loss=2.5378 lr=1.00e-03 elapsed=3.5min
[epoch 000] train=2.4783  val_loss=1.8264  mIoU_fg=0.0424
  [best] mIoU_fg=0.0424 saved -> /home/ids/diecidue/results/waste_vlm/dinoseg_dw_dinov3l_512/best.pt
  e001 it0050/110 loss=1.8675 lr=9.99e-04 elapsed=6.6min
  e001 it0100/110 loss=1.7899 lr=9.99e-04 elapsed=8.3min
[epoch 001] train=1.7793  val_loss=1.6223  mIoU_fg=0.1124
  [best] mIoU_fg=0.1124 saved -> /home/ids/diecidue/results/waste_vlm/dinoseg_dw_dinov3l_512/best.pt
  e002 it0050/110 loss=1.6684 lr=9.98e-04 elapsed=11.4min
  e002 it0100/110 loss=1.6302 lr=9.97e-04 elapsed=13.2min
[epoch 002] train=1.6201  val_loss=1.5301  mIoU_fg=0.1752
  [best] mIoU_fg=0.1752 saved -> /home/ids/diecidue/results/waste_vlm/dinoseg_dw_dinov3l_512/best.pt
  e003 it0050/110 loss=1.5262 lr=9.95e-04 elapsed=16.3min
  e003 it0100/110 loss=1.5420 lr=9.94e-04 elapsed=18.0min
[epoch 003] train=1.5345  val_loss=1.4822  mIoU_fg=0.2102
  [best] mIoU_fg=0.2102 saved -> /home/ids/diecidue/results/waste_vlm/dinoseg_dw_dinov3l_512/best.pt
  e004 it0050/110 loss=1.5263 lr=9.92e-04 elapsed=21.1min
  e004 it0100/110 loss=1.4849 lr=9.91e-04 elapsed=22.9min
[epoch 004] train=1.4854  val_loss=1.4443  mIoU_fg=0.2243
  [best] mIoU_fg=0.2243 saved -> /home/ids/diecidue/results/waste_vlm/dinoseg_dw_dinov3l_512/best.pt
  e005 it0050/110 loss=1.4411 lr=9.89e-04 elapsed=26.0min
  e005 it0100/110 loss=1.4424 lr=9.87e-04 elapsed=27.7min
[epoch 005] train=1.4419  val_loss=1.4144  mIoU_fg=0.2650
  [best] mIoU_fg=0.2650 saved -> /home/ids/diecidue/results/waste_vlm/dinoseg_dw_dinov3l_512/best.pt
  e006 it0050/110 loss=1.4115 lr=9.84e-04 elapsed=30.8min
  e006 it0100/110 loss=1.4168 lr=9.82e-04 elapsed=32.6min
[epoch 006] train=1.4119  val_loss=1.3942  mIoU_fg=0.2672
  [best] mIoU_fg=0.2672 saved -> /home/ids/diecidue/results/waste_vlm/dinoseg_dw_dinov3l_512/best.pt
  e007 it0050/110 loss=1.3800 lr=9.79e-04 elapsed=35.7min
  e007 it0100/110 loss=1.3903 lr=9.76e-04 elapsed=37.4min
[epoch 007] train=1.3865  val_loss=1.3813  mIoU_fg=0.2720
  [best] mIoU_fg=0.2720 saved -> /home/ids/diecidue/results/waste_vlm/dinoseg_dw_dinov3l_512/best.pt
  e008 it0050/110 loss=1.3720 lr=9.73e-04 elapsed=40.5min
  e008 it0100/110 loss=1.3717 lr=9.70e-04 elapsed=42.3min
[epoch 008] train=1.3682  val_loss=1.3676  mIoU_fg=0.2850
  [best] mIoU_fg=0.2850 saved -> /home/ids/diecidue/results/waste_vlm/dinoseg_dw_dinov3l_512/best.pt
  e009 it0050/110 loss=1.3457 lr=9.66e-04 elapsed=45.4min
  e009 it0100/110 loss=1.3537 lr=9.63e-04 elapsed=47.1min
[epoch 009] train=1.3527  val_loss=1.3550  mIoU_fg=0.2944
  [best] mIoU_fg=0.2944 saved -> /home/ids/diecidue/results/waste_vlm/dinoseg_dw_dinov3l_512/best.pt
  e010 it0050/110 loss=1.3532 lr=9.58e-04 elapsed=50.2min
  e010 it0100/110 loss=1.3487 lr=9.55e-04 elapsed=52.0min
[epoch 010] train=1.3427  val_loss=1.3438  mIoU_fg=0.3088
  [best] mIoU_fg=0.3088 saved -> /home/ids/diecidue/results/waste_vlm/dinoseg_dw_dinov3l_512/best.pt
  e011 it0050/110 loss=1.3431 lr=9.50e-04 elapsed=55.1min
  e011 it0100/110 loss=1.3302 lr=9.46e-04 elapsed=56.8min
[epoch 011] train=1.3315  val_loss=1.3353  mIoU_fg=0.3097
  [best] mIoU_fg=0.3097 saved -> /home/ids/diecidue/results/waste_vlm/dinoseg_dw_dinov3l_512/best.pt
  e012 it0050/110 loss=1.3145 lr=9.41e-04 elapsed=59.9min
  e012 it0100/110 loss=1.3212 lr=9.37e-04 elapsed=61.7min
[epoch 012] train=1.3237  val_loss=1.3286  mIoU_fg=0.3267
  [best] mIoU_fg=0.3267 saved -> /home/ids/diecidue/results/waste_vlm/dinoseg_dw_dinov3l_512/best.pt
  e013 it0050/110 loss=1.2906 lr=9.32e-04 elapsed=64.8min
  e013 it0100/110 loss=1.3070 lr=9.27e-04 elapsed=66.5min
[epoch 013] train=1.3062  val_loss=1.3201  mIoU_fg=0.3223
  e014 it0050/110 loss=1.2845 lr=9.22e-04 elapsed=69.6min
  e014 it0100/110 loss=1.3006 lr=9.17e-04 elapsed=71.4min
[epoch 014] train=1.2947  val_loss=1.3143  mIoU_fg=0.3387
  [best] mIoU_fg=0.3387 saved -> /home/ids/diecidue/results/waste_vlm/dinoseg_dw_dinov3l_512/best.pt
  e015 it0050/110 loss=1.2910 lr=9.11e-04 elapsed=74.5min
  e015 it0100/110 loss=1.2894 lr=9.06e-04 elapsed=76.2min
[epoch 015] train=1.2861  val_loss=1.3052  mIoU_fg=0.3321
  e016 it0050/110 loss=1.2732 lr=8.99e-04 elapsed=79.3min
  e016 it0100/110 loss=1.2869 lr=8.94e-04 elapsed=81.0min
[epoch 016] train=1.2803  val_loss=1.3008  mIoU_fg=0.3404
  [best] mIoU_fg=0.3404 saved -> /home/ids/diecidue/results/waste_vlm/dinoseg_dw_dinov3l_512/best.pt
  e017 it0050/110 loss=1.2695 lr=8.87e-04 elapsed=84.1min
  e017 it0100/110 loss=1.2797 lr=8.81e-04 elapsed=85.9min
[epoch 017] train=1.2783  val_loss=1.3011  mIoU_fg=0.3485
  [best] mIoU_fg=0.3485 saved -> /home/ids/diecidue/results/waste_vlm/dinoseg_dw_dinov3l_512/best.pt
  e018 it0050/110 loss=1.2813 lr=8.74e-04 elapsed=89.0min
  e018 it0100/110 loss=1.2703 lr=8.68e-04 elapsed=90.7min
[epoch 018] train=1.2710  val_loss=1.2907  mIoU_fg=0.3503
  [best] mIoU_fg=0.3503 saved -> /home/ids/diecidue/results/waste_vlm/dinoseg_dw_dinov3l_512/best.pt
  e019 it0050/110 loss=1.2729 lr=8.61e-04 elapsed=93.8min
  e019 it0100/110 loss=1.2680 lr=8.55e-04 elapsed=95.6min
[epoch 019] train=1.2684  val_loss=1.2874  mIoU_fg=0.3492
  e020 it0050/110 loss=1.2759 lr=8.47e-04 elapsed=98.6min
  e020 it0100/110 loss=1.2611 lr=8.41e-04 elapsed=100.4min
[epoch 020] train=1.2606  val_loss=1.2804  mIoU_fg=0.3515
  [best] mIoU_fg=0.3515 saved -> /home/ids/diecidue/results/waste_vlm/dinoseg_dw_dinov3l_512/best.pt
  e021 it0050/110 loss=1.2380 lr=8.33e-04 elapsed=103.5min
  e021 it0100/110 loss=1.2612 lr=8.26e-04 elapsed=105.2min
[epoch 021] train=1.2597  val_loss=1.2766  mIoU_fg=0.3588
  [best] mIoU_fg=0.3588 saved -> /home/ids/diecidue/results/waste_vlm/dinoseg_dw_dinov3l_512/best.pt
  e022 it0050/110 loss=1.2477 lr=8.18e-04 elapsed=108.4min
  e022 it0100/110 loss=1.2486 lr=8.11e-04 elapsed=110.1min
[epoch 022] train=1.2513  val_loss=1.2773  mIoU_fg=0.3636
  [best] mIoU_fg=0.3636 saved -> /home/ids/diecidue/results/waste_vlm/dinoseg_dw_dinov3l_512/best.pt
  e023 it0050/110 loss=1.2443 lr=8.02e-04 elapsed=113.2min
  e023 it0100/110 loss=1.2448 lr=7.95e-04 elapsed=115.0min
[epoch 023] train=1.2435  val_loss=1.2720  mIoU_fg=0.3659
  [best] mIoU_fg=0.3659 saved -> /home/ids/diecidue/results/waste_vlm/dinoseg_dw_dinov3l_512/best.pt
  e024 it0050/110 loss=1.2310 lr=7.87e-04 elapsed=118.1min
  e024 it0100/110 loss=1.2445 lr=7.79e-04 elapsed=119.8min
[epoch 024] train=1.2414  val_loss=1.2692  mIoU_fg=0.3618
  e025 it0050/110 loss=1.2316 lr=7.70e-04 elapsed=122.9min
  e025 it0100/110 loss=1.2393 lr=7.63e-04 elapsed=124.6min
[epoch 025] train=1.2382  val_loss=1.2649  mIoU_fg=0.3680
  [best] mIoU_fg=0.3680 saved -> /home/ids/diecidue/results/waste_vlm/dinoseg_dw_dinov3l_512/best.pt
  e026 it0050/110 loss=1.2352 lr=7.54e-04 elapsed=127.7min
  e026 it0100/110 loss=1.2375 lr=7.46e-04 elapsed=129.5min
[epoch 026] train=1.2380  val_loss=1.2654  mIoU_fg=0.3685
  [best] mIoU_fg=0.3685 saved -> /home/ids/diecidue/results/waste_vlm/dinoseg_dw_dinov3l_512/best.pt
  e027 it0050/110 loss=1.2432 lr=7.36e-04 elapsed=132.6min
  e027 it0100/110 loss=1.2339 lr=7.29e-04 elapsed=134.3min
[epoch 027] train=1.2304  val_loss=1.2619  mIoU_fg=0.3732
  [best] mIoU_fg=0.3732 saved -> /home/ids/diecidue/results/waste_vlm/dinoseg_dw_dinov3l_512/best.pt
  e028 it0050/110 loss=1.2137 lr=7.19e-04 elapsed=137.5min
  e028 it0100/110 loss=1.2308 lr=7.11e-04 elapsed=139.2min
[epoch 028] train=1.2291  val_loss=1.2593  mIoU_fg=0.3743
  [best] mIoU_fg=0.3743 saved -> /home/ids/diecidue/results/waste_vlm/dinoseg_dw_dinov3l_512/best.pt
  e029 it0050/110 loss=1.2419 lr=7.01e-04 elapsed=142.3min
  e029 it0100/110 loss=1.2330 lr=6.93e-04 elapsed=144.1min
[epoch 029] train=1.2322  val_loss=1.2572  mIoU_fg=0.3745
  [best] mIoU_fg=0.3745 saved -> /home/ids/diecidue/results/waste_vlm/dinoseg_dw_dinov3l_512/best.pt
  e030 it0050/110 loss=1.2429 lr=6.83e-04 elapsed=147.2min
  e030 it0100/110 loss=1.2261 lr=6.75e-04 elapsed=148.9min
[epoch 030] train=1.2230  val_loss=1.2541  mIoU_fg=0.3824
  [best] mIoU_fg=0.3824 saved -> /home/ids/diecidue/results/waste_vlm/dinoseg_dw_dinov3l_512/best.pt
  e031 it0050/110 loss=1.2209 lr=6.65e-04 elapsed=152.0min
  e031 it0100/110 loss=1.2197 lr=6.56e-04 elapsed=153.8min
[epoch 031] train=1.2199  val_loss=1.2531  mIoU_fg=0.3785
  e032 it0050/110 loss=1.2012 lr=6.46e-04 elapsed=156.8min
  e032 it0100/110 loss=1.2166 lr=6.37e-04 elapsed=158.6min
[epoch 032] train=1.2178  val_loss=1.2473  mIoU_fg=0.3754
  e033 it0050/110 loss=1.2174 lr=6.27e-04 elapsed=161.6min
  e033 it0100/110 loss=1.2165 lr=6.18e-04 elapsed=163.4min
[epoch 033] train=1.2160  val_loss=1.2484  mIoU_fg=0.3824
  [best] mIoU_fg=0.3824 saved -> /home/ids/diecidue/results/waste_vlm/dinoseg_dw_dinov3l_512/best.pt
  e034 it0050/110 loss=1.1991 lr=6.08e-04 elapsed=166.5min
  e034 it0100/110 loss=1.2156 lr=5.99e-04 elapsed=168.2min
[epoch 034] train=1.2132  val_loss=1.2462  mIoU_fg=0.3793
  e035 it0050/110 loss=1.2043 lr=5.89e-04 elapsed=171.3min
  e035 it0100/110 loss=1.2144 lr=5.80e-04 elapsed=173.0min
[epoch 035] train=1.2111  val_loss=1.2443  mIoU_fg=0.3870
  [best] mIoU_fg=0.3870 saved -> /home/ids/diecidue/results/waste_vlm/dinoseg_dw_dinov3l_512/best.pt
  e036 it0050/110 loss=1.2088 lr=5.69e-04 elapsed=176.1min
  e036 it0100/110 loss=1.2093 lr=5.61e-04 elapsed=177.9min
[epoch 036] train=1.2074  val_loss=1.2427  mIoU_fg=0.3863
  e037 it0050/110 loss=1.1901 lr=5.50e-04 elapsed=180.9min
  e037 it0100/110 loss=1.2070 lr=5.41e-04 elapsed=182.7min
[epoch 037] train=1.2061  val_loss=1.2394  mIoU_fg=0.3804
  e038 it0050/110 loss=1.2046 lr=5.30e-04 elapsed=185.7min
  e038 it0100/110 loss=1.2080 lr=5.21e-04 elapsed=187.5min
[epoch 038] train=1.2048  val_loss=1.2390  mIoU_fg=0.3801
  e039 it0050/110 loss=1.1993 lr=5.11e-04 elapsed=190.5min
  e039 it0100/110 loss=1.1995 lr=5.02e-04 elapsed=192.3min
[epoch 039] train=1.2018  val_loss=1.2389  mIoU_fg=0.3840
  e040 it0050/110 loss=1.2147 lr=4.91e-04 elapsed=195.3min
  e040 it0100/110 loss=1.2026 lr=4.82e-04 elapsed=197.1min
[epoch 040] train=1.2019  val_loss=1.2370  mIoU_fg=0.3844
  e041 it0050/110 loss=1.1846 lr=4.71e-04 elapsed=200.1min
  e041 it0100/110 loss=1.2035 lr=4.63e-04 elapsed=201.9min
[epoch 041] train=1.2015  val_loss=1.2381  mIoU_fg=0.3841
  e042 it0050/110 loss=1.1917 lr=4.52e-04 elapsed=204.9min
  e042 it0100/110 loss=1.1981 lr=4.43e-04 elapsed=206.7min
[epoch 042] train=1.1973  val_loss=1.2370  mIoU_fg=0.3848
  e043 it0050/110 loss=1.2190 lr=4.32e-04 elapsed=209.7min
  e043 it0100/110 loss=1.1987 lr=4.24e-04 elapsed=211.5min
[epoch 043] train=1.1990  val_loss=1.2371  mIoU_fg=0.3859
  e044 it0050/110 loss=1.1961 lr=4.13e-04 elapsed=214.5min
  e044 it0100/110 loss=1.2014 lr=4.04e-04 elapsed=216.3min
[epoch 044] train=1.1996  val_loss=1.2350  mIoU_fg=0.3851
  e045 it0050/110 loss=1.1973 lr=3.94e-04 elapsed=219.3min
  e045 it0100/110 loss=1.1968 lr=3.85e-04 elapsed=221.1min
[epoch 045] train=1.1968  val_loss=1.2326  mIoU_fg=0.3856
  e046 it0050/110 loss=1.1893 lr=3.75e-04 elapsed=224.1min
  e046 it0100/110 loss=1.1946 lr=3.66e-04 elapsed=225.9min
[epoch 046] train=1.1953  val_loss=1.2308  mIoU_fg=0.3883
  [best] mIoU_fg=0.3883 saved -> /home/ids/diecidue/results/waste_vlm/dinoseg_dw_dinov3l_512/best.pt
  e047 it0050/110 loss=1.1747 lr=3.56e-04 elapsed=229.0min
  e047 it0100/110 loss=1.1936 lr=3.47e-04 elapsed=230.7min
[epoch 047] train=1.1943  val_loss=1.2307  mIoU_fg=0.3871
  e048 it0050/110 loss=1.1941 lr=3.37e-04 elapsed=233.7min
  e048 it0100/110 loss=1.1972 lr=3.29e-04 elapsed=235.5min
[epoch 048] train=1.1929  val_loss=1.2300  mIoU_fg=0.3888
  [best] mIoU_fg=0.3888 saved -> /home/ids/diecidue/results/waste_vlm/dinoseg_dw_dinov3l_512/best.pt
  e049 it0050/110 loss=1.1894 lr=3.19e-04 elapsed=238.6min
  e049 it0100/110 loss=1.1935 lr=3.10e-04 elapsed=240.3min
[epoch 049] train=1.1905  val_loss=1.2309  mIoU_fg=0.3907
  [best] mIoU_fg=0.3907 saved -> /home/ids/diecidue/results/waste_vlm/dinoseg_dw_dinov3l_512/best.pt
  e050 it0050/110 loss=1.1852 lr=3.00e-04 elapsed=243.4min
  e050 it0100/110 loss=1.1905 lr=2.92e-04 elapsed=245.2min
[epoch 050] train=1.1904  val_loss=1.2292  mIoU_fg=0.3911
  [best] mIoU_fg=0.3911 saved -> /home/ids/diecidue/results/waste_vlm/dinoseg_dw_dinov3l_512/best.pt
  e051 it0050/110 loss=1.1797 lr=2.83e-04 elapsed=248.3min
  e051 it0100/110 loss=1.1886 lr=2.75e-04 elapsed=250.0min
[epoch 051] train=1.1876  val_loss=1.2288  mIoU_fg=0.3890
  e052 it0050/110 loss=1.1958 lr=2.65e-04 elapsed=253.1min
  e052 it0100/110 loss=1.1915 lr=2.57e-04 elapsed=254.8min
[epoch 052] train=1.1889  val_loss=1.2277  mIoU_fg=0.3901
  e053 it0050/110 loss=1.1928 lr=2.48e-04 elapsed=257.8min
  e053 it0100/110 loss=1.1916 lr=2.40e-04 elapsed=259.6min
[epoch 053] train=1.1882  val_loss=1.2268  mIoU_fg=0.3891
  e054 it0050/110 loss=1.1986 lr=2.31e-04 elapsed=262.6min
  e054 it0100/110 loss=1.1919 lr=2.24e-04 elapsed=264.4min
[epoch 054] train=1.1888  val_loss=1.2266  mIoU_fg=0.3902
  e055 it0050/110 loss=1.1880 lr=2.15e-04 elapsed=267.4min
  e055 it0100/110 loss=1.1838 lr=2.08e-04 elapsed=269.2min
[epoch 055] train=1.1841  val_loss=1.2258  mIoU_fg=0.3904
  e056 it0050/110 loss=1.1862 lr=1.99e-04 elapsed=272.2min
  e056 it0100/110 loss=1.1908 lr=1.92e-04 elapsed=274.0min
[epoch 056] train=1.1847  val_loss=1.2260  mIoU_fg=0.3903
  e057 it0050/110 loss=1.1917 lr=1.83e-04 elapsed=277.1min
  e057 it0100/110 loss=1.1887 lr=1.77e-04 elapsed=278.8min
[epoch 057] train=1.1862  val_loss=1.2259  mIoU_fg=0.3904
  e058 it0050/110 loss=1.1957 lr=1.69e-04 elapsed=281.9min
  e058 it0100/110 loss=1.1887 lr=1.62e-04 elapsed=283.6min
[epoch 058] train=1.1873  val_loss=1.2261  mIoU_fg=0.3904
  e059 it0050/110 loss=1.1907 lr=1.54e-04 elapsed=286.6min
  e059 it0100/110 loss=1.1881 lr=1.48e-04 elapsed=288.4min
[epoch 059] train=1.1891  val_loss=1.2260  mIoU_fg=0.3909
  e060 it0050/110 loss=1.1807 lr=1.40e-04 elapsed=291.4min
  e060 it0100/110 loss=1.1876 lr=1.34e-04 elapsed=293.2min
[epoch 060] train=1.1858  val_loss=1.2251  mIoU_fg=0.3906
  e061 it0050/110 loss=1.1911 lr=1.27e-04 elapsed=296.2min
  e061 it0100/110 loss=1.1874 lr=1.21e-04 elapsed=298.0min
[epoch 061] train=1.1969  val_loss=1.2250  mIoU_fg=0.3917
  [best] mIoU_fg=0.3917 saved -> /home/ids/diecidue/results/waste_vlm/dinoseg_dw_dinov3l_512/best.pt
  e062 it0050/110 loss=1.1783 lr=1.14e-04 elapsed=301.1min
  e062 it0100/110 loss=1.1850 lr=1.08e-04 elapsed=302.8min
[epoch 062] train=1.1854  val_loss=1.2243  mIoU_fg=0.3940
  [best] mIoU_fg=0.3940 saved -> /home/ids/diecidue/results/waste_vlm/dinoseg_dw_dinov3l_512/best.pt
  e063 it0050/110 loss=1.1809 lr=1.02e-04 elapsed=305.9min
  e063 it0100/110 loss=1.1851 lr=9.65e-05 elapsed=307.7min
[epoch 063] train=1.1828  val_loss=1.2242  mIoU_fg=0.3938
  e064 it0050/110 loss=1.1773 lr=9.03e-05 elapsed=310.7min
  e064 it0100/110 loss=1.1827 lr=8.53e-05 elapsed=312.5min
[epoch 064] train=1.1825  val_loss=1.2242  mIoU_fg=0.3927
  e065 it0050/110 loss=1.1895 lr=7.94e-05 elapsed=315.5min
  e065 it0100/110 loss=1.1804 lr=7.46e-05 elapsed=317.3min
[epoch 065] train=1.1817  val_loss=1.2242  mIoU_fg=0.3921
  e066 it0050/110 loss=1.1812 lr=6.91e-05 elapsed=320.3min
  e066 it0100/110 loss=1.1869 lr=6.46e-05 elapsed=322.1min
[epoch 066] train=1.1840  val_loss=1.2238  mIoU_fg=0.3915
  e067 it0050/110 loss=1.1719 lr=5.95e-05 elapsed=325.1min
  e067 it0100/110 loss=1.1806 lr=5.53e-05 elapsed=326.9min
[epoch 067] train=1.1814  val_loss=1.2237  mIoU_fg=0.3920
  e068 it0050/110 loss=1.1798 lr=5.05e-05 elapsed=329.9min
  e068 it0100/110 loss=1.1838 lr=4.67e-05 elapsed=331.7min
[epoch 068] train=1.1879  val_loss=1.2238  mIoU_fg=0.3919
  e069 it0050/110 loss=1.1792 lr=4.23e-05 elapsed=334.7min
  e069 it0100/110 loss=1.1824 lr=3.87e-05 elapsed=336.4min
[epoch 069] train=1.1829  val_loss=1.2238  mIoU_fg=0.3930
  e070 it0050/110 loss=1.1981 lr=3.47e-05 elapsed=339.5min
  e070 it0100/110 loss=1.1849 lr=3.15e-05 elapsed=341.2min
[epoch 070] train=1.1819  val_loss=1.2237  mIoU_fg=0.3926
  e071 it0050/110 loss=1.1738 lr=2.79e-05 elapsed=344.3min
  e071 it0100/110 loss=1.1823 lr=2.50e-05 elapsed=346.0min
[epoch 071] train=1.1817  val_loss=1.2237  mIoU_fg=0.3924
  e072 it0050/110 loss=1.1851 lr=2.18e-05 elapsed=349.0min
  e072 it0100/110 loss=1.1842 lr=1.93e-05 elapsed=350.8min
[epoch 072] train=1.1916  val_loss=1.2237  mIoU_fg=0.3924
  e073 it0050/110 loss=1.1998 lr=1.64e-05 elapsed=353.8min
  e073 it0100/110 loss=1.1852 lr=1.42e-05 elapsed=355.6min
[epoch 073] train=1.1803  val_loss=1.2236  mIoU_fg=0.3924
  e074 it0050/110 loss=1.1803 lr=1.18e-05 elapsed=358.6min
  e074 it0100/110 loss=1.1846 lr=9.96e-06 elapsed=360.4min
[epoch 074] train=1.1837  val_loss=1.2236  mIoU_fg=0.3924
  e075 it0050/110 loss=1.1874 lr=7.94e-06 elapsed=363.4min
  e075 it0100/110 loss=1.1835 lr=6.44e-06 elapsed=365.2min
[epoch 075] train=1.1825  val_loss=1.2236  mIoU_fg=0.3924
  e076 it0050/110 loss=1.1884 lr=4.84e-06 elapsed=368.2min
  e076 it0100/110 loss=1.1853 lr=3.68e-06 elapsed=369.9min
[epoch 076] train=1.1825  val_loss=1.2235  mIoU_fg=0.3924
  e077 it0050/110 loss=1.1874 lr=2.50e-06 elapsed=373.0min
  e077 it0100/110 loss=1.1835 lr=1.68e-06 elapsed=374.7min
[epoch 077] train=1.1824  val_loss=1.2235  mIoU_fg=0.3925
  e078 it0050/110 loss=1.1946 lr=9.21e-07 elapsed=377.8min
  e078 it0100/110 loss=1.1872 lr=4.59e-07 elapsed=379.5min
[epoch 078] train=1.1816  val_loss=1.2235  mIoU_fg=0.3925
  e079 it0050/110 loss=1.1800 lr=1.15e-07 elapsed=382.6min
  e079 it0100/110 loss=1.1854 lr=3.19e-09 elapsed=384.3min
[epoch 079] train=1.1825  val_loss=1.2235  mIoU_fg=0.3925
[done] best_mIoU_fg=0.3940  total_time=385.6min
[slurm] done=2026-06-18T21:32:19+02:00
