[slurm] host=node52  job=865101  start=2026-06-26T18:56:35+02:00
[slurm] btype=dinov3 id=default size=512 epochs=80 batch=16 lr=1e-3 head=conv multi_block=2,5,8,11 multilabel=0 fpn_blocks=default fpn_dim=default fpn_merge=add out=dinoseg_dw_dinov3b_mb_conv
NVIDIA L40S, 46068 MiB
[data] train=3489  val=739  fg classes=20  mode=single-label
[model] head=conv  trainable_params=7,083,541
  e000 it0050/219 loss=2.6094 lr=1.00e-03 elapsed=0.3min
  e000 it0100/219 loss=1.9463 lr=1.00e-03 elapsed=0.4min
  e000 it0150/219 loss=1.6638 lr=1.00e-03 elapsed=0.6min
  e000 it0200/219 loss=1.4913 lr=1.00e-03 elapsed=0.8min
[epoch 000] train=1.4281  val_loss=0.7201  mIoU_fg=0.2521
  [best] mIoU_fg=0.2521 saved -> /home/ids/diecidue/results/waste_vlm/dinoseg_dw_dinov3b_mb_conv/best.pt
  e001 it0050/219 loss=0.7428 lr=9.99e-04 elapsed=1.4min
  e001 it0100/219 loss=0.7341 lr=9.99e-04 elapsed=1.6min
  e001 it0150/219 loss=0.7196 lr=9.99e-04 elapsed=1.7min
  e001 it0200/219 loss=0.7267 lr=9.99e-04 elapsed=1.9min
[epoch 001] train=0.7202  val_loss=0.6043  mIoU_fg=0.3041
  [best] mIoU_fg=0.3041 saved -> /home/ids/diecidue/results/waste_vlm/dinoseg_dw_dinov3b_mb_conv/best.pt
  e002 it0050/219 loss=0.5520 lr=9.98e-04 elapsed=2.5min
  e002 it0100/219 loss=0.5812 lr=9.98e-04 elapsed=2.7min
  e002 it0150/219 loss=0.5922 lr=9.97e-04 elapsed=2.9min
  e002 it0200/219 loss=0.5882 lr=9.97e-04 elapsed=3.0min
[epoch 002] train=0.5824  val_loss=0.5087  mIoU_fg=0.2905
  e003 it0050/219 loss=0.5327 lr=9.96e-04 elapsed=3.6min
  e003 it0100/219 loss=0.5103 lr=9.95e-04 elapsed=3.8min
  e003 it0150/219 loss=0.4974 lr=9.95e-04 elapsed=4.0min
  e003 it0200/219 loss=0.5125 lr=9.94e-04 elapsed=4.2min
[epoch 003] train=0.5201  val_loss=0.4460  mIoU_fg=0.3537
  [best] mIoU_fg=0.3537 saved -> /home/ids/diecidue/results/waste_vlm/dinoseg_dw_dinov3b_mb_conv/best.pt
  e004 it0050/219 loss=0.4634 lr=9.93e-04 elapsed=4.7min
  e004 it0100/219 loss=0.4627 lr=9.92e-04 elapsed=4.9min
  e004 it0150/219 loss=0.4761 lr=9.92e-04 elapsed=5.1min
  e004 it0200/219 loss=0.4690 lr=9.91e-04 elapsed=5.3min
[epoch 004] train=0.4633  val_loss=0.5023  mIoU_fg=0.3608
  [best] mIoU_fg=0.3608 saved -> /home/ids/diecidue/results/waste_vlm/dinoseg_dw_dinov3b_mb_conv/best.pt
  e005 it0050/219 loss=0.3699 lr=9.89e-04 elapsed=5.9min
  e005 it0100/219 loss=0.4132 lr=9.89e-04 elapsed=6.0min
  e005 it0150/219 loss=0.4251 lr=9.88e-04 elapsed=6.2min
  e005 it0200/219 loss=0.4213 lr=9.87e-04 elapsed=6.4min
[epoch 005] train=0.4290  val_loss=0.4506  mIoU_fg=0.3829
  [best] mIoU_fg=0.3829 saved -> /home/ids/diecidue/results/waste_vlm/dinoseg_dw_dinov3b_mb_conv/best.pt
  e006 it0050/219 loss=0.3958 lr=9.85e-04 elapsed=7.0min
  e006 it0100/219 loss=0.4017 lr=9.84e-04 elapsed=7.2min
  e006 it0150/219 loss=0.4008 lr=9.83e-04 elapsed=7.3min
  e006 it0200/219 loss=0.3987 lr=9.82e-04 elapsed=7.5min
[epoch 006] train=0.3953  val_loss=0.3994  mIoU_fg=0.3834
  [best] mIoU_fg=0.3834 saved -> /home/ids/diecidue/results/waste_vlm/dinoseg_dw_dinov3b_mb_conv/best.pt
  e007 it0050/219 loss=0.3681 lr=9.80e-04 elapsed=8.1min
  e007 it0100/219 loss=0.3500 lr=9.79e-04 elapsed=8.3min
  e007 it0150/219 loss=0.3494 lr=9.77e-04 elapsed=8.5min
  e007 it0200/219 loss=0.3652 lr=9.76e-04 elapsed=8.6min
[epoch 007] train=0.3674  val_loss=0.4629  mIoU_fg=0.4159
  [best] mIoU_fg=0.4159 saved -> /home/ids/diecidue/results/waste_vlm/dinoseg_dw_dinov3b_mb_conv/best.pt
  e008 it0050/219 loss=0.4014 lr=9.74e-04 elapsed=9.2min
  e008 it0100/219 loss=0.3732 lr=9.73e-04 elapsed=9.4min
  e008 it0150/219 loss=0.3613 lr=9.71e-04 elapsed=9.6min
  e008 it0200/219 loss=0.3590 lr=9.70e-04 elapsed=9.8min
[epoch 008] train=0.3635  val_loss=0.5152  mIoU_fg=0.3693
  e009 it0050/219 loss=0.3087 lr=9.68e-04 elapsed=10.3min
  e009 it0100/219 loss=0.3245 lr=9.66e-04 elapsed=10.5min
  e009 it0150/219 loss=0.3301 lr=9.64e-04 elapsed=10.7min
  e009 it0200/219 loss=0.3396 lr=9.63e-04 elapsed=10.9min
[epoch 009] train=0.3373  val_loss=0.4331  mIoU_fg=0.4187
  [best] mIoU_fg=0.4187 saved -> /home/ids/diecidue/results/waste_vlm/dinoseg_dw_dinov3b_mb_conv/best.pt
  e010 it0050/219 loss=0.3066 lr=9.60e-04 elapsed=11.5min
  e010 it0100/219 loss=0.3257 lr=9.58e-04 elapsed=11.6min
  e010 it0150/219 loss=0.3121 lr=9.57e-04 elapsed=11.8min
  e010 it0200/219 loss=0.3073 lr=9.55e-04 elapsed=12.0min
[epoch 010] train=0.3119  val_loss=0.3770  mIoU_fg=0.3943
  e011 it0050/219 loss=0.2826 lr=9.52e-04 elapsed=12.6min
  e011 it0100/219 loss=0.2954 lr=9.50e-04 elapsed=12.8min
  e011 it0150/219 loss=0.2960 lr=9.48e-04 elapsed=12.9min
  e011 it0200/219 loss=0.3014 lr=9.46e-04 elapsed=13.1min
[epoch 011] train=0.3081  val_loss=0.3769  mIoU_fg=0.4400
  [best] mIoU_fg=0.4400 saved -> /home/ids/diecidue/results/waste_vlm/dinoseg_dw_dinov3b_mb_conv/best.pt
  e012 it0050/219 loss=0.3130 lr=9.43e-04 elapsed=13.7min
  e012 it0100/219 loss=0.3024 lr=9.41e-04 elapsed=13.9min
  e012 it0150/219 loss=0.3173 lr=9.39e-04 elapsed=14.1min
  e012 it0200/219 loss=0.3188 lr=9.37e-04 elapsed=14.2min
[epoch 012] train=0.3122  val_loss=0.3867  mIoU_fg=0.4352
  e013 it0050/219 loss=0.2777 lr=9.34e-04 elapsed=14.8min
  e013 it0100/219 loss=0.2710 lr=9.32e-04 elapsed=15.0min
  e013 it0150/219 loss=0.2743 lr=9.30e-04 elapsed=15.2min
  e013 it0200/219 loss=0.2738 lr=9.27e-04 elapsed=15.3min
[epoch 013] train=0.2707  val_loss=0.4428  mIoU_fg=0.4380
  e014 it0050/219 loss=0.3304 lr=9.24e-04 elapsed=15.9min
  e014 it0100/219 loss=0.2924 lr=9.22e-04 elapsed=16.1min
  e014 it0150/219 loss=0.2942 lr=9.19e-04 elapsed=16.3min
  e014 it0200/219 loss=0.2956 lr=9.17e-04 elapsed=16.5min
[epoch 014] train=0.3014  val_loss=0.4422  mIoU_fg=0.3974
  e015 it0050/219 loss=0.2677 lr=9.13e-04 elapsed=17.0min
  e015 it0100/219 loss=0.2519 lr=9.11e-04 elapsed=17.2min
  e015 it0150/219 loss=0.2597 lr=9.08e-04 elapsed=17.4min
  e015 it0200/219 loss=0.2667 lr=9.06e-04 elapsed=17.6min
[epoch 015] train=0.2692  val_loss=0.6040  mIoU_fg=0.4307
  e016 it0050/219 loss=0.2768 lr=9.02e-04 elapsed=18.1min
  e016 it0100/219 loss=0.2598 lr=8.99e-04 elapsed=18.3min
  e016 it0150/219 loss=0.2548 lr=8.96e-04 elapsed=18.5min
  e016 it0200/219 loss=0.2493 lr=8.94e-04 elapsed=18.7min
[epoch 016] train=0.2600  val_loss=0.4615  mIoU_fg=0.4576
  [best] mIoU_fg=0.4576 saved -> /home/ids/diecidue/results/waste_vlm/dinoseg_dw_dinov3b_mb_conv/best.pt
  e017 it0050/219 loss=0.2962 lr=8.90e-04 elapsed=19.3min
  e017 it0100/219 loss=0.2774 lr=8.87e-04 elapsed=19.4min
  e017 it0150/219 loss=0.2762 lr=8.84e-04 elapsed=19.6min
  e017 it0200/219 loss=0.2729 lr=8.81e-04 elapsed=19.8min
[epoch 017] train=0.2703  val_loss=0.4256  mIoU_fg=0.4494
  e018 it0050/219 loss=0.2060 lr=8.77e-04 elapsed=20.4min
  e018 it0100/219 loss=0.2191 lr=8.74e-04 elapsed=20.6min
  e018 it0150/219 loss=0.2133 lr=8.71e-04 elapsed=20.7min
  e018 it0200/219 loss=0.2154 lr=8.68e-04 elapsed=20.9min
[epoch 018] train=0.2169  val_loss=0.4013  mIoU_fg=0.4829
  [best] mIoU_fg=0.4829 saved -> /home/ids/diecidue/results/waste_vlm/dinoseg_dw_dinov3b_mb_conv/best.pt
  e019 it0050/219 loss=0.1913 lr=8.64e-04 elapsed=21.5min
  e019 it0100/219 loss=0.1899 lr=8.61e-04 elapsed=21.7min
  e019 it0150/219 loss=0.1900 lr=8.58e-04 elapsed=21.9min
  e019 it0200/219 loss=0.1964 lr=8.55e-04 elapsed=22.0min
[epoch 019] train=0.1981  val_loss=0.4831  mIoU_fg=0.4478
  e020 it0050/219 loss=0.2277 lr=8.50e-04 elapsed=22.6min
  e020 it0100/219 loss=0.2298 lr=8.47e-04 elapsed=22.8min
  e020 it0150/219 loss=0.2300 lr=8.44e-04 elapsed=23.0min
  e020 it0200/219 loss=0.2247 lr=8.41e-04 elapsed=23.1min
[epoch 020] train=0.2210  val_loss=0.3973  mIoU_fg=0.4480
  e021 it0050/219 loss=0.2003 lr=8.36e-04 elapsed=23.7min
  e021 it0100/219 loss=0.1922 lr=8.33e-04 elapsed=23.9min
  e021 it0150/219 loss=0.1985 lr=8.29e-04 elapsed=24.1min
  e021 it0200/219 loss=0.2003 lr=8.26e-04 elapsed=24.3min
[epoch 021] train=0.2018  val_loss=0.4636  mIoU_fg=0.4832
  [best] mIoU_fg=0.4832 saved -> /home/ids/diecidue/results/waste_vlm/dinoseg_dw_dinov3b_mb_conv/best.pt
  e022 it0050/219 loss=0.1868 lr=8.21e-04 elapsed=24.8min
  e022 it0100/219 loss=0.1789 lr=8.18e-04 elapsed=25.0min
  e022 it0150/219 loss=0.1828 lr=8.14e-04 elapsed=25.2min
  e022 it0200/219 loss=0.1810 lr=8.11e-04 elapsed=25.4min
[epoch 022] train=0.1796  val_loss=0.3852  mIoU_fg=0.4815
  e023 it0050/219 loss=0.1632 lr=8.06e-04 elapsed=26.0min
  e023 it0100/219 loss=0.1611 lr=8.02e-04 elapsed=26.1min
  e023 it0150/219 loss=0.1644 lr=7.99e-04 elapsed=26.3min
  e023 it0200/219 loss=0.1681 lr=7.95e-04 elapsed=26.5min
[epoch 023] train=0.1712  val_loss=0.4010  mIoU_fg=0.4724
  e024 it0050/219 loss=0.1673 lr=7.90e-04 elapsed=27.1min
  e024 it0100/219 loss=0.1941 lr=7.87e-04 elapsed=27.2min
  e024 it0150/219 loss=0.2115 lr=7.83e-04 elapsed=27.4min
  e024 it0200/219 loss=0.2247 lr=7.79e-04 elapsed=27.6min
[epoch 024] train=0.2265  val_loss=0.4172  mIoU_fg=0.4698
  e025 it0050/219 loss=0.2015 lr=7.74e-04 elapsed=28.2min
  e025 it0100/219 loss=0.1908 lr=7.70e-04 elapsed=28.4min
  e025 it0150/219 loss=0.1862 lr=7.67e-04 elapsed=28.5min
  e025 it0200/219 loss=0.1852 lr=7.63e-04 elapsed=28.7min
[epoch 025] train=0.1825  val_loss=0.4351  mIoU_fg=0.4806
  e026 it0050/219 loss=0.1448 lr=7.57e-04 elapsed=29.3min
  e026 it0100/219 loss=0.1438 lr=7.54e-04 elapsed=29.5min
  e026 it0150/219 loss=0.1429 lr=7.50e-04 elapsed=29.7min
  e026 it0200/219 loss=0.1442 lr=7.46e-04 elapsed=29.8min
[epoch 026] train=0.1441  val_loss=0.4575  mIoU_fg=0.4868
  [best] mIoU_fg=0.4868 saved -> /home/ids/diecidue/results/waste_vlm/dinoseg_dw_dinov3b_mb_conv/best.pt
  e027 it0050/219 loss=0.1330 lr=7.40e-04 elapsed=30.4min
  e027 it0100/219 loss=0.1375 lr=7.36e-04 elapsed=30.6min
  e027 it0150/219 loss=0.1382 lr=7.32e-04 elapsed=30.8min
  e027 it0200/219 loss=0.1378 lr=7.29e-04 elapsed=31.0min
[epoch 027] train=0.1370  val_loss=0.4308  mIoU_fg=0.4947
  [best] mIoU_fg=0.4947 saved -> /home/ids/diecidue/results/waste_vlm/dinoseg_dw_dinov3b_mb_conv/best.pt
  e028 it0050/219 loss=0.1302 lr=7.23e-04 elapsed=31.6min
  e028 it0100/219 loss=0.1316 lr=7.19e-04 elapsed=31.7min
  e028 it0150/219 loss=0.1272 lr=7.15e-04 elapsed=31.9min
  e028 it0200/219 loss=0.1316 lr=7.11e-04 elapsed=32.1min
[epoch 028] train=0.1325  val_loss=0.4965  mIoU_fg=0.4776
  e029 it0050/219 loss=0.1237 lr=7.05e-04 elapsed=32.7min
  e029 it0100/219 loss=0.1337 lr=7.01e-04 elapsed=32.9min
  e029 it0150/219 loss=0.1462 lr=6.97e-04 elapsed=33.0min
  e029 it0200/219 loss=0.1555 lr=6.93e-04 elapsed=33.2min
[epoch 029] train=0.1556  val_loss=0.5449  mIoU_fg=0.4756
  e030 it0050/219 loss=0.1328 lr=6.87e-04 elapsed=33.8min
  e030 it0100/219 loss=0.1350 lr=6.83e-04 elapsed=34.0min
  e030 it0150/219 loss=0.1309 lr=6.79e-04 elapsed=34.2min
  e030 it0200/219 loss=0.1312 lr=6.75e-04 elapsed=34.4min
[epoch 030] train=0.1333  val_loss=0.5146  mIoU_fg=0.4836
  e031 it0050/219 loss=0.1631 lr=6.69e-04 elapsed=34.9min
  e031 it0100/219 loss=0.1466 lr=6.65e-04 elapsed=35.1min
  e031 it0150/219 loss=0.1401 lr=6.60e-04 elapsed=35.3min
  e031 it0200/219 loss=0.1454 lr=6.56e-04 elapsed=35.5min
[epoch 031] train=0.1470  val_loss=0.6088  mIoU_fg=0.4762
  e032 it0050/219 loss=0.1283 lr=6.50e-04 elapsed=36.0min
  e032 it0100/219 loss=0.1258 lr=6.46e-04 elapsed=36.2min
  e032 it0150/219 loss=0.1216 lr=6.42e-04 elapsed=36.4min
  e032 it0200/219 loss=0.1251 lr=6.37e-04 elapsed=36.6min
[epoch 032] train=0.1258  val_loss=0.5690  mIoU_fg=0.4939
  e033 it0050/219 loss=0.1070 lr=6.31e-04 elapsed=37.2min
  e033 it0100/219 loss=0.1146 lr=6.27e-04 elapsed=37.3min
  e033 it0150/219 loss=0.1128 lr=6.23e-04 elapsed=37.5min
  e033 it0200/219 loss=0.1118 lr=6.18e-04 elapsed=37.7min
[epoch 033] train=0.1122  val_loss=0.4941  mIoU_fg=0.5134
  [best] mIoU_fg=0.5134 saved -> /home/ids/diecidue/results/waste_vlm/dinoseg_dw_dinov3b_mb_conv/best.pt
  e034 it0050/219 loss=0.0973 lr=6.12e-04 elapsed=38.3min
  e034 it0100/219 loss=0.1097 lr=6.08e-04 elapsed=38.5min
  e034 it0150/219 loss=0.1072 lr=6.04e-04 elapsed=38.7min
  e034 it0200/219 loss=0.1082 lr=5.99e-04 elapsed=38.8min
[epoch 034] train=0.1068  val_loss=0.5312  mIoU_fg=0.4932
  e035 it0050/219 loss=0.1180 lr=5.93e-04 elapsed=39.4min
  e035 it0100/219 loss=0.1165 lr=5.89e-04 elapsed=39.6min
  e035 it0150/219 loss=0.1117 lr=5.84e-04 elapsed=39.8min
  e035 it0200/219 loss=0.1146 lr=5.80e-04 elapsed=40.0min
[epoch 035] train=0.1140  val_loss=0.6368  mIoU_fg=0.4859
  e036 it0050/219 loss=0.1062 lr=5.74e-04 elapsed=40.5min
  e036 it0100/219 loss=0.1030 lr=5.69e-04 elapsed=40.7min
  e036 it0150/219 loss=0.1001 lr=5.65e-04 elapsed=40.9min
  e036 it0200/219 loss=0.1014 lr=5.60e-04 elapsed=41.1min
[epoch 036] train=0.1040  val_loss=0.6397  mIoU_fg=0.4905
  e037 it0050/219 loss=0.0943 lr=5.54e-04 elapsed=41.7min
  e037 it0100/219 loss=0.0989 lr=5.50e-04 elapsed=41.8min
  e037 it0150/219 loss=0.1015 lr=5.45e-04 elapsed=42.0min
  e037 it0200/219 loss=0.1020 lr=5.41e-04 elapsed=42.2min
[epoch 037] train=0.1020  val_loss=0.6931  mIoU_fg=0.4954
  e038 it0050/219 loss=0.0969 lr=5.35e-04 elapsed=42.8min
  e038 it0100/219 loss=0.1016 lr=5.30e-04 elapsed=43.0min
  e038 it0150/219 loss=0.1003 lr=5.26e-04 elapsed=43.1min
  e038 it0200/219 loss=0.0975 lr=5.21e-04 elapsed=43.3min
[epoch 038] train=0.0963  val_loss=0.6997  mIoU_fg=0.5087
  e039 it0050/219 loss=0.0908 lr=5.15e-04 elapsed=43.9min
  e039 it0100/219 loss=0.0959 lr=5.11e-04 elapsed=44.1min
  e039 it0150/219 loss=0.0959 lr=5.06e-04 elapsed=44.3min
  e039 it0200/219 loss=0.0952 lr=5.02e-04 elapsed=44.5min
[epoch 039] train=0.0953  val_loss=0.6177  mIoU_fg=0.5043
  e040 it0050/219 loss=0.0905 lr=4.96e-04 elapsed=45.0min
  e040 it0100/219 loss=0.0886 lr=4.91e-04 elapsed=45.2min
  e040 it0150/219 loss=0.0917 lr=4.87e-04 elapsed=45.4min
  e040 it0200/219 loss=0.0909 lr=4.82e-04 elapsed=45.6min
[epoch 040] train=0.0913  val_loss=0.6233  mIoU_fg=0.4974
  e041 it0050/219 loss=0.0916 lr=4.76e-04 elapsed=46.1min
  e041 it0100/219 loss=0.0896 lr=4.71e-04 elapsed=46.3min
  e041 it0150/219 loss=0.0897 lr=4.67e-04 elapsed=46.5min
  e041 it0200/219 loss=0.0898 lr=4.62e-04 elapsed=46.7min
[epoch 041] train=0.0894  val_loss=0.6537  mIoU_fg=0.5011
  e042 it0050/219 loss=0.0920 lr=4.56e-04 elapsed=47.3min
  e042 it0100/219 loss=0.0962 lr=4.52e-04 elapsed=47.4min
  e042 it0150/219 loss=0.0928 lr=4.47e-04 elapsed=47.6min
  e042 it0200/219 loss=0.0898 lr=4.43e-04 elapsed=47.8min
[epoch 042] train=0.0884  val_loss=0.6203  mIoU_fg=0.5039
  e043 it0050/219 loss=0.0785 lr=4.37e-04 elapsed=48.4min
  e043 it0100/219 loss=0.0798 lr=4.32e-04 elapsed=48.6min
  e043 it0150/219 loss=0.0796 lr=4.28e-04 elapsed=48.7min
  e043 it0200/219 loss=0.0795 lr=4.23e-04 elapsed=48.9min
[epoch 043] train=0.0804  val_loss=0.6552  mIoU_fg=0.4942
  e044 it0050/219 loss=0.0714 lr=4.17e-04 elapsed=49.5min
  e044 it0100/219 loss=0.0749 lr=4.13e-04 elapsed=49.7min
  e044 it0150/219 loss=0.0780 lr=4.09e-04 elapsed=49.9min
  e044 it0200/219 loss=0.0788 lr=4.04e-04 elapsed=50.1min
[epoch 044] train=0.0781  val_loss=0.6901  mIoU_fg=0.5118
  e045 it0050/219 loss=0.0685 lr=3.98e-04 elapsed=50.6min
  e045 it0100/219 loss=0.0801 lr=3.94e-04 elapsed=50.8min
  e045 it0150/219 loss=0.0735 lr=3.89e-04 elapsed=51.0min
  e045 it0200/219 loss=0.0732 lr=3.85e-04 elapsed=51.2min
[epoch 045] train=0.0742  val_loss=0.6797  mIoU_fg=0.5011
  e046 it0050/219 loss=0.0782 lr=3.79e-04 elapsed=51.8min
  e046 it0100/219 loss=0.0783 lr=3.75e-04 elapsed=51.9min
  e046 it0150/219 loss=0.0773 lr=3.70e-04 elapsed=52.1min
  e046 it0200/219 loss=0.0762 lr=3.66e-04 elapsed=52.3min
[epoch 046] train=0.0756  val_loss=0.7281  mIoU_fg=0.4829
  e047 it0050/219 loss=0.0703 lr=3.60e-04 elapsed=52.9min
  e047 it0100/219 loss=0.0669 lr=3.56e-04 elapsed=53.1min
  e047 it0150/219 loss=0.0696 lr=3.51e-04 elapsed=53.2min
  e047 it0200/219 loss=0.0720 lr=3.47e-04 elapsed=53.4min
[epoch 047] train=0.0719  val_loss=0.5828  mIoU_fg=0.5030
  e048 it0050/219 loss=0.0711 lr=3.41e-04 elapsed=54.0min
  e048 it0100/219 loss=0.0739 lr=3.37e-04 elapsed=54.2min
  e048 it0150/219 loss=0.0694 lr=3.33e-04 elapsed=54.4min
  e048 it0200/219 loss=0.0677 lr=3.29e-04 elapsed=54.5min
[epoch 048] train=0.0686  val_loss=0.7289  mIoU_fg=0.4964
  e049 it0050/219 loss=0.0721 lr=3.23e-04 elapsed=55.1min
  e049 it0100/219 loss=0.0701 lr=3.19e-04 elapsed=55.3min
  e049 it0150/219 loss=0.0696 lr=3.14e-04 elapsed=55.5min
  e049 it0200/219 loss=0.0679 lr=3.10e-04 elapsed=55.7min
[epoch 049] train=0.0664  val_loss=0.7042  mIoU_fg=0.5034
  e050 it0050/219 loss=0.0688 lr=3.05e-04 elapsed=56.2min
  e050 it0100/219 loss=0.0646 lr=3.00e-04 elapsed=56.4min
  e050 it0150/219 loss=0.0639 lr=2.96e-04 elapsed=56.6min
  e050 it0200/219 loss=0.0634 lr=2.92e-04 elapsed=56.8min
[epoch 050] train=0.0647  val_loss=0.6338  mIoU_fg=0.5061
  e051 it0050/219 loss=0.0644 lr=2.87e-04 elapsed=57.4min
  e051 it0100/219 loss=0.0579 lr=2.83e-04 elapsed=57.5min
  e051 it0150/219 loss=0.0606 lr=2.79e-04 elapsed=57.7min
  e051 it0200/219 loss=0.0617 lr=2.75e-04 elapsed=57.9min
[epoch 051] train=0.0616  val_loss=0.7691  mIoU_fg=0.5021
  e052 it0050/219 loss=0.0585 lr=2.69e-04 elapsed=58.5min
  e052 it0100/219 loss=0.0591 lr=2.65e-04 elapsed=58.7min
  e052 it0150/219 loss=0.0591 lr=2.61e-04 elapsed=58.8min
  e052 it0200/219 loss=0.0601 lr=2.57e-04 elapsed=59.0min
[epoch 052] train=0.0599  val_loss=0.7446  mIoU_fg=0.4970
  e053 it0050/219 loss=0.0633 lr=2.52e-04 elapsed=59.6min
  e053 it0100/219 loss=0.0652 lr=2.48e-04 elapsed=59.8min
  e053 it0150/219 loss=0.0608 lr=2.44e-04 elapsed=60.0min
  e053 it0200/219 loss=0.0605 lr=2.40e-04 elapsed=60.1min
[epoch 053] train=0.0602  val_loss=0.7571  mIoU_fg=0.4957
  e054 it0050/219 loss=0.0546 lr=2.35e-04 elapsed=60.7min
  e054 it0100/219 loss=0.0549 lr=2.31e-04 elapsed=60.9min
  e054 it0150/219 loss=0.0549 lr=2.27e-04 elapsed=61.1min
  e054 it0200/219 loss=0.0562 lr=2.24e-04 elapsed=61.3min
[epoch 054] train=0.0569  val_loss=0.8342  mIoU_fg=0.5004
  e055 it0050/219 loss=0.0524 lr=2.18e-04 elapsed=61.8min
  e055 it0100/219 loss=0.0539 lr=2.15e-04 elapsed=62.0min
  e055 it0150/219 loss=0.0536 lr=2.11e-04 elapsed=62.2min
  e055 it0200/219 loss=0.0561 lr=2.07e-04 elapsed=62.4min
[epoch 055] train=0.0556  val_loss=0.8241  mIoU_fg=0.4961
  e056 it0050/219 loss=0.0570 lr=2.02e-04 elapsed=63.0min
  e056 it0100/219 loss=0.0545 lr=1.99e-04 elapsed=63.1min
  e056 it0150/219 loss=0.0542 lr=1.95e-04 elapsed=63.3min
  e056 it0200/219 loss=0.0541 lr=1.92e-04 elapsed=63.5min
[epoch 056] train=0.0539  val_loss=0.8989  mIoU_fg=0.4944
  e057 it0050/219 loss=0.0585 lr=1.87e-04 elapsed=64.1min
  e057 it0100/219 loss=0.0563 lr=1.83e-04 elapsed=64.3min
  e057 it0150/219 loss=0.0542 lr=1.80e-04 elapsed=64.4min
  e057 it0200/219 loss=0.0546 lr=1.77e-04 elapsed=64.6min
[epoch 057] train=0.0538  val_loss=0.7967  mIoU_fg=0.4980
  e058 it0050/219 loss=0.0522 lr=1.72e-04 elapsed=65.2min
  e058 it0100/219 loss=0.0544 lr=1.69e-04 elapsed=65.4min
  e058 it0150/219 loss=0.0551 lr=1.65e-04 elapsed=65.6min
  e058 it0200/219 loss=0.0537 lr=1.62e-04 elapsed=65.8min
[epoch 058] train=0.0531  val_loss=0.9016  mIoU_fg=0.4966
  e059 it0050/219 loss=0.0531 lr=1.57e-04 elapsed=66.3min
  e059 it0100/219 loss=0.0501 lr=1.54e-04 elapsed=66.5min
  e059 it0150/219 loss=0.0506 lr=1.51e-04 elapsed=66.7min
  e059 it0200/219 loss=0.0513 lr=1.48e-04 elapsed=66.9min
[epoch 059] train=0.0517  val_loss=0.8369  mIoU_fg=0.4967
  e060 it0050/219 loss=0.0533 lr=1.43e-04 elapsed=67.4min
  e060 it0100/219 loss=0.0531 lr=1.40e-04 elapsed=67.6min
  e060 it0150/219 loss=0.0523 lr=1.37e-04 elapsed=67.8min
  e060 it0200/219 loss=0.0506 lr=1.34e-04 elapsed=68.0min
[epoch 060] train=0.0525  val_loss=0.8385  mIoU_fg=0.5006
  e061 it0050/219 loss=0.0427 lr=1.30e-04 elapsed=68.6min
  e061 it0100/219 loss=0.0488 lr=1.27e-04 elapsed=68.8min
  e061 it0150/219 loss=0.0494 lr=1.24e-04 elapsed=68.9min
  e061 it0200/219 loss=0.0504 lr=1.21e-04 elapsed=69.1min
[epoch 061] train=0.0498  val_loss=0.9158  mIoU_fg=0.4973
  e062 it0050/219 loss=0.0467 lr=1.17e-04 elapsed=69.7min
  e062 it0100/219 loss=0.0462 lr=1.14e-04 elapsed=69.9min
  e062 it0150/219 loss=0.0492 lr=1.11e-04 elapsed=70.1min
  e062 it0200/219 loss=0.0494 lr=1.08e-04 elapsed=70.2min
[epoch 062] train=0.0489  val_loss=0.8726  mIoU_fg=0.4993
  e063 it0050/219 loss=0.0507 lr=1.05e-04 elapsed=70.8min
  e063 it0100/219 loss=0.0505 lr=1.02e-04 elapsed=71.0min
  e063 it0150/219 loss=0.0499 lr=9.92e-05 elapsed=71.2min
  e063 it0200/219 loss=0.0484 lr=9.65e-05 elapsed=71.4min
[epoch 063] train=0.0494  val_loss=0.8442  mIoU_fg=0.5000
  e064 it0050/219 loss=0.0517 lr=9.29e-05 elapsed=71.9min
  e064 it0100/219 loss=0.0482 lr=9.03e-05 elapsed=72.1min
  e064 it0150/219 loss=0.0485 lr=8.77e-05 elapsed=72.3min
  e064 it0200/219 loss=0.0489 lr=8.52e-05 elapsed=72.5min
[epoch 064] train=0.0483  val_loss=0.9315  mIoU_fg=0.4921
  e065 it0050/219 loss=0.0489 lr=8.18e-05 elapsed=73.1min
  e065 it0100/219 loss=0.0486 lr=7.94e-05 elapsed=73.2min
  e065 it0150/219 loss=0.0498 lr=7.69e-05 elapsed=73.4min
  e065 it0200/219 loss=0.0486 lr=7.46e-05 elapsed=73.6min
[epoch 065] train=0.0490  val_loss=0.8868  mIoU_fg=0.4985
  e066 it0050/219 loss=0.0518 lr=7.14e-05 elapsed=74.2min
  e066 it0100/219 loss=0.0486 lr=6.91e-05 elapsed=74.4min
  e066 it0150/219 loss=0.0470 lr=6.68e-05 elapsed=74.5min
  e066 it0200/219 loss=0.0474 lr=6.46e-05 elapsed=74.7min
[epoch 066] train=0.0466  val_loss=0.9106  mIoU_fg=0.4983
  e067 it0050/219 loss=0.0490 lr=6.16e-05 elapsed=75.3min
  e067 it0100/219 loss=0.0504 lr=5.94e-05 elapsed=75.5min
  e067 it0150/219 loss=0.0475 lr=5.73e-05 elapsed=75.7min
  e067 it0200/219 loss=0.0468 lr=5.53e-05 elapsed=75.8min
[epoch 067] train=0.0462  val_loss=0.9103  mIoU_fg=0.4947
  e068 it0050/219 loss=0.0482 lr=5.25e-05 elapsed=76.4min
  e068 it0100/219 loss=0.0453 lr=5.05e-05 elapsed=76.6min
  e068 it0150/219 loss=0.0455 lr=4.86e-05 elapsed=76.8min
  e068 it0200/219 loss=0.0464 lr=4.66e-05 elapsed=77.0min
[epoch 068] train=0.0462  val_loss=0.8953  mIoU_fg=0.4941
  e069 it0050/219 loss=0.0421 lr=4.41e-05 elapsed=77.5min
  e069 it0100/219 loss=0.0442 lr=4.22e-05 elapsed=77.7min
  e069 it0150/219 loss=0.0459 lr=4.05e-05 elapsed=77.9min
  e069 it0200/219 loss=0.0453 lr=3.87e-05 elapsed=78.1min
[epoch 069] train=0.0460  val_loss=0.9051  mIoU_fg=0.4946
  e070 it0050/219 loss=0.0438 lr=3.64e-05 elapsed=78.7min
  e070 it0100/219 loss=0.0495 lr=3.47e-05 elapsed=78.8min
  e070 it0150/219 loss=0.0485 lr=3.31e-05 elapsed=79.0min
  e070 it0200/219 loss=0.0455 lr=3.15e-05 elapsed=79.2min
[epoch 070] train=0.0453  val_loss=0.9290  mIoU_fg=0.4940
  e071 it0050/219 loss=0.0430 lr=2.94e-05 elapsed=79.8min
  e071 it0100/219 loss=0.0439 lr=2.79e-05 elapsed=80.0min
  e071 it0150/219 loss=0.0449 lr=2.64e-05 elapsed=80.1min
  e071 it0200/219 loss=0.0459 lr=2.50e-05 elapsed=80.3min
[epoch 071] train=0.0448  val_loss=0.9338  mIoU_fg=0.4936
  e072 it0050/219 loss=0.0412 lr=2.31e-05 elapsed=80.9min
  e072 it0100/219 loss=0.0440 lr=2.18e-05 elapsed=81.1min
  e072 it0150/219 loss=0.0448 lr=2.05e-05 elapsed=81.3min
  e072 it0200/219 loss=0.0442 lr=1.92e-05 elapsed=81.4min
[epoch 072] train=0.0449  val_loss=0.9207  mIoU_fg=0.4947
  e073 it0050/219 loss=0.0466 lr=1.76e-05 elapsed=82.0min
  e073 it0100/219 loss=0.0447 lr=1.64e-05 elapsed=82.2min
  e073 it0150/219 loss=0.0448 lr=1.53e-05 elapsed=82.4min
  e073 it0200/219 loss=0.0451 lr=1.42e-05 elapsed=82.6min
[epoch 073] train=0.0448  val_loss=0.9054  mIoU_fg=0.4970
  e074 it0050/219 loss=0.0431 lr=1.28e-05 elapsed=83.1min
  e074 it0100/219 loss=0.0452 lr=1.18e-05 elapsed=83.3min
  e074 it0150/219 loss=0.0443 lr=1.09e-05 elapsed=83.5min
  e074 it0200/219 loss=0.0444 lr=9.94e-06 elapsed=83.7min
[epoch 074] train=0.0446  val_loss=0.9362  mIoU_fg=0.4947
  e075 it0050/219 loss=0.0474 lr=8.75e-06 elapsed=84.3min
  e075 it0100/219 loss=0.0437 lr=7.94e-06 elapsed=84.4min
  e075 it0150/219 loss=0.0439 lr=7.16e-06 elapsed=84.6min
  e075 it0200/219 loss=0.0445 lr=6.43e-06 elapsed=84.8min
[epoch 075] train=0.0446  val_loss=0.9283  mIoU_fg=0.4951
  e076 it0050/219 loss=0.0416 lr=5.47e-06 elapsed=85.4min
  e076 it0100/219 loss=0.0447 lr=4.83e-06 elapsed=85.6min
  e076 it0150/219 loss=0.0436 lr=4.23e-06 elapsed=85.7min
  e076 it0200/219 loss=0.0450 lr=3.67e-06 elapsed=85.9min
[epoch 076] train=0.0443  val_loss=0.9309  mIoU_fg=0.4949
  e077 it0050/219 loss=0.0450 lr=2.96e-06 elapsed=86.5min
  e077 it0100/219 loss=0.0439 lr=2.49e-06 elapsed=86.7min
  e077 it0150/219 loss=0.0429 lr=2.06e-06 elapsed=86.9min
  e077 it0200/219 loss=0.0448 lr=1.68e-06 elapsed=87.0min
[epoch 077] train=0.0445  val_loss=0.9392  mIoU_fg=0.4947
  e078 it0050/219 loss=0.0430 lr=1.21e-06 elapsed=87.6min
  e078 it0100/219 loss=0.0413 lr=9.18e-07 elapsed=87.8min
  e078 it0150/219 loss=0.0420 lr=6.67e-07 elapsed=88.0min
  e078 it0200/219 loss=0.0445 lr=4.55e-07 elapsed=88.2min
[epoch 078] train=0.0451  val_loss=0.9348  mIoU_fg=0.4949
  e079 it0050/219 loss=0.0397 lr=2.30e-07 elapsed=88.7min
  e079 it0100/219 loss=0.0420 lr=1.14e-07 elapsed=88.9min
  e079 it0150/219 loss=0.0436 lr=3.83e-08 elapsed=89.1min
  e079 it0200/219 loss=0.0437 lr=2.90e-09 elapsed=89.3min
[epoch 079] train=0.0441  val_loss=0.9357  mIoU_fg=0.4949
[done] best_mIoU_fg=0.5134  total_time=89.7min
[slurm] done=2026-06-26T20:26:22+02:00
