[slurm] host=node57  job=865077  start=2026-06-26T18:46:31+02:00
[slurm] btype=radio id=default size=512 epochs=80 batch=16 lr=1e-3 head=fpn multi_block=none multilabel=0 fpn_blocks=5,11,17,23 fpn_dim=default fpn_merge=concat out=dinoseg_dw_radiol_fpn_concat
NVIDIA L40S, 46068 MiB
[data] train=3489  val=739  fg classes=20  mode=single-label
[radio] backbone_dim probed = 1024
[radio] FPN num_skip=8
[radio] FPN hooks registered on blocks (5, 11, 17, 23)
[model] head=fpn  trainable_params=4,594,709
  e000 it0050/219 loss=2.4374 lr=1.00e-03 elapsed=0.5min
  e000 it0100/219 loss=2.0584 lr=1.00e-03 elapsed=0.9min
  e000 it0150/219 loss=1.9313 lr=1.00e-03 elapsed=1.3min
  e000 it0200/219 loss=1.7646 lr=1.00e-03 elapsed=1.8min
[epoch 000] train=1.7147  val_loss=1.2281  mIoU_fg=0.0867
  [best] mIoU_fg=0.0867 saved -> /home/ids/diecidue/results/waste_vlm/dinoseg_dw_radiol_fpn_concat/best.pt
  e001 it0050/219 loss=1.2600 lr=9.99e-04 elapsed=2.9min
  e001 it0100/219 loss=1.1074 lr=9.99e-04 elapsed=3.4min
  e001 it0150/219 loss=1.0870 lr=9.99e-04 elapsed=3.8min
  e001 it0200/219 loss=1.0537 lr=9.99e-04 elapsed=4.3min
[epoch 001] train=1.0348  val_loss=0.7512  mIoU_fg=0.2219
  [best] mIoU_fg=0.2219 saved -> /home/ids/diecidue/results/waste_vlm/dinoseg_dw_radiol_fpn_concat/best.pt
  e002 it0050/219 loss=0.7971 lr=9.98e-04 elapsed=5.5min
  e002 it0100/219 loss=0.7545 lr=9.98e-04 elapsed=5.9min
  e002 it0150/219 loss=0.7501 lr=9.97e-04 elapsed=6.4min
  e002 it0200/219 loss=0.7334 lr=9.97e-04 elapsed=6.8min
[epoch 002] train=0.7328  val_loss=0.6086  mIoU_fg=0.2759
  [best] mIoU_fg=0.2759 saved -> /home/ids/diecidue/results/waste_vlm/dinoseg_dw_radiol_fpn_concat/best.pt
  e003 it0050/219 loss=0.6570 lr=9.96e-04 elapsed=8.0min
  e003 it0100/219 loss=0.6608 lr=9.95e-04 elapsed=8.4min
  e003 it0150/219 loss=0.6766 lr=9.95e-04 elapsed=8.9min
  e003 it0200/219 loss=0.6593 lr=9.94e-04 elapsed=9.3min
[epoch 003] train=0.6541  val_loss=0.6224  mIoU_fg=0.2873
  [best] mIoU_fg=0.2873 saved -> /home/ids/diecidue/results/waste_vlm/dinoseg_dw_radiol_fpn_concat/best.pt
  e004 it0050/219 loss=0.5964 lr=9.93e-04 elapsed=10.6min
  e004 it0100/219 loss=0.5740 lr=9.92e-04 elapsed=11.0min
  e004 it0150/219 loss=0.6029 lr=9.92e-04 elapsed=11.5min
  e004 it0200/219 loss=0.6252 lr=9.91e-04 elapsed=11.9min
[epoch 004] train=0.6191  val_loss=0.5794  mIoU_fg=0.2939
  [best] mIoU_fg=0.2939 saved -> /home/ids/diecidue/results/waste_vlm/dinoseg_dw_radiol_fpn_concat/best.pt
  e005 it0050/219 loss=0.5633 lr=9.89e-04 elapsed=13.1min
  e005 it0100/219 loss=0.5462 lr=9.89e-04 elapsed=13.6min
  e005 it0150/219 loss=0.5667 lr=9.88e-04 elapsed=14.0min
  e005 it0200/219 loss=0.5751 lr=9.87e-04 elapsed=14.5min
[epoch 005] train=0.5698  val_loss=0.5012  mIoU_fg=0.2943
  [best] mIoU_fg=0.2943 saved -> /home/ids/diecidue/results/waste_vlm/dinoseg_dw_radiol_fpn_concat/best.pt
  e006 it0050/219 loss=0.5365 lr=9.85e-04 elapsed=15.7min
  e006 it0100/219 loss=0.5098 lr=9.84e-04 elapsed=16.1min
  e006 it0150/219 loss=0.5023 lr=9.83e-04 elapsed=16.6min
  e006 it0200/219 loss=0.5075 lr=9.82e-04 elapsed=17.0min
[epoch 006] train=0.5055  val_loss=0.5700  mIoU_fg=0.2924
  e007 it0050/219 loss=0.4573 lr=9.80e-04 elapsed=18.2min
  e007 it0100/219 loss=0.4779 lr=9.79e-04 elapsed=18.6min
  e007 it0150/219 loss=0.4786 lr=9.77e-04 elapsed=19.1min
  e007 it0200/219 loss=0.4744 lr=9.76e-04 elapsed=19.5min
[epoch 007] train=0.4705  val_loss=0.5073  mIoU_fg=0.2675
  e008 it0050/219 loss=0.4554 lr=9.74e-04 elapsed=20.6min
  e008 it0100/219 loss=0.4702 lr=9.73e-04 elapsed=21.1min
  e008 it0150/219 loss=0.4733 lr=9.71e-04 elapsed=21.5min
  e008 it0200/219 loss=0.4671 lr=9.70e-04 elapsed=22.0min
[epoch 008] train=0.4723  val_loss=0.5452  mIoU_fg=0.3235
  [best] mIoU_fg=0.3235 saved -> /home/ids/diecidue/results/waste_vlm/dinoseg_dw_radiol_fpn_concat/best.pt
  e009 it0050/219 loss=0.5228 lr=9.68e-04 elapsed=23.2min
  e009 it0100/219 loss=0.5013 lr=9.66e-04 elapsed=23.6min
  e009 it0150/219 loss=0.5146 lr=9.64e-04 elapsed=24.1min
  e009 it0200/219 loss=0.5087 lr=9.63e-04 elapsed=24.5min
[epoch 009] train=0.5050  val_loss=0.5184  mIoU_fg=0.3485
  [best] mIoU_fg=0.3485 saved -> /home/ids/diecidue/results/waste_vlm/dinoseg_dw_radiol_fpn_concat/best.pt
  e010 it0050/219 loss=0.4491 lr=9.60e-04 elapsed=25.7min
  e010 it0100/219 loss=0.4213 lr=9.58e-04 elapsed=26.2min
  e010 it0150/219 loss=0.4440 lr=9.57e-04 elapsed=26.6min
  e010 it0200/219 loss=0.4549 lr=9.55e-04 elapsed=27.1min
[epoch 010] train=0.4552  val_loss=0.5076  mIoU_fg=0.3300
  e011 it0050/219 loss=0.3986 lr=9.52e-04 elapsed=28.2min
  e011 it0100/219 loss=0.3921 lr=9.50e-04 elapsed=28.6min
  e011 it0150/219 loss=0.4001 lr=9.48e-04 elapsed=29.1min
  e011 it0200/219 loss=0.3974 lr=9.46e-04 elapsed=29.5min
[epoch 011] train=0.4051  val_loss=0.4857  mIoU_fg=0.3677
  [best] mIoU_fg=0.3677 saved -> /home/ids/diecidue/results/waste_vlm/dinoseg_dw_radiol_fpn_concat/best.pt
  e012 it0050/219 loss=0.4033 lr=9.43e-04 elapsed=30.7min
  e012 it0100/219 loss=0.3996 lr=9.41e-04 elapsed=31.2min
  e012 it0150/219 loss=0.3850 lr=9.39e-04 elapsed=31.6min
  e012 it0200/219 loss=0.3928 lr=9.37e-04 elapsed=32.1min
[epoch 012] train=0.3946  val_loss=0.4276  mIoU_fg=0.3674
  e013 it0050/219 loss=0.3836 lr=9.34e-04 elapsed=33.2min
  e013 it0100/219 loss=0.3707 lr=9.32e-04 elapsed=33.7min
  e013 it0150/219 loss=0.3695 lr=9.30e-04 elapsed=34.1min
  e013 it0200/219 loss=0.3700 lr=9.27e-04 elapsed=34.6min
[epoch 013] train=0.3701  val_loss=0.4381  mIoU_fg=0.3702
  [best] mIoU_fg=0.3702 saved -> /home/ids/diecidue/results/waste_vlm/dinoseg_dw_radiol_fpn_concat/best.pt
  e014 it0050/219 loss=0.3434 lr=9.24e-04 elapsed=35.7min
  e014 it0100/219 loss=0.3580 lr=9.22e-04 elapsed=36.2min
  e014 it0150/219 loss=0.3675 lr=9.19e-04 elapsed=36.6min
  e014 it0200/219 loss=0.3745 lr=9.17e-04 elapsed=37.1min
[epoch 014] train=0.3759  val_loss=0.4801  mIoU_fg=0.3753
  [best] mIoU_fg=0.3753 saved -> /home/ids/diecidue/results/waste_vlm/dinoseg_dw_radiol_fpn_concat/best.pt
  e015 it0050/219 loss=0.3622 lr=9.13e-04 elapsed=38.3min
  e015 it0100/219 loss=0.3418 lr=9.11e-04 elapsed=38.7min
  e015 it0150/219 loss=0.3525 lr=9.08e-04 elapsed=39.2min
  e015 it0200/219 loss=0.3551 lr=9.06e-04 elapsed=39.6min
[epoch 015] train=0.3515  val_loss=0.4975  mIoU_fg=0.3699
  e016 it0050/219 loss=0.3301 lr=9.02e-04 elapsed=40.8min
  e016 it0100/219 loss=0.3351 lr=8.99e-04 elapsed=41.2min
  e016 it0150/219 loss=0.3370 lr=8.96e-04 elapsed=41.7min
  e016 it0200/219 loss=0.3424 lr=8.94e-04 elapsed=42.1min
[epoch 016] train=0.3623  val_loss=0.4842  mIoU_fg=0.3735
  e017 it0050/219 loss=0.4108 lr=8.90e-04 elapsed=43.3min
  e017 it0100/219 loss=0.3607 lr=8.87e-04 elapsed=43.7min
  e017 it0150/219 loss=0.3419 lr=8.84e-04 elapsed=44.2min
  e017 it0200/219 loss=0.3433 lr=8.81e-04 elapsed=44.6min
[epoch 017] train=0.3386  val_loss=0.4685  mIoU_fg=0.3888
  [best] mIoU_fg=0.3888 saved -> /home/ids/diecidue/results/waste_vlm/dinoseg_dw_radiol_fpn_concat/best.pt
  e018 it0050/219 loss=0.3765 lr=8.77e-04 elapsed=45.8min
  e018 it0100/219 loss=0.3495 lr=8.74e-04 elapsed=46.3min
  e018 it0150/219 loss=0.3462 lr=8.71e-04 elapsed=46.7min
  e018 it0200/219 loss=0.3512 lr=8.68e-04 elapsed=47.2min
[epoch 018] train=0.3475  val_loss=0.4694  mIoU_fg=0.3616
  e019 it0050/219 loss=0.3014 lr=8.64e-04 elapsed=48.3min
  e019 it0100/219 loss=0.3113 lr=8.61e-04 elapsed=48.7min
  e019 it0150/219 loss=0.3176 lr=8.58e-04 elapsed=49.2min
  e019 it0200/219 loss=0.3147 lr=8.55e-04 elapsed=49.6min
[epoch 019] train=0.3125  val_loss=0.5361  mIoU_fg=0.4024
  [best] mIoU_fg=0.4024 saved -> /home/ids/diecidue/results/waste_vlm/dinoseg_dw_radiol_fpn_concat/best.pt
  e020 it0050/219 loss=0.2708 lr=8.50e-04 elapsed=50.8min
  e020 it0100/219 loss=0.2726 lr=8.47e-04 elapsed=51.3min
  e020 it0150/219 loss=0.2917 lr=8.44e-04 elapsed=51.7min
  e020 it0200/219 loss=0.3194 lr=8.41e-04 elapsed=52.2min
[epoch 020] train=0.3378  val_loss=0.5201  mIoU_fg=0.3717
  e021 it0050/219 loss=0.3370 lr=8.36e-04 elapsed=53.3min
  e021 it0100/219 loss=0.3496 lr=8.33e-04 elapsed=53.8min
  e021 it0150/219 loss=0.3403 lr=8.29e-04 elapsed=54.2min
  e021 it0200/219 loss=0.3441 lr=8.26e-04 elapsed=54.7min
[epoch 021] train=0.3518  val_loss=0.4246  mIoU_fg=0.3866
  e022 it0050/219 loss=0.2942 lr=8.21e-04 elapsed=55.8min
  e022 it0100/219 loss=0.2921 lr=8.18e-04 elapsed=56.2min
  e022 it0150/219 loss=0.2880 lr=8.14e-04 elapsed=56.7min
  e022 it0200/219 loss=0.2889 lr=8.11e-04 elapsed=57.1min
[epoch 022] train=0.2881  val_loss=0.4738  mIoU_fg=0.4317
  [best] mIoU_fg=0.4317 saved -> /home/ids/diecidue/results/waste_vlm/dinoseg_dw_radiol_fpn_concat/best.pt
  e023 it0050/219 loss=0.2703 lr=8.06e-04 elapsed=58.3min
  e023 it0100/219 loss=0.2643 lr=8.02e-04 elapsed=58.8min
  e023 it0150/219 loss=0.2581 lr=7.99e-04 elapsed=59.2min
  e023 it0200/219 loss=0.2582 lr=7.95e-04 elapsed=59.7min
[epoch 023] train=0.2641  val_loss=0.4332  mIoU_fg=0.3981
  e024 it0050/219 loss=0.2895 lr=7.90e-04 elapsed=60.8min
  e024 it0100/219 loss=0.2804 lr=7.87e-04 elapsed=61.2min
  e024 it0150/219 loss=0.2725 lr=7.83e-04 elapsed=61.7min
  e024 it0200/219 loss=0.2661 lr=7.79e-04 elapsed=62.1min
[epoch 024] train=0.2612  val_loss=0.4012  mIoU_fg=0.4253
  e025 it0050/219 loss=0.2355 lr=7.74e-04 elapsed=63.3min
  e025 it0100/219 loss=0.2439 lr=7.70e-04 elapsed=63.7min
  e025 it0150/219 loss=0.2469 lr=7.67e-04 elapsed=64.2min
  e025 it0200/219 loss=0.2545 lr=7.63e-04 elapsed=64.6min
[epoch 025] train=0.2558  val_loss=0.4320  mIoU_fg=0.3923
  e026 it0050/219 loss=0.2307 lr=7.57e-04 elapsed=65.8min
  e026 it0100/219 loss=0.2324 lr=7.54e-04 elapsed=66.2min
  e026 it0150/219 loss=0.2331 lr=7.50e-04 elapsed=66.7min
  e026 it0200/219 loss=0.2397 lr=7.46e-04 elapsed=67.1min
[epoch 026] train=0.2408  val_loss=0.4387  mIoU_fg=0.4179
  e027 it0050/219 loss=0.2206 lr=7.40e-04 elapsed=68.3min
  e027 it0100/219 loss=0.2227 lr=7.36e-04 elapsed=68.7min
  e027 it0150/219 loss=0.2260 lr=7.32e-04 elapsed=69.2min
  e027 it0200/219 loss=0.2261 lr=7.29e-04 elapsed=69.6min
[epoch 027] train=0.2308  val_loss=0.5495  mIoU_fg=0.4445
  [best] mIoU_fg=0.4445 saved -> /home/ids/diecidue/results/waste_vlm/dinoseg_dw_radiol_fpn_concat/best.pt
  e028 it0050/219 loss=0.2445 lr=7.23e-04 elapsed=70.8min
  e028 it0100/219 loss=0.2317 lr=7.19e-04 elapsed=71.2min
  e028 it0150/219 loss=0.2235 lr=7.15e-04 elapsed=71.7min
  e028 it0200/219 loss=0.2269 lr=7.11e-04 elapsed=72.1min
[epoch 028] train=0.2272  val_loss=0.5087  mIoU_fg=0.4371
  e029 it0050/219 loss=0.2116 lr=7.05e-04 elapsed=73.3min
  e029 it0100/219 loss=0.2193 lr=7.01e-04 elapsed=73.7min
  e029 it0150/219 loss=0.2168 lr=6.97e-04 elapsed=74.2min
  e029 it0200/219 loss=0.2134 lr=6.93e-04 elapsed=74.6min
[epoch 029] train=0.2168  val_loss=0.4768  mIoU_fg=0.4179
  e030 it0050/219 loss=0.2033 lr=6.87e-04 elapsed=75.8min
  e030 it0100/219 loss=0.1951 lr=6.83e-04 elapsed=76.2min
  e030 it0150/219 loss=0.1960 lr=6.79e-04 elapsed=76.7min
  e030 it0200/219 loss=0.1992 lr=6.75e-04 elapsed=77.1min
[epoch 030] train=0.2005  val_loss=0.4856  mIoU_fg=0.4375
  e031 it0050/219 loss=0.1851 lr=6.69e-04 elapsed=78.3min
  e031 it0100/219 loss=0.1890 lr=6.65e-04 elapsed=78.7min
  e031 it0150/219 loss=0.1964 lr=6.60e-04 elapsed=79.2min
  e031 it0200/219 loss=0.2089 lr=6.56e-04 elapsed=79.6min
[epoch 031] train=0.2115  val_loss=0.5978  mIoU_fg=0.4141
  e032 it0050/219 loss=0.2383 lr=6.50e-04 elapsed=80.8min
  e032 it0100/219 loss=0.2237 lr=6.46e-04 elapsed=81.2min
  e032 it0150/219 loss=0.2107 lr=6.42e-04 elapsed=81.7min
  e032 it0200/219 loss=0.2105 lr=6.37e-04 elapsed=82.1min
[epoch 032] train=0.2082  val_loss=0.4400  mIoU_fg=0.4225
  e033 it0050/219 loss=0.2081 lr=6.31e-04 elapsed=83.2min
  e033 it0100/219 loss=0.1982 lr=6.27e-04 elapsed=83.7min
  e033 it0150/219 loss=0.1962 lr=6.23e-04 elapsed=84.1min
  e033 it0200/219 loss=0.1971 lr=6.18e-04 elapsed=84.6min
[epoch 033] train=0.2070  val_loss=0.4862  mIoU_fg=0.4293
  e034 it0050/219 loss=0.2264 lr=6.12e-04 elapsed=85.7min
  e034 it0100/219 loss=0.2102 lr=6.08e-04 elapsed=86.2min
  e034 it0150/219 loss=0.2119 lr=6.04e-04 elapsed=86.6min
  e034 it0200/219 loss=0.2105 lr=5.99e-04 elapsed=87.1min
[epoch 034] train=0.2079  val_loss=0.4866  mIoU_fg=0.4552
  [best] mIoU_fg=0.4552 saved -> /home/ids/diecidue/results/waste_vlm/dinoseg_dw_radiol_fpn_concat/best.pt
  e035 it0050/219 loss=0.1743 lr=5.93e-04 elapsed=88.3min
  e035 it0100/219 loss=0.1714 lr=5.89e-04 elapsed=88.8min
  e035 it0150/219 loss=0.1823 lr=5.84e-04 elapsed=89.2min
  e035 it0200/219 loss=0.1828 lr=5.80e-04 elapsed=89.7min
[epoch 035] train=0.1808  val_loss=0.5947  mIoU_fg=0.4321
  e036 it0050/219 loss=0.1781 lr=5.74e-04 elapsed=90.8min
  e036 it0100/219 loss=0.1745 lr=5.69e-04 elapsed=91.3min
  e036 it0150/219 loss=0.1692 lr=5.65e-04 elapsed=91.7min
  e036 it0200/219 loss=0.1718 lr=5.60e-04 elapsed=92.2min
[epoch 036] train=0.1733  val_loss=0.4577  mIoU_fg=0.4298
  e037 it0050/219 loss=0.1618 lr=5.54e-04 elapsed=93.3min
  e037 it0100/219 loss=0.1532 lr=5.50e-04 elapsed=93.7min
  e037 it0150/219 loss=0.1571 lr=5.45e-04 elapsed=94.2min
  e037 it0200/219 loss=0.1613 lr=5.41e-04 elapsed=94.6min
[epoch 037] train=0.1625  val_loss=0.4598  mIoU_fg=0.4306
  e038 it0050/219 loss=0.1580 lr=5.35e-04 elapsed=95.8min
  e038 it0100/219 loss=0.1703 lr=5.30e-04 elapsed=96.2min
  e038 it0150/219 loss=0.1790 lr=5.26e-04 elapsed=96.7min
  e038 it0200/219 loss=0.1743 lr=5.21e-04 elapsed=97.1min
[epoch 038] train=0.1742  val_loss=0.4381  mIoU_fg=0.4400
  e039 it0050/219 loss=0.1530 lr=5.15e-04 elapsed=98.3min
  e039 it0100/219 loss=0.1531 lr=5.11e-04 elapsed=98.7min
  e039 it0150/219 loss=0.1531 lr=5.06e-04 elapsed=99.2min
  e039 it0200/219 loss=0.1565 lr=5.02e-04 elapsed=99.6min
[epoch 039] train=0.1535  val_loss=0.5689  mIoU_fg=0.4416
  e040 it0050/219 loss=0.1395 lr=4.96e-04 elapsed=100.7min
  e040 it0100/219 loss=0.1454 lr=4.91e-04 elapsed=101.2min
  e040 it0150/219 loss=0.1490 lr=4.87e-04 elapsed=101.6min
  e040 it0200/219 loss=0.1510 lr=4.82e-04 elapsed=102.1min
[epoch 040] train=0.1494  val_loss=0.5317  mIoU_fg=0.4477
  e041 it0050/219 loss=0.1298 lr=4.76e-04 elapsed=103.2min
  e041 it0100/219 loss=0.1423 lr=4.71e-04 elapsed=103.7min
  e041 it0150/219 loss=0.1480 lr=4.67e-04 elapsed=104.1min
  e041 it0200/219 loss=0.1491 lr=4.62e-04 elapsed=104.6min
[epoch 041] train=0.1469  val_loss=0.5603  mIoU_fg=0.4356
  e042 it0050/219 loss=0.1401 lr=4.56e-04 elapsed=105.7min
  e042 it0100/219 loss=0.1458 lr=4.52e-04 elapsed=106.2min
  e042 it0150/219 loss=0.1475 lr=4.47e-04 elapsed=106.6min
  e042 it0200/219 loss=0.1505 lr=4.43e-04 elapsed=107.1min
[epoch 042] train=0.1477  val_loss=0.5996  mIoU_fg=0.4362
  e043 it0050/219 loss=0.1346 lr=4.37e-04 elapsed=108.2min
  e043 it0100/219 loss=0.1387 lr=4.32e-04 elapsed=108.7min
  e043 it0150/219 loss=0.1420 lr=4.28e-04 elapsed=109.1min
  e043 it0200/219 loss=0.1425 lr=4.23e-04 elapsed=109.6min
[epoch 043] train=0.1436  val_loss=0.4553  mIoU_fg=0.4323
  e044 it0050/219 loss=0.1362 lr=4.17e-04 elapsed=110.7min
  e044 it0100/219 loss=0.1334 lr=4.13e-04 elapsed=111.1min
  e044 it0150/219 loss=0.1384 lr=4.09e-04 elapsed=111.6min
  e044 it0200/219 loss=0.1390 lr=4.04e-04 elapsed=112.0min
[epoch 044] train=0.1373  val_loss=0.5875  mIoU_fg=0.4417
  e045 it0050/219 loss=0.1343 lr=3.98e-04 elapsed=113.2min
  e045 it0100/219 loss=0.1314 lr=3.94e-04 elapsed=113.6min
  e045 it0150/219 loss=0.1307 lr=3.89e-04 elapsed=114.1min
  e045 it0200/219 loss=0.1323 lr=3.85e-04 elapsed=114.5min
[epoch 045] train=0.1310  val_loss=0.5930  mIoU_fg=0.4425
  e046 it0050/219 loss=0.1376 lr=3.79e-04 elapsed=115.7min
  e046 it0100/219 loss=0.1319 lr=3.75e-04 elapsed=116.1min
  e046 it0150/219 loss=0.1341 lr=3.70e-04 elapsed=116.6min
  e046 it0200/219 loss=0.1323 lr=3.66e-04 elapsed=117.0min
[epoch 046] train=0.1298  val_loss=0.7354  mIoU_fg=0.4438
  e047 it0050/219 loss=0.1244 lr=3.60e-04 elapsed=118.1min
  e047 it0100/219 loss=0.1256 lr=3.56e-04 elapsed=118.6min
  e047 it0150/219 loss=0.1244 lr=3.51e-04 elapsed=119.0min
  e047 it0200/219 loss=0.1247 lr=3.47e-04 elapsed=119.5min
[epoch 047] train=0.1230  val_loss=0.5755  mIoU_fg=0.4366
  e048 it0050/219 loss=0.1251 lr=3.41e-04 elapsed=120.6min
  e048 it0100/219 loss=0.1203 lr=3.37e-04 elapsed=121.1min
  e048 it0150/219 loss=0.1227 lr=3.33e-04 elapsed=121.5min
  e048 it0200/219 loss=0.1224 lr=3.29e-04 elapsed=122.0min
[epoch 048] train=0.1215  val_loss=0.5860  mIoU_fg=0.4418
  e049 it0050/219 loss=0.1231 lr=3.23e-04 elapsed=123.1min
  e049 it0100/219 loss=0.1187 lr=3.19e-04 elapsed=123.6min
  e049 it0150/219 loss=0.1249 lr=3.14e-04 elapsed=124.0min
  e049 it0200/219 loss=0.1227 lr=3.10e-04 elapsed=124.5min
[epoch 049] train=0.1248  val_loss=0.5143  mIoU_fg=0.4352
  e050 it0050/219 loss=0.1202 lr=3.05e-04 elapsed=125.6min
  e050 it0100/219 loss=0.1232 lr=3.00e-04 elapsed=126.1min
  e050 it0150/219 loss=0.1223 lr=2.96e-04 elapsed=126.5min
  e050 it0200/219 loss=0.1185 lr=2.92e-04 elapsed=127.0min
[epoch 050] train=0.1176  val_loss=0.6310  mIoU_fg=0.4542
  e051 it0050/219 loss=0.1105 lr=2.87e-04 elapsed=128.1min
  e051 it0100/219 loss=0.1124 lr=2.83e-04 elapsed=128.6min
  e051 it0150/219 loss=0.1158 lr=2.79e-04 elapsed=129.0min
  e051 it0200/219 loss=0.1183 lr=2.75e-04 elapsed=129.5min
[epoch 051] train=0.1163  val_loss=0.5746  mIoU_fg=0.4480
  e052 it0050/219 loss=0.1023 lr=2.69e-04 elapsed=130.6min
  e052 it0100/219 loss=0.1099 lr=2.65e-04 elapsed=131.0min
  e052 it0150/219 loss=0.1101 lr=2.61e-04 elapsed=131.5min
  e052 it0200/219 loss=0.1124 lr=2.57e-04 elapsed=131.9min
[epoch 052] train=0.1116  val_loss=0.6320  mIoU_fg=0.4492
  e053 it0050/219 loss=0.0952 lr=2.52e-04 elapsed=133.1min
  e053 it0100/219 loss=0.1096 lr=2.48e-04 elapsed=133.5min
  e053 it0150/219 loss=0.1096 lr=2.44e-04 elapsed=134.0min
  e053 it0200/219 loss=0.1079 lr=2.40e-04 elapsed=134.5min
[epoch 053] train=0.1081  val_loss=0.6457  mIoU_fg=0.4485
  e054 it0050/219 loss=0.1042 lr=2.35e-04 elapsed=135.6min
  e054 it0100/219 loss=0.1070 lr=2.31e-04 elapsed=136.1min
  e054 it0150/219 loss=0.1049 lr=2.27e-04 elapsed=136.5min
  e054 it0200/219 loss=0.1036 lr=2.24e-04 elapsed=137.0min
[epoch 054] train=0.1049  val_loss=0.7207  mIoU_fg=0.4514
  e055 it0050/219 loss=0.0915 lr=2.18e-04 elapsed=138.1min
  e055 it0100/219 loss=0.1013 lr=2.15e-04 elapsed=138.6min
  e055 it0150/219 loss=0.1023 lr=2.11e-04 elapsed=139.1min
  e055 it0200/219 loss=0.1044 lr=2.07e-04 elapsed=139.5min
[epoch 055] train=0.1030  val_loss=0.5682  mIoU_fg=0.4427
  e056 it0050/219 loss=0.1187 lr=2.02e-04 elapsed=140.6min
  e056 it0100/219 loss=0.1159 lr=1.99e-04 elapsed=141.1min
  e056 it0150/219 loss=0.1107 lr=1.95e-04 elapsed=141.5min
  e056 it0200/219 loss=0.1072 lr=1.92e-04 elapsed=142.0min
[epoch 056] train=0.1047  val_loss=0.7124  mIoU_fg=0.4520
  e057 it0050/219 loss=0.1007 lr=1.87e-04 elapsed=143.2min
  e057 it0100/219 loss=0.1012 lr=1.83e-04 elapsed=143.6min
  e057 it0150/219 loss=0.1016 lr=1.80e-04 elapsed=144.1min
  e057 it0200/219 loss=0.0996 lr=1.77e-04 elapsed=144.5min
[epoch 057] train=0.0987  val_loss=0.7792  mIoU_fg=0.4473
  e058 it0050/219 loss=0.0904 lr=1.72e-04 elapsed=145.7min
  e058 it0100/219 loss=0.0932 lr=1.69e-04 elapsed=146.1min
  e058 it0150/219 loss=0.0976 lr=1.65e-04 elapsed=146.6min
  e058 it0200/219 loss=0.1000 lr=1.62e-04 elapsed=147.0min
[epoch 058] train=0.0983  val_loss=0.7194  mIoU_fg=0.4439
  e059 it0050/219 loss=0.0974 lr=1.57e-04 elapsed=148.1min
  e059 it0100/219 loss=0.0964 lr=1.54e-04 elapsed=148.6min
  e059 it0150/219 loss=0.0964 lr=1.51e-04 elapsed=149.0min
  e059 it0200/219 loss=0.0970 lr=1.48e-04 elapsed=149.5min
[epoch 059] train=0.0961  val_loss=0.6730  mIoU_fg=0.4447
  e060 it0050/219 loss=0.0992 lr=1.43e-04 elapsed=150.6min
  e060 it0100/219 loss=0.0972 lr=1.40e-04 elapsed=151.1min
  e060 it0150/219 loss=0.0989 lr=1.37e-04 elapsed=151.5min
  e060 it0200/219 loss=0.0961 lr=1.34e-04 elapsed=152.0min
[epoch 060] train=0.0943  val_loss=0.7245  mIoU_fg=0.4485
  e061 it0050/219 loss=0.0855 lr=1.30e-04 elapsed=153.1min
  e061 it0100/219 loss=0.0935 lr=1.27e-04 elapsed=153.6min
  e061 it0150/219 loss=0.0913 lr=1.24e-04 elapsed=154.0min
  e061 it0200/219 loss=0.0919 lr=1.21e-04 elapsed=154.5min
[epoch 061] train=0.0923  val_loss=0.7481  mIoU_fg=0.4479
  e062 it0050/219 loss=0.0917 lr=1.17e-04 elapsed=155.7min
  e062 it0100/219 loss=0.0939 lr=1.14e-04 elapsed=156.1min
  e062 it0150/219 loss=0.0947 lr=1.11e-04 elapsed=156.6min
  e062 it0200/219 loss=0.0935 lr=1.08e-04 elapsed=157.0min
[epoch 062] train=0.0912  val_loss=0.7723  mIoU_fg=0.4480
  e063 it0050/219 loss=0.0918 lr=1.05e-04 elapsed=158.1min
  e063 it0100/219 loss=0.0934 lr=1.02e-04 elapsed=158.6min
  e063 it0150/219 loss=0.0924 lr=9.92e-05 elapsed=159.1min
  e063 it0200/219 loss=0.0912 lr=9.65e-05 elapsed=159.5min
[epoch 063] train=0.0909  val_loss=0.7663  mIoU_fg=0.4445
  e064 it0050/219 loss=0.0970 lr=9.29e-05 elapsed=160.6min
  e064 it0100/219 loss=0.0912 lr=9.03e-05 elapsed=161.1min
  e064 it0150/219 loss=0.0869 lr=8.77e-05 elapsed=161.6min
  e064 it0200/219 loss=0.0888 lr=8.52e-05 elapsed=162.0min
[epoch 064] train=0.0894  val_loss=0.8068  mIoU_fg=0.4463
  e065 it0050/219 loss=0.0827 lr=8.18e-05 elapsed=163.1min
  e065 it0100/219 loss=0.0897 lr=7.94e-05 elapsed=163.6min
  e065 it0150/219 loss=0.0923 lr=7.69e-05 elapsed=164.1min
  e065 it0200/219 loss=0.0913 lr=7.46e-05 elapsed=164.5min
[epoch 065] train=0.0899  val_loss=0.7521  mIoU_fg=0.4463
  e066 it0050/219 loss=0.0848 lr=7.14e-05 elapsed=165.7min
  e066 it0100/219 loss=0.0896 lr=6.91e-05 elapsed=166.1min
  e066 it0150/219 loss=0.0874 lr=6.68e-05 elapsed=166.6min
  e066 it0200/219 loss=0.0885 lr=6.46e-05 elapsed=167.0min
[epoch 066] train=0.0876  val_loss=0.7967  mIoU_fg=0.4481
  e067 it0050/219 loss=0.0873 lr=6.16e-05 elapsed=168.1min
  e067 it0100/219 loss=0.0903 lr=5.94e-05 elapsed=168.6min
  e067 it0150/219 loss=0.0871 lr=5.73e-05 elapsed=169.0min
  e067 it0200/219 loss=0.0874 lr=5.53e-05 elapsed=169.5min
[epoch 067] train=0.0866  val_loss=0.7688  mIoU_fg=0.4487
  e068 it0050/219 loss=0.0859 lr=5.25e-05 elapsed=170.6min
  e068 it0100/219 loss=0.0848 lr=5.05e-05 elapsed=171.1min
  e068 it0150/219 loss=0.0842 lr=4.86e-05 elapsed=171.6min
  e068 it0200/219 loss=0.0846 lr=4.66e-05 elapsed=172.0min
[epoch 068] train=0.0863  val_loss=0.7941  mIoU_fg=0.4463
  e069 it0050/219 loss=0.0865 lr=4.41e-05 elapsed=173.1min
  e069 it0100/219 loss=0.0922 lr=4.22e-05 elapsed=173.6min
  e069 it0150/219 loss=0.0870 lr=4.05e-05 elapsed=174.1min
  e069 it0200/219 loss=0.0848 lr=3.87e-05 elapsed=174.5min
[epoch 069] train=0.0846  val_loss=0.8264  mIoU_fg=0.4462
  e070 it0050/219 loss=0.0832 lr=3.64e-05 elapsed=175.6min
  e070 it0100/219 loss=0.0898 lr=3.47e-05 elapsed=176.1min
  e070 it0150/219 loss=0.0860 lr=3.31e-05 elapsed=176.5min
  e070 it0200/219 loss=0.0840 lr=3.15e-05 elapsed=177.0min
[epoch 070] train=0.0872  val_loss=0.8089  mIoU_fg=0.4468
  e071 it0050/219 loss=0.0891 lr=2.94e-05 elapsed=178.1min
  e071 it0100/219 loss=0.0858 lr=2.79e-05 elapsed=178.6min
  e071 it0150/219 loss=0.0890 lr=2.64e-05 elapsed=179.0min
  e071 it0200/219 loss=0.0873 lr=2.50e-05 elapsed=179.5min
[epoch 071] train=0.0864  val_loss=0.8595  mIoU_fg=0.4474
  e072 it0050/219 loss=0.0902 lr=2.31e-05 elapsed=180.6min
  e072 it0100/219 loss=0.0814 lr=2.18e-05 elapsed=181.1min
  e072 it0150/219 loss=0.0871 lr=2.05e-05 elapsed=181.5min
  e072 it0200/219 loss=0.0849 lr=1.92e-05 elapsed=182.0min
[epoch 072] train=0.0847  val_loss=0.8526  mIoU_fg=0.4471
  e073 it0050/219 loss=0.0800 lr=1.76e-05 elapsed=183.1min
  e073 it0100/219 loss=0.0805 lr=1.64e-05 elapsed=183.6min
  e073 it0150/219 loss=0.0820 lr=1.53e-05 elapsed=184.0min
  e073 it0200/219 loss=0.0830 lr=1.42e-05 elapsed=184.5min
[epoch 073] train=0.0837  val_loss=0.8477  mIoU_fg=0.4468
  e074 it0050/219 loss=0.0751 lr=1.28e-05 elapsed=185.6min
  e074 it0100/219 loss=0.0793 lr=1.18e-05 elapsed=186.1min
  e074 it0150/219 loss=0.0838 lr=1.09e-05 elapsed=186.5min
  e074 it0200/219 loss=0.0826 lr=9.94e-06 elapsed=187.0min
[epoch 074] train=0.0836  val_loss=0.8500  mIoU_fg=0.4467
  e075 it0050/219 loss=0.0788 lr=8.75e-06 elapsed=188.1min
  e075 it0100/219 loss=0.0821 lr=7.94e-06 elapsed=188.6min
  e075 it0150/219 loss=0.0821 lr=7.16e-06 elapsed=189.0min
  e075 it0200/219 loss=0.0817 lr=6.43e-06 elapsed=189.5min
[epoch 075] train=0.0825  val_loss=0.8579  mIoU_fg=0.4471
  e076 it0050/219 loss=0.0866 lr=5.47e-06 elapsed=190.6min
  e076 it0100/219 loss=0.0821 lr=4.83e-06 elapsed=191.1min
  e076 it0150/219 loss=0.0861 lr=4.23e-06 elapsed=191.5min
  e076 it0200/219 loss=0.0822 lr=3.67e-06 elapsed=192.0min
[epoch 076] train=0.0849  val_loss=0.8533  mIoU_fg=0.4474
  e077 it0050/219 loss=0.0880 lr=2.96e-06 elapsed=193.1min
  e077 it0100/219 loss=0.0824 lr=2.49e-06 elapsed=193.6min
  e077 it0150/219 loss=0.0867 lr=2.06e-06 elapsed=194.1min
  e077 it0200/219 loss=0.0841 lr=1.68e-06 elapsed=194.5min
[epoch 077] train=0.0822  val_loss=0.8548  mIoU_fg=0.4475
  e078 it0050/219 loss=0.0876 lr=1.21e-06 elapsed=195.7min
  e078 it0100/219 loss=0.0870 lr=9.18e-07 elapsed=196.1min
  e078 it0150/219 loss=0.0853 lr=6.67e-07 elapsed=196.6min
  e078 it0200/219 loss=0.0849 lr=4.55e-07 elapsed=197.0min
[epoch 078] train=0.0830  val_loss=0.8552  mIoU_fg=0.4475
  e079 it0050/219 loss=0.0822 lr=2.30e-07 elapsed=198.2min
  e079 it0100/219 loss=0.0840 lr=1.14e-07 elapsed=198.6min
  e079 it0150/219 loss=0.0859 lr=3.83e-08 elapsed=199.0min
  e079 it0200/219 loss=0.0818 lr=2.90e-09 elapsed=199.5min
[epoch 079] train=0.0830  val_loss=0.8549  mIoU_fg=0.4475
[done] best_mIoU_fg=0.4552  total_time=200.2min
[slurm] done=2026-06-26T22:06:56+02:00
