[slurm] host=node51  job=863356  start=2026-06-25T11:21:34+02:00
[slurm] btype=dinov3 id=vitl16 size=512 epochs=80 batch=16 lr=1e-3 head=linear multi_block=none multilabel=0 fpn_blocks=default fpn_dim=default out=dinoseg_dw_dinov3l_sat
NVIDIA L40S, 46068 MiB
[data] train=3489  val=739  fg classes=20  mode=single-label
[model] head=linear  trainable_params=21,525
  e000 it0050/219 loss=2.9159 lr=1.00e-03 elapsed=0.5min
  e000 it0100/219 loss=2.5444 lr=1.00e-03 elapsed=1.0min
  e000 it0150/219 loss=2.3529 lr=1.00e-03 elapsed=1.4min
  e000 it0200/219 loss=2.2227 lr=1.00e-03 elapsed=1.9min
[epoch 000] train=2.1793  val_loss=1.6332  mIoU_fg=0.0962
  [best] mIoU_fg=0.0962 saved -> /home/ids/diecidue/results/waste_vlm/dinoseg_dw_dinov3l_sat/best.pt
  e001 it0050/219 loss=1.7409 lr=9.99e-04 elapsed=3.1min
  e001 it0100/219 loss=1.6833 lr=9.99e-04 elapsed=3.6min
  e001 it0150/219 loss=1.6610 lr=9.99e-04 elapsed=4.1min
  e001 it0200/219 loss=1.6246 lr=9.99e-04 elapsed=4.5min
[epoch 001] train=1.6202  val_loss=1.4905  mIoU_fg=0.1674
  [best] mIoU_fg=0.1674 saved -> /home/ids/diecidue/results/waste_vlm/dinoseg_dw_dinov3l_sat/best.pt
  e002 it0050/219 loss=1.5610 lr=9.98e-04 elapsed=5.8min
  e002 it0100/219 loss=1.5385 lr=9.98e-04 elapsed=6.3min
  e002 it0150/219 loss=1.5297 lr=9.97e-04 elapsed=6.8min
  e002 it0200/219 loss=1.5107 lr=9.97e-04 elapsed=7.3min
[epoch 002] train=1.5050  val_loss=1.4278  mIoU_fg=0.2073
  [best] mIoU_fg=0.2073 saved -> /home/ids/diecidue/results/waste_vlm/dinoseg_dw_dinov3l_sat/best.pt
  e003 it0050/219 loss=1.4537 lr=9.96e-04 elapsed=8.5min
  e003 it0100/219 loss=1.4211 lr=9.95e-04 elapsed=9.0min
  e003 it0150/219 loss=1.4351 lr=9.95e-04 elapsed=9.5min
  e003 it0200/219 loss=1.4422 lr=9.94e-04 elapsed=10.0min
[epoch 003] train=1.4380  val_loss=1.3909  mIoU_fg=0.2568
  [best] mIoU_fg=0.2568 saved -> /home/ids/diecidue/results/waste_vlm/dinoseg_dw_dinov3l_sat/best.pt
  e004 it0050/219 loss=1.4219 lr=9.93e-04 elapsed=11.3min
  e004 it0100/219 loss=1.4278 lr=9.92e-04 elapsed=11.8min
  e004 it0150/219 loss=1.4067 lr=9.92e-04 elapsed=12.3min
  e004 it0200/219 loss=1.3961 lr=9.91e-04 elapsed=12.8min
[epoch 004] train=1.3965  val_loss=1.3630  mIoU_fg=0.2715
  [best] mIoU_fg=0.2715 saved -> /home/ids/diecidue/results/waste_vlm/dinoseg_dw_dinov3l_sat/best.pt
  e005 it0050/219 loss=1.3904 lr=9.89e-04 elapsed=14.0min
  e005 it0100/219 loss=1.3556 lr=9.89e-04 elapsed=14.5min
  e005 it0150/219 loss=1.3551 lr=9.88e-04 elapsed=15.0min
  e005 it0200/219 loss=1.3621 lr=9.87e-04 elapsed=15.5min
[epoch 005] train=1.3640  val_loss=1.3415  mIoU_fg=0.3001
  [best] mIoU_fg=0.3001 saved -> /home/ids/diecidue/results/waste_vlm/dinoseg_dw_dinov3l_sat/best.pt
  e006 it0050/219 loss=1.3311 lr=9.85e-04 elapsed=16.8min
  e006 it0100/219 loss=1.3432 lr=9.84e-04 elapsed=17.3min
  e006 it0150/219 loss=1.3487 lr=9.83e-04 elapsed=17.8min
  e006 it0200/219 loss=1.3470 lr=9.82e-04 elapsed=18.3min
[epoch 006] train=1.3404  val_loss=1.3251  mIoU_fg=0.3012
  [best] mIoU_fg=0.3012 saved -> /home/ids/diecidue/results/waste_vlm/dinoseg_dw_dinov3l_sat/best.pt
  e007 it0050/219 loss=1.3242 lr=9.80e-04 elapsed=19.6min
  e007 it0100/219 loss=1.3123 lr=9.79e-04 elapsed=20.1min
  e007 it0150/219 loss=1.3284 lr=9.77e-04 elapsed=20.6min
  e007 it0200/219 loss=1.3221 lr=9.76e-04 elapsed=21.1min
[epoch 007] train=1.3207  val_loss=1.3128  mIoU_fg=0.3073
  [best] mIoU_fg=0.3073 saved -> /home/ids/diecidue/results/waste_vlm/dinoseg_dw_dinov3l_sat/best.pt
  e008 it0050/219 loss=1.3041 lr=9.74e-04 elapsed=22.4min
  e008 it0100/219 loss=1.3083 lr=9.73e-04 elapsed=22.9min
  e008 it0150/219 loss=1.2988 lr=9.71e-04 elapsed=23.4min
  e008 it0200/219 loss=1.3079 lr=9.70e-04 elapsed=23.9min
[epoch 008] train=1.3056  val_loss=1.3026  mIoU_fg=0.3183
  [best] mIoU_fg=0.3183 saved -> /home/ids/diecidue/results/waste_vlm/dinoseg_dw_dinov3l_sat/best.pt
  e009 it0050/219 loss=1.2814 lr=9.68e-04 elapsed=25.1min
  e009 it0100/219 loss=1.2883 lr=9.66e-04 elapsed=25.6min
  e009 it0150/219 loss=1.2873 lr=9.64e-04 elapsed=26.1min
  e009 it0200/219 loss=1.2935 lr=9.63e-04 elapsed=26.6min
[epoch 009] train=1.2932  val_loss=1.2923  mIoU_fg=0.3240
  [best] mIoU_fg=0.3240 saved -> /home/ids/diecidue/results/waste_vlm/dinoseg_dw_dinov3l_sat/best.pt
  e010 it0050/219 loss=1.2761 lr=9.60e-04 elapsed=27.9min
  e010 it0100/219 loss=1.2924 lr=9.58e-04 elapsed=28.4min
  e010 it0150/219 loss=1.2891 lr=9.57e-04 elapsed=28.9min
  e010 it0200/219 loss=1.2881 lr=9.55e-04 elapsed=29.4min
[epoch 010] train=1.2824  val_loss=1.2863  mIoU_fg=0.3422
  [best] mIoU_fg=0.3422 saved -> /home/ids/diecidue/results/waste_vlm/dinoseg_dw_dinov3l_sat/best.pt
  e011 it0050/219 loss=1.2827 lr=9.52e-04 elapsed=30.7min
  e011 it0100/219 loss=1.2851 lr=9.50e-04 elapsed=31.2min
  e011 it0150/219 loss=1.2762 lr=9.48e-04 elapsed=31.7min
  e011 it0200/219 loss=1.2734 lr=9.46e-04 elapsed=32.2min
[epoch 011] train=1.2746  val_loss=1.2777  mIoU_fg=0.3489
  [best] mIoU_fg=0.3489 saved -> /home/ids/diecidue/results/waste_vlm/dinoseg_dw_dinov3l_sat/best.pt
  e012 it0050/219 loss=1.2545 lr=9.43e-04 elapsed=33.5min
  e012 it0100/219 loss=1.2588 lr=9.41e-04 elapsed=33.9min
  e012 it0150/219 loss=1.2640 lr=9.39e-04 elapsed=34.4min
  e012 it0200/219 loss=1.2641 lr=9.37e-04 elapsed=34.9min
[epoch 012] train=1.2643  val_loss=1.2722  mIoU_fg=0.3672
  [best] mIoU_fg=0.3672 saved -> /home/ids/diecidue/results/waste_vlm/dinoseg_dw_dinov3l_sat/best.pt
  e013 it0050/219 loss=1.2572 lr=9.34e-04 elapsed=36.2min
  e013 it0100/219 loss=1.2400 lr=9.32e-04 elapsed=36.7min
  e013 it0150/219 loss=1.2493 lr=9.30e-04 elapsed=37.2min
  e013 it0200/219 loss=1.2526 lr=9.27e-04 elapsed=37.7min
[epoch 013] train=1.2528  val_loss=1.2679  mIoU_fg=0.3620
  e014 it0050/219 loss=1.2399 lr=9.24e-04 elapsed=39.0min
  e014 it0100/219 loss=1.2387 lr=9.22e-04 elapsed=39.5min
  e014 it0150/219 loss=1.2476 lr=9.19e-04 elapsed=39.9min
  e014 it0200/219 loss=1.2495 lr=9.17e-04 elapsed=40.4min
[epoch 014] train=1.2450  val_loss=1.2602  mIoU_fg=0.3727
  [best] mIoU_fg=0.3727 saved -> /home/ids/diecidue/results/waste_vlm/dinoseg_dw_dinov3l_sat/best.pt
  e015 it0050/219 loss=1.2252 lr=9.13e-04 elapsed=41.7min
  e015 it0100/219 loss=1.2378 lr=9.11e-04 elapsed=42.2min
  e015 it0150/219 loss=1.2386 lr=9.08e-04 elapsed=42.7min
  e015 it0200/219 loss=1.2389 lr=9.06e-04 elapsed=43.2min
[epoch 015] train=1.2372  val_loss=1.2553  mIoU_fg=0.3612
  e016 it0050/219 loss=1.2417 lr=9.02e-04 elapsed=44.4min
  e016 it0100/219 loss=1.2254 lr=8.99e-04 elapsed=44.9min
  e016 it0150/219 loss=1.2387 lr=8.96e-04 elapsed=45.4min
  e016 it0200/219 loss=1.2383 lr=8.94e-04 elapsed=45.9min
[epoch 016] train=1.2343  val_loss=1.2525  mIoU_fg=0.3668
  e017 it0050/219 loss=1.2206 lr=8.90e-04 elapsed=47.2min
  e017 it0100/219 loss=1.2205 lr=8.87e-04 elapsed=47.7min
  e017 it0150/219 loss=1.2287 lr=8.84e-04 elapsed=48.2min
  e017 it0200/219 loss=1.2279 lr=8.81e-04 elapsed=48.7min
[epoch 017] train=1.2280  val_loss=1.2518  mIoU_fg=0.3726
  e018 it0050/219 loss=1.1993 lr=8.77e-04 elapsed=49.9min
  e018 it0100/219 loss=1.2326 lr=8.74e-04 elapsed=50.4min
  e018 it0150/219 loss=1.2306 lr=8.71e-04 elapsed=50.9min
  e018 it0200/219 loss=1.2233 lr=8.68e-04 elapsed=51.4min
[epoch 018] train=1.2246  val_loss=1.2417  mIoU_fg=0.3741
  [best] mIoU_fg=0.3741 saved -> /home/ids/diecidue/results/waste_vlm/dinoseg_dw_dinov3l_sat/best.pt
  e019 it0050/219 loss=1.2294 lr=8.64e-04 elapsed=52.6min
  e019 it0100/219 loss=1.2238 lr=8.61e-04 elapsed=53.1min
  e019 it0150/219 loss=1.2176 lr=8.58e-04 elapsed=53.6min
  e019 it0200/219 loss=1.2182 lr=8.55e-04 elapsed=54.1min
[epoch 019] train=1.2185  val_loss=1.2439  mIoU_fg=0.3743
  [best] mIoU_fg=0.3743 saved -> /home/ids/diecidue/results/waste_vlm/dinoseg_dw_dinov3l_sat/best.pt
  e020 it0050/219 loss=1.2230 lr=8.50e-04 elapsed=55.4min
  e020 it0100/219 loss=1.2261 lr=8.47e-04 elapsed=55.9min
  e020 it0150/219 loss=1.2118 lr=8.44e-04 elapsed=56.4min
  e020 it0200/219 loss=1.2143 lr=8.41e-04 elapsed=56.9min
[epoch 020] train=1.2146  val_loss=1.2354  mIoU_fg=0.3802
  [best] mIoU_fg=0.3802 saved -> /home/ids/diecidue/results/waste_vlm/dinoseg_dw_dinov3l_sat/best.pt
  e021 it0050/219 loss=1.1837 lr=8.36e-04 elapsed=58.2min
  e021 it0100/219 loss=1.1928 lr=8.33e-04 elapsed=58.7min
  e021 it0150/219 loss=1.2115 lr=8.29e-04 elapsed=59.2min
  e021 it0200/219 loss=1.2116 lr=8.26e-04 elapsed=59.7min
[epoch 021] train=1.2097  val_loss=1.2356  mIoU_fg=0.3827
  [best] mIoU_fg=0.3827 saved -> /home/ids/diecidue/results/waste_vlm/dinoseg_dw_dinov3l_sat/best.pt
  e022 it0050/219 loss=1.1900 lr=8.21e-04 elapsed=61.0min
  e022 it0100/219 loss=1.2027 lr=8.18e-04 elapsed=61.5min
  e022 it0150/219 loss=1.2018 lr=8.14e-04 elapsed=62.0min
  e022 it0200/219 loss=1.2053 lr=8.11e-04 elapsed=62.4min
[epoch 022] train=1.2079  val_loss=1.2356  mIoU_fg=0.3869
  [best] mIoU_fg=0.3869 saved -> /home/ids/diecidue/results/waste_vlm/dinoseg_dw_dinov3l_sat/best.pt
  e023 it0050/219 loss=1.1894 lr=8.06e-04 elapsed=63.7min
  e023 it0100/219 loss=1.1997 lr=8.02e-04 elapsed=64.2min
  e023 it0150/219 loss=1.1998 lr=7.99e-04 elapsed=64.7min
  e023 it0200/219 loss=1.2000 lr=7.95e-04 elapsed=65.2min
[epoch 023] train=1.2000  val_loss=1.2323  mIoU_fg=0.3895
  [best] mIoU_fg=0.3895 saved -> /home/ids/diecidue/results/waste_vlm/dinoseg_dw_dinov3l_sat/best.pt
  e024 it0050/219 loss=1.1824 lr=7.90e-04 elapsed=66.5min
  e024 it0100/219 loss=1.1898 lr=7.87e-04 elapsed=67.0min
  e024 it0150/219 loss=1.1922 lr=7.83e-04 elapsed=67.5min
  e024 it0200/219 loss=1.1986 lr=7.79e-04 elapsed=68.0min
[epoch 024] train=1.1976  val_loss=1.2286  mIoU_fg=0.3880
  e025 it0050/219 loss=1.1959 lr=7.74e-04 elapsed=69.2min
  e025 it0100/219 loss=1.1864 lr=7.70e-04 elapsed=69.7min
  e025 it0150/219 loss=1.1936 lr=7.67e-04 elapsed=70.2min
  e025 it0200/219 loss=1.1940 lr=7.63e-04 elapsed=70.7min
[epoch 025] train=1.1939  val_loss=1.2258  mIoU_fg=0.3869
  e026 it0050/219 loss=1.1703 lr=7.57e-04 elapsed=71.9min
  e026 it0100/219 loss=1.1923 lr=7.54e-04 elapsed=72.4min
  e026 it0150/219 loss=1.1914 lr=7.50e-04 elapsed=72.9min
  e026 it0200/219 loss=1.1960 lr=7.46e-04 elapsed=73.4min
[epoch 026] train=1.1967  val_loss=1.2267  mIoU_fg=0.3854
  e027 it0050/219 loss=1.1941 lr=7.40e-04 elapsed=74.7min
  e027 it0100/219 loss=1.1992 lr=7.36e-04 elapsed=75.1min
  e027 it0150/219 loss=1.1944 lr=7.32e-04 elapsed=75.6min
  e027 it0200/219 loss=1.1911 lr=7.29e-04 elapsed=76.1min
[epoch 027] train=1.1896  val_loss=1.2239  mIoU_fg=0.3939
  [best] mIoU_fg=0.3939 saved -> /home/ids/diecidue/results/waste_vlm/dinoseg_dw_dinov3l_sat/best.pt
  e028 it0050/219 loss=1.1659 lr=7.23e-04 elapsed=77.4min
  e028 it0100/219 loss=1.1722 lr=7.19e-04 elapsed=77.9min
  e028 it0150/219 loss=1.1822 lr=7.15e-04 elapsed=78.4min
  e028 it0200/219 loss=1.1879 lr=7.11e-04 elapsed=78.9min
[epoch 028] train=1.1873  val_loss=1.2241  mIoU_fg=0.3931
  e029 it0050/219 loss=1.1853 lr=7.05e-04 elapsed=80.2min
  e029 it0100/219 loss=1.2013 lr=7.01e-04 elapsed=80.7min
  e029 it0150/219 loss=1.1989 lr=6.97e-04 elapsed=81.2min
  e029 it0200/219 loss=1.1917 lr=6.93e-04 elapsed=81.6min
[epoch 029] train=1.1899  val_loss=1.2211  mIoU_fg=0.3920
  e030 it0050/219 loss=1.1942 lr=6.87e-04 elapsed=82.9min
  e030 it0100/219 loss=1.1984 lr=6.83e-04 elapsed=83.4min
  e030 it0150/219 loss=1.1881 lr=6.79e-04 elapsed=83.9min
  e030 it0200/219 loss=1.1847 lr=6.75e-04 elapsed=84.4min
[epoch 030] train=1.1831  val_loss=1.2198  mIoU_fg=0.3979
  [best] mIoU_fg=0.3979 saved -> /home/ids/diecidue/results/waste_vlm/dinoseg_dw_dinov3l_sat/best.pt
  e031 it0050/219 loss=1.1937 lr=6.69e-04 elapsed=85.7min
  e031 it0100/219 loss=1.1839 lr=6.65e-04 elapsed=86.2min
  e031 it0150/219 loss=1.1866 lr=6.60e-04 elapsed=86.7min
  e031 it0200/219 loss=1.1820 lr=6.56e-04 elapsed=87.1min
[epoch 031] train=1.1829  val_loss=1.2176  mIoU_fg=0.3911
  e032 it0050/219 loss=1.1528 lr=6.50e-04 elapsed=88.4min
  e032 it0100/219 loss=1.1615 lr=6.46e-04 elapsed=88.9min
  e032 it0150/219 loss=1.1685 lr=6.42e-04 elapsed=89.4min
  e032 it0200/219 loss=1.1756 lr=6.37e-04 elapsed=89.9min
[epoch 032] train=1.1782  val_loss=1.2138  mIoU_fg=0.3952
  e033 it0050/219 loss=1.1765 lr=6.31e-04 elapsed=91.1min
  e033 it0100/219 loss=1.1793 lr=6.27e-04 elapsed=91.6min
  e033 it0150/219 loss=1.1758 lr=6.23e-04 elapsed=92.1min
  e033 it0200/219 loss=1.1771 lr=6.18e-04 elapsed=92.6min
[epoch 033] train=1.1779  val_loss=1.2132  mIoU_fg=0.4000
  [best] mIoU_fg=0.4000 saved -> /home/ids/diecidue/results/waste_vlm/dinoseg_dw_dinov3l_sat/best.pt
  e034 it0050/219 loss=1.1655 lr=6.12e-04 elapsed=93.9min
  e034 it0100/219 loss=1.1607 lr=6.08e-04 elapsed=94.4min
  e034 it0150/219 loss=1.1692 lr=6.04e-04 elapsed=94.9min
  e034 it0200/219 loss=1.1759 lr=5.99e-04 elapsed=95.4min
[epoch 034] train=1.1748  val_loss=1.2141  mIoU_fg=0.3970
  e035 it0050/219 loss=1.1723 lr=5.93e-04 elapsed=96.6min
  e035 it0100/219 loss=1.1665 lr=5.89e-04 elapsed=97.1min
  e035 it0150/219 loss=1.1696 lr=5.84e-04 elapsed=97.6min
  e035 it0200/219 loss=1.1754 lr=5.80e-04 elapsed=98.1min
[epoch 035] train=1.1736  val_loss=1.2129  mIoU_fg=0.4026
  [best] mIoU_fg=0.4026 saved -> /home/ids/diecidue/results/waste_vlm/dinoseg_dw_dinov3l_sat/best.pt
  e036 it0050/219 loss=1.1689 lr=5.74e-04 elapsed=99.4min
  e036 it0100/219 loss=1.1698 lr=5.69e-04 elapsed=99.9min
  e036 it0150/219 loss=1.1732 lr=5.65e-04 elapsed=100.3min
  e036 it0200/219 loss=1.1725 lr=5.60e-04 elapsed=100.8min
[epoch 036] train=1.1712  val_loss=1.2109  mIoU_fg=0.3994
  e037 it0050/219 loss=1.1525 lr=5.54e-04 elapsed=102.1min
  e037 it0100/219 loss=1.1538 lr=5.50e-04 elapsed=102.6min
  e037 it0150/219 loss=1.1681 lr=5.45e-04 elapsed=103.0min
  e037 it0200/219 loss=1.1691 lr=5.41e-04 elapsed=103.5min
[epoch 037] train=1.1692  val_loss=1.2089  mIoU_fg=0.3957
  e038 it0050/219 loss=1.1571 lr=5.35e-04 elapsed=104.8min
  e038 it0100/219 loss=1.1683 lr=5.30e-04 elapsed=105.3min
  e038 it0150/219 loss=1.1735 lr=5.26e-04 elapsed=105.8min
  e038 it0200/219 loss=1.1702 lr=5.21e-04 elapsed=106.2min
[epoch 038] train=1.1681  val_loss=1.2083  mIoU_fg=0.3916
  e039 it0050/219 loss=1.1493 lr=5.15e-04 elapsed=107.5min
  e039 it0100/219 loss=1.1637 lr=5.11e-04 elapsed=108.0min
  e039 it0150/219 loss=1.1654 lr=5.06e-04 elapsed=108.5min
  e039 it0200/219 loss=1.1619 lr=5.02e-04 elapsed=109.0min
[epoch 039] train=1.1649  val_loss=1.2103  mIoU_fg=0.3988
  e040 it0050/219 loss=1.1860 lr=4.96e-04 elapsed=110.2min
  e040 it0100/219 loss=1.1742 lr=4.91e-04 elapsed=110.7min
  e040 it0150/219 loss=1.1662 lr=4.87e-04 elapsed=111.2min
  e040 it0200/219 loss=1.1649 lr=4.82e-04 elapsed=111.7min
[epoch 040] train=1.1659  val_loss=1.2072  mIoU_fg=0.3947
  e041 it0050/219 loss=1.1405 lr=4.76e-04 elapsed=112.9min
  e041 it0100/219 loss=1.1497 lr=4.71e-04 elapsed=113.4min
  e041 it0150/219 loss=1.1654 lr=4.67e-04 elapsed=113.9min
  e041 it0200/219 loss=1.1659 lr=4.62e-04 elapsed=114.4min
[epoch 041] train=1.1653  val_loss=1.2101  mIoU_fg=0.3990
  e042 it0050/219 loss=1.1557 lr=4.56e-04 elapsed=115.6min
  e042 it0100/219 loss=1.1585 lr=4.52e-04 elapsed=116.1min
  e042 it0150/219 loss=1.1628 lr=4.47e-04 elapsed=116.6min
  e042 it0200/219 loss=1.1645 lr=4.43e-04 elapsed=117.1min
[epoch 042] train=1.1643  val_loss=1.2099  mIoU_fg=0.3985
  e043 it0050/219 loss=1.1733 lr=4.37e-04 elapsed=118.3min
  e043 it0100/219 loss=1.1782 lr=4.32e-04 elapsed=118.8min
  e043 it0150/219 loss=1.1647 lr=4.28e-04 elapsed=119.3min
  e043 it0200/219 loss=1.1613 lr=4.23e-04 elapsed=119.8min
[epoch 043] train=1.1622  val_loss=1.2091  mIoU_fg=0.4002
  e044 it0050/219 loss=1.1659 lr=4.17e-04 elapsed=121.0min
  e044 it0100/219 loss=1.1604 lr=4.13e-04 elapsed=121.5min
  e044 it0150/219 loss=1.1653 lr=4.09e-04 elapsed=122.0min
  e044 it0200/219 loss=1.1653 lr=4.04e-04 elapsed=122.5min
[epoch 044] train=1.1637  val_loss=1.2073  mIoU_fg=0.3985
  e045 it0050/219 loss=1.1525 lr=3.98e-04 elapsed=123.8min
  e045 it0100/219 loss=1.1642 lr=3.94e-04 elapsed=124.3min
  e045 it0150/219 loss=1.1652 lr=3.89e-04 elapsed=124.8min
  e045 it0200/219 loss=1.1619 lr=3.85e-04 elapsed=125.2min
[epoch 045] train=1.1622  val_loss=1.2053  mIoU_fg=0.4003
  e046 it0050/219 loss=1.1506 lr=3.79e-04 elapsed=126.5min
  e046 it0100/219 loss=1.1542 lr=3.75e-04 elapsed=127.0min
  e046 it0150/219 loss=1.1591 lr=3.70e-04 elapsed=127.5min
  e046 it0200/219 loss=1.1590 lr=3.66e-04 elapsed=128.0min
[epoch 046] train=1.1606  val_loss=1.2051  mIoU_fg=0.4037
  [best] mIoU_fg=0.4037 saved -> /home/ids/diecidue/results/waste_vlm/dinoseg_dw_dinov3l_sat/best.pt
  e047 it0050/219 loss=1.1339 lr=3.60e-04 elapsed=129.3min
  e047 it0100/219 loss=1.1426 lr=3.56e-04 elapsed=129.7min
  e047 it0150/219 loss=1.1571 lr=3.51e-04 elapsed=130.2min
  e047 it0200/219 loss=1.1592 lr=3.47e-04 elapsed=130.7min
[epoch 047] train=1.1605  val_loss=1.2047  mIoU_fg=0.3997
  e048 it0050/219 loss=1.1624 lr=3.41e-04 elapsed=132.0min
  e048 it0100/219 loss=1.1577 lr=3.37e-04 elapsed=132.4min
  e048 it0150/219 loss=1.1585 lr=3.33e-04 elapsed=132.9min
  e048 it0200/219 loss=1.1600 lr=3.29e-04 elapsed=133.4min
[epoch 048] train=1.1577  val_loss=1.2055  mIoU_fg=0.4039
  [best] mIoU_fg=0.4039 saved -> /home/ids/diecidue/results/waste_vlm/dinoseg_dw_dinov3l_sat/best.pt
  e049 it0050/219 loss=1.1634 lr=3.23e-04 elapsed=134.7min
  e049 it0100/219 loss=1.1564 lr=3.19e-04 elapsed=135.2min
  e049 it0150/219 loss=1.1597 lr=3.14e-04 elapsed=135.7min
  e049 it0200/219 loss=1.1600 lr=3.10e-04 elapsed=136.2min
[epoch 049] train=1.1576  val_loss=1.2057  mIoU_fg=0.4037
  e050 it0050/219 loss=1.1536 lr=3.05e-04 elapsed=137.4min
  e050 it0100/219 loss=1.1537 lr=3.00e-04 elapsed=137.9min
  e050 it0150/219 loss=1.1574 lr=2.96e-04 elapsed=138.4min
  e050 it0200/219 loss=1.1579 lr=2.92e-04 elapsed=138.9min
[epoch 050] train=1.1581  val_loss=1.2031  mIoU_fg=0.4055
  [best] mIoU_fg=0.4055 saved -> /home/ids/diecidue/results/waste_vlm/dinoseg_dw_dinov3l_sat/best.pt
  e051 it0050/219 loss=1.1552 lr=2.87e-04 elapsed=140.2min
  e051 it0100/219 loss=1.1485 lr=2.83e-04 elapsed=140.7min
  e051 it0150/219 loss=1.1495 lr=2.79e-04 elapsed=141.2min
  e051 it0200/219 loss=1.1544 lr=2.75e-04 elapsed=141.7min
[epoch 051] train=1.1547  val_loss=1.2034  mIoU_fg=0.4009
  e052 it0050/219 loss=1.1426 lr=2.69e-04 elapsed=142.9min
  e052 it0100/219 loss=1.1567 lr=2.65e-04 elapsed=143.4min
  e052 it0150/219 loss=1.1517 lr=2.61e-04 elapsed=143.9min
  e052 it0200/219 loss=1.1549 lr=2.57e-04 elapsed=144.4min
[epoch 052] train=1.1535  val_loss=1.2033  mIoU_fg=0.4035
  e053 it0050/219 loss=1.1451 lr=2.52e-04 elapsed=145.7min
  e053 it0100/219 loss=1.1535 lr=2.48e-04 elapsed=146.1min
  e053 it0150/219 loss=1.1553 lr=2.44e-04 elapsed=146.6min
  e053 it0200/219 loss=1.1548 lr=2.40e-04 elapsed=147.1min
[epoch 053] train=1.1530  val_loss=1.2032  mIoU_fg=0.4025
  e054 it0050/219 loss=1.1590 lr=2.35e-04 elapsed=148.4min
  e054 it0100/219 loss=1.1657 lr=2.31e-04 elapsed=148.9min
  e054 it0150/219 loss=1.1616 lr=2.27e-04 elapsed=149.4min
  e054 it0200/219 loss=1.1595 lr=2.24e-04 elapsed=149.9min
[epoch 054] train=1.1574  val_loss=1.2025  mIoU_fg=0.4026
  e055 it0050/219 loss=1.1520 lr=2.18e-04 elapsed=151.1min
  e055 it0100/219 loss=1.1548 lr=2.15e-04 elapsed=151.6min
  e055 it0150/219 loss=1.1500 lr=2.11e-04 elapsed=152.1min
  e055 it0200/219 loss=1.1508 lr=2.07e-04 elapsed=152.6min
[epoch 055] train=1.1517  val_loss=1.2020  mIoU_fg=0.4034
  e056 it0050/219 loss=1.1534 lr=2.02e-04 elapsed=153.8min
  e056 it0100/219 loss=1.1552 lr=1.99e-04 elapsed=154.3min
  e056 it0150/219 loss=1.1563 lr=1.95e-04 elapsed=154.8min
  e056 it0200/219 loss=1.1579 lr=1.92e-04 elapsed=155.3min
[epoch 056] train=1.1533  val_loss=1.2020  mIoU_fg=0.4028
  e057 it0050/219 loss=1.1564 lr=1.87e-04 elapsed=156.5min
  e057 it0100/219 loss=1.1543 lr=1.83e-04 elapsed=157.0min
  e057 it0150/219 loss=1.1530 lr=1.80e-04 elapsed=157.5min
  e057 it0200/219 loss=1.1537 lr=1.77e-04 elapsed=158.0min
[epoch 057] train=1.1526  val_loss=1.2025  mIoU_fg=0.4035
  e058 it0050/219 loss=1.1596 lr=1.72e-04 elapsed=159.3min
  e058 it0100/219 loss=1.1614 lr=1.69e-04 elapsed=159.8min
  e058 it0150/219 loss=1.1597 lr=1.65e-04 elapsed=160.3min
  e058 it0200/219 loss=1.1541 lr=1.62e-04 elapsed=160.8min
[epoch 058] train=1.1536  val_loss=1.2018  mIoU_fg=0.4037
  e059 it0050/219 loss=1.1540 lr=1.57e-04 elapsed=162.0min
  e059 it0100/219 loss=1.1592 lr=1.54e-04 elapsed=162.5min
  e059 it0150/219 loss=1.1533 lr=1.51e-04 elapsed=163.0min
  e059 it0200/219 loss=1.1551 lr=1.48e-04 elapsed=163.5min
[epoch 059] train=1.1553  val_loss=1.2022  mIoU_fg=0.4044
  e060 it0050/219 loss=1.1388 lr=1.43e-04 elapsed=164.7min
  e060 it0100/219 loss=1.1474 lr=1.40e-04 elapsed=165.2min
  e060 it0150/219 loss=1.1476 lr=1.37e-04 elapsed=165.7min
  e060 it0200/219 loss=1.1525 lr=1.34e-04 elapsed=166.2min
[epoch 060] train=1.1519  val_loss=1.2020  mIoU_fg=0.4046
  e061 it0050/219 loss=1.1791 lr=1.30e-04 elapsed=167.4min
  e061 it0100/219 loss=1.1584 lr=1.27e-04 elapsed=167.9min
  e061 it0150/219 loss=1.1534 lr=1.24e-04 elapsed=168.4min
  e061 it0200/219 loss=1.1541 lr=1.21e-04 elapsed=168.9min
[epoch 061] train=1.1591  val_loss=1.2018  mIoU_fg=0.4050
  e062 it0050/219 loss=1.1554 lr=1.17e-04 elapsed=170.1min
  e062 it0100/219 loss=1.1451 lr=1.14e-04 elapsed=170.6min
  e062 it0150/219 loss=1.1469 lr=1.11e-04 elapsed=171.1min
  e062 it0200/219 loss=1.1508 lr=1.08e-04 elapsed=171.6min
[epoch 062] train=1.1518  val_loss=1.2013  mIoU_fg=0.4062
  [best] mIoU_fg=0.4062 saved -> /home/ids/diecidue/results/waste_vlm/dinoseg_dw_dinov3l_sat/best.pt
  e063 it0050/219 loss=1.1345 lr=1.05e-04 elapsed=172.9min
  e063 it0100/219 loss=1.1464 lr=1.02e-04 elapsed=173.4min
  e063 it0150/219 loss=1.1555 lr=9.92e-05 elapsed=173.9min
  e063 it0200/219 loss=1.1519 lr=9.65e-05 elapsed=174.4min
[epoch 063] train=1.1500  val_loss=1.2011  mIoU_fg=0.4060
  e064 it0050/219 loss=1.1608 lr=9.29e-05 elapsed=175.6min
  e064 it0100/219 loss=1.1458 lr=9.03e-05 elapsed=176.1min
  e064 it0150/219 loss=1.1499 lr=8.77e-05 elapsed=176.6min
  e064 it0200/219 loss=1.1509 lr=8.52e-05 elapsed=177.1min
[epoch 064] train=1.1513  val_loss=1.2014  mIoU_fg=0.4050
  e065 it0050/219 loss=1.1543 lr=8.18e-05 elapsed=178.3min
  e065 it0100/219 loss=1.1592 lr=7.94e-05 elapsed=178.8min
  e065 it0150/219 loss=1.1559 lr=7.69e-05 elapsed=179.3min
  e065 it0200/219 loss=1.1504 lr=7.46e-05 elapsed=179.8min
[epoch 065] train=1.1515  val_loss=1.2015  mIoU_fg=0.4049
  e066 it0050/219 loss=1.1421 lr=7.14e-05 elapsed=181.0min
  e066 it0100/219 loss=1.1501 lr=6.91e-05 elapsed=181.5min
  e066 it0150/219 loss=1.1561 lr=6.68e-05 elapsed=182.0min
  e066 it0200/219 loss=1.1545 lr=6.46e-05 elapsed=182.5min
[epoch 066] train=1.1523  val_loss=1.2012  mIoU_fg=0.4049
  e067 it0050/219 loss=1.1466 lr=6.16e-05 elapsed=183.8min
  e067 it0100/219 loss=1.1412 lr=5.94e-05 elapsed=184.2min
  e067 it0150/219 loss=1.1459 lr=5.73e-05 elapsed=184.7min
  e067 it0200/219 loss=1.1491 lr=5.53e-05 elapsed=185.2min
[epoch 067] train=1.1502  val_loss=1.2010  mIoU_fg=0.4051
  e068 it0050/219 loss=1.1292 lr=5.25e-05 elapsed=186.5min
  e068 it0100/219 loss=1.1482 lr=5.05e-05 elapsed=187.0min
  e068 it0150/219 loss=1.1471 lr=4.86e-05 elapsed=187.4min
  e068 it0200/219 loss=1.1519 lr=4.66e-05 elapsed=187.9min
[epoch 068] train=1.1537  val_loss=1.2011  mIoU_fg=0.4051
  e069 it0050/219 loss=1.1483 lr=4.41e-05 elapsed=189.2min
  e069 it0100/219 loss=1.1477 lr=4.22e-05 elapsed=189.7min
  e069 it0150/219 loss=1.1507 lr=4.05e-05 elapsed=190.2min
  e069 it0200/219 loss=1.1493 lr=3.87e-05 elapsed=190.7min
[epoch 069] train=1.1502  val_loss=1.2012  mIoU_fg=0.4058
  e070 it0050/219 loss=1.1713 lr=3.64e-05 elapsed=191.9min
  e070 it0100/219 loss=1.1637 lr=3.47e-05 elapsed=192.4min
  e070 it0150/219 loss=1.1562 lr=3.31e-05 elapsed=192.9min
  e070 it0200/219 loss=1.1511 lr=3.15e-05 elapsed=193.4min
[epoch 070] train=1.1498  val_loss=1.2011  mIoU_fg=0.4056
  e071 it0050/219 loss=1.1371 lr=2.94e-05 elapsed=194.6min
  e071 it0100/219 loss=1.1402 lr=2.79e-05 elapsed=195.1min
  e071 it0150/219 loss=1.1443 lr=2.64e-05 elapsed=195.6min
  e071 it0200/219 loss=1.1480 lr=2.50e-05 elapsed=196.1min
[epoch 071] train=1.1481  val_loss=1.2012  mIoU_fg=0.4056
  e072 it0050/219 loss=1.1590 lr=2.31e-05 elapsed=197.3min
  e072 it0100/219 loss=1.1515 lr=2.18e-05 elapsed=197.8min
  e072 it0150/219 loss=1.1541 lr=2.05e-05 elapsed=198.3min
  e072 it0200/219 loss=1.1510 lr=1.92e-05 elapsed=198.8min
[epoch 072] train=1.1543  val_loss=1.2011  mIoU_fg=0.4055
  e073 it0050/219 loss=1.1584 lr=1.76e-05 elapsed=200.0min
  e073 it0100/219 loss=1.1669 lr=1.64e-05 elapsed=200.5min
  e073 it0150/219 loss=1.1597 lr=1.53e-05 elapsed=201.0min
  e073 it0200/219 loss=1.1538 lr=1.42e-05 elapsed=201.5min
[epoch 073] train=1.1503  val_loss=1.2011  mIoU_fg=0.4056
  e074 it0050/219 loss=1.1537 lr=1.28e-05 elapsed=202.8min
  e074 it0100/219 loss=1.1462 lr=1.18e-05 elapsed=203.3min
  e074 it0150/219 loss=1.1473 lr=1.09e-05 elapsed=203.8min
  e074 it0200/219 loss=1.1511 lr=9.94e-06 elapsed=204.3min
[epoch 074] train=1.1509  val_loss=1.2011  mIoU_fg=0.4057
  e075 it0050/219 loss=1.1627 lr=8.75e-06 elapsed=205.5min
  e075 it0100/219 loss=1.1563 lr=7.94e-06 elapsed=206.0min
  e075 it0150/219 loss=1.1550 lr=7.16e-06 elapsed=206.5min
  e075 it0200/219 loss=1.1495 lr=6.43e-06 elapsed=207.0min
[epoch 075] train=1.1495  val_loss=1.2011  mIoU_fg=0.4056
  e076 it0050/219 loss=1.1564 lr=5.47e-06 elapsed=208.3min
  e076 it0100/219 loss=1.1541 lr=4.83e-06 elapsed=208.8min
  e076 it0150/219 loss=1.1524 lr=4.23e-06 elapsed=209.3min
  e076 it0200/219 loss=1.1501 lr=3.67e-06 elapsed=209.7min
[epoch 076] train=1.1489  val_loss=1.2011  mIoU_fg=0.4056
  e077 it0050/219 loss=1.1521 lr=2.96e-06 elapsed=211.0min
  e077 it0100/219 loss=1.1527 lr=2.49e-06 elapsed=211.5min
  e077 it0150/219 loss=1.1574 lr=2.06e-06 elapsed=212.0min
  e077 it0200/219 loss=1.1500 lr=1.68e-06 elapsed=212.5min
[epoch 077] train=1.1497  val_loss=1.2010  mIoU_fg=0.4057
  e078 it0050/219 loss=1.1628 lr=1.21e-06 elapsed=213.7min
  e078 it0100/219 loss=1.1590 lr=9.18e-07 elapsed=214.2min
  e078 it0150/219 loss=1.1510 lr=6.67e-07 elapsed=214.7min
  e078 it0200/219 loss=1.1541 lr=4.55e-07 elapsed=215.2min
[epoch 078] train=1.1499  val_loss=1.2010  mIoU_fg=0.4057
  e079 it0050/219 loss=1.1394 lr=2.30e-07 elapsed=216.4min
  e079 it0100/219 loss=1.1460 lr=1.14e-07 elapsed=216.9min
  e079 it0150/219 loss=1.1504 lr=3.83e-08 elapsed=217.4min
  e079 it0200/219 loss=1.1522 lr=2.90e-09 elapsed=217.9min
[epoch 079] train=1.1500  val_loss=1.2010  mIoU_fg=0.4057
[done] best_mIoU_fg=0.4062  total_time=218.7min
[slurm] done=2026-06-25T15:00:28+02:00
