[slurm] host=node52  job=863357  start=2026-06-25T11:21:34+02:00
[slurm] btype=dinov3 id=vitl_lvd size=512 epochs=80 batch=16 lr=1e-3 head=linear multi_block=none multilabel=0 fpn_blocks=default fpn_dim=default out=dinoseg_dw_dinov3l_lvd
NVIDIA L40S, 46068 MiB
[data] train=3489  val=739  fg classes=20  mode=single-label
[model] head=linear  trainable_params=21,525
  e000 it0050/219 loss=2.4480 lr=1.00e-03 elapsed=0.5min
  e000 it0100/219 loss=2.1092 lr=1.00e-03 elapsed=1.0min
  e000 it0150/219 loss=1.9316 lr=1.00e-03 elapsed=1.4min
  e000 it0200/219 loss=1.8168 lr=1.00e-03 elapsed=1.9min
[epoch 000] train=1.7830  val_loss=1.3631  mIoU_fg=0.3032
  [best] mIoU_fg=0.3032 saved -> /home/ids/diecidue/results/waste_vlm/dinoseg_dw_dinov3l_lvd/best.pt
  e001 it0050/219 loss=1.4094 lr=9.99e-04 elapsed=3.1min
  e001 it0100/219 loss=1.3797 lr=9.99e-04 elapsed=3.6min
  e001 it0150/219 loss=1.3579 lr=9.99e-04 elapsed=4.0min
  e001 it0200/219 loss=1.3422 lr=9.99e-04 elapsed=4.5min
[epoch 001] train=1.3379  val_loss=1.2869  mIoU_fg=0.3780
  [best] mIoU_fg=0.3780 saved -> /home/ids/diecidue/results/waste_vlm/dinoseg_dw_dinov3l_lvd/best.pt
  e002 it0050/219 loss=1.3222 lr=9.98e-04 elapsed=5.7min
  e002 it0100/219 loss=1.2940 lr=9.98e-04 elapsed=6.2min
  e002 it0150/219 loss=1.2838 lr=9.97e-04 elapsed=6.7min
  e002 it0200/219 loss=1.2742 lr=9.97e-04 elapsed=7.2min
[epoch 002] train=1.2710  val_loss=1.2591  mIoU_fg=0.3900
  [best] mIoU_fg=0.3900 saved -> /home/ids/diecidue/results/waste_vlm/dinoseg_dw_dinov3l_lvd/best.pt
  e003 it0050/219 loss=1.2270 lr=9.96e-04 elapsed=8.4min
  e003 it0100/219 loss=1.2186 lr=9.95e-04 elapsed=8.9min
  e003 it0150/219 loss=1.2301 lr=9.95e-04 elapsed=9.4min
  e003 it0200/219 loss=1.2380 lr=9.94e-04 elapsed=9.8min
[epoch 003] train=1.2370  val_loss=1.2421  mIoU_fg=0.4095
  [best] mIoU_fg=0.4095 saved -> /home/ids/diecidue/results/waste_vlm/dinoseg_dw_dinov3l_lvd/best.pt
  e004 it0050/219 loss=1.2288 lr=9.93e-04 elapsed=11.1min
  e004 it0100/219 loss=1.2376 lr=9.92e-04 elapsed=11.6min
  e004 it0150/219 loss=1.2238 lr=9.92e-04 elapsed=12.1min
  e004 it0200/219 loss=1.2144 lr=9.91e-04 elapsed=12.6min
[epoch 004] train=1.2165  val_loss=1.2290  mIoU_fg=0.4234
  [best] mIoU_fg=0.4234 saved -> /home/ids/diecidue/results/waste_vlm/dinoseg_dw_dinov3l_lvd/best.pt
  e005 it0050/219 loss=1.2043 lr=9.89e-04 elapsed=13.9min
  e005 it0100/219 loss=1.1946 lr=9.89e-04 elapsed=14.4min
  e005 it0150/219 loss=1.1969 lr=9.88e-04 elapsed=14.9min
  e005 it0200/219 loss=1.1961 lr=9.87e-04 elapsed=15.4min
[epoch 005] train=1.1984  val_loss=1.2193  mIoU_fg=0.4256
  [best] mIoU_fg=0.4256 saved -> /home/ids/diecidue/results/waste_vlm/dinoseg_dw_dinov3l_lvd/best.pt
  e006 it0050/219 loss=1.1701 lr=9.85e-04 elapsed=16.6min
  e006 it0100/219 loss=1.1828 lr=9.84e-04 elapsed=17.1min
  e006 it0150/219 loss=1.1896 lr=9.83e-04 elapsed=17.6min
  e006 it0200/219 loss=1.1912 lr=9.82e-04 elapsed=18.1min
[epoch 006] train=1.1869  val_loss=1.2147  mIoU_fg=0.4243
  e007 it0050/219 loss=1.1678 lr=9.80e-04 elapsed=19.3min
  e007 it0100/219 loss=1.1679 lr=9.79e-04 elapsed=19.8min
  e007 it0150/219 loss=1.1774 lr=9.77e-04 elapsed=20.3min
  e007 it0200/219 loss=1.1748 lr=9.76e-04 elapsed=20.8min
[epoch 007] train=1.1752  val_loss=1.2036  mIoU_fg=0.4273
  [best] mIoU_fg=0.4273 saved -> /home/ids/diecidue/results/waste_vlm/dinoseg_dw_dinov3l_lvd/best.pt
  e008 it0050/219 loss=1.1660 lr=9.74e-04 elapsed=22.1min
  e008 it0100/219 loss=1.1698 lr=9.73e-04 elapsed=22.6min
  e008 it0150/219 loss=1.1656 lr=9.71e-04 elapsed=23.1min
  e008 it0200/219 loss=1.1706 lr=9.70e-04 elapsed=23.6min
[epoch 008] train=1.1688  val_loss=1.2048  mIoU_fg=0.4172
  e009 it0050/219 loss=1.1496 lr=9.68e-04 elapsed=24.8min
  e009 it0100/219 loss=1.1606 lr=9.66e-04 elapsed=25.3min
  e009 it0150/219 loss=1.1611 lr=9.64e-04 elapsed=25.8min
  e009 it0200/219 loss=1.1642 lr=9.63e-04 elapsed=26.3min
[epoch 009] train=1.1619  val_loss=1.1971  mIoU_fg=0.4194
  e010 it0050/219 loss=1.1446 lr=9.60e-04 elapsed=27.5min
  e010 it0100/219 loss=1.1598 lr=9.58e-04 elapsed=28.0min
  e010 it0150/219 loss=1.1607 lr=9.57e-04 elapsed=28.4min
  e010 it0200/219 loss=1.1598 lr=9.55e-04 elapsed=28.9min
[epoch 010] train=1.1563  val_loss=1.1987  mIoU_fg=0.4282
  [best] mIoU_fg=0.4282 saved -> /home/ids/diecidue/results/waste_vlm/dinoseg_dw_dinov3l_lvd/best.pt
  e011 it0050/219 loss=1.1621 lr=9.52e-04 elapsed=30.1min
  e011 it0100/219 loss=1.1596 lr=9.50e-04 elapsed=30.6min
  e011 it0150/219 loss=1.1533 lr=9.48e-04 elapsed=31.1min
  e011 it0200/219 loss=1.1520 lr=9.46e-04 elapsed=31.6min
[epoch 011] train=1.1517  val_loss=1.1979  mIoU_fg=0.4176
  e012 it0050/219 loss=1.1387 lr=9.43e-04 elapsed=32.8min
  e012 it0100/219 loss=1.1456 lr=9.41e-04 elapsed=33.3min
  e012 it0150/219 loss=1.1480 lr=9.39e-04 elapsed=33.8min
  e012 it0200/219 loss=1.1475 lr=9.37e-04 elapsed=34.3min
[epoch 012] train=1.1469  val_loss=1.1940  mIoU_fg=0.4300
  [best] mIoU_fg=0.4300 saved -> /home/ids/diecidue/results/waste_vlm/dinoseg_dw_dinov3l_lvd/best.pt
  e013 it0050/219 loss=1.1441 lr=9.34e-04 elapsed=35.6min
  e013 it0100/219 loss=1.1321 lr=9.32e-04 elapsed=36.0min
  e013 it0150/219 loss=1.1411 lr=9.30e-04 elapsed=36.5min
  e013 it0200/219 loss=1.1409 lr=9.27e-04 elapsed=37.0min
[epoch 013] train=1.1405  val_loss=1.1929  mIoU_fg=0.4335
  [best] mIoU_fg=0.4335 saved -> /home/ids/diecidue/results/waste_vlm/dinoseg_dw_dinov3l_lvd/best.pt
  e014 it0050/219 loss=1.1324 lr=9.24e-04 elapsed=38.2min
  e014 it0100/219 loss=1.1344 lr=9.22e-04 elapsed=38.7min
  e014 it0150/219 loss=1.1387 lr=9.19e-04 elapsed=39.2min
  e014 it0200/219 loss=1.1401 lr=9.17e-04 elapsed=39.7min
[epoch 014] train=1.1372  val_loss=1.1819  mIoU_fg=0.4333
  e015 it0050/219 loss=1.1222 lr=9.13e-04 elapsed=40.9min
  e015 it0100/219 loss=1.1357 lr=9.11e-04 elapsed=41.4min
  e015 it0150/219 loss=1.1333 lr=9.08e-04 elapsed=41.8min
  e015 it0200/219 loss=1.1337 lr=9.06e-04 elapsed=42.3min
[epoch 015] train=1.1326  val_loss=1.1790  mIoU_fg=0.4261
  e016 it0050/219 loss=1.1329 lr=9.02e-04 elapsed=43.5min
  e016 it0100/219 loss=1.1244 lr=8.99e-04 elapsed=44.0min
  e016 it0150/219 loss=1.1325 lr=8.96e-04 elapsed=44.5min
  e016 it0200/219 loss=1.1335 lr=8.94e-04 elapsed=45.0min
[epoch 016] train=1.1310  val_loss=1.1812  mIoU_fg=0.4387
  [best] mIoU_fg=0.4387 saved -> /home/ids/diecidue/results/waste_vlm/dinoseg_dw_dinov3l_lvd/best.pt
  e017 it0050/219 loss=1.1205 lr=8.90e-04 elapsed=46.2min
  e017 it0100/219 loss=1.1198 lr=8.87e-04 elapsed=46.7min
  e017 it0150/219 loss=1.1269 lr=8.84e-04 elapsed=47.2min
  e017 it0200/219 loss=1.1272 lr=8.81e-04 elapsed=47.7min
[epoch 017] train=1.1278  val_loss=1.1788  mIoU_fg=0.4424
  [best] mIoU_fg=0.4424 saved -> /home/ids/diecidue/results/waste_vlm/dinoseg_dw_dinov3l_lvd/best.pt
  e018 it0050/219 loss=1.1097 lr=8.77e-04 elapsed=48.9min
  e018 it0100/219 loss=1.1345 lr=8.74e-04 elapsed=49.4min
  e018 it0150/219 loss=1.1308 lr=8.71e-04 elapsed=49.9min
  e018 it0200/219 loss=1.1244 lr=8.68e-04 elapsed=50.4min
[epoch 018] train=1.1252  val_loss=1.1716  mIoU_fg=0.4386
  e019 it0050/219 loss=1.1175 lr=8.64e-04 elapsed=51.7min
  e019 it0100/219 loss=1.1234 lr=8.61e-04 elapsed=52.2min
  e019 it0150/219 loss=1.1213 lr=8.58e-04 elapsed=52.7min
  e019 it0200/219 loss=1.1216 lr=8.55e-04 elapsed=53.2min
[epoch 019] train=1.1229  val_loss=1.1755  mIoU_fg=0.4486
  [best] mIoU_fg=0.4486 saved -> /home/ids/diecidue/results/waste_vlm/dinoseg_dw_dinov3l_lvd/best.pt
  e020 it0050/219 loss=1.1248 lr=8.50e-04 elapsed=54.4min
  e020 it0100/219 loss=1.1226 lr=8.47e-04 elapsed=54.9min
  e020 it0150/219 loss=1.1140 lr=8.44e-04 elapsed=55.4min
  e020 it0200/219 loss=1.1197 lr=8.41e-04 elapsed=55.9min
[epoch 020] train=1.1209  val_loss=1.1711  mIoU_fg=0.4424
  e021 it0050/219 loss=1.1089 lr=8.36e-04 elapsed=57.1min
  e021 it0100/219 loss=1.1067 lr=8.33e-04 elapsed=57.6min
  e021 it0150/219 loss=1.1154 lr=8.29e-04 elapsed=58.1min
  e021 it0200/219 loss=1.1169 lr=8.26e-04 elapsed=58.6min
[epoch 021] train=1.1189  val_loss=1.1756  mIoU_fg=0.4365
  e022 it0050/219 loss=1.1064 lr=8.21e-04 elapsed=59.8min
  e022 it0100/219 loss=1.1121 lr=8.18e-04 elapsed=60.3min
  e022 it0150/219 loss=1.1130 lr=8.14e-04 elapsed=60.8min
  e022 it0200/219 loss=1.1163 lr=8.11e-04 elapsed=61.3min
[epoch 022] train=1.1161  val_loss=1.1665  mIoU_fg=0.4499
  [best] mIoU_fg=0.4499 saved -> /home/ids/diecidue/results/waste_vlm/dinoseg_dw_dinov3l_lvd/best.pt
  e023 it0050/219 loss=1.0967 lr=8.06e-04 elapsed=62.6min
  e023 it0100/219 loss=1.1000 lr=8.02e-04 elapsed=63.1min
  e023 it0150/219 loss=1.0891 lr=7.99e-04 elapsed=63.6min
  e023 it0200/219 loss=1.0815 lr=7.95e-04 elapsed=64.0min
[epoch 023] train=1.0796  val_loss=1.1205  mIoU_fg=0.4449
  e024 it0050/219 loss=1.0342 lr=7.90e-04 elapsed=65.3min
  e024 it0100/219 loss=1.0364 lr=7.87e-04 elapsed=65.8min
  e024 it0150/219 loss=1.0322 lr=7.83e-04 elapsed=66.2min
  e024 it0200/219 loss=1.0348 lr=7.79e-04 elapsed=66.7min
[epoch 024] train=1.0326  val_loss=1.0671  mIoU_fg=0.4458
  e025 it0050/219 loss=0.9887 lr=7.74e-04 elapsed=68.0min
  e025 it0100/219 loss=0.9759 lr=7.70e-04 elapsed=68.4min
  e025 it0150/219 loss=0.9684 lr=7.67e-04 elapsed=68.9min
  e025 it0200/219 loss=0.9631 lr=7.63e-04 elapsed=69.4min
[epoch 025] train=0.9615  val_loss=0.9902  mIoU_fg=0.4354
  e026 it0050/219 loss=0.9108 lr=7.57e-04 elapsed=70.6min
  e026 it0100/219 loss=0.9249 lr=7.54e-04 elapsed=71.1min
  e026 it0150/219 loss=0.9248 lr=7.50e-04 elapsed=71.6min
  e026 it0200/219 loss=0.9275 lr=7.46e-04 elapsed=72.1min
[epoch 026] train=0.9277  val_loss=0.9704  mIoU_fg=0.4229
  e027 it0050/219 loss=0.9104 lr=7.40e-04 elapsed=73.3min
  e027 it0100/219 loss=0.9032 lr=7.36e-04 elapsed=73.8min
  e027 it0150/219 loss=0.8923 lr=7.32e-04 elapsed=74.3min
  e027 it0200/219 loss=0.8830 lr=7.29e-04 elapsed=74.8min
[epoch 027] train=0.8795  val_loss=0.9185  mIoU_fg=0.4267
  e028 it0050/219 loss=0.8337 lr=7.23e-04 elapsed=76.0min
  e028 it0100/219 loss=0.8355 lr=7.19e-04 elapsed=76.5min
  e028 it0150/219 loss=0.8392 lr=7.15e-04 elapsed=77.0min
  e028 it0200/219 loss=0.8441 lr=7.11e-04 elapsed=77.5min
[epoch 028] train=0.8444  val_loss=0.8905  mIoU_fg=0.4286
  e029 it0050/219 loss=0.8309 lr=7.05e-04 elapsed=78.7min
  e029 it0100/219 loss=0.8408 lr=7.01e-04 elapsed=79.2min
  e029 it0150/219 loss=0.8397 lr=6.97e-04 elapsed=79.7min
  e029 it0200/219 loss=0.8364 lr=6.93e-04 elapsed=80.2min
[epoch 029] train=0.8349  val_loss=0.8866  mIoU_fg=0.4281
  e030 it0050/219 loss=0.8289 lr=6.87e-04 elapsed=81.4min
  e030 it0100/219 loss=0.8349 lr=6.83e-04 elapsed=81.9min
  e030 it0150/219 loss=0.8288 lr=6.79e-04 elapsed=82.4min
  e030 it0200/219 loss=0.8293 lr=6.75e-04 elapsed=82.9min
[epoch 030] train=0.8286  val_loss=0.8790  mIoU_fg=0.4301
  e031 it0050/219 loss=0.8299 lr=6.69e-04 elapsed=84.1min
  e031 it0100/219 loss=0.8217 lr=6.65e-04 elapsed=84.6min
  e031 it0150/219 loss=0.8255 lr=6.60e-04 elapsed=85.1min
  e031 it0200/219 loss=0.8240 lr=6.56e-04 elapsed=85.6min
[epoch 031] train=0.8247  val_loss=0.8781  mIoU_fg=0.4317
  e032 it0050/219 loss=0.8029 lr=6.50e-04 elapsed=86.8min
  e032 it0100/219 loss=0.8077 lr=6.46e-04 elapsed=87.3min
  e032 it0150/219 loss=0.8155 lr=6.42e-04 elapsed=87.8min
  e032 it0200/219 loss=0.8198 lr=6.37e-04 elapsed=88.3min
[epoch 032] train=0.8204  val_loss=0.8742  mIoU_fg=0.4333
  e033 it0050/219 loss=0.8219 lr=6.31e-04 elapsed=89.5min
  e033 it0100/219 loss=0.8217 lr=6.27e-04 elapsed=90.0min
  e033 it0150/219 loss=0.8206 lr=6.23e-04 elapsed=90.5min
  e033 it0200/219 loss=0.8205 lr=6.18e-04 elapsed=91.0min
[epoch 033] train=0.8188  val_loss=0.8766  mIoU_fg=0.4320
  e034 it0050/219 loss=0.8076 lr=6.12e-04 elapsed=92.2min
  e034 it0100/219 loss=0.8056 lr=6.08e-04 elapsed=92.7min
  e034 it0150/219 loss=0.8124 lr=6.04e-04 elapsed=93.1min
  e034 it0200/219 loss=0.8163 lr=5.99e-04 elapsed=93.6min
[epoch 034] train=0.8158  val_loss=0.8739  mIoU_fg=0.4332
  e035 it0050/219 loss=0.8100 lr=5.93e-04 elapsed=94.8min
  e035 it0100/219 loss=0.8065 lr=5.89e-04 elapsed=95.3min
  e035 it0150/219 loss=0.8081 lr=5.84e-04 elapsed=95.8min
  e035 it0200/219 loss=0.8125 lr=5.80e-04 elapsed=96.3min
[epoch 035] train=0.8104  val_loss=0.8633  mIoU_fg=0.4316
  e036 it0050/219 loss=0.7934 lr=5.74e-04 elapsed=97.5min
  e036 it0100/219 loss=0.7946 lr=5.69e-04 elapsed=98.0min
  e036 it0150/219 loss=0.7977 lr=5.65e-04 elapsed=98.5min
  e036 it0200/219 loss=0.7945 lr=5.60e-04 elapsed=98.9min
[epoch 036] train=0.7918  val_loss=0.8422  mIoU_fg=0.4328
  e037 it0050/219 loss=0.7682 lr=5.54e-04 elapsed=100.1min
  e037 it0100/219 loss=0.7685 lr=5.50e-04 elapsed=100.6min
  e037 it0150/219 loss=0.7783 lr=5.45e-04 elapsed=101.1min
  e037 it0200/219 loss=0.7791 lr=5.41e-04 elapsed=101.6min
[epoch 037] train=0.7786  val_loss=0.8342  mIoU_fg=0.4443
  e038 it0050/219 loss=0.7714 lr=5.35e-04 elapsed=102.8min
  e038 it0100/219 loss=0.7777 lr=5.30e-04 elapsed=103.3min
  e038 it0150/219 loss=0.7792 lr=5.26e-04 elapsed=103.7min
  e038 it0200/219 loss=0.7745 lr=5.21e-04 elapsed=104.2min
[epoch 038] train=0.7722  val_loss=0.8294  mIoU_fg=0.4366
  e039 it0050/219 loss=0.7519 lr=5.15e-04 elapsed=105.4min
  e039 it0100/219 loss=0.7625 lr=5.11e-04 elapsed=105.9min
  e039 it0150/219 loss=0.7620 lr=5.06e-04 elapsed=106.4min
  e039 it0200/219 loss=0.7571 lr=5.02e-04 elapsed=106.9min
[epoch 039] train=0.7578  val_loss=0.8147  mIoU_fg=0.4435
  e040 it0050/219 loss=0.7543 lr=4.96e-04 elapsed=108.1min
  e040 it0100/219 loss=0.7457 lr=4.91e-04 elapsed=108.6min
  e040 it0150/219 loss=0.7271 lr=4.87e-04 elapsed=109.0min
  e040 it0200/219 loss=0.7197 lr=4.82e-04 elapsed=109.5min
[epoch 040] train=0.7189  val_loss=0.7559  mIoU_fg=0.4401
  e041 it0050/219 loss=0.6676 lr=4.76e-04 elapsed=110.8min
  e041 it0100/219 loss=0.6608 lr=4.71e-04 elapsed=111.2min
  e041 it0150/219 loss=0.6666 lr=4.67e-04 elapsed=111.7min
  e041 it0200/219 loss=0.6699 lr=4.62e-04 elapsed=112.2min
[epoch 041] train=0.6640  val_loss=0.7244  mIoU_fg=0.4438
  e042 it0050/219 loss=0.6300 lr=4.56e-04 elapsed=113.4min
  e042 it0100/219 loss=0.6406 lr=4.52e-04 elapsed=113.9min
  e042 it0150/219 loss=0.6481 lr=4.47e-04 elapsed=114.3min
  e042 it0200/219 loss=0.6403 lr=4.43e-04 elapsed=114.8min
[epoch 042] train=0.6368  val_loss=0.7050  mIoU_fg=0.4410
  e043 it0050/219 loss=0.6201 lr=4.37e-04 elapsed=116.0min
  e043 it0100/219 loss=0.6264 lr=4.32e-04 elapsed=116.5min
  e043 it0150/219 loss=0.6196 lr=4.28e-04 elapsed=117.0min
  e043 it0200/219 loss=0.6194 lr=4.23e-04 elapsed=117.5min
[epoch 043] train=0.6176  val_loss=0.6901  mIoU_fg=0.4408
  e044 it0050/219 loss=0.5979 lr=4.17e-04 elapsed=118.7min
  e044 it0100/219 loss=0.6051 lr=4.13e-04 elapsed=119.2min
  e044 it0150/219 loss=0.6077 lr=4.09e-04 elapsed=119.7min
  e044 it0200/219 loss=0.6018 lr=4.04e-04 elapsed=120.1min
[epoch 044] train=0.6009  val_loss=0.6748  mIoU_fg=0.4393
  e045 it0050/219 loss=0.5815 lr=3.98e-04 elapsed=121.4min
  e045 it0100/219 loss=0.5888 lr=3.94e-04 elapsed=121.9min
  e045 it0150/219 loss=0.5869 lr=3.89e-04 elapsed=122.4min
  e045 it0200/219 loss=0.5828 lr=3.85e-04 elapsed=122.8min
[epoch 045] train=0.5823  val_loss=0.6566  mIoU_fg=0.4406
  e046 it0050/219 loss=0.5637 lr=3.79e-04 elapsed=124.1min
  e046 it0100/219 loss=0.5618 lr=3.75e-04 elapsed=124.5min
  e046 it0150/219 loss=0.5680 lr=3.70e-04 elapsed=125.0min
  e046 it0200/219 loss=0.5681 lr=3.66e-04 elapsed=125.5min
[epoch 046] train=0.5678  val_loss=0.6455  mIoU_fg=0.4423
  e047 it0050/219 loss=0.5446 lr=3.60e-04 elapsed=126.7min
  e047 it0100/219 loss=0.5400 lr=3.56e-04 elapsed=127.2min
  e047 it0150/219 loss=0.5563 lr=3.51e-04 elapsed=127.7min
  e047 it0200/219 loss=0.5577 lr=3.47e-04 elapsed=128.1min
[epoch 047] train=0.5593  val_loss=0.6379  mIoU_fg=0.4399
  e048 it0050/219 loss=0.5435 lr=3.41e-04 elapsed=129.4min
  e048 it0100/219 loss=0.5290 lr=3.37e-04 elapsed=129.9min
  e048 it0150/219 loss=0.5432 lr=3.33e-04 elapsed=130.3min
  e048 it0200/219 loss=0.5467 lr=3.29e-04 elapsed=130.8min
[epoch 048] train=0.5440  val_loss=0.6351  mIoU_fg=0.4415
  e049 it0050/219 loss=0.5633 lr=3.23e-04 elapsed=132.1min
  e049 it0100/219 loss=0.5427 lr=3.19e-04 elapsed=132.6min
  e049 it0150/219 loss=0.5426 lr=3.14e-04 elapsed=133.0min
  e049 it0200/219 loss=0.5414 lr=3.10e-04 elapsed=133.5min
[epoch 049] train=0.5378  val_loss=0.6239  mIoU_fg=0.4415
  e050 it0050/219 loss=0.5134 lr=3.05e-04 elapsed=134.8min
  e050 it0100/219 loss=0.5378 lr=3.00e-04 elapsed=135.3min
  e050 it0150/219 loss=0.5443 lr=2.96e-04 elapsed=135.8min
  e050 it0200/219 loss=0.5325 lr=2.92e-04 elapsed=136.2min
[epoch 050] train=0.5307  val_loss=0.6171  mIoU_fg=0.4417
  e051 it0050/219 loss=0.5229 lr=2.87e-04 elapsed=137.4min
  e051 it0100/219 loss=0.5115 lr=2.83e-04 elapsed=137.9min
  e051 it0150/219 loss=0.5164 lr=2.79e-04 elapsed=138.4min
  e051 it0200/219 loss=0.5232 lr=2.75e-04 elapsed=138.9min
[epoch 051] train=0.5204  val_loss=0.6160  mIoU_fg=0.4412
  e052 it0050/219 loss=0.5047 lr=2.69e-04 elapsed=140.1min
  e052 it0100/219 loss=0.5238 lr=2.65e-04 elapsed=140.5min
  e052 it0150/219 loss=0.5104 lr=2.61e-04 elapsed=141.0min
  e052 it0200/219 loss=0.5158 lr=2.57e-04 elapsed=141.5min
[epoch 052] train=0.5139  val_loss=0.6102  mIoU_fg=0.4420
  e053 it0050/219 loss=0.5069 lr=2.52e-04 elapsed=142.7min
  e053 it0100/219 loss=0.5085 lr=2.48e-04 elapsed=143.2min
  e053 it0150/219 loss=0.5132 lr=2.44e-04 elapsed=143.7min
  e053 it0200/219 loss=0.5118 lr=2.40e-04 elapsed=144.2min
[epoch 053] train=0.5103  val_loss=0.6028  mIoU_fg=0.4414
  e054 it0050/219 loss=0.5149 lr=2.35e-04 elapsed=145.4min
  e054 it0100/219 loss=0.5252 lr=2.31e-04 elapsed=145.9min
  e054 it0150/219 loss=0.5156 lr=2.27e-04 elapsed=146.4min
  e054 it0200/219 loss=0.5102 lr=2.24e-04 elapsed=146.9min
[epoch 054] train=0.5066  val_loss=0.5987  mIoU_fg=0.4405
  e055 it0050/219 loss=0.4888 lr=2.18e-04 elapsed=148.1min
  e055 it0100/219 loss=0.4987 lr=2.15e-04 elapsed=148.6min
  e055 it0150/219 loss=0.4997 lr=2.11e-04 elapsed=149.1min
  e055 it0200/219 loss=0.4983 lr=2.07e-04 elapsed=149.5min
[epoch 055] train=0.4981  val_loss=0.5965  mIoU_fg=0.4412
  e056 it0050/219 loss=0.4835 lr=2.02e-04 elapsed=150.8min
  e056 it0100/219 loss=0.4959 lr=1.99e-04 elapsed=151.2min
  e056 it0150/219 loss=0.5049 lr=1.95e-04 elapsed=151.7min
  e056 it0200/219 loss=0.5075 lr=1.92e-04 elapsed=152.2min
[epoch 056] train=0.4983  val_loss=0.5927  mIoU_fg=0.4416
  e057 it0050/219 loss=0.5085 lr=1.87e-04 elapsed=153.4min
  e057 it0100/219 loss=0.4975 lr=1.83e-04 elapsed=153.9min
  e057 it0150/219 loss=0.4940 lr=1.80e-04 elapsed=154.4min
  e057 it0200/219 loss=0.4937 lr=1.77e-04 elapsed=154.9min
[epoch 057] train=0.4923  val_loss=0.5927  mIoU_fg=0.4416
  e058 it0050/219 loss=0.5088 lr=1.72e-04 elapsed=156.2min
  e058 it0100/219 loss=0.5038 lr=1.69e-04 elapsed=156.6min
  e058 it0150/219 loss=0.5042 lr=1.65e-04 elapsed=157.1min
  e058 it0200/219 loss=0.4977 lr=1.62e-04 elapsed=157.6min
[epoch 058] train=0.4952  val_loss=0.5881  mIoU_fg=0.4410
  e059 it0050/219 loss=0.4964 lr=1.57e-04 elapsed=158.9min
  e059 it0100/219 loss=0.4977 lr=1.54e-04 elapsed=159.3min
  e059 it0150/219 loss=0.4884 lr=1.51e-04 elapsed=159.8min
  e059 it0200/219 loss=0.4892 lr=1.48e-04 elapsed=160.3min
[epoch 059] train=0.5014  val_loss=0.5872  mIoU_fg=0.4414
  e060 it0050/219 loss=0.4641 lr=1.43e-04 elapsed=161.6min
  e060 it0100/219 loss=0.4902 lr=1.40e-04 elapsed=162.1min
  e060 it0150/219 loss=0.4898 lr=1.37e-04 elapsed=162.6min
  e060 it0200/219 loss=0.4910 lr=1.34e-04 elapsed=163.0min
[epoch 060] train=0.4878  val_loss=0.5860  mIoU_fg=0.4409
  e061 it0050/219 loss=0.5186 lr=1.30e-04 elapsed=164.3min
  e061 it0100/219 loss=0.4910 lr=1.27e-04 elapsed=164.8min
  e061 it0150/219 loss=0.4863 lr=1.24e-04 elapsed=165.3min
  e061 it0200/219 loss=0.4885 lr=1.21e-04 elapsed=165.8min
[epoch 061] train=0.4966  val_loss=0.5839  mIoU_fg=0.4415
  e062 it0050/219 loss=0.4976 lr=1.17e-04 elapsed=167.0min
  e062 it0100/219 loss=0.4777 lr=1.14e-04 elapsed=167.5min
  e062 it0150/219 loss=0.4814 lr=1.11e-04 elapsed=168.0min
  e062 it0200/219 loss=0.4803 lr=1.08e-04 elapsed=168.4min
[epoch 062] train=0.4834  val_loss=0.5831  mIoU_fg=0.4416
  e063 it0050/219 loss=0.4626 lr=1.05e-04 elapsed=169.7min
  e063 it0100/219 loss=0.4877 lr=1.02e-04 elapsed=170.2min
  e063 it0150/219 loss=0.4830 lr=9.92e-05 elapsed=170.7min
  e063 it0200/219 loss=0.4865 lr=9.65e-05 elapsed=171.1min
[epoch 063] train=0.4822  val_loss=0.5806  mIoU_fg=0.4417
  e064 it0050/219 loss=0.5048 lr=9.29e-05 elapsed=172.4min
  e064 it0100/219 loss=0.4741 lr=9.03e-05 elapsed=172.9min
  e064 it0150/219 loss=0.4814 lr=8.77e-05 elapsed=173.4min
  e064 it0200/219 loss=0.4815 lr=8.52e-05 elapsed=173.9min
[epoch 064] train=0.4791  val_loss=0.5806  mIoU_fg=0.4419
  e065 it0050/219 loss=0.4872 lr=8.18e-05 elapsed=175.1min
  e065 it0100/219 loss=0.4889 lr=7.94e-05 elapsed=175.6min
  e065 it0150/219 loss=0.4861 lr=7.69e-05 elapsed=176.1min
  e065 it0200/219 loss=0.4806 lr=7.46e-05 elapsed=176.6min
[epoch 065] train=0.4794  val_loss=0.5801  mIoU_fg=0.4419
  e066 it0050/219 loss=0.4638 lr=7.14e-05 elapsed=177.8min
  e066 it0100/219 loss=0.4757 lr=6.91e-05 elapsed=178.3min
  e066 it0150/219 loss=0.4850 lr=6.68e-05 elapsed=178.8min
  e066 it0200/219 loss=0.4867 lr=6.46e-05 elapsed=179.3min
[epoch 066] train=0.4801  val_loss=0.5791  mIoU_fg=0.4415
  e067 it0050/219 loss=0.4787 lr=6.16e-05 elapsed=180.5min
  e067 it0100/219 loss=0.4688 lr=5.94e-05 elapsed=181.0min
  e067 it0150/219 loss=0.4739 lr=5.73e-05 elapsed=181.5min
  e067 it0200/219 loss=0.4770 lr=5.53e-05 elapsed=182.0min
[epoch 067] train=0.4779  val_loss=0.5784  mIoU_fg=0.4416
  e068 it0050/219 loss=0.4441 lr=5.25e-05 elapsed=183.2min
  e068 it0100/219 loss=0.4672 lr=5.05e-05 elapsed=183.7min
  e068 it0150/219 loss=0.4706 lr=4.86e-05 elapsed=184.1min
  e068 it0200/219 loss=0.4781 lr=4.66e-05 elapsed=184.6min
[epoch 068] train=0.4840  val_loss=0.5779  mIoU_fg=0.4416
  e069 it0050/219 loss=0.4876 lr=4.41e-05 elapsed=185.8min
  e069 it0100/219 loss=0.4709 lr=4.22e-05 elapsed=186.3min
  e069 it0150/219 loss=0.4807 lr=4.05e-05 elapsed=186.8min
  e069 it0200/219 loss=0.4760 lr=3.87e-05 elapsed=187.3min
[epoch 069] train=0.4769  val_loss=0.5777  mIoU_fg=0.4415
  e070 it0050/219 loss=0.5073 lr=3.64e-05 elapsed=188.5min
  e070 it0100/219 loss=0.4898 lr=3.47e-05 elapsed=188.9min
  e070 it0150/219 loss=0.4849 lr=3.31e-05 elapsed=189.4min
  e070 it0200/219 loss=0.4776 lr=3.15e-05 elapsed=189.9min
[epoch 070] train=0.4775  val_loss=0.5773  mIoU_fg=0.4415
  e071 it0050/219 loss=0.4638 lr=2.94e-05 elapsed=191.1min
  e071 it0100/219 loss=0.4672 lr=2.79e-05 elapsed=191.6min
  e071 it0150/219 loss=0.4718 lr=2.64e-05 elapsed=192.1min
  e071 it0200/219 loss=0.4745 lr=2.50e-05 elapsed=192.5min
[epoch 071] train=0.4722  val_loss=0.5770  mIoU_fg=0.4417
  e072 it0050/219 loss=0.4791 lr=2.31e-05 elapsed=193.7min
  e072 it0100/219 loss=0.4811 lr=2.18e-05 elapsed=194.2min
  e072 it0150/219 loss=0.4794 lr=2.05e-05 elapsed=194.7min
  e072 it0200/219 loss=0.4779 lr=1.92e-05 elapsed=195.2min
[epoch 072] train=0.4824  val_loss=0.5770  mIoU_fg=0.4417
  e073 it0050/219 loss=0.4867 lr=1.76e-05 elapsed=196.4min
  e073 it0100/219 loss=0.4974 lr=1.64e-05 elapsed=196.9min
  e073 it0150/219 loss=0.4894 lr=1.53e-05 elapsed=197.4min
  e073 it0200/219 loss=0.4779 lr=1.42e-05 elapsed=197.9min
[epoch 073] train=0.4739  val_loss=0.5768  mIoU_fg=0.4418
  e074 it0050/219 loss=0.4645 lr=1.28e-05 elapsed=199.1min
  e074 it0100/219 loss=0.4639 lr=1.18e-05 elapsed=199.6min
  e074 it0150/219 loss=0.4690 lr=1.09e-05 elapsed=200.0min
  e074 it0200/219 loss=0.4724 lr=9.94e-06 elapsed=200.5min
[epoch 074] train=0.4763  val_loss=0.5768  mIoU_fg=0.4418
  e075 it0050/219 loss=0.4871 lr=8.75e-06 elapsed=201.8min
  e075 it0100/219 loss=0.4820 lr=7.94e-06 elapsed=202.2min
  e075 it0150/219 loss=0.4782 lr=7.16e-06 elapsed=202.7min
  e075 it0200/219 loss=0.4742 lr=6.43e-06 elapsed=203.2min
[epoch 075] train=0.4761  val_loss=0.5767  mIoU_fg=0.4418
  e076 it0050/219 loss=0.4764 lr=5.47e-06 elapsed=204.4min
  e076 it0100/219 loss=0.4703 lr=4.83e-06 elapsed=204.9min
  e076 it0150/219 loss=0.4752 lr=4.23e-06 elapsed=205.4min
  e076 it0200/219 loss=0.4758 lr=3.67e-06 elapsed=205.8min
[epoch 076] train=0.4751  val_loss=0.5767  mIoU_fg=0.4418
  e077 it0050/219 loss=0.4747 lr=2.96e-06 elapsed=207.1min
  e077 it0100/219 loss=0.4763 lr=2.49e-06 elapsed=207.6min
  e077 it0150/219 loss=0.4859 lr=2.06e-06 elapsed=208.0min
  e077 it0200/219 loss=0.4750 lr=1.68e-06 elapsed=208.5min
[epoch 077] train=0.4734  val_loss=0.5766  mIoU_fg=0.4418
  e078 it0050/219 loss=0.4860 lr=1.21e-06 elapsed=209.8min
  e078 it0100/219 loss=0.4833 lr=9.18e-07 elapsed=210.2min
  e078 it0150/219 loss=0.4707 lr=6.67e-07 elapsed=210.7min
  e078 it0200/219 loss=0.4762 lr=4.55e-07 elapsed=211.2min
[epoch 078] train=0.4745  val_loss=0.5766  mIoU_fg=0.4418
  e079 it0050/219 loss=0.4869 lr=2.30e-07 elapsed=212.4min
  e079 it0100/219 loss=0.4875 lr=1.14e-07 elapsed=212.9min
  e079 it0150/219 loss=0.4840 lr=3.83e-08 elapsed=213.4min
  e079 it0200/219 loss=0.4784 lr=2.90e-09 elapsed=213.9min
[epoch 079] train=0.4752  val_loss=0.5766  mIoU_fg=0.4418
[done] best_mIoU_fg=0.4499  total_time=214.6min
[slurm] done=2026-06-25T14:56:24+02:00
