[slurm] host=nodemm03  job=859100  start=2026-06-22T11:50:16+02:00
[slurm] btype=radio id=/home/ids/diecidue/results/waste_vlm/weights/RADIO-L size=512 epochs=80 batch=16 lr=1e-3 head=fpn multi_block=none multilabel=0 fpn_blocks=5,11,17,23 fpn_dim=default out=dinoseg_dw_radiol_fpn2
NVIDIA GeForce RTX 3090, 24576 MiB
[data] train=3489  val=739  fg classes=20  mode=single-label
[radio] backbone_dim probed = 1024
[radio] FPN num_skip=8
[radio] FPN hooks registered on blocks (5, 11, 17, 23)
[model] head=fpn  trainable_params=2,825,237
  e000 it0050/219 loss=2.4171 lr=1.00e-03 elapsed=1.0min
  e000 it0100/219 loss=2.0263 lr=1.00e-03 elapsed=2.0min
  e000 it0150/219 loss=1.8009 lr=1.00e-03 elapsed=3.1min
  e000 it0200/219 loss=1.6935 lr=1.00e-03 elapsed=4.0min
[epoch 000] train=1.6532  val_loss=1.1089  mIoU_fg=0.1808
  [best] mIoU_fg=0.1808 saved -> /home/ids/diecidue/results/waste_vlm/dinoseg_dw_radiol_fpn2/best.pt
  e001 it0050/219 loss=0.9250 lr=9.99e-04 elapsed=6.3min
  e001 it0100/219 loss=0.9483 lr=9.99e-04 elapsed=7.3min
  e001 it0150/219 loss=0.8944 lr=9.99e-04 elapsed=8.3min
  e001 it0200/219 loss=0.9027 lr=9.99e-04 elapsed=9.3min
[epoch 001] train=0.8878  val_loss=0.9796  mIoU_fg=0.2263
  [best] mIoU_fg=0.2263 saved -> /home/ids/diecidue/results/waste_vlm/dinoseg_dw_radiol_fpn2/best.pt
  e002 it0050/219 loss=0.7678 lr=9.98e-04 elapsed=11.6min
  e002 it0100/219 loss=0.7483 lr=9.98e-04 elapsed=12.6min
  e002 it0150/219 loss=0.7270 lr=9.97e-04 elapsed=13.5min
  e002 it0200/219 loss=0.7311 lr=9.97e-04 elapsed=14.5min
[epoch 002] train=0.7234  val_loss=0.7145  mIoU_fg=0.2727
  [best] mIoU_fg=0.2727 saved -> /home/ids/diecidue/results/waste_vlm/dinoseg_dw_radiol_fpn2/best.pt
  e003 it0050/219 loss=0.6704 lr=9.96e-04 elapsed=16.7min
  e003 it0100/219 loss=0.6382 lr=9.95e-04 elapsed=17.7min
  e003 it0150/219 loss=0.6152 lr=9.95e-04 elapsed=18.6min
  e003 it0200/219 loss=0.6195 lr=9.94e-04 elapsed=19.6min
[epoch 003] train=0.6256  val_loss=0.6200  mIoU_fg=0.2908
  [best] mIoU_fg=0.2908 saved -> /home/ids/diecidue/results/waste_vlm/dinoseg_dw_radiol_fpn2/best.pt
  e004 it0050/219 loss=0.6233 lr=9.93e-04 elapsed=21.9min
  e004 it0100/219 loss=0.6213 lr=9.92e-04 elapsed=22.8min
  e004 it0150/219 loss=0.5990 lr=9.92e-04 elapsed=23.8min
  e004 it0200/219 loss=0.5875 lr=9.91e-04 elapsed=24.7min
[epoch 004] train=0.5767  val_loss=0.4888  mIoU_fg=0.3394
  [best] mIoU_fg=0.3394 saved -> /home/ids/diecidue/results/waste_vlm/dinoseg_dw_radiol_fpn2/best.pt
  e005 it0050/219 loss=0.4919 lr=9.89e-04 elapsed=27.0min
  e005 it0100/219 loss=0.4652 lr=9.89e-04 elapsed=27.9min
  e005 it0150/219 loss=0.4818 lr=9.88e-04 elapsed=28.9min
  e005 it0200/219 loss=0.4932 lr=9.87e-04 elapsed=29.8min
[epoch 005] train=0.4855  val_loss=0.4753  mIoU_fg=0.3579
  [best] mIoU_fg=0.3579 saved -> /home/ids/diecidue/results/waste_vlm/dinoseg_dw_radiol_fpn2/best.pt
  e006 it0050/219 loss=0.5219 lr=9.85e-04 elapsed=32.1min
  e006 it0100/219 loss=0.5440 lr=9.84e-04 elapsed=33.1min
  e006 it0150/219 loss=0.5289 lr=9.83e-04 elapsed=34.0min
  e006 it0200/219 loss=0.5144 lr=9.82e-04 elapsed=35.0min
[epoch 006] train=0.5058  val_loss=0.5538  mIoU_fg=0.3186
  e007 it0050/219 loss=0.4540 lr=9.80e-04 elapsed=37.2min
  e007 it0100/219 loss=0.4466 lr=9.79e-04 elapsed=38.1min
  e007 it0150/219 loss=0.4444 lr=9.77e-04 elapsed=39.1min
  e007 it0200/219 loss=0.4451 lr=9.76e-04 elapsed=40.0min
[epoch 007] train=0.4516  val_loss=0.5397  mIoU_fg=0.3656
  [best] mIoU_fg=0.3656 saved -> /home/ids/diecidue/results/waste_vlm/dinoseg_dw_radiol_fpn2/best.pt
  e008 it0050/219 loss=0.4509 lr=9.74e-04 elapsed=42.3min
  e008 it0100/219 loss=0.4491 lr=9.73e-04 elapsed=43.3min
  e008 it0150/219 loss=0.4551 lr=9.71e-04 elapsed=44.2min
  e008 it0200/219 loss=0.4464 lr=9.70e-04 elapsed=45.1min
[epoch 008] train=0.4468  val_loss=0.4640  mIoU_fg=0.3588
  e009 it0050/219 loss=0.3905 lr=9.68e-04 elapsed=47.4min
  e009 it0100/219 loss=0.3867 lr=9.66e-04 elapsed=48.3min
  e009 it0150/219 loss=0.3941 lr=9.64e-04 elapsed=49.3min
  e009 it0200/219 loss=0.4012 lr=9.63e-04 elapsed=50.2min
[epoch 009] train=0.4012  val_loss=0.4625  mIoU_fg=0.3790
  [best] mIoU_fg=0.3790 saved -> /home/ids/diecidue/results/waste_vlm/dinoseg_dw_radiol_fpn2/best.pt
  e010 it0050/219 loss=0.3460 lr=9.60e-04 elapsed=52.5min
  e010 it0100/219 loss=0.3590 lr=9.58e-04 elapsed=53.4min
  e010 it0150/219 loss=0.3616 lr=9.57e-04 elapsed=54.4min
  e010 it0200/219 loss=0.3654 lr=9.55e-04 elapsed=55.3min
[epoch 010] train=0.3742  val_loss=0.5105  mIoU_fg=0.4068
  [best] mIoU_fg=0.4068 saved -> /home/ids/diecidue/results/waste_vlm/dinoseg_dw_radiol_fpn2/best.pt
  e011 it0050/219 loss=0.4419 lr=9.52e-04 elapsed=57.6min
  e011 it0100/219 loss=0.4109 lr=9.50e-04 elapsed=58.5min
  e011 it0150/219 loss=0.3949 lr=9.48e-04 elapsed=59.4min
  e011 it0200/219 loss=0.3959 lr=9.46e-04 elapsed=60.4min
[epoch 011] train=0.3958  val_loss=0.4279  mIoU_fg=0.3998
  e012 it0050/219 loss=0.3699 lr=9.43e-04 elapsed=62.6min
  e012 it0100/219 loss=0.3497 lr=9.41e-04 elapsed=63.6min
  e012 it0150/219 loss=0.3798 lr=9.39e-04 elapsed=64.5min
  e012 it0200/219 loss=0.3956 lr=9.37e-04 elapsed=65.5min
[epoch 012] train=0.3984  val_loss=0.4568  mIoU_fg=0.3592
  e013 it0050/219 loss=0.3898 lr=9.34e-04 elapsed=67.7min
  e013 it0100/219 loss=0.3789 lr=9.32e-04 elapsed=68.6min
  e013 it0150/219 loss=0.3872 lr=9.30e-04 elapsed=69.6min
  e013 it0200/219 loss=0.3897 lr=9.27e-04 elapsed=70.5min
[epoch 013] train=0.3924  val_loss=0.5134  mIoU_fg=0.3990
  e014 it0050/219 loss=0.3756 lr=9.24e-04 elapsed=72.7min
  e014 it0100/219 loss=0.3544 lr=9.22e-04 elapsed=73.7min
  e014 it0150/219 loss=0.3448 lr=9.19e-04 elapsed=74.6min
  e014 it0200/219 loss=0.3410 lr=9.17e-04 elapsed=75.5min
[epoch 014] train=0.3384  val_loss=0.5064  mIoU_fg=0.3968
  e015 it0050/219 loss=0.3314 lr=9.13e-04 elapsed=77.8min
  e015 it0100/219 loss=0.3278 lr=9.11e-04 elapsed=78.7min
  e015 it0150/219 loss=0.3088 lr=9.08e-04 elapsed=79.6min
  e015 it0200/219 loss=0.3116 lr=9.06e-04 elapsed=80.6min
[epoch 015] train=0.3198  val_loss=0.6238  mIoU_fg=0.4012
  e016 it0050/219 loss=0.3019 lr=9.02e-04 elapsed=82.8min
  e016 it0100/219 loss=0.4168 lr=8.99e-04 elapsed=83.7min
  e016 it0150/219 loss=0.4564 lr=8.96e-04 elapsed=84.7min
  e016 it0200/219 loss=0.4579 lr=8.94e-04 elapsed=85.6min
[epoch 016] train=0.4464  val_loss=0.4763  mIoU_fg=0.4022
  e017 it0050/219 loss=0.3223 lr=8.90e-04 elapsed=87.8min
  e017 it0100/219 loss=0.3158 lr=8.87e-04 elapsed=88.8min
  e017 it0150/219 loss=0.3109 lr=8.84e-04 elapsed=89.7min
  e017 it0200/219 loss=0.3069 lr=8.81e-04 elapsed=90.6min
[epoch 017] train=0.3061  val_loss=0.4106  mIoU_fg=0.3950
  e018 it0050/219 loss=0.3168 lr=8.77e-04 elapsed=92.8min
  e018 it0100/219 loss=0.2858 lr=8.74e-04 elapsed=93.8min
  e018 it0150/219 loss=0.2817 lr=8.71e-04 elapsed=94.7min
  e018 it0200/219 loss=0.2791 lr=8.68e-04 elapsed=95.7min
[epoch 018] train=0.2851  val_loss=0.5395  mIoU_fg=0.4175
  [best] mIoU_fg=0.4175 saved -> /home/ids/diecidue/results/waste_vlm/dinoseg_dw_radiol_fpn2/best.pt
  e019 it0050/219 loss=0.2561 lr=8.64e-04 elapsed=97.9min
  e019 it0100/219 loss=0.2688 lr=8.61e-04 elapsed=98.9min
  e019 it0150/219 loss=0.2839 lr=8.58e-04 elapsed=99.8min
  e019 it0200/219 loss=0.2870 lr=8.55e-04 elapsed=100.7min
[epoch 019] train=0.2875  val_loss=0.4310  mIoU_fg=0.4096
  e020 it0050/219 loss=0.2606 lr=8.50e-04 elapsed=103.0min
  e020 it0100/219 loss=0.2570 lr=8.47e-04 elapsed=103.9min
  e020 it0150/219 loss=0.2592 lr=8.44e-04 elapsed=104.8min
  e020 it0200/219 loss=0.2611 lr=8.41e-04 elapsed=105.8min
[epoch 020] train=0.2583  val_loss=0.4478  mIoU_fg=0.4346
  [best] mIoU_fg=0.4346 saved -> /home/ids/diecidue/results/waste_vlm/dinoseg_dw_radiol_fpn2/best.pt
  e021 it0050/219 loss=0.2331 lr=8.36e-04 elapsed=108.0min
  e021 it0100/219 loss=0.2346 lr=8.33e-04 elapsed=108.9min
  e021 it0150/219 loss=0.2364 lr=8.29e-04 elapsed=109.9min
  e021 it0200/219 loss=0.2349 lr=8.26e-04 elapsed=110.8min
[epoch 021] train=0.2382  val_loss=0.3945  mIoU_fg=0.4040
  e022 it0050/219 loss=0.2556 lr=8.21e-04 elapsed=113.0min
  e022 it0100/219 loss=0.2381 lr=8.18e-04 elapsed=114.0min
  e022 it0150/219 loss=0.2350 lr=8.14e-04 elapsed=114.9min
  e022 it0200/219 loss=0.2412 lr=8.11e-04 elapsed=115.8min
[epoch 022] train=0.2414  val_loss=0.4646  mIoU_fg=0.4197
  e023 it0050/219 loss=0.2146 lr=8.06e-04 elapsed=118.0min
  e023 it0100/219 loss=0.2157 lr=8.02e-04 elapsed=119.0min
  e023 it0150/219 loss=0.2182 lr=7.99e-04 elapsed=119.9min
  e023 it0200/219 loss=0.2269 lr=7.95e-04 elapsed=120.9min
[epoch 023] train=0.2304  val_loss=0.4773  mIoU_fg=0.3969
  e024 it0050/219 loss=0.2449 lr=7.90e-04 elapsed=123.1min
  e024 it0100/219 loss=0.2292 lr=7.87e-04 elapsed=124.0min
  e024 it0150/219 loss=0.2299 lr=7.83e-04 elapsed=124.9min
  e024 it0200/219 loss=0.2289 lr=7.79e-04 elapsed=125.9min
[epoch 024] train=0.2253  val_loss=0.4218  mIoU_fg=0.4178
  e025 it0050/219 loss=0.2060 lr=7.74e-04 elapsed=128.1min
  e025 it0100/219 loss=0.1919 lr=7.70e-04 elapsed=129.0min
  e025 it0150/219 loss=0.1986 lr=7.67e-04 elapsed=130.0min
  e025 it0200/219 loss=0.2215 lr=7.63e-04 elapsed=130.9min
[epoch 025] train=0.2243  val_loss=0.4582  mIoU_fg=0.3619
  e026 it0050/219 loss=0.2927 lr=7.57e-04 elapsed=133.1min
  e026 it0100/219 loss=0.4383 lr=7.54e-04 elapsed=134.1min
  e026 it0150/219 loss=0.7040 lr=7.50e-04 elapsed=135.0min
  e026 it0200/219 loss=0.7443 lr=7.46e-04 elapsed=135.9min
[epoch 026] train=0.7484  val_loss=0.7715  mIoU_fg=0.2198
  e027 it0050/219 loss=0.5651 lr=7.40e-04 elapsed=138.1min
  e027 it0100/219 loss=0.5057 lr=7.36e-04 elapsed=139.1min
  e027 it0150/219 loss=0.4748 lr=7.32e-04 elapsed=140.0min
  e027 it0200/219 loss=0.4463 lr=7.29e-04 elapsed=141.0min
[epoch 027] train=0.4395  val_loss=0.4878  mIoU_fg=0.3835
  e028 it0050/219 loss=0.3143 lr=7.23e-04 elapsed=143.2min
  e028 it0100/219 loss=0.3234 lr=7.19e-04 elapsed=144.1min
  e028 it0150/219 loss=0.3267 lr=7.15e-04 elapsed=145.0min
  e028 it0200/219 loss=0.3363 lr=7.11e-04 elapsed=146.0min
[epoch 028] train=0.3320  val_loss=0.4633  mIoU_fg=0.3881
  e029 it0050/219 loss=0.2865 lr=7.05e-04 elapsed=148.2min
  e029 it0100/219 loss=0.2863 lr=7.01e-04 elapsed=149.1min
  e029 it0150/219 loss=0.2885 lr=6.97e-04 elapsed=150.1min
  e029 it0200/219 loss=0.2891 lr=6.93e-04 elapsed=151.0min
[epoch 029] train=0.2882  val_loss=0.4596  mIoU_fg=0.4188
  e030 it0050/219 loss=0.2707 lr=6.87e-04 elapsed=153.2min
  e030 it0100/219 loss=0.2615 lr=6.83e-04 elapsed=154.1min
  e030 it0150/219 loss=0.2589 lr=6.79e-04 elapsed=155.1min
  e030 it0200/219 loss=0.2669 lr=6.75e-04 elapsed=156.0min
[epoch 030] train=0.2604  val_loss=0.5631  mIoU_fg=0.4266
  e031 it0050/219 loss=0.2303 lr=6.69e-04 elapsed=158.2min
  e031 it0100/219 loss=0.2335 lr=6.65e-04 elapsed=159.2min
  e031 it0150/219 loss=0.2411 lr=6.60e-04 elapsed=160.1min
  e031 it0200/219 loss=0.2538 lr=6.56e-04 elapsed=161.0min
[epoch 031] train=0.2538  val_loss=0.4950  mIoU_fg=0.4225
  e032 it0050/219 loss=0.2231 lr=6.50e-04 elapsed=163.3min
  e032 it0100/219 loss=0.2396 lr=6.46e-04 elapsed=164.2min
  e032 it0150/219 loss=0.2432 lr=6.42e-04 elapsed=165.1min
  e032 it0200/219 loss=0.2409 lr=6.37e-04 elapsed=166.1min
[epoch 032] train=0.2386  val_loss=0.4494  mIoU_fg=0.4212
  e033 it0050/219 loss=0.2217 lr=6.31e-04 elapsed=168.3min
  e033 it0100/219 loss=0.2310 lr=6.27e-04 elapsed=169.2min
  e033 it0150/219 loss=0.2269 lr=6.23e-04 elapsed=170.1min
  e033 it0200/219 loss=0.2240 lr=6.18e-04 elapsed=171.1min
[epoch 033] train=0.2238  val_loss=0.4805  mIoU_fg=0.4140
  e034 it0050/219 loss=0.2263 lr=6.12e-04 elapsed=173.3min
  e034 it0100/219 loss=0.2362 lr=6.08e-04 elapsed=174.2min
  e034 it0150/219 loss=0.2313 lr=6.04e-04 elapsed=175.1min
  e034 it0200/219 loss=0.2286 lr=5.99e-04 elapsed=176.1min
[epoch 034] train=0.2230  val_loss=0.4409  mIoU_fg=0.4237
  e035 it0050/219 loss=0.2066 lr=5.93e-04 elapsed=178.3min
  e035 it0100/219 loss=0.2025 lr=5.89e-04 elapsed=179.2min
  e035 it0150/219 loss=0.2015 lr=5.84e-04 elapsed=180.1min
  e035 it0200/219 loss=0.2016 lr=5.80e-04 elapsed=181.1min
[epoch 035] train=0.2017  val_loss=0.5591  mIoU_fg=0.4461
  [best] mIoU_fg=0.4461 saved -> /home/ids/diecidue/results/waste_vlm/dinoseg_dw_radiol_fpn2/best.pt
  e036 it0050/219 loss=0.1844 lr=5.74e-04 elapsed=183.3min
  e036 it0100/219 loss=0.1901 lr=5.69e-04 elapsed=184.2min
  e036 it0150/219 loss=0.1905 lr=5.65e-04 elapsed=185.2min
  e036 it0200/219 loss=0.1899 lr=5.60e-04 elapsed=186.1min
[epoch 036] train=0.1945  val_loss=0.4392  mIoU_fg=0.4338
  e037 it0050/219 loss=0.1912 lr=5.54e-04 elapsed=188.4min
  e037 it0100/219 loss=0.1868 lr=5.50e-04 elapsed=189.3min
  e037 it0150/219 loss=0.1830 lr=5.45e-04 elapsed=190.2min
  e037 it0200/219 loss=0.1876 lr=5.41e-04 elapsed=191.2min
[epoch 037] train=0.1832  val_loss=0.6457  mIoU_fg=0.4325
  e038 it0050/219 loss=0.1863 lr=5.35e-04 elapsed=193.4min
  e038 it0100/219 loss=0.1717 lr=5.30e-04 elapsed=194.3min
  e038 it0150/219 loss=0.1714 lr=5.26e-04 elapsed=195.3min
  e038 it0200/219 loss=0.1729 lr=5.21e-04 elapsed=196.2min
[epoch 038] train=0.1704  val_loss=0.5289  mIoU_fg=0.4523
  [best] mIoU_fg=0.4523 saved -> /home/ids/diecidue/results/waste_vlm/dinoseg_dw_radiol_fpn2/best.pt
  e039 it0050/219 loss=0.1570 lr=5.15e-04 elapsed=198.5min
  e039 it0100/219 loss=0.1653 lr=5.11e-04 elapsed=199.4min
  e039 it0150/219 loss=0.1625 lr=5.06e-04 elapsed=200.4min
  e039 it0200/219 loss=0.1655 lr=5.02e-04 elapsed=201.3min
[epoch 039] train=0.1675  val_loss=0.4730  mIoU_fg=0.4380
  e040 it0050/219 loss=0.1562 lr=4.96e-04 elapsed=203.6min
  e040 it0100/219 loss=0.1589 lr=4.91e-04 elapsed=204.5min
  e040 it0150/219 loss=0.1566 lr=4.87e-04 elapsed=205.4min
  e040 it0200/219 loss=0.1550 lr=4.82e-04 elapsed=206.4min
[epoch 040] train=0.1566  val_loss=0.4849  mIoU_fg=0.4525
  [best] mIoU_fg=0.4525 saved -> /home/ids/diecidue/results/waste_vlm/dinoseg_dw_radiol_fpn2/best.pt
  e041 it0050/219 loss=0.1395 lr=4.76e-04 elapsed=208.6min
  e041 it0100/219 loss=0.1437 lr=4.71e-04 elapsed=209.6min
  e041 it0150/219 loss=0.1471 lr=4.67e-04 elapsed=210.5min
  e041 it0200/219 loss=0.1511 lr=4.62e-04 elapsed=211.4min
[epoch 041] train=0.1525  val_loss=0.5167  mIoU_fg=0.4420
  e042 it0050/219 loss=0.1469 lr=4.56e-04 elapsed=213.7min
  e042 it0100/219 loss=0.1436 lr=4.52e-04 elapsed=214.6min
  e042 it0150/219 loss=0.1486 lr=4.47e-04 elapsed=215.5min
  e042 it0200/219 loss=0.1478 lr=4.43e-04 elapsed=216.5min
[epoch 042] train=0.1463  val_loss=0.4999  mIoU_fg=0.4479
  e043 it0050/219 loss=0.1403 lr=4.37e-04 elapsed=218.7min
  e043 it0100/219 loss=0.1370 lr=4.32e-04 elapsed=219.6min
  e043 it0150/219 loss=0.1331 lr=4.28e-04 elapsed=220.5min
  e043 it0200/219 loss=0.1364 lr=4.23e-04 elapsed=221.5min
[epoch 043] train=0.1372  val_loss=0.5371  mIoU_fg=0.4560
  [best] mIoU_fg=0.4560 saved -> /home/ids/diecidue/results/waste_vlm/dinoseg_dw_radiol_fpn2/best.pt
  e044 it0050/219 loss=0.1326 lr=4.17e-04 elapsed=223.7min
  e044 it0100/219 loss=0.1285 lr=4.13e-04 elapsed=224.6min
  e044 it0150/219 loss=0.1311 lr=4.09e-04 elapsed=225.6min
  e044 it0200/219 loss=0.1339 lr=4.04e-04 elapsed=226.5min
[epoch 044] train=0.1324  val_loss=0.4909  mIoU_fg=0.4569
  [best] mIoU_fg=0.4569 saved -> /home/ids/diecidue/results/waste_vlm/dinoseg_dw_radiol_fpn2/best.pt
  e045 it0050/219 loss=0.1287 lr=3.98e-04 elapsed=228.8min
  e045 it0100/219 loss=0.1253 lr=3.94e-04 elapsed=229.7min
  e045 it0150/219 loss=0.1316 lr=3.89e-04 elapsed=230.6min
  e045 it0200/219 loss=0.1284 lr=3.85e-04 elapsed=231.5min
[epoch 045] train=0.1293  val_loss=0.6470  mIoU_fg=0.4459
  e046 it0050/219 loss=0.1249 lr=3.79e-04 elapsed=233.8min
  e046 it0100/219 loss=0.1244 lr=3.75e-04 elapsed=234.7min
  e046 it0150/219 loss=0.1266 lr=3.70e-04 elapsed=235.6min
  e046 it0200/219 loss=0.1257 lr=3.66e-04 elapsed=236.6min
[epoch 046] train=0.1266  val_loss=0.5932  mIoU_fg=0.4530
  e047 it0050/219 loss=0.1239 lr=3.60e-04 elapsed=238.7min
  e047 it0100/219 loss=0.1166 lr=3.56e-04 elapsed=239.7min
  e047 it0150/219 loss=0.1188 lr=3.51e-04 elapsed=240.6min
  e047 it0200/219 loss=0.1232 lr=3.47e-04 elapsed=241.5min
[epoch 047] train=0.1223  val_loss=0.6150  mIoU_fg=0.4577
  [best] mIoU_fg=0.4577 saved -> /home/ids/diecidue/results/waste_vlm/dinoseg_dw_radiol_fpn2/best.pt
  e048 it0050/219 loss=0.1220 lr=3.41e-04 elapsed=243.8min
  e048 it0100/219 loss=0.1243 lr=3.37e-04 elapsed=244.7min
  e048 it0150/219 loss=0.1215 lr=3.33e-04 elapsed=245.6min
  e048 it0200/219 loss=0.1204 lr=3.29e-04 elapsed=246.6min
[epoch 048] train=0.1188  val_loss=0.6617  mIoU_fg=0.4461
  e049 it0050/219 loss=0.1171 lr=3.23e-04 elapsed=248.8min
  e049 it0100/219 loss=0.1200 lr=3.19e-04 elapsed=249.7min
  e049 it0150/219 loss=0.1125 lr=3.14e-04 elapsed=250.6min
  e049 it0200/219 loss=0.1155 lr=3.10e-04 elapsed=251.5min
[epoch 049] train=0.1141  val_loss=0.5907  mIoU_fg=0.4492
  e050 it0050/219 loss=0.1176 lr=3.05e-04 elapsed=253.8min
  e050 it0100/219 loss=0.1134 lr=3.00e-04 elapsed=254.7min
  e050 it0150/219 loss=0.1131 lr=2.96e-04 elapsed=255.6min
  e050 it0200/219 loss=0.1121 lr=2.92e-04 elapsed=256.6min
[epoch 050] train=0.1101  val_loss=0.6088  mIoU_fg=0.4484
  e051 it0050/219 loss=0.1026 lr=2.87e-04 elapsed=258.8min
  e051 it0100/219 loss=0.1084 lr=2.83e-04 elapsed=259.7min
  e051 it0150/219 loss=0.1061 lr=2.79e-04 elapsed=260.6min
  e051 it0200/219 loss=0.1075 lr=2.75e-04 elapsed=261.6min
[epoch 051] train=0.1085  val_loss=0.7232  mIoU_fg=0.4499
  e052 it0050/219 loss=0.1069 lr=2.69e-04 elapsed=263.7min
  e052 it0100/219 loss=0.1078 lr=2.65e-04 elapsed=264.7min
  e052 it0150/219 loss=0.1060 lr=2.61e-04 elapsed=265.6min
  e052 it0200/219 loss=0.1049 lr=2.57e-04 elapsed=266.5min
[epoch 052] train=0.1058  val_loss=0.6267  mIoU_fg=0.4558
  e053 it0050/219 loss=0.1031 lr=2.52e-04 elapsed=268.7min
  e053 it0100/219 loss=0.1061 lr=2.48e-04 elapsed=269.7min
  e053 it0150/219 loss=0.1023 lr=2.44e-04 elapsed=270.6min
  e053 it0200/219 loss=0.1021 lr=2.40e-04 elapsed=271.5min
[epoch 053] train=0.1033  val_loss=0.7126  mIoU_fg=0.4579
  [best] mIoU_fg=0.4579 saved -> /home/ids/diecidue/results/waste_vlm/dinoseg_dw_radiol_fpn2/best.pt
  e054 it0050/219 loss=0.0994 lr=2.35e-04 elapsed=273.8min
  e054 it0100/219 loss=0.1037 lr=2.31e-04 elapsed=274.7min
  e054 it0150/219 loss=0.1014 lr=2.27e-04 elapsed=275.6min
  e054 it0200/219 loss=0.1013 lr=2.24e-04 elapsed=276.6min
[epoch 054] train=0.1016  val_loss=0.6857  mIoU_fg=0.4546
  e055 it0050/219 loss=0.0922 lr=2.18e-04 elapsed=278.8min
  e055 it0100/219 loss=0.0988 lr=2.15e-04 elapsed=279.7min
  e055 it0150/219 loss=0.0974 lr=2.11e-04 elapsed=280.6min
  e055 it0200/219 loss=0.0977 lr=2.07e-04 elapsed=281.6min
[epoch 055] train=0.0973  val_loss=0.6593  mIoU_fg=0.4528
  e056 it0050/219 loss=0.0872 lr=2.02e-04 elapsed=283.8min
  e056 it0100/219 loss=0.0936 lr=1.99e-04 elapsed=284.7min
  e056 it0150/219 loss=0.0948 lr=1.95e-04 elapsed=285.6min
  e056 it0200/219 loss=0.0945 lr=1.92e-04 elapsed=286.6min
[epoch 056] train=0.0938  val_loss=0.7171  mIoU_fg=0.4586
  [best] mIoU_fg=0.4586 saved -> /home/ids/diecidue/results/waste_vlm/dinoseg_dw_radiol_fpn2/best.pt
  e057 it0050/219 loss=0.0900 lr=1.87e-04 elapsed=288.8min
  e057 it0100/219 loss=0.0918 lr=1.83e-04 elapsed=289.7min
  e057 it0150/219 loss=0.0921 lr=1.80e-04 elapsed=290.6min
  e057 it0200/219 loss=0.0917 lr=1.77e-04 elapsed=291.6min
[epoch 057] train=0.0924  val_loss=0.6731  mIoU_fg=0.4573
  e058 it0050/219 loss=0.0979 lr=1.72e-04 elapsed=293.8min
  e058 it0100/219 loss=0.0952 lr=1.69e-04 elapsed=294.7min
  e058 it0150/219 loss=0.0950 lr=1.65e-04 elapsed=295.6min
  e058 it0200/219 loss=0.0940 lr=1.62e-04 elapsed=296.6min
[epoch 058] train=0.0917  val_loss=0.7574  mIoU_fg=0.4563
  e059 it0050/219 loss=0.0820 lr=1.57e-04 elapsed=298.8min
  e059 it0100/219 loss=0.0824 lr=1.54e-04 elapsed=299.7min
  e059 it0150/219 loss=0.0849 lr=1.51e-04 elapsed=300.7min
  e059 it0200/219 loss=0.0888 lr=1.48e-04 elapsed=301.6min
[epoch 059] train=0.0890  val_loss=0.7236  mIoU_fg=0.4519
  e060 it0050/219 loss=0.0994 lr=1.43e-04 elapsed=303.8min
  e060 it0100/219 loss=0.0892 lr=1.40e-04 elapsed=304.8min
  e060 it0150/219 loss=0.0870 lr=1.37e-04 elapsed=305.7min
  e060 it0200/219 loss=0.0877 lr=1.34e-04 elapsed=306.6min
[epoch 060] train=0.0865  val_loss=0.7862  mIoU_fg=0.4558
  e061 it0050/219 loss=0.0886 lr=1.30e-04 elapsed=308.9min
  e061 it0100/219 loss=0.0881 lr=1.27e-04 elapsed=309.8min
  e061 it0150/219 loss=0.0854 lr=1.24e-04 elapsed=310.7min
  e061 it0200/219 loss=0.0844 lr=1.21e-04 elapsed=311.6min
[epoch 061] train=0.0848  val_loss=0.7582  mIoU_fg=0.4540
  e062 it0050/219 loss=0.0871 lr=1.17e-04 elapsed=313.8min
  e062 it0100/219 loss=0.0888 lr=1.14e-04 elapsed=314.8min
  e062 it0150/219 loss=0.0879 lr=1.11e-04 elapsed=315.7min
  e062 it0200/219 loss=0.0854 lr=1.08e-04 elapsed=316.6min
[epoch 062] train=0.0840  val_loss=0.7650  mIoU_fg=0.4505
  e063 it0050/219 loss=0.0891 lr=1.05e-04 elapsed=318.9min
  e063 it0100/219 loss=0.0764 lr=1.02e-04 elapsed=319.8min
  e063 it0150/219 loss=0.0818 lr=9.92e-05 elapsed=320.7min
  e063 it0200/219 loss=0.0828 lr=9.65e-05 elapsed=321.7min
[epoch 063] train=0.0830  val_loss=0.7913  mIoU_fg=0.4524
  e064 it0050/219 loss=0.0805 lr=9.29e-05 elapsed=323.9min
  e064 it0100/219 loss=0.0751 lr=9.03e-05 elapsed=324.8min
  e064 it0150/219 loss=0.0820 lr=8.77e-05 elapsed=325.7min
  e064 it0200/219 loss=0.0811 lr=8.52e-05 elapsed=326.7min
[epoch 064] train=0.0812  val_loss=0.7751  mIoU_fg=0.4538
  e065 it0050/219 loss=0.0719 lr=8.18e-05 elapsed=328.8min
  e065 it0100/219 loss=0.0780 lr=7.94e-05 elapsed=329.8min
  e065 it0150/219 loss=0.0767 lr=7.69e-05 elapsed=330.7min
  e065 it0200/219 loss=0.0801 lr=7.46e-05 elapsed=331.6min
[epoch 065] train=0.0799  val_loss=0.7902  mIoU_fg=0.4559
  e066 it0050/219 loss=0.0688 lr=7.14e-05 elapsed=333.8min
  e066 it0100/219 loss=0.0783 lr=6.91e-05 elapsed=334.8min
  e066 it0150/219 loss=0.0782 lr=6.68e-05 elapsed=335.7min
  e066 it0200/219 loss=0.0783 lr=6.46e-05 elapsed=336.6min
[epoch 066] train=0.0791  val_loss=0.7808  mIoU_fg=0.4546
  e067 it0050/219 loss=0.0803 lr=6.16e-05 elapsed=338.8min
  e067 it0100/219 loss=0.0823 lr=5.94e-05 elapsed=339.8min
  e067 it0150/219 loss=0.0784 lr=5.73e-05 elapsed=340.7min
  e067 it0200/219 loss=0.0795 lr=5.53e-05 elapsed=341.6min
[epoch 067] train=0.0797  val_loss=0.7915  mIoU_fg=0.4512
  e068 it0050/219 loss=0.0743 lr=5.25e-05 elapsed=343.8min
  e068 it0100/219 loss=0.0778 lr=5.05e-05 elapsed=344.8min
  e068 it0150/219 loss=0.0789 lr=4.86e-05 elapsed=345.7min
  e068 it0200/219 loss=0.0773 lr=4.66e-05 elapsed=346.6min
[epoch 068] train=0.0781  val_loss=0.8182  mIoU_fg=0.4517
  e069 it0050/219 loss=0.0668 lr=4.41e-05 elapsed=348.8min
  e069 it0100/219 loss=0.0715 lr=4.22e-05 elapsed=349.8min
  e069 it0150/219 loss=0.0748 lr=4.05e-05 elapsed=350.7min
  e069 it0200/219 loss=0.0773 lr=3.87e-05 elapsed=351.6min
[epoch 069] train=0.0772  val_loss=0.7902  mIoU_fg=0.4541
  e070 it0050/219 loss=0.0833 lr=3.64e-05 elapsed=353.8min
  e070 it0100/219 loss=0.0814 lr=3.47e-05 elapsed=354.8min
  e070 it0150/219 loss=0.0800 lr=3.31e-05 elapsed=355.7min
  e070 it0200/219 loss=0.0770 lr=3.15e-05 elapsed=356.6min
[epoch 070] train=0.0769  val_loss=0.8065  mIoU_fg=0.4541
  e071 it0050/219 loss=0.0782 lr=2.94e-05 elapsed=358.8min
  e071 it0100/219 loss=0.0771 lr=2.79e-05 elapsed=359.8min
  e071 it0150/219 loss=0.0770 lr=2.64e-05 elapsed=360.7min
  e071 it0200/219 loss=0.0761 lr=2.50e-05 elapsed=361.6min
[epoch 071] train=0.0763  val_loss=0.7978  mIoU_fg=0.4530
  e072 it0050/219 loss=0.0839 lr=2.31e-05 elapsed=363.8min
  e072 it0100/219 loss=0.0766 lr=2.18e-05 elapsed=364.8min
  e072 it0150/219 loss=0.0777 lr=2.05e-05 elapsed=365.7min
  e072 it0200/219 loss=0.0768 lr=1.92e-05 elapsed=366.6min
[epoch 072] train=0.0761  val_loss=0.7947  mIoU_fg=0.4540
  e073 it0050/219 loss=0.0756 lr=1.76e-05 elapsed=368.8min
  e073 it0100/219 loss=0.0789 lr=1.64e-05 elapsed=369.8min
  e073 it0150/219 loss=0.0780 lr=1.53e-05 elapsed=370.7min
  e073 it0200/219 loss=0.0768 lr=1.42e-05 elapsed=371.6min
[epoch 073] train=0.0753  val_loss=0.8164  mIoU_fg=0.4535
  e074 it0050/219 loss=0.0794 lr=1.28e-05 elapsed=373.9min
  e074 it0100/219 loss=0.0795 lr=1.18e-05 elapsed=374.8min
  e074 it0150/219 loss=0.0798 lr=1.09e-05 elapsed=375.8min
  e074 it0200/219 loss=0.0769 lr=9.94e-06 elapsed=376.7min
[epoch 074] train=0.0755  val_loss=0.7997  mIoU_fg=0.4530
  e075 it0050/219 loss=0.0790 lr=8.75e-06 elapsed=378.9min
  e075 it0100/219 loss=0.0772 lr=7.94e-06 elapsed=379.8min
  e075 it0150/219 loss=0.0768 lr=7.16e-06 elapsed=380.8min
  e075 it0200/219 loss=0.0758 lr=6.43e-06 elapsed=381.7min
[epoch 075] train=0.0767  val_loss=0.8123  mIoU_fg=0.4531
  e076 it0050/219 loss=0.0776 lr=5.47e-06 elapsed=383.9min
  e076 it0100/219 loss=0.0734 lr=4.83e-06 elapsed=384.8min
  e076 it0150/219 loss=0.0736 lr=4.23e-06 elapsed=385.8min
  e076 it0200/219 loss=0.0762 lr=3.67e-06 elapsed=386.7min
[epoch 076] train=0.0755  val_loss=0.8095  mIoU_fg=0.4532
  e077 it0050/219 loss=0.0717 lr=2.96e-06 elapsed=388.9min
  e077 it0100/219 loss=0.0732 lr=2.49e-06 elapsed=389.8min
  e077 it0150/219 loss=0.0745 lr=2.06e-06 elapsed=390.7min
  e077 it0200/219 loss=0.0747 lr=1.68e-06 elapsed=391.7min
[epoch 077] train=0.0745  val_loss=0.8097  mIoU_fg=0.4531
  e078 it0050/219 loss=0.0721 lr=1.21e-06 elapsed=393.9min
  e078 it0100/219 loss=0.0804 lr=9.18e-07 elapsed=394.8min
  e078 it0150/219 loss=0.0793 lr=6.67e-07 elapsed=395.7min
  e078 it0200/219 loss=0.0768 lr=4.55e-07 elapsed=396.7min
[epoch 078] train=0.0756  val_loss=0.8109  mIoU_fg=0.4532
  e079 it0050/219 loss=0.0758 lr=2.30e-07 elapsed=398.9min
  e079 it0100/219 loss=0.0769 lr=1.14e-07 elapsed=399.8min
  e079 it0150/219 loss=0.0755 lr=3.83e-08 elapsed=400.7min
  e079 it0200/219 loss=0.0742 lr=2.90e-09 elapsed=401.7min
[epoch 079] train=0.0758  val_loss=0.8101  mIoU_fg=0.4531
[done] best_mIoU_fg=0.4586  total_time=402.9min
[slurm] done=2026-06-22T18:33:23+02:00
