[slurm] host=nodemm02  job=855254  start=2026-06-18T10:14:59+02:00
[slurm] btype=frcnn id=default size=512 epochs=80 batch=32 lr=1e-3 head=linear multi_block=none multilabel=0 fpn_blocks=default fpn_dim=default out=dinoseg_dw_frcnn_linear
NVIDIA GeForce RTX 3090, 24576 MiB
[data] train=3489  val=739  fg classes=20  mode=single-label
[model] head=linear  trainable_params=5,397
  e000 it0050/110 loss=2.7230 lr=1.00e-03 elapsed=0.4min
  e000 it0100/110 loss=2.4594 lr=1.00e-03 elapsed=0.6min
[epoch 000] train=2.4273  val_loss=1.9879  mIoU_fg=0.0219
  [best] mIoU_fg=0.0219 saved -> /home/ids/diecidue/results/waste_vlm/dinoseg_dw_frcnn_linear/best.pt
  e001 it0050/110 loss=2.1301 lr=9.99e-04 elapsed=1.3min
  e001 it0100/110 loss=2.0863 lr=9.99e-04 elapsed=1.6min
[epoch 001] train=2.0888  val_loss=1.8898  mIoU_fg=0.0413
  [best] mIoU_fg=0.0413 saved -> /home/ids/diecidue/results/waste_vlm/dinoseg_dw_frcnn_linear/best.pt
  e002 it0050/110 loss=2.0354 lr=9.98e-04 elapsed=2.2min
  e002 it0100/110 loss=1.9942 lr=9.97e-04 elapsed=2.5min
[epoch 002] train=2.0072  val_loss=1.8291  mIoU_fg=0.0570
  [best] mIoU_fg=0.0570 saved -> /home/ids/diecidue/results/waste_vlm/dinoseg_dw_frcnn_linear/best.pt
  e003 it0050/110 loss=1.9261 lr=9.95e-04 elapsed=3.1min
  e003 it0100/110 loss=1.9382 lr=9.94e-04 elapsed=3.4min
[epoch 003] train=1.9339  val_loss=1.8103  mIoU_fg=0.0657
  [best] mIoU_fg=0.0657 saved -> /home/ids/diecidue/results/waste_vlm/dinoseg_dw_frcnn_linear/best.pt
  e004 it0050/110 loss=1.9489 lr=9.92e-04 elapsed=4.0min
  e004 it0100/110 loss=1.9227 lr=9.91e-04 elapsed=4.3min
[epoch 004] train=1.9084  val_loss=1.7726  mIoU_fg=0.0717
  [best] mIoU_fg=0.0717 saved -> /home/ids/diecidue/results/waste_vlm/dinoseg_dw_frcnn_linear/best.pt
  e005 it0050/110 loss=1.8775 lr=9.89e-04 elapsed=5.0min
  e005 it0100/110 loss=1.8779 lr=9.87e-04 elapsed=5.2min
[epoch 005] train=1.8801  val_loss=1.7526  mIoU_fg=0.0793
  [best] mIoU_fg=0.0793 saved -> /home/ids/diecidue/results/waste_vlm/dinoseg_dw_frcnn_linear/best.pt
  e006 it0050/110 loss=1.8761 lr=9.84e-04 elapsed=5.9min
  e006 it0100/110 loss=1.8730 lr=9.82e-04 elapsed=6.2min
[epoch 006] train=1.8622  val_loss=1.7333  mIoU_fg=0.0794
  [best] mIoU_fg=0.0794 saved -> /home/ids/diecidue/results/waste_vlm/dinoseg_dw_frcnn_linear/best.pt
  e007 it0050/110 loss=1.8216 lr=9.79e-04 elapsed=6.8min
  e007 it0100/110 loss=1.8399 lr=9.76e-04 elapsed=7.1min
[epoch 007] train=1.8541  val_loss=1.7364  mIoU_fg=0.0824
  [best] mIoU_fg=0.0824 saved -> /home/ids/diecidue/results/waste_vlm/dinoseg_dw_frcnn_linear/best.pt
  e008 it0050/110 loss=1.8637 lr=9.73e-04 elapsed=7.7min
  e008 it0100/110 loss=1.8561 lr=9.70e-04 elapsed=8.0min
[epoch 008] train=1.8528  val_loss=1.7188  mIoU_fg=0.0831
  [best] mIoU_fg=0.0831 saved -> /home/ids/diecidue/results/waste_vlm/dinoseg_dw_frcnn_linear/best.pt
  e009 it0050/110 loss=1.8175 lr=9.66e-04 elapsed=8.6min
  e009 it0100/110 loss=1.8302 lr=9.63e-04 elapsed=8.9min
[epoch 009] train=1.8306  val_loss=1.7222  mIoU_fg=0.0888
  [best] mIoU_fg=0.0888 saved -> /home/ids/diecidue/results/waste_vlm/dinoseg_dw_frcnn_linear/best.pt
  e010 it0050/110 loss=1.8442 lr=9.58e-04 elapsed=9.5min
  e010 it0100/110 loss=1.8107 lr=9.55e-04 elapsed=9.8min
[epoch 010] train=1.8155  val_loss=1.7246  mIoU_fg=0.0878
  e011 it0050/110 loss=1.8138 lr=9.50e-04 elapsed=10.5min
  e011 it0100/110 loss=1.8105 lr=9.46e-04 elapsed=10.7min
[epoch 011] train=1.8136  val_loss=1.7112  mIoU_fg=0.0901
  [best] mIoU_fg=0.0901 saved -> /home/ids/diecidue/results/waste_vlm/dinoseg_dw_frcnn_linear/best.pt
  e012 it0050/110 loss=1.8235 lr=9.41e-04 elapsed=11.4min
  e012 it0100/110 loss=1.8081 lr=9.37e-04 elapsed=11.7min
[epoch 012] train=1.8065  val_loss=1.7141  mIoU_fg=0.0916
  [best] mIoU_fg=0.0916 saved -> /home/ids/diecidue/results/waste_vlm/dinoseg_dw_frcnn_linear/best.pt
  e013 it0050/110 loss=1.7514 lr=9.32e-04 elapsed=12.3min
  e013 it0100/110 loss=1.7904 lr=9.27e-04 elapsed=12.6min
[epoch 013] train=1.7954  val_loss=1.6991  mIoU_fg=0.0945
  [best] mIoU_fg=0.0945 saved -> /home/ids/diecidue/results/waste_vlm/dinoseg_dw_frcnn_linear/best.pt
  e014 it0050/110 loss=1.8215 lr=9.22e-04 elapsed=13.2min
  e014 it0100/110 loss=1.8042 lr=9.17e-04 elapsed=13.5min
[epoch 014] train=1.8038  val_loss=1.6939  mIoU_fg=0.0944
  e015 it0050/110 loss=1.7718 lr=9.11e-04 elapsed=14.1min
  e015 it0100/110 loss=1.7891 lr=9.06e-04 elapsed=14.4min
[epoch 015] train=1.7956  val_loss=1.6885  mIoU_fg=0.0933
  e016 it0050/110 loss=1.8072 lr=8.99e-04 elapsed=15.0min
  e016 it0100/110 loss=1.8052 lr=8.94e-04 elapsed=15.3min
[epoch 016] train=1.7936  val_loss=1.6962  mIoU_fg=0.0969
  [best] mIoU_fg=0.0969 saved -> /home/ids/diecidue/results/waste_vlm/dinoseg_dw_frcnn_linear/best.pt
  e017 it0050/110 loss=1.8105 lr=8.87e-04 elapsed=16.0min
  e017 it0100/110 loss=1.7805 lr=8.81e-04 elapsed=16.2min
[epoch 017] train=1.8033  val_loss=1.7034  mIoU_fg=0.0996
  [best] mIoU_fg=0.0996 saved -> /home/ids/diecidue/results/waste_vlm/dinoseg_dw_frcnn_linear/best.pt
  e018 it0050/110 loss=1.7518 lr=8.74e-04 elapsed=16.9min
  e018 it0100/110 loss=1.7806 lr=8.68e-04 elapsed=17.1min
[epoch 018] train=1.7827  val_loss=1.6805  mIoU_fg=0.1002
  [best] mIoU_fg=0.1002 saved -> /home/ids/diecidue/results/waste_vlm/dinoseg_dw_frcnn_linear/best.pt
  e019 it0050/110 loss=1.7638 lr=8.61e-04 elapsed=17.8min
  e019 it0100/110 loss=1.7864 lr=8.55e-04 elapsed=18.1min
[epoch 019] train=1.7747  val_loss=1.6949  mIoU_fg=0.0988
  e020 it0050/110 loss=1.7803 lr=8.47e-04 elapsed=18.7min
  e020 it0100/110 loss=1.7865 lr=8.41e-04 elapsed=19.0min
[epoch 020] train=1.7728  val_loss=1.6922  mIoU_fg=0.1002
  e021 it0050/110 loss=1.8073 lr=8.33e-04 elapsed=19.6min
  e021 it0100/110 loss=1.7710 lr=8.26e-04 elapsed=19.9min
[epoch 021] train=1.7750  val_loss=1.6844  mIoU_fg=0.1021
  [best] mIoU_fg=0.1021 saved -> /home/ids/diecidue/results/waste_vlm/dinoseg_dw_frcnn_linear/best.pt
  e022 it0050/110 loss=1.7631 lr=8.18e-04 elapsed=20.5min
  e022 it0100/110 loss=1.7442 lr=8.11e-04 elapsed=20.8min
[epoch 022] train=1.7657  val_loss=1.6818  mIoU_fg=0.1022
  [best] mIoU_fg=0.1022 saved -> /home/ids/diecidue/results/waste_vlm/dinoseg_dw_frcnn_linear/best.pt
  e023 it0050/110 loss=1.7755 lr=8.02e-04 elapsed=21.4min
  e023 it0100/110 loss=1.7855 lr=7.95e-04 elapsed=21.7min
[epoch 023] train=1.7742  val_loss=1.6718  mIoU_fg=0.1056
  [best] mIoU_fg=0.1056 saved -> /home/ids/diecidue/results/waste_vlm/dinoseg_dw_frcnn_linear/best.pt
  e024 it0050/110 loss=1.7793 lr=7.87e-04 elapsed=22.4min
  e024 it0100/110 loss=1.7702 lr=7.79e-04 elapsed=22.6min
[epoch 024] train=1.7794  val_loss=1.6822  mIoU_fg=0.1053
  e025 it0050/110 loss=1.7919 lr=7.70e-04 elapsed=23.3min
  e025 it0100/110 loss=1.7793 lr=7.63e-04 elapsed=23.5min
[epoch 025] train=1.7616  val_loss=1.6937  mIoU_fg=0.1033
  e026 it0050/110 loss=1.7493 lr=7.54e-04 elapsed=24.2min
  e026 it0100/110 loss=1.7687 lr=7.46e-04 elapsed=24.5min
[epoch 026] train=1.7675  val_loss=1.6722  mIoU_fg=0.1043
  e027 it0050/110 loss=1.7588 lr=7.36e-04 elapsed=25.1min
  e027 it0100/110 loss=1.7671 lr=7.29e-04 elapsed=25.4min
[epoch 027] train=1.7626  val_loss=1.6734  mIoU_fg=0.1038
  e028 it0050/110 loss=1.7648 lr=7.19e-04 elapsed=26.0min
  e028 it0100/110 loss=1.7697 lr=7.11e-04 elapsed=26.3min
[epoch 028] train=1.7604  val_loss=1.6793  mIoU_fg=0.1070
  [best] mIoU_fg=0.1070 saved -> /home/ids/diecidue/results/waste_vlm/dinoseg_dw_frcnn_linear/best.pt
  e029 it0050/110 loss=1.7353 lr=7.01e-04 elapsed=26.9min
  e029 it0100/110 loss=1.7518 lr=6.93e-04 elapsed=27.2min
[epoch 029] train=1.7648  val_loss=1.6854  mIoU_fg=0.1048
  e030 it0050/110 loss=1.7496 lr=6.83e-04 elapsed=27.8min
  e030 it0100/110 loss=1.7487 lr=6.75e-04 elapsed=28.1min
[epoch 030] train=1.7498  val_loss=1.6719  mIoU_fg=0.1068
  e031 it0050/110 loss=1.7315 lr=6.65e-04 elapsed=28.7min
  e031 it0100/110 loss=1.7536 lr=6.56e-04 elapsed=29.0min
[epoch 031] train=1.7612  val_loss=1.6768  mIoU_fg=0.1100
  [best] mIoU_fg=0.1100 saved -> /home/ids/diecidue/results/waste_vlm/dinoseg_dw_frcnn_linear/best.pt
  e032 it0050/110 loss=1.7303 lr=6.46e-04 elapsed=29.6min
  e032 it0100/110 loss=1.7739 lr=6.37e-04 elapsed=29.9min
[epoch 032] train=1.7605  val_loss=1.6732  mIoU_fg=0.1088
  e033 it0050/110 loss=1.8206 lr=6.27e-04 elapsed=30.5min
  e033 it0100/110 loss=1.7609 lr=6.18e-04 elapsed=30.8min
[epoch 033] train=1.7542  val_loss=1.6721  mIoU_fg=0.1068
  e034 it0050/110 loss=1.8069 lr=6.08e-04 elapsed=31.5min
  e034 it0100/110 loss=1.7557 lr=5.99e-04 elapsed=31.7min
[epoch 034] train=1.7684  val_loss=1.6706  mIoU_fg=0.1078
  e035 it0050/110 loss=1.7169 lr=5.89e-04 elapsed=32.4min
  e035 it0100/110 loss=1.7548 lr=5.80e-04 elapsed=32.7min
[epoch 035] train=1.7504  val_loss=1.6606  mIoU_fg=0.1070
  e036 it0050/110 loss=1.7299 lr=5.69e-04 elapsed=33.3min
  e036 it0100/110 loss=1.7591 lr=5.61e-04 elapsed=33.6min
[epoch 036] train=1.7505  val_loss=1.6760  mIoU_fg=0.1074
  e037 it0050/110 loss=1.7766 lr=5.50e-04 elapsed=34.2min
  e037 it0100/110 loss=1.7591 lr=5.41e-04 elapsed=34.5min
[epoch 037] train=1.7510  val_loss=1.6623  mIoU_fg=0.1112
  [best] mIoU_fg=0.1112 saved -> /home/ids/diecidue/results/waste_vlm/dinoseg_dw_frcnn_linear/best.pt
  e038 it0050/110 loss=1.7479 lr=5.30e-04 elapsed=35.2min
  e038 it0100/110 loss=1.7460 lr=5.21e-04 elapsed=35.4min
[epoch 038] train=1.7408  val_loss=1.6704  mIoU_fg=0.1069
  e039 it0050/110 loss=1.7701 lr=5.11e-04 elapsed=36.1min
  e039 it0100/110 loss=1.7624 lr=5.02e-04 elapsed=36.3min
[epoch 039] train=1.7496  val_loss=1.6697  mIoU_fg=0.1083
  e040 it0050/110 loss=1.7434 lr=4.91e-04 elapsed=37.0min
  e040 it0100/110 loss=1.7490 lr=4.82e-04 elapsed=37.3min
[epoch 040] train=1.7433  val_loss=1.6634  mIoU_fg=0.1091
  e041 it0050/110 loss=1.7382 lr=4.71e-04 elapsed=37.9min
  e041 it0100/110 loss=1.7496 lr=4.63e-04 elapsed=38.2min
[epoch 041] train=1.7421  val_loss=1.6669  mIoU_fg=0.1105
  e042 it0050/110 loss=1.7542 lr=4.52e-04 elapsed=38.8min
  e042 it0100/110 loss=1.7387 lr=4.43e-04 elapsed=39.1min
[epoch 042] train=1.7420  val_loss=1.6677  mIoU_fg=0.1129
  [best] mIoU_fg=0.1129 saved -> /home/ids/diecidue/results/waste_vlm/dinoseg_dw_frcnn_linear/best.pt
  e043 it0050/110 loss=1.7744 lr=4.32e-04 elapsed=39.7min
  e043 it0100/110 loss=1.7358 lr=4.24e-04 elapsed=40.0min
[epoch 043] train=1.7393  val_loss=1.6664  mIoU_fg=0.1099
  e044 it0050/110 loss=1.7820 lr=4.13e-04 elapsed=40.6min
  e044 it0100/110 loss=1.7469 lr=4.04e-04 elapsed=40.9min
[epoch 044] train=1.7389  val_loss=1.6659  mIoU_fg=0.1111
  e045 it0050/110 loss=1.7417 lr=3.94e-04 elapsed=41.5min
  e045 it0100/110 loss=1.7487 lr=3.85e-04 elapsed=41.8min
[epoch 045] train=1.7454  val_loss=1.6719  mIoU_fg=0.1082
  e046 it0050/110 loss=1.7268 lr=3.75e-04 elapsed=42.4min
  e046 it0100/110 loss=1.7389 lr=3.66e-04 elapsed=42.7min
[epoch 046] train=1.7382  val_loss=1.6609  mIoU_fg=0.1117
  e047 it0050/110 loss=1.7188 lr=3.56e-04 elapsed=43.4min
  e047 it0100/110 loss=1.7487 lr=3.47e-04 elapsed=43.6min
[epoch 047] train=1.7419  val_loss=1.6631  mIoU_fg=0.1109
  e048 it0050/110 loss=1.7163 lr=3.37e-04 elapsed=44.3min
  e048 it0100/110 loss=1.7447 lr=3.29e-04 elapsed=44.5min
[epoch 048] train=1.7415  val_loss=1.6689  mIoU_fg=0.1082
  e049 it0050/110 loss=1.7679 lr=3.19e-04 elapsed=45.2min
  e049 it0100/110 loss=1.7483 lr=3.10e-04 elapsed=45.4min
[epoch 049] train=1.7353  val_loss=1.6653  mIoU_fg=0.1105
  e050 it0050/110 loss=1.7596 lr=3.00e-04 elapsed=46.1min
  e050 it0100/110 loss=1.7465 lr=2.92e-04 elapsed=46.4min
[epoch 050] train=1.7444  val_loss=1.6617  mIoU_fg=0.1108
  e051 it0050/110 loss=1.7411 lr=2.83e-04 elapsed=47.0min
  e051 it0100/110 loss=1.7433 lr=2.75e-04 elapsed=47.3min
[epoch 051] train=1.7309  val_loss=1.6649  mIoU_fg=0.1100
  e052 it0050/110 loss=1.7809 lr=2.65e-04 elapsed=47.9min
  e052 it0100/110 loss=1.7411 lr=2.57e-04 elapsed=48.2min
[epoch 052] train=1.7321  val_loss=1.6627  mIoU_fg=0.1119
  e053 it0050/110 loss=1.7630 lr=2.48e-04 elapsed=48.8min
  e053 it0100/110 loss=1.7393 lr=2.40e-04 elapsed=49.1min
[epoch 053] train=1.7358  val_loss=1.6625  mIoU_fg=0.1095
  e054 it0050/110 loss=1.7147 lr=2.31e-04 elapsed=49.7min
  e054 it0100/110 loss=1.7368 lr=2.24e-04 elapsed=50.0min
[epoch 054] train=1.7319  val_loss=1.6623  mIoU_fg=0.1110
  e055 it0050/110 loss=1.7560 lr=2.15e-04 elapsed=50.6min
  e055 it0100/110 loss=1.7310 lr=2.08e-04 elapsed=50.9min
[epoch 055] train=1.7313  val_loss=1.6595  mIoU_fg=0.1118
  e056 it0050/110 loss=1.6902 lr=1.99e-04 elapsed=51.6min
  e056 it0100/110 loss=1.7341 lr=1.92e-04 elapsed=51.8min
[epoch 056] train=1.7518  val_loss=1.6616  mIoU_fg=0.1101
  e057 it0050/110 loss=1.7117 lr=1.83e-04 elapsed=52.5min
  e057 it0100/110 loss=1.7348 lr=1.77e-04 elapsed=52.8min
[epoch 057] train=1.7293  val_loss=1.6622  mIoU_fg=0.1100
  e058 it0050/110 loss=1.7450 lr=1.69e-04 elapsed=53.4min
  e058 it0100/110 loss=1.7298 lr=1.62e-04 elapsed=53.7min
[epoch 058] train=1.7247  val_loss=1.6591  mIoU_fg=0.1109
  e059 it0050/110 loss=1.7197 lr=1.54e-04 elapsed=54.3min
  e059 it0100/110 loss=1.7318 lr=1.48e-04 elapsed=54.6min
[epoch 059] train=1.7329  val_loss=1.6622  mIoU_fg=0.1105
  e060 it0050/110 loss=1.7280 lr=1.40e-04 elapsed=55.3min
  e060 it0100/110 loss=1.7293 lr=1.34e-04 elapsed=55.5min
[epoch 060] train=1.7283  val_loss=1.6608  mIoU_fg=0.1118
  e061 it0050/110 loss=1.7483 lr=1.27e-04 elapsed=56.2min
  e061 it0100/110 loss=1.7316 lr=1.21e-04 elapsed=56.4min
[epoch 061] train=1.7432  val_loss=1.6581  mIoU_fg=0.1128
  e062 it0050/110 loss=1.7589 lr=1.14e-04 elapsed=57.1min
  e062 it0100/110 loss=1.7357 lr=1.08e-04 elapsed=57.4min
[epoch 062] train=1.7317  val_loss=1.6585  mIoU_fg=0.1120
  e063 it0050/110 loss=1.7311 lr=1.02e-04 elapsed=58.0min
  e063 it0100/110 loss=1.7411 lr=9.65e-05 elapsed=58.3min
[epoch 063] train=1.7373  val_loss=1.6597  mIoU_fg=0.1121
  e064 it0050/110 loss=1.7320 lr=9.03e-05 elapsed=58.9min
  e064 it0100/110 loss=1.7340 lr=8.53e-05 elapsed=59.2min
[epoch 064] train=1.7317  val_loss=1.6588  mIoU_fg=0.1122
  e065 it0050/110 loss=1.7318 lr=7.94e-05 elapsed=59.8min
  e065 it0100/110 loss=1.7345 lr=7.46e-05 elapsed=60.1min
[epoch 065] train=1.7441  val_loss=1.6593  mIoU_fg=0.1122
  e066 it0050/110 loss=1.7550 lr=6.91e-05 elapsed=60.8min
  e066 it0100/110 loss=1.7387 lr=6.46e-05 elapsed=61.0min
[epoch 066] train=1.7300  val_loss=1.6603  mIoU_fg=0.1120
  e067 it0050/110 loss=1.7220 lr=5.95e-05 elapsed=61.7min
  e067 it0100/110 loss=1.7293 lr=5.53e-05 elapsed=62.0min
[epoch 067] train=1.7187  val_loss=1.6605  mIoU_fg=0.1118
  e068 it0050/110 loss=1.7156 lr=5.05e-05 elapsed=62.6min
  e068 it0100/110 loss=1.7221 lr=4.67e-05 elapsed=62.9min
[epoch 068] train=1.7153  val_loss=1.6605  mIoU_fg=0.1119
  e069 it0050/110 loss=1.7300 lr=4.23e-05 elapsed=63.5min
  e069 it0100/110 loss=1.7278 lr=3.87e-05 elapsed=63.8min
[epoch 069] train=1.7311  val_loss=1.6607  mIoU_fg=0.1120
  e070 it0050/110 loss=1.7259 lr=3.47e-05 elapsed=64.4min
  e070 it0100/110 loss=1.7395 lr=3.15e-05 elapsed=64.7min
[epoch 070] train=1.7252  val_loss=1.6605  mIoU_fg=0.1118
  e071 it0050/110 loss=1.7410 lr=2.79e-05 elapsed=65.4min
  e071 it0100/110 loss=1.7371 lr=2.50e-05 elapsed=65.6min
[epoch 071] train=1.7299  val_loss=1.6602  mIoU_fg=0.1120
  e072 it0050/110 loss=1.7229 lr=2.18e-05 elapsed=66.3min
  e072 it0100/110 loss=1.7374 lr=1.93e-05 elapsed=66.5min
[epoch 072] train=1.7302  val_loss=1.6600  mIoU_fg=0.1121
  e073 it0050/110 loss=1.7435 lr=1.64e-05 elapsed=67.2min
  e073 it0100/110 loss=1.7459 lr=1.42e-05 elapsed=67.5min
[epoch 073] train=1.7324  val_loss=1.6601  mIoU_fg=0.1119
  e074 it0050/110 loss=1.6769 lr=1.18e-05 elapsed=68.1min
  e074 it0100/110 loss=1.7248 lr=9.96e-06 elapsed=68.4min
[epoch 074] train=1.7295  val_loss=1.6602  mIoU_fg=0.1120
  e075 it0050/110 loss=1.7511 lr=7.94e-06 elapsed=69.0min
  e075 it0100/110 loss=1.7404 lr=6.44e-06 elapsed=69.3min
[epoch 075] train=1.7343  val_loss=1.6600  mIoU_fg=0.1120
  e076 it0050/110 loss=1.7287 lr=4.84e-06 elapsed=69.9min
  e076 it0100/110 loss=1.7350 lr=3.68e-06 elapsed=70.2min
[epoch 076] train=1.7385  val_loss=1.6600  mIoU_fg=0.1121
  e077 it0050/110 loss=1.7268 lr=2.50e-06 elapsed=70.9min
  e077 it0100/110 loss=1.7234 lr=1.68e-06 elapsed=71.1min
[epoch 077] train=1.7403  val_loss=1.6599  mIoU_fg=0.1121
  e078 it0050/110 loss=1.7404 lr=9.21e-07 elapsed=71.8min
  e078 it0100/110 loss=1.7308 lr=4.59e-07 elapsed=72.0min
[epoch 078] train=1.7288  val_loss=1.6599  mIoU_fg=0.1121
  e079 it0050/110 loss=1.7331 lr=1.15e-07 elapsed=72.7min
  e079 it0100/110 loss=1.7332 lr=3.19e-09 elapsed=73.0min
[epoch 079] train=1.7298  val_loss=1.6599  mIoU_fg=0.1121
[done] best_mIoU_fg=0.1129  total_time=73.3min
[slurm] done=2026-06-18T11:28:26+02:00
