[data] split=test n=765 classes=20 mode=multilabel
[radio] backbone_dim probed = 1024
[model] /home/ids/diecidue/results/waste_vlm/dinoseg_dw_radio_512_ml/best.pt  head=linear backbone=radio
loading annotations into memory...
Done (t=0.00s)
creating index...
index created!
Loading and preparing results...
DONE (t=0.02s)
creating index...
index created!
loading annotations into memory...
Done (t=0.00s)
creating index...
index created!
Loading and preparing results...
DONE (t=0.01s)
creating index...
index created!
loading annotations into memory...
Done (t=0.00s)
creating index...
index created!
Loading and preparing results...
DONE (t=0.01s)
creating index...
index created!
loading annotations into memory...
Done (t=0.00s)
creating index...
index created!
Loading and preparing results...
DONE (t=0.01s)
creating index...
index created!

config                  n_dets     mAP    AP50    AP75  paper10
--------------------------------------------------------------
cc_max t=0.15            13222   0.114   0.225   0.087   12.93%
cc_max t=0.3              8766   0.138   0.240   0.131   14.36%
cc_max t=0.5              5848   0.125   0.219   0.114   15.95%
watershed t=0.5 d=11      8857   0.036   0.086   0.025    4.27%

per-class paper-10 mAP: baseline (cc_max t=0.15) vs best (cc_max t=0.5)
  Construction and demolition materials      6.22% ->  12.31%
  Metal barrels                              0.30% ->   0.05%
  Plastic packaging                          7.04% ->   8.91%
  Pallets                                    5.88% ->   7.44%
  Scrap                                     11.47% ->  14.07%
  Vehicles                                  22.03% ->  29.44%
  Tyres                                      4.88% ->   6.11%
  Asbestos                                  44.74% ->  49.04%
  Textile                                    7.10% ->   7.23%
  Mixed items                               19.65% ->  24.86%
[saved] /home/ids/diecidue/results/waste_vlm/dinoseg_dw_radio_512_ml/decode_sweep.json
