[slurm] host=nodemm02  job=833435  tta=dinoseg_dw_dinov3_512 grid=2  start=2026-05-26T13:49:10+02:00
NVIDIA GeForce RTX 3090, 24576 MiB
[data] split=test n=765 classes=20 tta_grid=2 (effective crop=320px)
[model] loaded from /home/ids/diecidue/results/waste_vlm/dinoseg_dw_dinov3_512/best.pt  cfg.image_size=512  head=linear
  [50/765] dets=102
  [100/765] dets=248
  [150/765] dets=845
  [200/765] dets=1433
  [250/765] dets=1795
  [300/765] dets=2440
  [350/765] dets=3131
  [400/765] dets=3540
  [450/765] dets=4027
  [500/765] dets=5393
  [550/765] dets=5490
  [600/765] dets=5569
  [650/765] dets=5743
  [700/765] dets=5872
  [750/765] dets=5923
  [765/765] dets=6041
loading annotations into memory...
Done (t=0.00s)
creating index...
index created!
Loading and preparing results...
DONE (t=0.01s)
creating index...
index created!

=== DinoSeg TTA (grid=2) — DroneWaste test ===
mIoU (foreground)  = 0.3986
mIoU (incl bg)     = 0.4262
mAP @ [.5:.95]     = 0.106
AP@0.5             = 0.165

per-class mAP (sorted desc):
  Asbestos                                  mAP=0.614
  Rubble                                    mAP=0.222
  Scrap                                     mAP=0.161
  Mixed items                               mAP=0.159
  Plastic packaging                         mAP=0.132
  Construction and demolition materials     mAP=0.121
  Pallets                                   mAP=0.118
  Vehicles                                  mAP=0.105
  Excavation materials                      mAP=0.100
  Furniture                                 mAP=0.074
  Tyres                                     mAP=0.068
  Textile                                   mAP=0.068
  Plastic                                   mAP=0.029
  Wood                                      mAP=0.019
  Appliances                                mAP=0.014
  Paper                                     mAP=0.013
  Metal barrels                             mAP=0.002
  Asphalt milling                           mAP=n/a
  Electronic equipment                      mAP=0.000
  Foundry                                   mAP=0.000
[saved] /home/ids/diecidue/results/waste_vlm/dinoseg_dw_dinov3_512/test_eval_tta2.json
[slurm] done=2026-05-26T13:52:33+02:00
