/leonardo/home/userexternal/adiecidu/miniconda3/envs/waste_vlm/lib/python3.11/site-packages/timm/models/registry.py:4: FutureWarning: Importing from timm.models.registry is deprecated, please import via timm.models
  warnings.warn(f"Importing from {__name__} is deprecated, please import via timm.models", FutureWarning)
/leonardo/home/userexternal/adiecidu/miniconda3/envs/waste_vlm/lib/python3.11/site-packages/timm/models/layers/__init__.py:49: FutureWarning: Importing from timm.models.layers is deprecated, please import via timm.layers
  warnings.warn(f"Importing from {__name__} is deprecated, please import via timm.layers", FutureWarning)
Sliding Window Attention is enabled but not implemented for `sdpa`; unexpected results may be encountered.
Loading checkpoint shards:   0%|          | 0/4 [00:00<?, ?it/s]Loading checkpoint shards:  25%|██▌       | 1/4 [00:00<00:02,  1.20it/s]Loading checkpoint shards:  50%|█████     | 2/4 [00:01<00:01,  1.06it/s]Loading checkpoint shards:  75%|███████▌  | 3/4 [00:03<00:01,  1.11s/it]Loading checkpoint shards: 100%|██████████| 4/4 [00:04<00:00,  1.02s/it]Loading checkpoint shards: 100%|██████████| 4/4 [00:04<00:00,  1.01s/it]
Detected kernel version 4.18.0, which is below the recommended minimum of 5.5.0; this can cause the process to hang. It is recommended to upgrade the kernel to the minimum version or higher.
  0%|          | 0/4 [00:00<?, ?it/s] 25%|██▌       | 1/4 [00:03<00:10,  3.38s/it] 50%|█████     | 2/4 [00:05<00:05,  2.81s/it] 75%|███████▌  | 3/4 [00:08<00:02,  2.63s/it]100%|██████████| 4/4 [00:10<00:00,  2.54s/it]Traceback (most recent call last):
  File "<frozen runpy>", line 198, in _run_module_as_main
  File "<frozen runpy>", line 88, in _run_code
  File "/leonardo/home/userexternal/adiecidu/scripts/wastevlm/src/vlm_train.py", line 175, in <module>
    raise SystemExit(main())
                     ^^^^^^
  File "/leonardo/home/userexternal/adiecidu/scripts/wastevlm/src/vlm_train.py", line 161, in main
    trainer.train()
  File "/leonardo/home/userexternal/adiecidu/miniconda3/envs/waste_vlm/lib/python3.11/site-packages/transformers/trainer.py", line 2241, in train
    return inner_training_loop(
           ^^^^^^^^^^^^^^^^^^^^
  File "/leonardo/home/userexternal/adiecidu/miniconda3/envs/waste_vlm/lib/python3.11/site-packages/transformers/trainer.py", line 2612, in _inner_training_loop
    self._maybe_log_save_evaluate(
  File "/leonardo/home/userexternal/adiecidu/miniconda3/envs/waste_vlm/lib/python3.11/site-packages/transformers/trainer.py", line 3092, in _maybe_log_save_evaluate
    self._save_checkpoint(model, trial)
  File "/leonardo/home/userexternal/adiecidu/miniconda3/envs/waste_vlm/lib/python3.11/site-packages/transformers/trainer.py", line 3190, in _save_checkpoint
    self.save_model(output_dir, _internal_call=True)
  File "/leonardo/home/userexternal/adiecidu/miniconda3/envs/waste_vlm/lib/python3.11/site-packages/transformers/trainer.py", line 3860, in save_model
    self._save(output_dir)
  File "/leonardo/home/userexternal/adiecidu/miniconda3/envs/waste_vlm/lib/python3.11/site-packages/transformers/trainer.py", line 3958, in _save
    safetensors.torch.save_file(
  File "/leonardo/home/userexternal/adiecidu/miniconda3/envs/waste_vlm/lib/python3.11/site-packages/safetensors/torch.py", line 323, in save_file
    serialize_file(
safetensors._safetensors_rust.SafetensorError: Error while serializing: I/O error: No space left on device (os error 28)
100%|██████████| 4/4 [00:21<00:00,  5.44s/it]
