[slurm] host=nodemm07  job=834227  start=2026-05-27T16:14:58+00:00
[slurm] model=internvl3 task=classify dataset=aw_m2 prompt=closed_vocab limit=0 out=vlm_internvl3_aw_m2_closed
NVIDIA H100 NVL, 95830 MiB
[model] loading internvl3 from /home/ids/diecidue/results/waste_vlm/weights/InternVL3-8B ...
FlashAttention2 is not installed.
[model] ready
[data] filtered missing-on-disk: -26
[data] dataset=aw_m2 test=664 classes=5
[task] classify  prompt_style=closed_vocab  prompt-len=1147 chars
  [  20/664] nonempty=13 empty=7 elapsed=0.1min
  [  40/664] nonempty=28 empty=12 elapsed=0.2min
  [  60/664] nonempty=34 empty=26 elapsed=0.3min
  [  80/664] nonempty=47 empty=33 elapsed=0.4min
  [ 100/664] nonempty=60 empty=40 elapsed=0.5min
  [ 120/664] nonempty=69 empty=51 elapsed=0.5min
  [ 140/664] nonempty=83 empty=57 elapsed=0.6min
  [ 160/664] nonempty=98 empty=62 elapsed=0.7min
  [ 180/664] nonempty=108 empty=72 elapsed=0.8min
  [ 200/664] nonempty=123 empty=77 elapsed=0.9min
  [ 220/664] nonempty=137 empty=83 elapsed=1.0min
  [ 240/664] nonempty=137 empty=103 elapsed=1.1min
  [ 260/664] nonempty=139 empty=121 elapsed=1.2min
  [ 280/664] nonempty=140 empty=140 elapsed=1.2min
  [ 300/664] nonempty=142 empty=158 elapsed=1.3min
  [ 320/664] nonempty=143 empty=177 elapsed=1.4min
  [ 340/664] nonempty=143 empty=197 elapsed=1.5min
  [ 360/664] nonempty=144 empty=216 elapsed=1.5min
  [ 380/664] nonempty=146 empty=234 elapsed=1.6min
  [ 400/664] nonempty=146 empty=254 elapsed=1.7min
  [ 420/664] nonempty=151 empty=269 elapsed=1.8min
  [ 440/664] nonempty=153 empty=287 elapsed=1.8min
  [ 460/664] nonempty=155 empty=305 elapsed=1.9min
  [ 480/664] nonempty=158 empty=322 elapsed=2.0min
  [ 500/664] nonempty=159 empty=341 elapsed=2.1min
  [ 520/664] nonempty=162 empty=358 elapsed=2.2min
  [ 540/664] nonempty=164 empty=376 elapsed=2.2min
  [ 560/664] nonempty=164 empty=396 elapsed=2.3min
  [ 580/664] nonempty=164 empty=416 elapsed=2.4min
  [ 600/664] nonempty=165 empty=435 elapsed=2.5min
  [ 620/664] nonempty=173 empty=447 elapsed=2.5min
  [ 640/664] nonempty=173 empty=467 elapsed=2.6min
  [ 660/664] nonempty=173 empty=487 elapsed=2.7min
  [ 664/664] nonempty=173 empty=491 elapsed=2.7min
[saved-raw] /home/ids/diecidue/results/waste_vlm/vlm_internvl3_aw_m2_closed/raw_responses.jsonl

=== internvl3 closed_vocab — aw_m2 (664 imgs) ===
  micro F1 = 0.4524   macro F1 = 0.4134
  nonempty preds = 173   empty = 491

per-class F1:
  Rubble                                    F1=0.508  support=90
  Bulky items                               F1=0.290  support=150
  Plastic                                   F1=0.182  support=57
  Containers                                F1=0.560  support=110
  Unknown material                          F1=0.526  support=143
[saved] /home/ids/diecidue/results/waste_vlm/vlm_internvl3_aw_m2_closed/test_eval.json
[slurm] done=2026-05-27T16:17:48+00:00
