[slurm] host=nodemm02  job=833458  start=2026-05-26T16:27:05+02:00
[slurm] model=internvl3 task=classify dataset=aw_m2 prompt=closed_vocab limit=20 out=vlm_internvl3_aw_m2_closed_smoke
NVIDIA GeForce RTX 3090, 24576 MiB
[model] loading internvl3 from /home/ids/diecidue/results/waste_vlm/weights/InternVL3-8B ...
FlashAttention2 is not installed.
[model] ready
[data] filtered missing-on-disk: -26
[data] dataset=aw_m2 test=20 classes=5
[task] classify  prompt_style=closed_vocab  prompt-len=1147 chars
[warn] inference failed on 25.png: shape mismatch: value tensor of shape [1024, 3584] cannot be broadcast to indexing result of shape [256, 3584]
[warn] inference failed on 31.png: shape mismatch: value tensor of shape [1024, 3584] cannot be broadcast to indexing result of shape [256, 3584]
[warn] inference failed on 35.png: shape mismatch: value tensor of shape [1024, 3584] cannot be broadcast to indexing result of shape [256, 3584]
[warn] inference failed on 58.png: shape mismatch: value tensor of shape [1024, 3584] cannot be broadcast to indexing result of shape [256, 3584]
[warn] inference failed on 82.png: shape mismatch: value tensor of shape [1024, 3584] cannot be broadcast to indexing result of shape [256, 3584]
[warn] inference failed on 91.png: shape mismatch: value tensor of shape [1024, 3584] cannot be broadcast to indexing result of shape [256, 3584]
[warn] inference failed on 156.png: shape mismatch: value tensor of shape [1024, 3584] cannot be broadcast to indexing result of shape [256, 3584]
[warn] inference failed on 184.png: shape mismatch: value tensor of shape [1024, 3584] cannot be broadcast to indexing result of shape [256, 3584]
[warn] inference failed on 185.png: shape mismatch: value tensor of shape [1024, 3584] cannot be broadcast to indexing result of shape [256, 3584]
[warn] inference failed on 193.png: shape mismatch: value tensor of shape [1024, 3584] cannot be broadcast to indexing result of shape [256, 3584]
[warn] inference failed on 198.png: shape mismatch: value tensor of shape [1024, 3584] cannot be broadcast to indexing result of shape [256, 3584]
[warn] inference failed on 203.png: shape mismatch: value tensor of shape [1024, 3584] cannot be broadcast to indexing result of shape [256, 3584]
[warn] inference failed on 206.png: shape mismatch: value tensor of shape [1024, 3584] cannot be broadcast to indexing result of shape [256, 3584]
[warn] inference failed on 208.png: shape mismatch: value tensor of shape [1024, 3584] cannot be broadcast to indexing result of shape [256, 3584]
[warn] inference failed on 224.png: shape mismatch: value tensor of shape [1024, 3584] cannot be broadcast to indexing result of shape [256, 3584]
[warn] inference failed on 238.png: shape mismatch: value tensor of shape [1024, 3584] cannot be broadcast to indexing result of shape [256, 3584]
[warn] inference failed on 242.png: shape mismatch: value tensor of shape [1024, 3584] cannot be broadcast to indexing result of shape [256, 3584]
[warn] inference failed on 247.png: shape mismatch: value tensor of shape [1024, 3584] cannot be broadcast to indexing result of shape [256, 3584]
[warn] inference failed on 308.png: shape mismatch: value tensor of shape [1024, 3584] cannot be broadcast to indexing result of shape [256, 3584]
[warn] inference failed on 310.png: shape mismatch: value tensor of shape [1024, 3584] cannot be broadcast to indexing result of shape [256, 3584]
[saved-raw] /home/ids/diecidue/results/waste_vlm/vlm_internvl3_aw_m2_closed_smoke/raw_responses.jsonl

=== internvl3 closed_vocab — aw_m2 (20 imgs) ===
  micro F1 = 0.0000   macro F1 = 0.0000
  nonempty preds = 0   empty = 0

per-class F1:
  Rubble                                    F1=n/a  support=0
  Bulky items                               F1=n/a  support=0
  Plastic                                   F1=n/a  support=0
  Containers                                F1=n/a  support=0
  Unknown material                          F1=n/a  support=0
[saved] /home/ids/diecidue/results/waste_vlm/vlm_internvl3_aw_m2_closed_smoke/test_eval.json
[slurm] done=2026-05-26T16:27:24+02:00
