[slurm] host=nodemm03  job=832012  start=2026-05-23T18:35:07+02:00
[slurm] model=internvl3 limit=10 out=vlm_internvl3_smoke
NVIDIA GeForce RTX 3090, 24576 MiB
[data] split=test n=765 fg-categories=20
[model] loading internvl3 from /home/ids/diecidue/results/waste_vlm/weights/InternVL3-8B ...
FlashAttention2 is not installed.
[model] ready
  [  10/10] dets=0 empty=10 ok=0 elapsed=0.1min
[saved-raw] /home/ids/diecidue/results/waste_vlm/vlm_internvl3_smoke/raw_responses.jsonl

=== internvl3 — DroneWaste test (paper-10) ===
  imgs processed   = 10
  empty-parse imgs = 10
  total detections = 0
  mAP @ [.5:.95]   = 0.000
  AP@0.5           = 0.000
  AP@0.75          = 0.000
  paper-10 mean AP = 0.000

per-class AP (sorted desc):
  Construction and demolition materials     0.000
  Metal barrels                             0.000
  Plastic packaging                         0.000
  Pallets                                   0.000
  Scrap                                     0.000
  Vehicles                                  0.000
  Tyres                                     0.000
  Asbestos                                  0.000
  Textile                                   0.000
  Mixed items                               0.000
[saved] /home/ids/diecidue/results/waste_vlm/vlm_internvl3_smoke/test_eval.json
[slurm] done=2026-05-23T18:35:54+02:00
