[slurm] host=login08.leonardo.local job=48183657 start=2026-07-01T11:28:23+02:00
[pretok] loaded 558128 records from /leonardo_scratch/large/userexternal/adiecidu/waste_vlm/data/llava_pretrain/blip_laion_cc_sbu_558k.json (2.6s)
[pretok] 50000/558128 (2950 rec/s)
[pretok] 100000/558128 (4140 rec/s)
[pretok] 150000/558128 (4857 rec/s)
[pretok] 200000/558128 (5257 rec/s)
[pretok] 250000/558128 (5613 rec/s)
[pretok] 300000/558128 (5858 rec/s)
[pretok] 350000/558128 (5978 rec/s)
[pretok] 400000/558128 (6134 rec/s)
[pretok] 450000/558128 (6273 rec/s)
[pretok] 500000/558128 (6273 rec/s)
[pretok] 550000/558128 (6382 rec/s)
[pretok] wrote 558128 records (0 dropped for missing images), 36351170 tokens → /leonardo_scratch/large/userexternal/adiecidu/waste_vlm/data/llava_pretrain/token_cache (90.0s)
[pretok] loaded 157712 records from /leonardo_scratch/large/userexternal/adiecidu/waste_vlm/data/llava_instruct/llava_instruct_150k.json (1.5s)
[pretok] 50000/157712 (1326 rec/s)
[pretok] 100000/157712 (1919 rec/s)
[pretok] 150000/157712 (2308 rec/s)
[pretok] wrote 157712 records (0 dropped for missing images), 41781134 tokens → /leonardo_scratch/large/userexternal/adiecidu/waste_vlm/data/llava_instruct/token_cache (69.4s)
[slurm] done=2026-07-01T11:31:20+02:00
