[slurm] host=nodemm07  job=834228  start=2026-05-27T16:17:49+00:00
[slurm] model=internvl3 task=classify dataset=aw_m4 prompt=closed_vocab limit=0 out=vlm_internvl3_aw_m4_closed
NVIDIA H100 NVL, 95830 MiB
[model] loading internvl3 from /home/ids/diecidue/results/waste_vlm/weights/InternVL3-8B ...
FlashAttention2 is not installed.
[model] ready
[data] filtered missing-on-disk: -26
[data] dataset=aw_m4 test=664 classes=6
[task] classify  prompt_style=closed_vocab  prompt-len=1388 chars
  [  20/664] nonempty=13 empty=7 elapsed=0.1min
  [  40/664] nonempty=28 empty=12 elapsed=0.2min
  [  60/664] nonempty=38 empty=22 elapsed=0.4min
  [  80/664] nonempty=51 empty=29 elapsed=0.5min
  [ 100/664] nonempty=65 empty=35 elapsed=0.6min
  [ 120/664] nonempty=76 empty=44 elapsed=0.7min
  [ 140/664] nonempty=91 empty=49 elapsed=0.8min
  [ 160/664] nonempty=106 empty=54 elapsed=1.0min
  [ 180/664] nonempty=116 empty=64 elapsed=1.1min
  [ 200/664] nonempty=131 empty=69 elapsed=1.2min
  [ 220/664] nonempty=143 empty=77 elapsed=1.3min
  [ 240/664] nonempty=144 empty=96 elapsed=1.4min
  [ 260/664] nonempty=147 empty=113 elapsed=1.5min
  [ 280/664] nonempty=148 empty=132 elapsed=1.6min
  [ 300/664] nonempty=150 empty=150 elapsed=1.7min
  [ 320/664] nonempty=155 empty=165 elapsed=1.7min
  [ 340/664] nonempty=159 empty=181 elapsed=1.8min
  [ 360/664] nonempty=164 empty=196 elapsed=1.9min
  [ 380/664] nonempty=167 empty=213 elapsed=2.0min
  [ 400/664] nonempty=168 empty=232 elapsed=2.1min
  [ 420/664] nonempty=174 empty=246 elapsed=2.2min
  [ 440/664] nonempty=179 empty=261 elapsed=2.3min
  [ 460/664] nonempty=183 empty=277 elapsed=2.4min
  [ 480/664] nonempty=186 empty=294 elapsed=2.4min
  [ 500/664] nonempty=188 empty=312 elapsed=2.5min
  [ 520/664] nonempty=193 empty=327 elapsed=2.6min
  [ 540/664] nonempty=194 empty=346 elapsed=2.7min
  [ 560/664] nonempty=197 empty=363 elapsed=2.8min
  [ 580/664] nonempty=197 empty=383 elapsed=2.9min
  [ 600/664] nonempty=199 empty=401 elapsed=3.0min
  [ 620/664] nonempty=207 empty=413 elapsed=3.1min
  [ 640/664] nonempty=210 empty=430 elapsed=3.1min
  [ 660/664] nonempty=211 empty=449 elapsed=3.2min
  [ 664/664] nonempty=211 empty=453 elapsed=3.2min
[saved-raw] /home/ids/diecidue/results/waste_vlm/vlm_internvl3_aw_m4_closed/raw_responses.jsonl

=== internvl3 closed_vocab — aw_m4 (664 imgs) ===
  micro F1 = 0.3042   macro F1 = 0.2472
  nonempty preds = 211   empty = 453

per-class F1:
  Rubble/excavated earth and rocks          F1=0.508  support=90
  Scrap                                     F1=0.207  support=9
  Sludge-Zootechnical waste-Manure          F1=0.154  support=10
  Wood                                      F1=0.259  support=35
  Tires                                     F1=0.197  support=25
  Other waste                               F1=0.158  support=186
[saved] /home/ids/diecidue/results/waste_vlm/vlm_internvl3_aw_m4_closed/test_eval.json
[slurm] done=2026-05-27T16:21:11+00:00
