[slurm] host=node52  job=859647  start=2026-06-22T16:54:59+02:00
[slurm] model=internvl3 task=classify dataset=aw_m4 prompt=open_cot limit=0 out=vlm_ivl_cot_awm4
NVIDIA L40S, 46068 MiB
[model] loading internvl3 from /home/ids/diecidue/results/waste_vlm/weights/InternVL3-8B ...
FlashAttention2 is not installed.
[model] ready
[data] filtered missing-on-disk: -26
[data] dataset=aw_m4 test=664 classes=6
[task] classify  prompt_style=open_cot  describe-len=282  classify-len=279 chars
  [  20/664] nonempty=7 empty=13 elapsed=1.2min
  [  40/664] nonempty=14 empty=26 elapsed=2.4min
  [  60/664] nonempty=18 empty=42 elapsed=3.5min
  [  80/664] nonempty=29 empty=51 elapsed=4.9min
  [ 100/664] nonempty=43 empty=57 elapsed=6.2min
  [ 120/664] nonempty=55 empty=65 elapsed=7.5min
  [ 140/664] nonempty=68 empty=72 elapsed=8.8min
  [ 160/664] nonempty=80 empty=80 elapsed=10.1min
  [ 180/664] nonempty=85 empty=95 elapsed=11.3min
  [ 200/664] nonempty=91 empty=109 elapsed=12.5min
  [ 220/664] nonempty=100 empty=120 elapsed=13.7min
  [ 240/664] nonempty=103 empty=137 elapsed=14.7min
  [ 260/664] nonempty=106 empty=154 elapsed=15.7min
  [ 280/664] nonempty=109 empty=171 elapsed=16.7min
  [ 300/664] nonempty=110 empty=190 elapsed=17.6min
  [ 320/664] nonempty=111 empty=209 elapsed=18.5min
  [ 340/664] nonempty=112 empty=228 elapsed=19.4min
  [ 360/664] nonempty=115 empty=245 elapsed=20.4min
  [ 380/664] nonempty=117 empty=263 elapsed=21.4min
  [ 400/664] nonempty=117 empty=283 elapsed=22.2min
  [ 420/664] nonempty=122 empty=298 elapsed=23.3min
  [ 440/664] nonempty=124 empty=316 elapsed=24.3min
  [ 460/664] nonempty=127 empty=333 elapsed=25.3min
  [ 480/664] nonempty=128 empty=352 elapsed=26.3min
  [ 500/664] nonempty=129 empty=371 elapsed=27.1min
  [ 520/664] nonempty=132 empty=388 elapsed=28.2min
  [ 540/664] nonempty=133 empty=407 elapsed=29.0min
  [ 560/664] nonempty=134 empty=426 elapsed=29.9min
  [ 580/664] nonempty=134 empty=446 elapsed=30.8min
  [ 600/664] nonempty=136 empty=464 elapsed=31.7min
  [ 620/664] nonempty=143 empty=477 elapsed=32.9min
  [ 640/664] nonempty=144 empty=496 elapsed=33.8min
  [ 660/664] nonempty=144 empty=516 elapsed=34.6min
  [ 664/664] nonempty=144 empty=520 elapsed=34.8min
[saved-raw] /home/ids/diecidue/results/waste_vlm/vlm_ivl_cot_awm4/raw_responses.jsonl

=== internvl3 open_cot — aw_m4 (664 imgs) ===
  micro F1 = 0.2605   macro F1 = 0.1782
  nonempty preds = 144   empty = 520

per-class F1:
  Rubble/excavated earth and rocks          F1=0.459  support=90
  Scrap                                     F1=0.131  support=9
  Sludge-Zootechnical waste-Manure          F1=0.000  support=10
  Wood                                      F1=0.103  support=35
  Tires                                     F1=0.157  support=25
  Other waste                               F1=0.219  support=186
[saved] /home/ids/diecidue/results/waste_vlm/vlm_ivl_cot_awm4/test_eval.json
[slurm] done=2026-06-22T17:30:20+02:00
